[2022-12-12 14:19:33,873] {taskinstance.py:1159} INFO - Dependencies all met for <TaskInstance: daily_paper.get_news_task manual__2022-12-12T14:19:32.321998+00:00 [queued]>
[2022-12-12 14:19:33,888] {taskinstance.py:1159} INFO - Dependencies all met for <TaskInstance: daily_paper.get_news_task manual__2022-12-12T14:19:32.321998+00:00 [queued]>
[2022-12-12 14:19:33,889] {taskinstance.py:1356} INFO - 
--------------------------------------------------------------------------------
[2022-12-12 14:19:33,890] {taskinstance.py:1357} INFO - Starting attempt 1 of 2
[2022-12-12 14:19:33,891] {taskinstance.py:1358} INFO - 
--------------------------------------------------------------------------------
[2022-12-12 14:19:33,908] {taskinstance.py:1377} INFO - Executing <Task(PythonOperator): get_news_task> on 2022-12-12 14:19:32.321998+00:00
[2022-12-12 14:19:33,913] {standard_task_runner.py:52} INFO - Started process 1716 to run task
[2022-12-12 14:19:33,923] {standard_task_runner.py:79} INFO - Running: ['***', 'tasks', 'run', 'daily_paper', 'get_news_task', 'manual__2022-12-12T14:19:32.321998+00:00', '--job-id', '104', '--raw', '--subdir', 'DAGS_FOLDER/morning-paper.py', '--cfg-path', '/tmp/tmp3rkr031c', '--error-file', '/tmp/tmpj9z1_vj9']
[2022-12-12 14:19:33,925] {standard_task_runner.py:80} INFO - Job 104: Subtask get_news_task
[2022-12-12 14:19:34,079] {task_command.py:369} INFO - Running <TaskInstance: daily_paper.get_news_task manual__2022-12-12T14:19:32.321998+00:00 [running]> on host cbcd6542cb8e
[2022-12-12 14:19:34,176] {taskinstance.py:1571} INFO - Exporting the following env vars:
AIRFLOW_CTX_DAG_EMAIL=akash.khamkar40@gmail.com
AIRFLOW_CTX_DAG_OWNER=akashk
AIRFLOW_CTX_DAG_ID=daily_paper
AIRFLOW_CTX_TASK_ID=get_news_task
AIRFLOW_CTX_EXECUTION_DATE=2022-12-12T14:19:32.321998+00:00
AIRFLOW_CTX_TRY_NUMBER=1
AIRFLOW_CTX_DAG_RUN_ID=manual__2022-12-12T14:19:32.321998+00:00
[2022-12-12 14:19:35,148] {python.py:173} INFO - Done. Returned value was: [{'title': 'Tại sao các trận đấu World Cup đều', 'published_date': '2022-12-12 14:18:00', 'summary': ''}, {'title': 'North America Orthodontic Services Market Technological Advancements, Demand and Future Industry Trends 2028', 'published_date': '2022-12-12 14:17:20', 'summary': 'North America Orthodontic Services Market Technological Advancements, Demand and Future Industry Trends 2028\n\nNorth America Orthodontic Services Market\n\nhttps://www.businessmarketinsights.com/sample/BMIRE00025305?utm_source=OpenPr&utm_medium=10640\n\nhttps://www.businessmarketinsights.com/reports/north-america-orthodontic-services-market\n\nhttps://www.businessmarketinsights.com/buy/single/BMIRE00025305?utm_source=OpenPr&utm_medium=10640\n\nThe North America Orthodontic Services Market is expected to grow from US$ 1.'}, {'title': "Political motifs behind PRESS TV's removal of Eutelsat", 'published_date': '2022-12-12 14:17:08', 'summary': 'Iran Press/ Iran News: The French satellite service provider company, Eutelsat cut the Iranian PRESS TV network off the air after the European Union imposed sanctions on Iranian media and officials under the pretext of supporting human rights in Iran.\n\nThe European Union has recently sanctioned Press TV and Iranian individuals and organizations under the pretext of supporting democracy.\n\nIn response to the question of Iran Press regarding the interruption of access to the PRESS TV network through Eutelsat, the spokesperson of the foreign ministry said: "The PRESS TV network, as the only and important international Iranian English language News Network, has been sanctioned and limited many times in various ways and they did not allow this network to free operation.'}]
[2022-12-12 14:19:35,186] {taskinstance.py:1400} INFO - Marking task as SUCCESS. dag_id=daily_paper, task_id=get_news_task, execution_date=20221212T141932, start_date=20221212T141933, end_date=20221212T141935
[2022-12-12 14:19:35,222] {local_task_job.py:156} INFO - Task exited with return code 0
[2022-12-12 14:19:35,253] {local_task_job.py:273} INFO - 0 downstream tasks scheduled from follow-on schedule check
