[2022-12-12 16:51:50,054] {taskinstance.py:1159} INFO - Dependencies all met for <TaskInstance: daily_paper.get_news_task manual__2022-12-12T16:51:49.321224+00:00 [queued]>
[2022-12-12 16:51:50,068] {taskinstance.py:1159} INFO - Dependencies all met for <TaskInstance: daily_paper.get_news_task manual__2022-12-12T16:51:49.321224+00:00 [queued]>
[2022-12-12 16:51:50,070] {taskinstance.py:1356} INFO - 
--------------------------------------------------------------------------------
[2022-12-12 16:51:50,070] {taskinstance.py:1357} INFO - Starting attempt 1 of 2
[2022-12-12 16:51:50,070] {taskinstance.py:1358} INFO - 
--------------------------------------------------------------------------------
[2022-12-12 16:51:50,081] {taskinstance.py:1377} INFO - Executing <Task(PythonOperator): get_news_task> on 2022-12-12 16:51:49.321224+00:00
[2022-12-12 16:51:50,086] {standard_task_runner.py:52} INFO - Started process 362 to run task
[2022-12-12 16:51:50,095] {standard_task_runner.py:79} INFO - Running: ['***', 'tasks', 'run', 'daily_paper', 'get_news_task', 'manual__2022-12-12T16:51:49.321224+00:00', '--job-id', '176', '--raw', '--subdir', 'DAGS_FOLDER/morning-paper.py', '--cfg-path', '/tmp/tmp3krg_uqf', '--error-file', '/tmp/tmp3kp9a03z']
[2022-12-12 16:51:50,097] {standard_task_runner.py:80} INFO - Job 176: Subtask get_news_task
[2022-12-12 16:51:50,185] {task_command.py:369} INFO - Running <TaskInstance: daily_paper.get_news_task manual__2022-12-12T16:51:49.321224+00:00 [running]> on host 6bb81baa0a52
[2022-12-12 16:51:50,257] {taskinstance.py:1571} INFO - Exporting the following env vars:
AIRFLOW_CTX_DAG_EMAIL=akash.khamkar40@gmail.com
AIRFLOW_CTX_DAG_OWNER=akashk
AIRFLOW_CTX_DAG_ID=daily_paper
AIRFLOW_CTX_TASK_ID=get_news_task
AIRFLOW_CTX_EXECUTION_DATE=2022-12-12T16:51:49.321224+00:00
AIRFLOW_CTX_TRY_NUMBER=1
AIRFLOW_CTX_DAG_RUN_ID=manual__2022-12-12T16:51:49.321224+00:00
[2022-12-12 16:51:50,876] {python.py:173} INFO - Done. Returned value was: [{'title': "#ILoveMsiz'kay concert a success", 'published_date': '2022-12-12 16:50:58', 'summary': "The Chronicle Millicent Dube, Showbiz Reporter\nThe second edition of the #ILoveMsiz'kay concert was nothing short of fireworks for all that graced the event and showed love and support to Msiz'kay.\nHeld this past Saturday at the City Hall Garden in partnership with the Mayor's Christmas cheer fund, the event was a success. It turned out to be an intimate session between the singer and his fans that came in numbers to show love for his music.\nA number of artistes gave impressive performances before the main act."}, {'title': 'Seymour man accused of sexual assault of teen', 'published_date': '2022-12-12 16:50:12', 'summary': 'A Seymour man is being accused of sexually assaulting a 15-year-old girl.\nAccording to reports from the Seymour Police Department, officers were alerted that the girl had been assaulted by the 22-year-old on Dec. 2nd. The investigation was turned over to police department detectives who interviewed the victim and the suspect last week.\nPolice say that the suspect, 22-year-old Walter Ivan Hernandez-Polanco admitted to touching the victim inappropriately, both on top of and under her clothing. And he said he knew the girl was 15 at the time, according to police.'}, {'title': 'Bartholomew legislators receive committee assignments', 'published_date': '2022-12-12 16:50:09', 'summary': 'The Indiana House Republicans have appointed Bartholomew County legislators to committees for the upcoming session of the General Assembly.\nState Rep. Ryan Lauer of Columbus will serve as vice chair of the House Roads and Transportation Committee, as a member of the House Veterans Affairs and Public Safety Committee, and the House Family, Children and Human Affairs Committee.\nNewly elected State Rep. Jennifer Meltzer of Shelbyville will serve as a member of the House Courts and Criminal Code Committee, the House Judiciary Committee and the House Committee on Local Government.'}]
[2022-12-12 16:51:50,934] {taskinstance.py:1400} INFO - Marking task as SUCCESS. dag_id=daily_paper, task_id=get_news_task, execution_date=20221212T165149, start_date=20221212T165150, end_date=20221212T165150
[2022-12-12 16:51:50,975] {local_task_job.py:156} INFO - Task exited with return code 0
[2022-12-12 16:51:51,003] {local_task_job.py:273} INFO - 0 downstream tasks scheduled from follow-on schedule check
