[2022-12-12 17:37:15,396] {taskinstance.py:1159} INFO - Dependencies all met for <TaskInstance: daily_paper.get_joke_task manual__2022-12-12T17:37:14.042939+00:00 [queued]>
[2022-12-12 17:37:15,402] {taskinstance.py:1159} INFO - Dependencies all met for <TaskInstance: daily_paper.get_joke_task manual__2022-12-12T17:37:14.042939+00:00 [queued]>
[2022-12-12 17:37:15,403] {taskinstance.py:1356} INFO - 
--------------------------------------------------------------------------------
[2022-12-12 17:37:15,403] {taskinstance.py:1357} INFO - Starting attempt 1 of 2
[2022-12-12 17:37:15,403] {taskinstance.py:1358} INFO - 
--------------------------------------------------------------------------------
[2022-12-12 17:37:15,412] {taskinstance.py:1377} INFO - Executing <Task(PythonOperator): get_joke_task> on 2022-12-12 17:37:14.042939+00:00
[2022-12-12 17:37:15,417] {standard_task_runner.py:52} INFO - Started process 1098 to run task
[2022-12-12 17:37:15,420] {standard_task_runner.py:79} INFO - Running: ['***', 'tasks', 'run', 'daily_paper', 'get_joke_task', 'manual__2022-12-12T17:37:14.042939+00:00', '--job-id', '270', '--raw', '--subdir', 'DAGS_FOLDER/morning-paper.py', '--cfg-path', '/tmp/tmpsa_w6v2l', '--error-file', '/tmp/tmpqz5f_svo']
[2022-12-12 17:37:15,422] {standard_task_runner.py:80} INFO - Job 270: Subtask get_joke_task
[2022-12-12 17:37:15,493] {task_command.py:369} INFO - Running <TaskInstance: daily_paper.get_joke_task manual__2022-12-12T17:37:14.042939+00:00 [running]> on host 6bb81baa0a52
[2022-12-12 17:37:15,580] {taskinstance.py:1571} INFO - Exporting the following env vars:
AIRFLOW_CTX_DAG_EMAIL=akash.khamkar40@gmail.com
AIRFLOW_CTX_DAG_OWNER=akashk
AIRFLOW_CTX_DAG_ID=daily_paper
AIRFLOW_CTX_TASK_ID=get_joke_task
AIRFLOW_CTX_EXECUTION_DATE=2022-12-12T17:37:14.042939+00:00
AIRFLOW_CTX_TRY_NUMBER=1
AIRFLOW_CTX_DAG_RUN_ID=manual__2022-12-12T17:37:14.042939+00:00
[2022-12-12 17:37:18,248] {logging_mixin.py:115} INFO - {'error': False, 'category': 'Programming', 'type': 'single', 'joke': 'Java and C were telling jokes. It was C\'s turn, so he writes something on the wall, points to it and says "Do you get the reference?" But Java didn\'t.', 'flags': {'nsfw': False, 'religious': False, 'political': False, 'racist': False, 'sexist': False, 'explicit': False}, 'id': 4, 'safe': True, 'lang': 'en'}
[2022-12-12 17:37:18,249] {python.py:173} INFO - Done. Returned value was: Java and C were telling jokes. It was C's turn, so he writes something on the wall, points to it and says "Do you get the reference?" But Java didn't.
[2022-12-12 17:37:18,292] {taskinstance.py:1400} INFO - Marking task as SUCCESS. dag_id=daily_paper, task_id=get_joke_task, execution_date=20221212T173714, start_date=20221212T173715, end_date=20221212T173718
[2022-12-12 17:37:18,352] {local_task_job.py:156} INFO - Task exited with return code 0
[2022-12-12 17:37:18,419] {local_task_job.py:273} INFO - 0 downstream tasks scheduled from follow-on schedule check
