[2022-12-13 07:51:28,616] {taskinstance.py:1159} INFO - Dependencies all met for <TaskInstance: cereal_paper.get_meme_task scheduled__2022-12-12T00:00:00+00:00 [queued]>
[2022-12-13 07:51:28,631] {taskinstance.py:1159} INFO - Dependencies all met for <TaskInstance: cereal_paper.get_meme_task scheduled__2022-12-12T00:00:00+00:00 [queued]>
[2022-12-13 07:51:28,637] {taskinstance.py:1356} INFO - 
--------------------------------------------------------------------------------
[2022-12-13 07:51:28,638] {taskinstance.py:1357} INFO - Starting attempt 1 of 2
[2022-12-13 07:51:28,638] {taskinstance.py:1358} INFO - 
--------------------------------------------------------------------------------
[2022-12-13 07:51:28,665] {taskinstance.py:1377} INFO - Executing <Task(PythonOperator): get_meme_task> on 2022-12-12 00:00:00+00:00
[2022-12-13 07:51:28,691] {standard_task_runner.py:52} INFO - Started process 208 to run task
[2022-12-13 07:51:28,738] {standard_task_runner.py:79} INFO - Running: ['***', 'tasks', 'run', 'cereal_paper', 'get_meme_task', 'scheduled__2022-12-12T00:00:00+00:00', '--job-id', '6', '--raw', '--subdir', 'DAGS_FOLDER/cereal-paper.py', '--cfg-path', '/tmp/tmp4rfwvaps', '--error-file', '/tmp/tmp2g6t4bm3']
[2022-12-13 07:51:28,748] {standard_task_runner.py:80} INFO - Job 6: Subtask get_meme_task
[2022-12-13 07:51:28,943] {task_command.py:369} INFO - Running <TaskInstance: cereal_paper.get_meme_task scheduled__2022-12-12T00:00:00+00:00 [running]> on host 5029e27bd97f
[2022-12-13 07:51:29,236] {taskinstance.py:1571} INFO - Exporting the following env vars:
AIRFLOW_CTX_DAG_EMAIL=akash.khamkar40@gmail.com
AIRFLOW_CTX_DAG_OWNER=akashk
AIRFLOW_CTX_DAG_ID=cereal_paper
AIRFLOW_CTX_TASK_ID=get_meme_task
AIRFLOW_CTX_EXECUTION_DATE=2022-12-12T00:00:00+00:00
AIRFLOW_CTX_TRY_NUMBER=1
AIRFLOW_CTX_DAG_RUN_ID=scheduled__2022-12-12T00:00:00+00:00
[2022-12-13 07:51:30,370] {python.py:173} INFO - Done. Returned value was: https://redd.it/zk2r07
[2022-12-13 07:51:30,491] {taskinstance.py:1400} INFO - Marking task as SUCCESS. dag_id=cereal_paper, task_id=get_meme_task, execution_date=20221212T000000, start_date=20221213T075128, end_date=20221213T075130
[2022-12-13 07:51:30,559] {local_task_job.py:156} INFO - Task exited with return code 0
[2022-12-13 07:51:30,685] {local_task_job.py:273} INFO - 0 downstream tasks scheduled from follow-on schedule check
