[2022-12-12 16:44:10,362] {taskinstance.py:1159} INFO - Dependencies all met for <TaskInstance: daily_paper.create_pdf_task manual__2022-12-12T16:44:06.988658+00:00 [queued]>
[2022-12-12 16:44:10,367] {taskinstance.py:1159} INFO - Dependencies all met for <TaskInstance: daily_paper.create_pdf_task manual__2022-12-12T16:44:06.988658+00:00 [queued]>
[2022-12-12 16:44:10,367] {taskinstance.py:1356} INFO - 
--------------------------------------------------------------------------------
[2022-12-12 16:44:10,368] {taskinstance.py:1357} INFO - Starting attempt 1 of 2
[2022-12-12 16:44:10,368] {taskinstance.py:1358} INFO - 
--------------------------------------------------------------------------------
[2022-12-12 16:44:10,375] {taskinstance.py:1377} INFO - Executing <Task(PythonOperator): create_pdf_task> on 2022-12-12 16:44:06.988658+00:00
[2022-12-12 16:44:10,378] {standard_task_runner.py:52} INFO - Started process 266 to run task
[2022-12-12 16:44:10,381] {standard_task_runner.py:79} INFO - Running: ['***', 'tasks', 'run', 'daily_paper', 'create_pdf_task', 'manual__2022-12-12T16:44:06.988658+00:00', '--job-id', '168', '--raw', '--subdir', 'DAGS_FOLDER/morning-paper.py', '--cfg-path', '/tmp/tmp2w16t123', '--error-file', '/tmp/tmpp2ycku7q']
[2022-12-12 16:44:10,382] {standard_task_runner.py:80} INFO - Job 168: Subtask create_pdf_task
[2022-12-12 16:44:10,420] {task_command.py:369} INFO - Running <TaskInstance: daily_paper.create_pdf_task manual__2022-12-12T16:44:06.988658+00:00 [running]> on host 6bb81baa0a52
[2022-12-12 16:44:10,466] {taskinstance.py:1571} INFO - Exporting the following env vars:
AIRFLOW_CTX_DAG_EMAIL=akash.khamkar40@gmail.com
AIRFLOW_CTX_DAG_OWNER=akashk
AIRFLOW_CTX_DAG_ID=daily_paper
AIRFLOW_CTX_TASK_ID=create_pdf_task
AIRFLOW_CTX_EXECUTION_DATE=2022-12-12T16:44:06.988658+00:00
AIRFLOW_CTX_TRY_NUMBER=1
AIRFLOW_CTX_DAG_RUN_ID=manual__2022-12-12T16:44:06.988658+00:00
[2022-12-12 16:44:10,478] {python.py:173} INFO - Done. Returned value was: None
[2022-12-12 16:44:10,487] {taskinstance.py:1400} INFO - Marking task as SUCCESS. dag_id=daily_paper, task_id=create_pdf_task, execution_date=20221212T164406, start_date=20221212T164410, end_date=20221212T164410
[2022-12-12 16:44:10,515] {local_task_job.py:156} INFO - Task exited with return code 0
[2022-12-12 16:44:10,536] {local_task_job.py:273} INFO - 0 downstream tasks scheduled from follow-on schedule check
