[2022-12-13 11:40:03,647] {taskinstance.py:1159} INFO - Dependencies all met for <TaskInstance: cereal_paper.get_meme_task manual__2022-12-13T11:40:03.093088+00:00 [queued]>
[2022-12-13 11:40:03,663] {taskinstance.py:1159} INFO - Dependencies all met for <TaskInstance: cereal_paper.get_meme_task manual__2022-12-13T11:40:03.093088+00:00 [queued]>
[2022-12-13 11:40:03,664] {taskinstance.py:1356} INFO - 
--------------------------------------------------------------------------------
[2022-12-13 11:40:03,665] {taskinstance.py:1357} INFO - Starting attempt 1 of 2
[2022-12-13 11:40:03,665] {taskinstance.py:1358} INFO - 
--------------------------------------------------------------------------------
[2022-12-13 11:40:03,683] {taskinstance.py:1377} INFO - Executing <Task(PythonOperator): get_meme_task> on 2022-12-13 11:40:03.093088+00:00
[2022-12-13 11:40:03,691] {standard_task_runner.py:52} INFO - Started process 608 to run task
[2022-12-13 11:40:03,695] {standard_task_runner.py:79} INFO - Running: ['***', 'tasks', 'run', 'cereal_paper', 'get_meme_task', 'manual__2022-12-13T11:40:03.093088+00:00', '--job-id', '191', '--raw', '--subdir', 'DAGS_FOLDER/cereal-paper.py', '--cfg-path', '/tmp/tmp207zd081', '--error-file', '/tmp/tmp24b_pjgm']
[2022-12-13 11:40:03,697] {standard_task_runner.py:80} INFO - Job 191: Subtask get_meme_task
[2022-12-13 11:40:03,878] {task_command.py:369} INFO - Running <TaskInstance: cereal_paper.get_meme_task manual__2022-12-13T11:40:03.093088+00:00 [running]> on host 44822d5113ae
[2022-12-13 11:40:04,055] {taskinstance.py:1571} INFO - Exporting the following env vars:
AIRFLOW_CTX_DAG_EMAIL=cerealman@akashkhamkar.in
AIRFLOW_CTX_DAG_OWNER=akashk
AIRFLOW_CTX_DAG_ID=cereal_paper
AIRFLOW_CTX_TASK_ID=get_meme_task
AIRFLOW_CTX_EXECUTION_DATE=2022-12-13T11:40:03.093088+00:00
AIRFLOW_CTX_TRY_NUMBER=1
AIRFLOW_CTX_DAG_RUN_ID=manual__2022-12-13T11:40:03.093088+00:00
[2022-12-13 11:40:05,175] {python.py:173} INFO - Done. Returned value was: https://redd.it/zkpv85
[2022-12-13 11:40:05,219] {taskinstance.py:1400} INFO - Marking task as SUCCESS. dag_id=cereal_paper, task_id=get_meme_task, execution_date=20221213T114003, start_date=20221213T114003, end_date=20221213T114005
[2022-12-13 11:40:05,249] {local_task_job.py:156} INFO - Task exited with return code 0
[2022-12-13 11:40:05,305] {local_task_job.py:273} INFO - 0 downstream tasks scheduled from follow-on schedule check
