[2022-12-13 08:00:31,498] {taskinstance.py:1159} INFO - Dependencies all met for <TaskInstance: cereal_paper.get_quote_task manual__2022-12-13T08:00:30.931097+00:00 [queued]>
[2022-12-13 08:00:31,505] {taskinstance.py:1159} INFO - Dependencies all met for <TaskInstance: cereal_paper.get_quote_task manual__2022-12-13T08:00:30.931097+00:00 [queued]>
[2022-12-13 08:00:31,506] {taskinstance.py:1356} INFO - 
--------------------------------------------------------------------------------
[2022-12-13 08:00:31,506] {taskinstance.py:1357} INFO - Starting attempt 1 of 2
[2022-12-13 08:00:31,507] {taskinstance.py:1358} INFO - 
--------------------------------------------------------------------------------
[2022-12-13 08:00:31,523] {taskinstance.py:1377} INFO - Executing <Task(PythonOperator): get_quote_task> on 2022-12-13 08:00:30.931097+00:00
[2022-12-13 08:00:31,529] {standard_task_runner.py:52} INFO - Started process 480 to run task
[2022-12-13 08:00:31,534] {standard_task_runner.py:79} INFO - Running: ['***', 'tasks', 'run', 'cereal_paper', 'get_quote_task', 'manual__2022-12-13T08:00:30.931097+00:00', '--job-id', '71', '--raw', '--subdir', 'DAGS_FOLDER/cereal-paper.py', '--cfg-path', '/tmp/tmpd0m6lagn', '--error-file', '/tmp/tmpj7ghchnc']
[2022-12-13 08:00:31,536] {standard_task_runner.py:80} INFO - Job 71: Subtask get_quote_task
[2022-12-13 08:00:31,702] {task_command.py:369} INFO - Running <TaskInstance: cereal_paper.get_quote_task manual__2022-12-13T08:00:30.931097+00:00 [running]> on host 5029e27bd97f
[2022-12-13 08:00:31,897] {taskinstance.py:1571} INFO - Exporting the following env vars:
AIRFLOW_CTX_DAG_EMAIL=akash.khamkar40@gmail.com
AIRFLOW_CTX_DAG_OWNER=akashk
AIRFLOW_CTX_DAG_ID=cereal_paper
AIRFLOW_CTX_TASK_ID=get_quote_task
AIRFLOW_CTX_EXECUTION_DATE=2022-12-13T08:00:30.931097+00:00
AIRFLOW_CTX_TRY_NUMBER=1
AIRFLOW_CTX_DAG_RUN_ID=manual__2022-12-13T08:00:30.931097+00:00
[2022-12-13 08:00:32,968] {logging_mixin.py:115} INFO - [{'q': 'Curiosity is the most powerful thing you own. Imagination is a force that can actually manifest a reality.', 'a': 'James Cameron', 'h': '<blockquote>&ldquo;Curiosity is the most powerful thing you own. Imagination is a force that can actually manifest a reality.&rdquo; &mdash; <footer>James Cameron</footer></blockquote>'}]
[2022-12-13 08:00:32,969] {python.py:173} INFO - Done. Returned value was: Curiosity is the most powerful thing you own. Imagination is a force that can actually manifest a reality.
[2022-12-13 08:00:33,031] {taskinstance.py:1400} INFO - Marking task as SUCCESS. dag_id=cereal_paper, task_id=get_quote_task, execution_date=20221213T080030, start_date=20221213T080031, end_date=20221213T080033
[2022-12-13 08:00:33,087] {local_task_job.py:156} INFO - Task exited with return code 0
[2022-12-13 08:00:33,145] {local_task_job.py:273} INFO - 1 downstream tasks scheduled from follow-on schedule check
