[2022-12-13 11:34:29,949] {taskinstance.py:1159} INFO - Dependencies all met for <TaskInstance: cereal_paper.get_songs_from_db_task manual__2022-12-13T11:34:28.628237+00:00 [queued]>
[2022-12-13 11:34:29,962] {taskinstance.py:1159} INFO - Dependencies all met for <TaskInstance: cereal_paper.get_songs_from_db_task manual__2022-12-13T11:34:28.628237+00:00 [queued]>
[2022-12-13 11:34:29,963] {taskinstance.py:1356} INFO - 
--------------------------------------------------------------------------------
[2022-12-13 11:34:29,963] {taskinstance.py:1357} INFO - Starting attempt 1 of 2
[2022-12-13 11:34:29,964] {taskinstance.py:1358} INFO - 
--------------------------------------------------------------------------------
[2022-12-13 11:34:29,978] {taskinstance.py:1377} INFO - Executing <Task(PythonOperator): get_songs_from_db_task> on 2022-12-13 11:34:28.628237+00:00
[2022-12-13 11:34:29,986] {standard_task_runner.py:52} INFO - Started process 499 to run task
[2022-12-13 11:34:30,011] {standard_task_runner.py:79} INFO - Running: ['***', 'tasks', 'run', 'cereal_paper', 'get_songs_from_db_task', 'manual__2022-12-13T11:34:28.628237+00:00', '--job-id', '175', '--raw', '--subdir', 'DAGS_FOLDER/cereal-paper.py', '--cfg-path', '/tmp/tmpgtbcn6us', '--error-file', '/tmp/tmpp7llr5nv']
[2022-12-13 11:34:30,017] {standard_task_runner.py:80} INFO - Job 175: Subtask get_songs_from_db_task
[2022-12-13 11:34:30,181] {task_command.py:369} INFO - Running <TaskInstance: cereal_paper.get_songs_from_db_task manual__2022-12-13T11:34:28.628237+00:00 [running]> on host 44822d5113ae
[2022-12-13 11:34:30,319] {taskinstance.py:1571} INFO - Exporting the following env vars:
AIRFLOW_CTX_DAG_EMAIL=cerealman@akashkhamkar.in
AIRFLOW_CTX_DAG_OWNER=akashk
AIRFLOW_CTX_DAG_ID=cereal_paper
AIRFLOW_CTX_TASK_ID=get_songs_from_db_task
AIRFLOW_CTX_EXECUTION_DATE=2022-12-13T11:34:28.628237+00:00
AIRFLOW_CTX_TRY_NUMBER=1
AIRFLOW_CTX_DAG_RUN_ID=manual__2022-12-13T11:34:28.628237+00:00
[2022-12-13 11:34:30,324] {base.py:68} INFO - Using connection ID 'my_postgres_default' for task execution.
[2022-12-13 11:34:30,335] {python.py:173} INFO - Done. Returned value was: [('Time To Move (feat. John Mayer)', 'Time To Move', 'Crosby Loggins,John Mayer'), ('Purple Rain', 'Purple Rain', 'Prince'), ('Message In a Bottle - Live at the Oak Mountain Amphitheater, Birmingham, AL - September 2002', 'Any Given Thursday', 'John Mayer')]
[2022-12-13 11:34:30,381] {taskinstance.py:1400} INFO - Marking task as SUCCESS. dag_id=cereal_paper, task_id=get_songs_from_db_task, execution_date=20221213T113428, start_date=20221213T113429, end_date=20221213T113430
[2022-12-13 11:34:30,420] {local_task_job.py:156} INFO - Task exited with return code 0
[2022-12-13 11:34:30,465] {local_task_job.py:273} INFO - 0 downstream tasks scheduled from follow-on schedule check
