[2022-12-13 11:40:03,692] {taskinstance.py:1159} INFO - Dependencies all met for <TaskInstance: cereal_paper.get_songs_from_db_task manual__2022-12-13T11:40:03.093088+00:00 [queued]>
[2022-12-13 11:40:03,701] {taskinstance.py:1159} INFO - Dependencies all met for <TaskInstance: cereal_paper.get_songs_from_db_task manual__2022-12-13T11:40:03.093088+00:00 [queued]>
[2022-12-13 11:40:03,702] {taskinstance.py:1356} INFO - 
--------------------------------------------------------------------------------
[2022-12-13 11:40:03,702] {taskinstance.py:1357} INFO - Starting attempt 1 of 2
[2022-12-13 11:40:03,703] {taskinstance.py:1358} INFO - 
--------------------------------------------------------------------------------
[2022-12-13 11:40:03,714] {taskinstance.py:1377} INFO - Executing <Task(PythonOperator): get_songs_from_db_task> on 2022-12-13 11:40:03.093088+00:00
[2022-12-13 11:40:03,718] {standard_task_runner.py:52} INFO - Started process 609 to run task
[2022-12-13 11:40:03,725] {standard_task_runner.py:79} INFO - Running: ['***', 'tasks', 'run', 'cereal_paper', 'get_songs_from_db_task', 'manual__2022-12-13T11:40:03.093088+00:00', '--job-id', '193', '--raw', '--subdir', 'DAGS_FOLDER/cereal-paper.py', '--cfg-path', '/tmp/tmp14azfse3', '--error-file', '/tmp/tmpq9ggjitq']
[2022-12-13 11:40:03,727] {standard_task_runner.py:80} INFO - Job 193: Subtask get_songs_from_db_task
[2022-12-13 11:40:03,890] {task_command.py:369} INFO - Running <TaskInstance: cereal_paper.get_songs_from_db_task manual__2022-12-13T11:40:03.093088+00:00 [running]> on host 44822d5113ae
[2022-12-13 11:40:04,072] {taskinstance.py:1571} INFO - Exporting the following env vars:
AIRFLOW_CTX_DAG_EMAIL=cerealman@akashkhamkar.in
AIRFLOW_CTX_DAG_OWNER=akashk
AIRFLOW_CTX_DAG_ID=cereal_paper
AIRFLOW_CTX_TASK_ID=get_songs_from_db_task
AIRFLOW_CTX_EXECUTION_DATE=2022-12-13T11:40:03.093088+00:00
AIRFLOW_CTX_TRY_NUMBER=1
AIRFLOW_CTX_DAG_RUN_ID=manual__2022-12-13T11:40:03.093088+00:00
[2022-12-13 11:40:04,077] {base.py:68} INFO - Using connection ID 'my_postgres_default' for task execution.
[2022-12-13 11:40:04,094] {python.py:173} INFO - Done. Returned value was: [("I Don't Need No Doctor", "That's What I Say (Int'l Online/Yahoo Exclusive)", 'John Scofield,John Mayer'), ('Glimpse of Us', 'Glimpse of Us', 'Joji'), ('Yaarr Ni Milyaa', 'Yaarr Ni Milyaa', 'Harrdy Sandhu,B Praak,Jaani')]
[2022-12-13 11:40:04,171] {taskinstance.py:1400} INFO - Marking task as SUCCESS. dag_id=cereal_paper, task_id=get_songs_from_db_task, execution_date=20221213T114003, start_date=20221213T114003, end_date=20221213T114004
[2022-12-13 11:40:04,215] {local_task_job.py:156} INFO - Task exited with return code 0
[2022-12-13 11:40:04,259] {local_task_job.py:273} INFO - 0 downstream tasks scheduled from follow-on schedule check
