[2022-12-13 10:44:38,102] {taskinstance.py:1159} INFO - Dependencies all met for <TaskInstance: cereal_paper.get_joke_task manual__2022-12-13T10:44:37.350819+00:00 [queued]>
[2022-12-13 10:44:38,112] {taskinstance.py:1159} INFO - Dependencies all met for <TaskInstance: cereal_paper.get_joke_task manual__2022-12-13T10:44:37.350819+00:00 [queued]>
[2022-12-13 10:44:38,113] {taskinstance.py:1356} INFO - 
--------------------------------------------------------------------------------
[2022-12-13 10:44:38,113] {taskinstance.py:1357} INFO - Starting attempt 1 of 2
[2022-12-13 10:44:38,114] {taskinstance.py:1358} INFO - 
--------------------------------------------------------------------------------
[2022-12-13 10:44:38,132] {taskinstance.py:1377} INFO - Executing <Task(PythonOperator): get_joke_task> on 2022-12-13 10:44:37.350819+00:00
[2022-12-13 10:44:38,142] {standard_task_runner.py:52} INFO - Started process 201 to run task
[2022-12-13 10:44:38,148] {standard_task_runner.py:79} INFO - Running: ['***', 'tasks', 'run', 'cereal_paper', 'get_joke_task', 'manual__2022-12-13T10:44:37.350819+00:00', '--job-id', '100', '--raw', '--subdir', 'DAGS_FOLDER/cereal-paper.py', '--cfg-path', '/tmp/tmpq5bid95l', '--error-file', '/tmp/tmp9vrg2fkg']
[2022-12-13 10:44:38,150] {standard_task_runner.py:80} INFO - Job 100: Subtask get_joke_task
[2022-12-13 10:44:38,336] {task_command.py:369} INFO - Running <TaskInstance: cereal_paper.get_joke_task manual__2022-12-13T10:44:37.350819+00:00 [running]> on host 43dbd6b00d73
[2022-12-13 10:44:38,511] {taskinstance.py:1571} INFO - Exporting the following env vars:
AIRFLOW_CTX_DAG_EMAIL=akash.khamkar40@gmail.com
AIRFLOW_CTX_DAG_OWNER=akashk
AIRFLOW_CTX_DAG_ID=cereal_paper
AIRFLOW_CTX_TASK_ID=get_joke_task
AIRFLOW_CTX_EXECUTION_DATE=2022-12-13T10:44:37.350819+00:00
AIRFLOW_CTX_TRY_NUMBER=1
AIRFLOW_CTX_DAG_RUN_ID=manual__2022-12-13T10:44:37.350819+00:00
[2022-12-13 10:44:39,385] {logging_mixin.py:115} INFO - {'error': False, 'category': 'Pun', 'type': 'single', 'joke': 'Today, my son asked "Can I have a book mark?" and I burst into tears.\n11 years old and he still doesn\'t know my name is Brian.', 'flags': {'nsfw': False, 'religious': False, 'political': False, 'racist': False, 'sexist': False, 'explicit': False}, 'id': 200, 'safe': True, 'lang': 'en'}
[2022-12-13 10:44:39,387] {python.py:173} INFO - Done. Returned value was: Today, my son asked "Can I have a book mark?" and I burst into tears.
11 years old and he still doesn't know my name is Brian.
[2022-12-13 10:44:39,453] {taskinstance.py:1400} INFO - Marking task as SUCCESS. dag_id=cereal_paper, task_id=get_joke_task, execution_date=20221213T104437, start_date=20221213T104438, end_date=20221213T104439
[2022-12-13 10:44:39,485] {local_task_job.py:156} INFO - Task exited with return code 0
[2022-12-13 10:44:39,531] {local_task_job.py:273} INFO - 0 downstream tasks scheduled from follow-on schedule check
