[2022-12-12 17:44:28,144] {taskinstance.py:1159} INFO - Dependencies all met for <TaskInstance: daily_paper.create_pdf_task manual__2022-12-12T17:43:22.903448+00:00 [queued]>
[2022-12-12 17:44:28,149] {taskinstance.py:1159} INFO - Dependencies all met for <TaskInstance: daily_paper.create_pdf_task manual__2022-12-12T17:43:22.903448+00:00 [queued]>
[2022-12-12 17:44:28,150] {taskinstance.py:1356} INFO - 
--------------------------------------------------------------------------------
[2022-12-12 17:44:28,150] {taskinstance.py:1357} INFO - Starting attempt 2 of 2
[2022-12-12 17:44:28,150] {taskinstance.py:1358} INFO - 
--------------------------------------------------------------------------------
[2022-12-12 17:44:28,159] {taskinstance.py:1377} INFO - Executing <Task(PythonOperator): create_pdf_task> on 2022-12-12 17:43:22.903448+00:00
[2022-12-12 17:44:28,163] {standard_task_runner.py:52} INFO - Started process 1312 to run task
[2022-12-12 17:44:28,167] {standard_task_runner.py:79} INFO - Running: ['***', 'tasks', 'run', 'daily_paper', 'create_pdf_task', 'manual__2022-12-12T17:43:22.903448+00:00', '--job-id', '298', '--raw', '--subdir', 'DAGS_FOLDER/morning-paper.py', '--cfg-path', '/tmp/tmp22mjtqys', '--error-file', '/tmp/tmpdufc23em']
[2022-12-12 17:44:28,168] {standard_task_runner.py:80} INFO - Job 298: Subtask create_pdf_task
[2022-12-12 17:44:28,220] {task_command.py:369} INFO - Running <TaskInstance: daily_paper.create_pdf_task manual__2022-12-12T17:43:22.903448+00:00 [running]> on host 6bb81baa0a52
[2022-12-12 17:44:28,272] {taskinstance.py:1571} INFO - Exporting the following env vars:
AIRFLOW_CTX_DAG_EMAIL=akash.khamkar40@gmail.com
AIRFLOW_CTX_DAG_OWNER=akashk
AIRFLOW_CTX_DAG_ID=daily_paper
AIRFLOW_CTX_TASK_ID=create_pdf_task
AIRFLOW_CTX_EXECUTION_DATE=2022-12-12T17:43:22.903448+00:00
AIRFLOW_CTX_TRY_NUMBER=2
AIRFLOW_CTX_DAG_RUN_ID=manual__2022-12-12T17:43:22.903448+00:00
[2022-12-12 17:44:28,291] {logging_mixin.py:115} WARNING - /home/***/.local/lib/python3.7/site-packages/fpdf/ttfonts.py:831 UserWarning: missing glyph 369
[2022-12-12 17:44:28,293] {logging_mixin.py:115} WARNING - /home/***/.local/lib/python3.7/site-packages/fpdf/ttfonts.py:710 UserWarning: missing glyph 369
[2022-12-12 17:44:28,305] {python.py:173} INFO - Done. Returned value was: None
[2022-12-12 17:44:28,315] {taskinstance.py:1400} INFO - Marking task as SUCCESS. dag_id=daily_paper, task_id=create_pdf_task, execution_date=20221212T174322, start_date=20221212T174428, end_date=20221212T174428
[2022-12-12 17:44:28,339] {local_task_job.py:156} INFO - Task exited with return code 0
[2022-12-12 17:44:28,361] {local_task_job.py:273} INFO - 0 downstream tasks scheduled from follow-on schedule check
