[2022-12-12 16:54:26,130] {taskinstance.py:1159} INFO - Dependencies all met for <TaskInstance: daily_paper.get_news_task manual__2022-12-12T16:54:25.464030+00:00 [queued]>
[2022-12-12 16:54:26,138] {taskinstance.py:1159} INFO - Dependencies all met for <TaskInstance: daily_paper.get_news_task manual__2022-12-12T16:54:25.464030+00:00 [queued]>
[2022-12-12 16:54:26,139] {taskinstance.py:1356} INFO - 
--------------------------------------------------------------------------------
[2022-12-12 16:54:26,140] {taskinstance.py:1357} INFO - Starting attempt 1 of 2
[2022-12-12 16:54:26,140] {taskinstance.py:1358} INFO - 
--------------------------------------------------------------------------------
[2022-12-12 16:54:26,161] {taskinstance.py:1377} INFO - Executing <Task(PythonOperator): get_news_task> on 2022-12-12 16:54:25.464030+00:00
[2022-12-12 16:54:26,165] {standard_task_runner.py:52} INFO - Started process 400 to run task
[2022-12-12 16:54:26,174] {standard_task_runner.py:79} INFO - Running: ['***', 'tasks', 'run', 'daily_paper', 'get_news_task', 'manual__2022-12-12T16:54:25.464030+00:00', '--job-id', '183', '--raw', '--subdir', 'DAGS_FOLDER/morning-paper.py', '--cfg-path', '/tmp/tmpa_jgu8by', '--error-file', '/tmp/tmpkdtu_b6b']
[2022-12-12 16:54:26,175] {standard_task_runner.py:80} INFO - Job 183: Subtask get_news_task
[2022-12-12 16:54:26,245] {task_command.py:369} INFO - Running <TaskInstance: daily_paper.get_news_task manual__2022-12-12T16:54:25.464030+00:00 [running]> on host 6bb81baa0a52
[2022-12-12 16:54:26,311] {taskinstance.py:1571} INFO - Exporting the following env vars:
AIRFLOW_CTX_DAG_EMAIL=akash.khamkar40@gmail.com
AIRFLOW_CTX_DAG_OWNER=akashk
AIRFLOW_CTX_DAG_ID=daily_paper
AIRFLOW_CTX_TASK_ID=get_news_task
AIRFLOW_CTX_EXECUTION_DATE=2022-12-12T16:54:25.464030+00:00
AIRFLOW_CTX_TRY_NUMBER=1
AIRFLOW_CTX_DAG_RUN_ID=manual__2022-12-12T16:54:25.464030+00:00
[2022-12-12 16:54:26,962] {python.py:173} INFO - Done. Returned value was: [{'title': 'Yoon-budget plan', 'published_date': '2022-12-12 16:54:00', 'summary': "Yoon calls for bipartisan cooperation to pass 2023 budget plan SEOUL, Dec. 12 (Yonhap) -- President Yoon Suk-yeol on Monday called for bipartisan cooperation to pass the 2023 budget plan, saying there can be no partisanship in handling people's livelihood matters. Yoon issued the call during a weekly meeting with Prime Minister Han Duck-soo at his office, days after the National Assembly missed the legal deadline to pass the national budget amid a standoff between the ruling and opposition parties."}, {'title': 'Industrial Absorbents Market Report: Global, Regional and Country Wise Data Break up and Analysis in a Latest Research', 'published_date': '2022-12-12 16:53:27', 'summary': 'Industrial Absorbents Market Report: Global, Regional and Country Wise Data Break up and Analysis in a Latest Research\n\nIndustrial Absorbents Market\n\nhttps://www.transparencymarketresearch.com/sample/sample.php?flag=S&rep_id=55773\n\nhttps://www.transparencymarketresearch.com/sample/sample.php?flag=EB&rep_id=55773\n\nhttps://tmrblog.com\n\nThis market intelligence report by TMR closely evaluates various parameters and attributes that pose an influential degree of effect on the Industrial Absorbents market in coming years.'}, {'title': 'Futures rise ahead of CPI data, Fed rate decision in focus', 'published_date': '2022-12-12 16:53:25', 'summary': "US stock index futures edged higher on Monday ahead of monthly consumer inflation data, while investors braced for the Federal Reserve meeting later this week.\nWall Street's main indexes snapped a two-week winning streak last week, weighed down by fears of a potential recession next year due to extended central bank rate hikes. The Nasdaq shed 4%, and S&P 500 and Dow Jones Industrial Average lost 3.4% and 2.8%, respectively.\nConsumer inflation data due on Tuesday is expected to show prices rose 7."}]
[2022-12-12 16:54:27,017] {taskinstance.py:1400} INFO - Marking task as SUCCESS. dag_id=daily_paper, task_id=get_news_task, execution_date=20221212T165425, start_date=20221212T165426, end_date=20221212T165427
[2022-12-12 16:54:27,037] {local_task_job.py:156} INFO - Task exited with return code 0
[2022-12-12 16:54:27,065] {local_task_job.py:273} INFO - 0 downstream tasks scheduled from follow-on schedule check
