[2022-12-12 17:13:23,638] {taskinstance.py:1159} INFO - Dependencies all met for <TaskInstance: daily_paper.get_news_task manual__2022-12-12T17:13:22.665229+00:00 [queued]>
[2022-12-12 17:13:23,646] {taskinstance.py:1159} INFO - Dependencies all met for <TaskInstance: daily_paper.get_news_task manual__2022-12-12T17:13:22.665229+00:00 [queued]>
[2022-12-12 17:13:23,646] {taskinstance.py:1356} INFO - 
--------------------------------------------------------------------------------
[2022-12-12 17:13:23,647] {taskinstance.py:1357} INFO - Starting attempt 1 of 2
[2022-12-12 17:13:23,647] {taskinstance.py:1358} INFO - 
--------------------------------------------------------------------------------
[2022-12-12 17:13:23,657] {taskinstance.py:1377} INFO - Executing <Task(PythonOperator): get_news_task> on 2022-12-12 17:13:22.665229+00:00
[2022-12-12 17:13:23,665] {standard_task_runner.py:52} INFO - Started process 654 to run task
[2022-12-12 17:13:23,669] {standard_task_runner.py:79} INFO - Running: ['***', 'tasks', 'run', 'daily_paper', 'get_news_task', 'manual__2022-12-12T17:13:22.665229+00:00', '--job-id', '216', '--raw', '--subdir', 'DAGS_FOLDER/morning-paper.py', '--cfg-path', '/tmp/tmpwgjvid8a', '--error-file', '/tmp/tmphvb9n1qx']
[2022-12-12 17:13:23,671] {standard_task_runner.py:80} INFO - Job 216: Subtask get_news_task
[2022-12-12 17:13:23,741] {task_command.py:369} INFO - Running <TaskInstance: daily_paper.get_news_task manual__2022-12-12T17:13:22.665229+00:00 [running]> on host 6bb81baa0a52
[2022-12-12 17:13:23,808] {taskinstance.py:1571} INFO - Exporting the following env vars:
AIRFLOW_CTX_DAG_EMAIL=akash.khamkar40@gmail.com
AIRFLOW_CTX_DAG_OWNER=akashk
AIRFLOW_CTX_DAG_ID=daily_paper
AIRFLOW_CTX_TASK_ID=get_news_task
AIRFLOW_CTX_EXECUTION_DATE=2022-12-12T17:13:22.665229+00:00
AIRFLOW_CTX_TRY_NUMBER=1
AIRFLOW_CTX_DAG_RUN_ID=manual__2022-12-12T17:13:22.665229+00:00
[2022-12-12 17:13:24,468] {python.py:173} INFO - Done. Returned value was: [{'title': 'Metal Powders Additive Manufacturing Market to Register Explosive Growth and Detailed Analysis', 'published_date': '2022-12-12 17:13:09', 'summary': 'Metal Powders Additive Manufacturing Market to Register Explosive Growth and Detailed Analysis\n\nMetal Powders Additive Manufacturing Market\n\nhttps://www.transparencymarketresearch.com/sample/sample.php?flag=S&rep_id=33197\n\nhttps://www.transparencymarketresearch.com/sample/sample.php?flag=EB&rep_id=33197\n\nhttps://tmrblog.com\n\nThis market intelligence report by TMR closely evaluates various parameters and attributes that pose an influential degree of effect on the Metal Powders Additive Manufacturing market in coming years.'}, {'title': 'Fraport boss Schulte calls for more immigration – •', 'published_date': '2022-12-12 17:12:57', 'summary': "Frankfurt Airport boss Stefan Schulte is in favor of increased immigration, including of low-skilled workers from abroad, in order to avoid problems with the security of supply in Germany.\nThe daily mirror app The latest news, background information and analyzes straight to your smartphone. Plus the digital newspaper. Download here for free.\n'We have to be open to an immigration culture, specifically to an immigration law,' said Schulte 'Tagesspiegel Background Verkehr & Smart Mobility'. Above all, immigration from non-EU countries must be simplified."}, {'title': 'Metal Casting Market 2023  Worth US$ 236.7 Billion by 2028  Growth Rate (CAGR) of 7.4%', 'published_date': '2022-12-12 17:12:35', 'summary': 'Metal Casting Market 2023 | Worth US$ 236.7 Billion by 2028 | Growth Rate (CAGR) of 7.4% | IMARC Group\n\nMetal Casting Market\n\nhttps://www.imarcgroup.com/metal-casting-market/requestsample\n\nhttps://www.imarcgroup.com/metal-casting-market\n\nhttps://www.imarcgroup.com/actuators-market\n\nhttps://www.imarcgroup.com/electronic-design-automation-market\n\nhttps://www.imarcgroup.com/hard-seltzer-market\n\nhttps://www.imarcgroup.com/tuberculosis-diagnostics-market\n\nhttps://www.imarcgroup.com/reclaimed-lumber-market\n\nhttps://www.'}]
[2022-12-12 17:13:24,506] {taskinstance.py:1400} INFO - Marking task as SUCCESS. dag_id=daily_paper, task_id=get_news_task, execution_date=20221212T171322, start_date=20221212T171323, end_date=20221212T171324
[2022-12-12 17:13:24,539] {local_task_job.py:156} INFO - Task exited with return code 0
[2022-12-12 17:13:24,566] {local_task_job.py:273} INFO - 0 downstream tasks scheduled from follow-on schedule check
