[2022-12-13 11:06:49,623] {taskinstance.py:1159} INFO - Dependencies all met for <TaskInstance: cereal_paper.get_quote_task manual__2022-12-13T11:06:48.177547+00:00 [queued]>
[2022-12-13 11:06:49,643] {taskinstance.py:1159} INFO - Dependencies all met for <TaskInstance: cereal_paper.get_quote_task manual__2022-12-13T11:06:48.177547+00:00 [queued]>
[2022-12-13 11:06:49,644] {taskinstance.py:1356} INFO - 
--------------------------------------------------------------------------------
[2022-12-13 11:06:49,645] {taskinstance.py:1357} INFO - Starting attempt 1 of 2
[2022-12-13 11:06:49,646] {taskinstance.py:1358} INFO - 
--------------------------------------------------------------------------------
[2022-12-13 11:06:49,662] {taskinstance.py:1377} INFO - Executing <Task(PythonOperator): get_quote_task> on 2022-12-13 11:06:48.177547+00:00
[2022-12-13 11:06:49,676] {standard_task_runner.py:52} INFO - Started process 196 to run task
[2022-12-13 11:06:49,682] {standard_task_runner.py:79} INFO - Running: ['***', 'tasks', 'run', 'cereal_paper', 'get_quote_task', 'manual__2022-12-13T11:06:48.177547+00:00', '--job-id', '147', '--raw', '--subdir', 'DAGS_FOLDER/cereal-paper.py', '--cfg-path', '/tmp/tmptb3hpsmg', '--error-file', '/tmp/tmpri_bc4kc']
[2022-12-13 11:06:49,684] {standard_task_runner.py:80} INFO - Job 147: Subtask get_quote_task
[2022-12-13 11:06:49,861] {task_command.py:369} INFO - Running <TaskInstance: cereal_paper.get_quote_task manual__2022-12-13T11:06:48.177547+00:00 [running]> on host b1ba50e012c2
[2022-12-13 11:06:49,991] {taskinstance.py:1571} INFO - Exporting the following env vars:
AIRFLOW_CTX_DAG_EMAIL=cerealman@akashkhamkar.in
AIRFLOW_CTX_DAG_OWNER=akashk
AIRFLOW_CTX_DAG_ID=cereal_paper
AIRFLOW_CTX_TASK_ID=get_quote_task
AIRFLOW_CTX_EXECUTION_DATE=2022-12-13T11:06:48.177547+00:00
AIRFLOW_CTX_TRY_NUMBER=1
AIRFLOW_CTX_DAG_RUN_ID=manual__2022-12-13T11:06:48.177547+00:00
[2022-12-13 11:06:51,064] {logging_mixin.py:115} INFO - [{'q': 'Curiosity is the most powerful thing you own. Imagination is a force that can actually manifest a reality.', 'a': 'James Cameron', 'h': '<blockquote>&ldquo;Curiosity is the most powerful thing you own. Imagination is a force that can actually manifest a reality.&rdquo; &mdash; <footer>James Cameron</footer></blockquote>'}]
[2022-12-13 11:06:51,065] {python.py:173} INFO - Done. Returned value was: Curiosity is the most powerful thing you own. Imagination is a force that can actually manifest a reality.
[2022-12-13 11:06:51,107] {taskinstance.py:1400} INFO - Marking task as SUCCESS. dag_id=cereal_paper, task_id=get_quote_task, execution_date=20221213T110648, start_date=20221213T110649, end_date=20221213T110651
[2022-12-13 11:06:51,132] {local_task_job.py:156} INFO - Task exited with return code 0
[2022-12-13 11:06:51,177] {local_task_job.py:273} INFO - 0 downstream tasks scheduled from follow-on schedule check
