[2022-12-12 18:00:14,744] {taskinstance.py:1159} INFO - Dependencies all met for <TaskInstance: daily_paper.create_pdf_task manual__2022-12-12T18:00:11.026032+00:00 [queued]>
[2022-12-12 18:00:14,749] {taskinstance.py:1159} INFO - Dependencies all met for <TaskInstance: daily_paper.create_pdf_task manual__2022-12-12T18:00:11.026032+00:00 [queued]>
[2022-12-12 18:00:14,749] {taskinstance.py:1356} INFO - 
--------------------------------------------------------------------------------
[2022-12-12 18:00:14,750] {taskinstance.py:1357} INFO - Starting attempt 1 of 2
[2022-12-12 18:00:14,750] {taskinstance.py:1358} INFO - 
--------------------------------------------------------------------------------
[2022-12-12 18:00:14,757] {taskinstance.py:1377} INFO - Executing <Task(PythonOperator): create_pdf_task> on 2022-12-12 18:00:11.026032+00:00
[2022-12-12 18:00:14,761] {standard_task_runner.py:52} INFO - Started process 1703 to run task
[2022-12-12 18:00:14,763] {standard_task_runner.py:79} INFO - Running: ['***', 'tasks', 'run', 'daily_paper', 'create_pdf_task', 'manual__2022-12-12T18:00:11.026032+00:00', '--job-id', '331', '--raw', '--subdir', 'DAGS_FOLDER/morning-paper.py', '--cfg-path', '/tmp/tmpkdxtf32a', '--error-file', '/tmp/tmpzy294l2s']
[2022-12-12 18:00:14,765] {standard_task_runner.py:80} INFO - Job 331: Subtask create_pdf_task
[2022-12-12 18:00:14,804] {task_command.py:369} INFO - Running <TaskInstance: daily_paper.create_pdf_task manual__2022-12-12T18:00:11.026032+00:00 [running]> on host 6bb81baa0a52
[2022-12-12 18:00:14,849] {taskinstance.py:1571} INFO - Exporting the following env vars:
AIRFLOW_CTX_DAG_EMAIL=akash.khamkar40@gmail.com
AIRFLOW_CTX_DAG_OWNER=akashk
AIRFLOW_CTX_DAG_ID=daily_paper
AIRFLOW_CTX_TASK_ID=create_pdf_task
AIRFLOW_CTX_EXECUTION_DATE=2022-12-12T18:00:11.026032+00:00
AIRFLOW_CTX_TRY_NUMBER=1
AIRFLOW_CTX_DAG_RUN_ID=manual__2022-12-12T18:00:11.026032+00:00
[2022-12-12 18:00:14,851] {taskinstance.py:1889} ERROR - Task failed with exception
Traceback (most recent call last):
  File "/home/airflow/.local/lib/python3.7/site-packages/airflow/operators/python.py", line 171, in execute
    return_value = self.execute_callable()
  File "/home/airflow/.local/lib/python3.7/site-packages/airflow/operators/python.py", line 189, in execute_callable
    return self.python_callable(*self.op_args, **self.op_kwargs)
  File "/opt/airflow/dags/morning_paper_src/pdf.py", line 23, in create_pdf
    pdf.add_font('SpecialElite', '', '/opt/airflow/dags/morning_paper_src/SpecialElite.ttf')
  File "/home/airflow/.local/lib/python3.7/site-packages/fpdf/fpdf.py", line 540, in add_font
    font_dict = pickle.load(fontfile)
  File "/usr/local/lib/python3.7/codecs.py", line 322, in decode
    (result, consumed) = self._buffer_decode(data, self.errors, final)
UnicodeDecodeError: 'utf-8' codec can't decode byte 0xe4 in position 18: invalid continuation byte
[2022-12-12 18:00:14,861] {taskinstance.py:1400} INFO - Marking task as UP_FOR_RETRY. dag_id=daily_paper, task_id=create_pdf_task, execution_date=20221212T180011, start_date=20221212T180014, end_date=20221212T180014
[2022-12-12 18:00:14,866] {standard_task_runner.py:97} ERROR - Failed to execute job 331 for task create_pdf_task ('utf-8' codec can't decode byte 0xe4 in position 18: invalid continuation byte; 1703)
[2022-12-12 18:00:14,896] {local_task_job.py:156} INFO - Task exited with return code 1
[2022-12-12 18:00:14,918] {local_task_job.py:273} INFO - 0 downstream tasks scheduled from follow-on schedule check
