[2022-12-13 11:10:04,798] {taskinstance.py:1159} INFO - Dependencies all met for <TaskInstance: cereal_paper.get_songs_from_db_task manual__2022-12-13T11:10:03.509383+00:00 [queued]>
[2022-12-13 11:10:04,810] {taskinstance.py:1159} INFO - Dependencies all met for <TaskInstance: cereal_paper.get_songs_from_db_task manual__2022-12-13T11:10:03.509383+00:00 [queued]>
[2022-12-13 11:10:04,810] {taskinstance.py:1356} INFO - 
--------------------------------------------------------------------------------
[2022-12-13 11:10:04,811] {taskinstance.py:1357} INFO - Starting attempt 1 of 2
[2022-12-13 11:10:04,812] {taskinstance.py:1358} INFO - 
--------------------------------------------------------------------------------
[2022-12-13 11:10:04,826] {taskinstance.py:1377} INFO - Executing <Task(PythonOperator): get_songs_from_db_task> on 2022-12-13 11:10:03.509383+00:00
[2022-12-13 11:10:04,840] {standard_task_runner.py:52} INFO - Started process 196 to run task
[2022-12-13 11:10:04,861] {standard_task_runner.py:79} INFO - Running: ['***', 'tasks', 'run', 'cereal_paper', 'get_songs_from_db_task', 'manual__2022-12-13T11:10:03.509383+00:00', '--job-id', '155', '--raw', '--subdir', 'DAGS_FOLDER/cereal-paper.py', '--cfg-path', '/tmp/tmpnhy0zuop', '--error-file', '/tmp/tmpjffemqpd']
[2022-12-13 11:10:04,869] {standard_task_runner.py:80} INFO - Job 155: Subtask get_songs_from_db_task
[2022-12-13 11:10:05,022] {task_command.py:369} INFO - Running <TaskInstance: cereal_paper.get_songs_from_db_task manual__2022-12-13T11:10:03.509383+00:00 [running]> on host 44822d5113ae
[2022-12-13 11:10:05,166] {taskinstance.py:1571} INFO - Exporting the following env vars:
AIRFLOW_CTX_DAG_EMAIL=cerealman@akashkhamkar.in
AIRFLOW_CTX_DAG_OWNER=akashk
AIRFLOW_CTX_DAG_ID=cereal_paper
AIRFLOW_CTX_TASK_ID=get_songs_from_db_task
AIRFLOW_CTX_EXECUTION_DATE=2022-12-13T11:10:03.509383+00:00
AIRFLOW_CTX_TRY_NUMBER=1
AIRFLOW_CTX_DAG_RUN_ID=manual__2022-12-13T11:10:03.509383+00:00
[2022-12-13 11:10:05,172] {base.py:68} INFO - Using connection ID 'my_postgres_default' for task execution.
[2022-12-13 11:10:05,192] {python.py:173} INFO - Done. Returned value was: [('Something Like Olivia', 'Born and Raised', 'John Mayer'), ("D'yer Mak'er - Remaster", 'Houses of the Holy (Deluxe Edition)', 'Led Zeppelin'), ('Message In a Bottle - Live at the Oak Mountain Amphitheater, Birmingham, AL - September 2002', 'Any Given Thursday', 'John Mayer')]
[2022-12-13 11:10:05,240] {taskinstance.py:1400} INFO - Marking task as SUCCESS. dag_id=cereal_paper, task_id=get_songs_from_db_task, execution_date=20221213T111003, start_date=20221213T111004, end_date=20221213T111005
[2022-12-13 11:10:05,267] {local_task_job.py:156} INFO - Task exited with return code 0
[2022-12-13 11:10:05,316] {local_task_job.py:273} INFO - 0 downstream tasks scheduled from follow-on schedule check
