[2022-12-12 17:37:19,256] {taskinstance.py:1159} INFO - Dependencies all met for <TaskInstance: daily_paper.combine_articles_task manual__2022-12-12T17:37:14.042939+00:00 [queued]>
[2022-12-12 17:37:19,262] {taskinstance.py:1159} INFO - Dependencies all met for <TaskInstance: daily_paper.combine_articles_task manual__2022-12-12T17:37:14.042939+00:00 [queued]>
[2022-12-12 17:37:19,262] {taskinstance.py:1356} INFO - 
--------------------------------------------------------------------------------
[2022-12-12 17:37:19,262] {taskinstance.py:1357} INFO - Starting attempt 1 of 2
[2022-12-12 17:37:19,263] {taskinstance.py:1358} INFO - 
--------------------------------------------------------------------------------
[2022-12-12 17:37:19,270] {taskinstance.py:1377} INFO - Executing <Task(PythonOperator): combine_articles_task> on 2022-12-12 17:37:14.042939+00:00
[2022-12-12 17:37:19,274] {standard_task_runner.py:52} INFO - Started process 1103 to run task
[2022-12-12 17:37:19,277] {standard_task_runner.py:79} INFO - Running: ['***', 'tasks', 'run', 'daily_paper', 'combine_articles_task', 'manual__2022-12-12T17:37:14.042939+00:00', '--job-id', '271', '--raw', '--subdir', 'DAGS_FOLDER/morning-paper.py', '--cfg-path', '/tmp/tmp5q9c3nl5', '--error-file', '/tmp/tmpssp6imvl']
[2022-12-12 17:37:19,278] {standard_task_runner.py:80} INFO - Job 271: Subtask combine_articles_task
[2022-12-12 17:37:19,317] {task_command.py:369} INFO - Running <TaskInstance: daily_paper.combine_articles_task manual__2022-12-12T17:37:14.042939+00:00 [running]> on host 6bb81baa0a52
[2022-12-12 17:37:19,365] {taskinstance.py:1571} INFO - Exporting the following env vars:
AIRFLOW_CTX_DAG_EMAIL=akash.khamkar40@gmail.com
AIRFLOW_CTX_DAG_OWNER=akashk
AIRFLOW_CTX_DAG_ID=daily_paper
AIRFLOW_CTX_TASK_ID=combine_articles_task
AIRFLOW_CTX_EXECUTION_DATE=2022-12-12T17:37:14.042939+00:00
AIRFLOW_CTX_TRY_NUMBER=1
AIRFLOW_CTX_DAG_RUN_ID=manual__2022-12-12T17:37:14.042939+00:00
[2022-12-12 17:37:19,393] {logging_mixin.py:115} INFO - {'joke': 'Java and C were telling jokes. It was C\'s turn, so he writes something on the wall, points to it and says "Do you get the reference?" But Java didn\'t.', 'quote': 'Most people achieved their greatest success one step beyond what looked like their greatest failure.', 'news': [{'title': "EU's Borrell: Belgium's European Parliament corruption probe is ‘very worrisome'", 'published_date': '2022-12-12 17:37:01', 'summary': "European Union Foreign Policy Chief Josep Borrell arrives to attend a EU-Israel Association Council in Brussels, Belgium October 3, 2022. REUTERS FILE PHOTO\nBRUSSELS — Belgium's decision to charge four people over allegedly receiving money and gifts from a Gulf state to influence decisions in the European Parliament is 'very worrisome,' European Union foreign policy chief Josep Borrell said on Monday.\n'Certainly the news is very, very worrisome,' he told reporters.\nBorrell said the investigation did not target anyone from the EU's diplomatic service."}, {'title': "Anti-Semitism Watchdog Names Kanye West ‘Antisemite of the Year'", 'published_date': '2022-12-12 17:36:57', 'summary': "An anti-Semitism watchdog has named disgraced rapper Kanye West the 'Antisemite of the Year.'\nStopAntisemitism announced its annual selection on Sunday.\n'Kanye West's threats of violence, hateful conduct and hate speech all led him to winning this year's title,' said the organization in a video announcing the pick. In an Oct. 8 tweet, West, who has been dropped by Adidas and others, threatened to go 'death con 3 on JEWISH PEOPLE.'\nIn a comment that was edited out of an interview with Fox News anchor Tucker Carlson, West said, 'I prefer my kids knew Hannukah from Kwanzaa."}, {'title': "Chairs Johnson and Beyer Congratulate NASA and Partners after Orion's Successful Return", 'published_date': '2022-12-12 17:36:17', 'summary': "Today, NASA's Orion spacecraft successfully splashed down in the Pacific Ocean near Guadalupe Island, off the coast of Mexico. This marks the culmination of the Artemis I mission. After Orion is recovered, NASA will continue to evaluate and inspect the spacecraft as they prepare for future missions.\n\n\n\n'Congratulations to NASA and its partners on this magnificent feat,' said Chairwoman Eddie Bernice Johnson (D-TX). 'From launch to splashdown and its ongoing recovery, the successful Artemis I mission marks a new era in space exploration."}], 'meme': 'https://redd.it/zk319n'}
[2022-12-12 17:37:19,394] {python.py:173} INFO - Done. Returned value was: {'joke': 'Java and C were telling jokes. It was C\'s turn, so he writes something on the wall, points to it and says "Do you get the reference?" But Java didn\'t.', 'quote': 'Most people achieved their greatest success one step beyond what looked like their greatest failure.', 'news': [{'title': "EU's Borrell: Belgium's European Parliament corruption probe is ‘very worrisome'", 'published_date': '2022-12-12 17:37:01', 'summary': "European Union Foreign Policy Chief Josep Borrell arrives to attend a EU-Israel Association Council in Brussels, Belgium October 3, 2022. REUTERS FILE PHOTO\nBRUSSELS — Belgium's decision to charge four people over allegedly receiving money and gifts from a Gulf state to influence decisions in the European Parliament is 'very worrisome,' European Union foreign policy chief Josep Borrell said on Monday.\n'Certainly the news is very, very worrisome,' he told reporters.\nBorrell said the investigation did not target anyone from the EU's diplomatic service."}, {'title': "Anti-Semitism Watchdog Names Kanye West ‘Antisemite of the Year'", 'published_date': '2022-12-12 17:36:57', 'summary': "An anti-Semitism watchdog has named disgraced rapper Kanye West the 'Antisemite of the Year.'\nStopAntisemitism announced its annual selection on Sunday.\n'Kanye West's threats of violence, hateful conduct and hate speech all led him to winning this year's title,' said the organization in a video announcing the pick. In an Oct. 8 tweet, West, who has been dropped by Adidas and others, threatened to go 'death con 3 on JEWISH PEOPLE.'\nIn a comment that was edited out of an interview with Fox News anchor Tucker Carlson, West said, 'I prefer my kids knew Hannukah from Kwanzaa."}, {'title': "Chairs Johnson and Beyer Congratulate NASA and Partners after Orion's Successful Return", 'published_date': '2022-12-12 17:36:17', 'summary': "Today, NASA's Orion spacecraft successfully splashed down in the Pacific Ocean near Guadalupe Island, off the coast of Mexico. This marks the culmination of the Artemis I mission. After Orion is recovered, NASA will continue to evaluate and inspect the spacecraft as they prepare for future missions.\n\n\n\n'Congratulations to NASA and its partners on this magnificent feat,' said Chairwoman Eddie Bernice Johnson (D-TX). 'From launch to splashdown and its ongoing recovery, the successful Artemis I mission marks a new era in space exploration."}], 'meme': 'https://redd.it/zk319n'}
[2022-12-12 17:37:19,413] {taskinstance.py:1400} INFO - Marking task as SUCCESS. dag_id=daily_paper, task_id=combine_articles_task, execution_date=20221212T173714, start_date=20221212T173719, end_date=20221212T173719
[2022-12-12 17:37:19,449] {local_task_job.py:156} INFO - Task exited with return code 0
[2022-12-12 17:37:19,473] {local_task_job.py:273} INFO - 1 downstream tasks scheduled from follow-on schedule check
