[2022-12-13 11:44:56,933] {taskinstance.py:1159} INFO - Dependencies all met for <TaskInstance: cereal_paper.create_pdf_task manual__2022-12-13T11:44:39.899976+00:00 [queued]>
[2022-12-13 11:44:56,942] {taskinstance.py:1159} INFO - Dependencies all met for <TaskInstance: cereal_paper.create_pdf_task manual__2022-12-13T11:44:39.899976+00:00 [queued]>
[2022-12-13 11:44:56,942] {taskinstance.py:1356} INFO - 
--------------------------------------------------------------------------------
[2022-12-13 11:44:56,943] {taskinstance.py:1357} INFO - Starting attempt 1 of 2
[2022-12-13 11:44:56,943] {taskinstance.py:1358} INFO - 
--------------------------------------------------------------------------------
[2022-12-13 11:44:56,952] {taskinstance.py:1377} INFO - Executing <Task(PythonOperator): create_pdf_task> on 2022-12-13 11:44:39.899976+00:00
[2022-12-13 11:44:56,957] {standard_task_runner.py:52} INFO - Started process 689 to run task
[2022-12-13 11:44:56,961] {standard_task_runner.py:79} INFO - Running: ['***', 'tasks', 'run', 'cereal_paper', 'create_pdf_task', 'manual__2022-12-13T11:44:39.899976+00:00', '--job-id', '207', '--raw', '--subdir', 'DAGS_FOLDER/cereal-paper.py', '--cfg-path', '/tmp/tmpji4xd6hb', '--error-file', '/tmp/tmpttmermuq']
[2022-12-13 11:44:56,966] {standard_task_runner.py:80} INFO - Job 207: Subtask create_pdf_task
[2022-12-13 11:44:57,041] {task_command.py:369} INFO - Running <TaskInstance: cereal_paper.create_pdf_task manual__2022-12-13T11:44:39.899976+00:00 [running]> on host 44822d5113ae
[2022-12-13 11:44:57,121] {taskinstance.py:1571} INFO - Exporting the following env vars:
AIRFLOW_CTX_DAG_EMAIL=cerealman@akashkhamkar.in
AIRFLOW_CTX_DAG_OWNER=akashk
AIRFLOW_CTX_DAG_ID=cereal_paper
AIRFLOW_CTX_TASK_ID=create_pdf_task
AIRFLOW_CTX_EXECUTION_DATE=2022-12-13T11:44:39.899976+00:00
AIRFLOW_CTX_TRY_NUMBER=1
AIRFLOW_CTX_DAG_RUN_ID=manual__2022-12-13T11:44:39.899976+00:00
[2022-12-13 11:44:57,442] {logging_mixin.py:115} WARNING - /home/***/.local/lib/python3.7/site-packages/fpdf/ttfonts.py:831 UserWarning: missing glyph 369
[2022-12-13 11:44:57,444] {logging_mixin.py:115} WARNING - /home/***/.local/lib/python3.7/site-packages/fpdf/ttfonts.py:710 UserWarning: missing glyph 369
[2022-12-13 11:44:57,463] {python.py:173} INFO - Done. Returned value was: ./temp/cereal_letter36e0e9b8-b268-4b19-a986-401b667a5834.pdf
[2022-12-13 11:44:57,502] {taskinstance.py:1400} INFO - Marking task as SUCCESS. dag_id=cereal_paper, task_id=create_pdf_task, execution_date=20221213T114439, start_date=20221213T114456, end_date=20221213T114457
[2022-12-13 11:44:57,542] {local_task_job.py:156} INFO - Task exited with return code 0
[2022-12-13 11:44:57,586] {local_task_job.py:273} INFO - 1 downstream tasks scheduled from follow-on schedule check
