[2022-12-13 11:33:08,870] {taskinstance.py:1159} INFO - Dependencies all met for <TaskInstance: cereal_paper.get_joke_task manual__2022-12-13T11:33:08.108064+00:00 [queued]>
[2022-12-13 11:33:08,899] {taskinstance.py:1159} INFO - Dependencies all met for <TaskInstance: cereal_paper.get_joke_task manual__2022-12-13T11:33:08.108064+00:00 [queued]>
[2022-12-13 11:33:08,900] {taskinstance.py:1356} INFO - 
--------------------------------------------------------------------------------
[2022-12-13 11:33:08,900] {taskinstance.py:1357} INFO - Starting attempt 1 of 2
[2022-12-13 11:33:08,900] {taskinstance.py:1358} INFO - 
--------------------------------------------------------------------------------
[2022-12-13 11:33:08,912] {taskinstance.py:1377} INFO - Executing <Task(PythonOperator): get_joke_task> on 2022-12-13 11:33:08.108064+00:00
[2022-12-13 11:33:08,919] {standard_task_runner.py:52} INFO - Started process 461 to run task
[2022-12-13 11:33:08,922] {standard_task_runner.py:79} INFO - Running: ['***', 'tasks', 'run', 'cereal_paper', 'get_joke_task', 'manual__2022-12-13T11:33:08.108064+00:00', '--job-id', '164', '--raw', '--subdir', 'DAGS_FOLDER/cereal-paper.py', '--cfg-path', '/tmp/tmp0w69z4un', '--error-file', '/tmp/tmpak3ksgoq']
[2022-12-13 11:33:08,924] {standard_task_runner.py:80} INFO - Job 164: Subtask get_joke_task
[2022-12-13 11:33:09,075] {task_command.py:369} INFO - Running <TaskInstance: cereal_paper.get_joke_task manual__2022-12-13T11:33:08.108064+00:00 [running]> on host 44822d5113ae
[2022-12-13 11:33:09,267] {taskinstance.py:1571} INFO - Exporting the following env vars:
AIRFLOW_CTX_DAG_EMAIL=cerealman@akashkhamkar.in
AIRFLOW_CTX_DAG_OWNER=akashk
AIRFLOW_CTX_DAG_ID=cereal_paper
AIRFLOW_CTX_TASK_ID=get_joke_task
AIRFLOW_CTX_EXECUTION_DATE=2022-12-13T11:33:08.108064+00:00
AIRFLOW_CTX_TRY_NUMBER=1
AIRFLOW_CTX_DAG_RUN_ID=manual__2022-12-13T11:33:08.108064+00:00
[2022-12-13 11:33:10,201] {logging_mixin.py:115} INFO - {'error': False, 'category': 'Misc', 'type': 'single', 'joke': "Two reasons I don't give money to homeless people.\n1) They are going to spend it all on drugs and alcohol\n2) I am going to spend it all on drugs and alcohol.", 'flags': {'nsfw': False, 'religious': False, 'political': False, 'racist': False, 'sexist': False, 'explicit': False}, 'id': 72, 'safe': False, 'lang': 'en'}
[2022-12-13 11:33:10,203] {python.py:173} INFO - Done. Returned value was: Two reasons I don't give money to homeless people.
1) They are going to spend it all on drugs and alcohol
2) I am going to spend it all on drugs and alcohol.
[2022-12-13 11:33:10,297] {taskinstance.py:1400} INFO - Marking task as SUCCESS. dag_id=cereal_paper, task_id=get_joke_task, execution_date=20221213T113308, start_date=20221213T113308, end_date=20221213T113310
[2022-12-13 11:33:10,325] {local_task_job.py:156} INFO - Task exited with return code 0
[2022-12-13 11:33:10,402] {local_task_job.py:273} INFO - 0 downstream tasks scheduled from follow-on schedule check
