[2022-12-13 11:33:08,984] {taskinstance.py:1159} INFO - Dependencies all met for <TaskInstance: cereal_paper.get_songs_from_db_task manual__2022-12-13T11:33:08.108064+00:00 [queued]>
[2022-12-13 11:33:08,995] {taskinstance.py:1159} INFO - Dependencies all met for <TaskInstance: cereal_paper.get_songs_from_db_task manual__2022-12-13T11:33:08.108064+00:00 [queued]>
[2022-12-13 11:33:08,998] {taskinstance.py:1356} INFO - 
--------------------------------------------------------------------------------
[2022-12-13 11:33:08,999] {taskinstance.py:1357} INFO - Starting attempt 1 of 2
[2022-12-13 11:33:08,999] {taskinstance.py:1358} INFO - 
--------------------------------------------------------------------------------
[2022-12-13 11:33:09,017] {taskinstance.py:1377} INFO - Executing <Task(PythonOperator): get_songs_from_db_task> on 2022-12-13 11:33:08.108064+00:00
[2022-12-13 11:33:09,023] {standard_task_runner.py:52} INFO - Started process 464 to run task
[2022-12-13 11:33:09,031] {standard_task_runner.py:79} INFO - Running: ['***', 'tasks', 'run', 'cereal_paper', 'get_songs_from_db_task', 'manual__2022-12-13T11:33:08.108064+00:00', '--job-id', '168', '--raw', '--subdir', 'DAGS_FOLDER/cereal-paper.py', '--cfg-path', '/tmp/tmptyj9uy_a', '--error-file', '/tmp/tmpfg0hd19e']
[2022-12-13 11:33:09,033] {standard_task_runner.py:80} INFO - Job 168: Subtask get_songs_from_db_task
[2022-12-13 11:33:09,183] {task_command.py:369} INFO - Running <TaskInstance: cereal_paper.get_songs_from_db_task manual__2022-12-13T11:33:08.108064+00:00 [running]> on host 44822d5113ae
[2022-12-13 11:33:09,371] {taskinstance.py:1571} INFO - Exporting the following env vars:
AIRFLOW_CTX_DAG_EMAIL=cerealman@akashkhamkar.in
AIRFLOW_CTX_DAG_OWNER=akashk
AIRFLOW_CTX_DAG_ID=cereal_paper
AIRFLOW_CTX_TASK_ID=get_songs_from_db_task
AIRFLOW_CTX_EXECUTION_DATE=2022-12-13T11:33:08.108064+00:00
AIRFLOW_CTX_TRY_NUMBER=1
AIRFLOW_CTX_DAG_RUN_ID=manual__2022-12-13T11:33:08.108064+00:00
[2022-12-13 11:33:09,378] {base.py:68} INFO - Using connection ID 'my_postgres_default' for task execution.
[2022-12-13 11:33:09,391] {python.py:173} INFO - Done. Returned value was: [("Let 'Em Cry", 'Unlimited Love', 'Red Hot Chili Peppers'), ('Tribute', 'Tenacious D', 'Tenacious D'), ('Victoria - EP Version', 'Inside Wants Out', 'John Mayer')]
[2022-12-13 11:33:09,434] {taskinstance.py:1400} INFO - Marking task as SUCCESS. dag_id=cereal_paper, task_id=get_songs_from_db_task, execution_date=20221213T113308, start_date=20221213T113308, end_date=20221213T113309
[2022-12-13 11:33:09,485] {local_task_job.py:156} INFO - Task exited with return code 0
[2022-12-13 11:33:09,539] {local_task_job.py:273} INFO - 0 downstream tasks scheduled from follow-on schedule check
