[2022-12-13 11:33:21,643] {taskinstance.py:1159} INFO - Dependencies all met for <TaskInstance: cereal_paper.save_to_db_task manual__2022-12-13T11:33:08.108064+00:00 [queued]>
[2022-12-13 11:33:21,653] {taskinstance.py:1159} INFO - Dependencies all met for <TaskInstance: cereal_paper.save_to_db_task manual__2022-12-13T11:33:08.108064+00:00 [queued]>
[2022-12-13 11:33:21,653] {taskinstance.py:1356} INFO - 
--------------------------------------------------------------------------------
[2022-12-13 11:33:21,653] {taskinstance.py:1357} INFO - Starting attempt 1 of 2
[2022-12-13 11:33:21,654] {taskinstance.py:1358} INFO - 
--------------------------------------------------------------------------------
[2022-12-13 11:33:21,665] {taskinstance.py:1377} INFO - Executing <Task(PythonOperator): save_to_db_task> on 2022-12-13 11:33:08.108064+00:00
[2022-12-13 11:33:21,669] {standard_task_runner.py:52} INFO - Started process 475 to run task
[2022-12-13 11:33:21,674] {standard_task_runner.py:79} INFO - Running: ['***', 'tasks', 'run', 'cereal_paper', 'save_to_db_task', 'manual__2022-12-13T11:33:08.108064+00:00', '--job-id', '171', '--raw', '--subdir', 'DAGS_FOLDER/cereal-paper.py', '--cfg-path', '/tmp/tmpaosg73i5', '--error-file', '/tmp/tmprepi6o2a']
[2022-12-13 11:33:21,675] {standard_task_runner.py:80} INFO - Job 171: Subtask save_to_db_task
[2022-12-13 11:33:21,743] {task_command.py:369} INFO - Running <TaskInstance: cereal_paper.save_to_db_task manual__2022-12-13T11:33:08.108064+00:00 [running]> on host 44822d5113ae
[2022-12-13 11:33:21,822] {taskinstance.py:1571} INFO - Exporting the following env vars:
AIRFLOW_CTX_DAG_EMAIL=cerealman@akashkhamkar.in
AIRFLOW_CTX_DAG_OWNER=akashk
AIRFLOW_CTX_DAG_ID=cereal_paper
AIRFLOW_CTX_TASK_ID=save_to_db_task
AIRFLOW_CTX_EXECUTION_DATE=2022-12-13T11:33:08.108064+00:00
AIRFLOW_CTX_TRY_NUMBER=1
AIRFLOW_CTX_DAG_RUN_ID=manual__2022-12-13T11:33:08.108064+00:00
[2022-12-13 11:33:21,851] {python.py:173} INFO - Done. Returned value was: None
[2022-12-13 11:33:21,970] {taskinstance.py:1400} INFO - Marking task as SUCCESS. dag_id=cereal_paper, task_id=save_to_db_task, execution_date=20221213T113308, start_date=20221213T113321, end_date=20221213T113321
[2022-12-13 11:33:22,004] {local_task_job.py:156} INFO - Task exited with return code 0
[2022-12-13 11:33:22,047] {local_task_job.py:273} INFO - 0 downstream tasks scheduled from follow-on schedule check
