[2022-12-13 09:52:49,796] {taskinstance.py:1159} INFO - Dependencies all met for <TaskInstance: cereal_paper.get_news_task manual__2022-12-13T09:52:48.637449+00:00 [queued]>
[2022-12-13 09:52:49,808] {taskinstance.py:1159} INFO - Dependencies all met for <TaskInstance: cereal_paper.get_news_task manual__2022-12-13T09:52:48.637449+00:00 [queued]>
[2022-12-13 09:52:49,808] {taskinstance.py:1356} INFO - 
--------------------------------------------------------------------------------
[2022-12-13 09:52:49,809] {taskinstance.py:1357} INFO - Starting attempt 1 of 2
[2022-12-13 09:52:49,809] {taskinstance.py:1358} INFO - 
--------------------------------------------------------------------------------
[2022-12-13 09:52:49,820] {taskinstance.py:1377} INFO - Executing <Task(PythonOperator): get_news_task> on 2022-12-13 09:52:48.637449+00:00
[2022-12-13 09:52:49,824] {standard_task_runner.py:52} INFO - Started process 370 to run task
[2022-12-13 09:52:49,829] {standard_task_runner.py:79} INFO - Running: ['***', 'tasks', 'run', 'cereal_paper', 'get_news_task', 'manual__2022-12-13T09:52:48.637449+00:00', '--job-id', '86', '--raw', '--subdir', 'DAGS_FOLDER/cereal-paper.py', '--cfg-path', '/tmp/tmplilkvjv6', '--error-file', '/tmp/tmpl8hrs01y']
[2022-12-13 09:52:49,831] {standard_task_runner.py:80} INFO - Job 86: Subtask get_news_task
[2022-12-13 09:52:49,993] {task_command.py:369} INFO - Running <TaskInstance: cereal_paper.get_news_task manual__2022-12-13T09:52:48.637449+00:00 [running]> on host 2c020bbaa31c
[2022-12-13 09:52:50,181] {taskinstance.py:1571} INFO - Exporting the following env vars:
AIRFLOW_CTX_DAG_EMAIL=akash.khamkar40@gmail.com
AIRFLOW_CTX_DAG_OWNER=akashk
AIRFLOW_CTX_DAG_ID=cereal_paper
AIRFLOW_CTX_TASK_ID=get_news_task
AIRFLOW_CTX_EXECUTION_DATE=2022-12-13T09:52:48.637449+00:00
AIRFLOW_CTX_TRY_NUMBER=1
AIRFLOW_CTX_DAG_RUN_ID=manual__2022-12-13T09:52:48.637449+00:00
[2022-12-13 09:52:51,459] {python.py:173} INFO - Done. Returned value was: [{'title': 'Mideast Stocks: Most Gulf markets decline ahead of Fed meet; Saudi bourse rebounds', 'published_date': '2022-12-13 09:37:02', 'summary': "Dubai's main share index fell 0.4%, hit by a 1.5% fall in the top lender Emirates NBD Bank and a 1.3% decrease in utility firm Dubai Electricity and Water Authority"}, {'title': 'FTX CEO SBF arrested by Bahamian police – Is Bitcoin and the crypto market safe now?', 'published_date': '2022-12-13 09:36:41', 'summary': 'The Bahamian Office of the Attorney General indicated that investigations into the collapse of FTX would continue alongside the prosecution of SBF in the United States. The Bitcoin market lost its $19k support following the FTX and Alameda collapse. A month after filing for Chapter 11 bankruptcy protection in the United States, former FTX CEO [...] Der Beitrag FTX CEO SBF arrested by Bahamian police – Is Bitcoin and the crypto market safe now? erschien zuerst auf Crypto News Flash.'}, {'title': 'Nomura Opens Dubai Office, Expands Wealth Management in Middle East', 'published_date': '2022-12-13 09:35:51', 'summary': '<p> Nomura, the global financial services group, has announced its plan to open a new branch at the Dubai International Financial Centre (DIFC). The move to Dubai will allow the expansion of Nomura\'s International Wealth Management current services in the region of the Middle East.</p><p class="MsoNormal">The new, wholly-owned subsidiary of Nomura Singapore Limited has already received permission from the Monetary Authority of Singapore (MAS) and Dubai Financial Services Authority (DFSA) to start its Middle East office and serve as a wealth management company.</p><p class="MsoNormal">By entering this market, Nomura wants to gain easier access to the wealthiest consumers in China, the Middle East and Southeast Asia. They are currently served by the company\'s bankers situated in <a href="https://www.financemagnates.com/tag/singapore/" target="_blank" rel="follow">Singapore </a>and Hong Kong, and Dubai is expected to streamline processes and increase the potential of attracting new clients.</p><p class="MsoNormal">"Dubai has long established its importance in the Middle East, Indian subcontinent and Africa for entrepreneurs and families as a base to grow their international presence from. We welcome the chance to be a part of this exciting growth opportunity to offer our International Wealth Management and one-bank solutions to clients via our robust Singapore platform," Ravi Raju, the Head of International Wealth Management at <a href="https://www.financemagnates.com/tag/nomura" target="_blank" rel="follow">Nomura</a>, said.</p><p class="MsoNormal">Over the past two years, International Wealth Management has added 1,000 clients and more than $5.5 billion in new funds. According to Nomura, the statistics will improve significantly with the establishment of a subsidiary in <a href="https://www.financemagnates.com/tag/difc/" target="_blank" rel="follow">DIFC</a>.</p><p class="MsoNormal">Ravi Raju Builds Nomura\'s Global Wealth Management Business</p><p class="MsoNormal">Although Nomura is currently outside the list of Asia\'s top 20 private banks, it rapidly increases the number of wealth advisers, the range of products and the number of markets. All thanks to the work of a Singapore-based veteran of the sector, Ravi Raju, who joined the company in 2020. The move came after Nomura integrated its ex-Japan wealth management unit into a wholesale division and rebranded it to International Wealth Management. </p><p class="MsoNormal">In an interview with Reuters, Raju said the Dubai unit would aim to start its business with 5-10 relationship managers within the first year of operation. Earlier, Raju sourced more than 50 relationship managers for branches in Singapore and Hong Kong, hiring experts from BNP Paribas and Deutsche Bank. </p><p class="MsoNormal">Nomura\'s goal is to increase the range of assets it holds to $25-35 billion by March 2025. Clients from Asia and the <a href="https://www.financemagnates.com/tag/middle-east/" target="_blank" rel="follow">Middle East</a> are expected to help achieve this goal.</p> This article was written by Damian Chmiel at www.financemagnates.com.'}]
[2022-12-13 09:52:51,500] {taskinstance.py:1400} INFO - Marking task as SUCCESS. dag_id=cereal_paper, task_id=get_news_task, execution_date=20221213T095248, start_date=20221213T095249, end_date=20221213T095251
[2022-12-13 09:52:51,553] {local_task_job.py:156} INFO - Task exited with return code 0
[2022-12-13 09:52:51,600] {local_task_job.py:273} INFO - 1 downstream tasks scheduled from follow-on schedule check
