[2022-12-13 09:52:49,910] {taskinstance.py:1159} INFO - Dependencies all met for <TaskInstance: cereal_paper.get_joke_task manual__2022-12-13T09:52:48.637449+00:00 [queued]>
[2022-12-13 09:52:49,932] {taskinstance.py:1159} INFO - Dependencies all met for <TaskInstance: cereal_paper.get_joke_task manual__2022-12-13T09:52:48.637449+00:00 [queued]>
[2022-12-13 09:52:49,934] {taskinstance.py:1356} INFO - 
--------------------------------------------------------------------------------
[2022-12-13 09:52:49,935] {taskinstance.py:1357} INFO - Starting attempt 1 of 2
[2022-12-13 09:52:49,941] {taskinstance.py:1358} INFO - 
--------------------------------------------------------------------------------
[2022-12-13 09:52:49,969] {taskinstance.py:1377} INFO - Executing <Task(PythonOperator): get_joke_task> on 2022-12-13 09:52:48.637449+00:00
[2022-12-13 09:52:49,976] {standard_task_runner.py:52} INFO - Started process 373 to run task
[2022-12-13 09:52:49,984] {standard_task_runner.py:79} INFO - Running: ['***', 'tasks', 'run', 'cereal_paper', 'get_joke_task', 'manual__2022-12-13T09:52:48.637449+00:00', '--job-id', '90', '--raw', '--subdir', 'DAGS_FOLDER/cereal-paper.py', '--cfg-path', '/tmp/tmptfeukjch', '--error-file', '/tmp/tmpcc94lt1m']
[2022-12-13 09:52:49,986] {standard_task_runner.py:80} INFO - Job 90: Subtask get_joke_task
[2022-12-13 09:52:50,174] {task_command.py:369} INFO - Running <TaskInstance: cereal_paper.get_joke_task manual__2022-12-13T09:52:48.637449+00:00 [running]> on host 2c020bbaa31c
[2022-12-13 09:52:50,278] {taskinstance.py:1571} INFO - Exporting the following env vars:
AIRFLOW_CTX_DAG_EMAIL=akash.khamkar40@gmail.com
AIRFLOW_CTX_DAG_OWNER=akashk
AIRFLOW_CTX_DAG_ID=cereal_paper
AIRFLOW_CTX_TASK_ID=get_joke_task
AIRFLOW_CTX_EXECUTION_DATE=2022-12-13T09:52:48.637449+00:00
AIRFLOW_CTX_TRY_NUMBER=1
AIRFLOW_CTX_DAG_RUN_ID=manual__2022-12-13T09:52:48.637449+00:00
[2022-12-13 09:52:51,095] {logging_mixin.py:115} INFO - {'error': False, 'category': 'Pun', 'type': 'single', 'joke': "I'm reading a book about anti-gravity. It's impossible to put down!", 'flags': {'nsfw': False, 'religious': False, 'political': False, 'racist': False, 'sexist': False, 'explicit': False}, 'id': 126, 'safe': True, 'lang': 'en'}
[2022-12-13 09:52:51,096] {python.py:173} INFO - Done. Returned value was: I'm reading a book about anti-gravity. It's impossible to put down!
[2022-12-13 09:52:51,146] {taskinstance.py:1400} INFO - Marking task as SUCCESS. dag_id=cereal_paper, task_id=get_joke_task, execution_date=20221213T095248, start_date=20221213T095249, end_date=20221213T095251
[2022-12-13 09:52:51,183] {local_task_job.py:156} INFO - Task exited with return code 0
[2022-12-13 09:52:51,232] {local_task_job.py:273} INFO - 0 downstream tasks scheduled from follow-on schedule check
