[2022-12-12 16:57:22,342] {taskinstance.py:1159} INFO - Dependencies all met for <TaskInstance: daily_paper.get_joke_task manual__2022-12-12T16:57:21.867274+00:00 [queued]>
[2022-12-12 16:57:22,349] {taskinstance.py:1159} INFO - Dependencies all met for <TaskInstance: daily_paper.get_joke_task manual__2022-12-12T16:57:21.867274+00:00 [queued]>
[2022-12-12 16:57:22,350] {taskinstance.py:1356} INFO - 
--------------------------------------------------------------------------------
[2022-12-12 16:57:22,350] {taskinstance.py:1357} INFO - Starting attempt 1 of 2
[2022-12-12 16:57:22,351] {taskinstance.py:1358} INFO - 
--------------------------------------------------------------------------------
[2022-12-12 16:57:22,361] {taskinstance.py:1377} INFO - Executing <Task(PythonOperator): get_joke_task> on 2022-12-12 16:57:21.867274+00:00
[2022-12-12 16:57:22,366] {standard_task_runner.py:52} INFO - Started process 453 to run task
[2022-12-12 16:57:22,381] {standard_task_runner.py:79} INFO - Running: ['***', 'tasks', 'run', 'daily_paper', 'get_joke_task', 'manual__2022-12-12T16:57:21.867274+00:00', '--job-id', '194', '--raw', '--subdir', 'DAGS_FOLDER/morning-paper.py', '--cfg-path', '/tmp/tmpxisasbi5', '--error-file', '/tmp/tmp9_paooxs']
[2022-12-12 16:57:22,385] {standard_task_runner.py:80} INFO - Job 194: Subtask get_joke_task
[2022-12-12 16:57:22,489] {task_command.py:369} INFO - Running <TaskInstance: daily_paper.get_joke_task manual__2022-12-12T16:57:21.867274+00:00 [running]> on host 6bb81baa0a52
[2022-12-12 16:57:22,563] {taskinstance.py:1571} INFO - Exporting the following env vars:
AIRFLOW_CTX_DAG_EMAIL=akash.khamkar40@gmail.com
AIRFLOW_CTX_DAG_OWNER=akashk
AIRFLOW_CTX_DAG_ID=daily_paper
AIRFLOW_CTX_TASK_ID=get_joke_task
AIRFLOW_CTX_EXECUTION_DATE=2022-12-12T16:57:21.867274+00:00
AIRFLOW_CTX_TRY_NUMBER=1
AIRFLOW_CTX_DAG_RUN_ID=manual__2022-12-12T16:57:21.867274+00:00
[2022-12-12 16:57:23,851] {logging_mixin.py:115} INFO - {'error': False, 'category': 'Pun', 'type': 'single', 'joke': 'To whoever stole my copy of Microsoft Office, I will find you. You have my Word!', 'flags': {'nsfw': False, 'religious': False, 'political': False, 'racist': False, 'sexist': False, 'explicit': False}, 'id': 191, 'safe': True, 'lang': 'en'}
[2022-12-12 16:57:23,852] {python.py:173} INFO - Done. Returned value was: To whoever stole my copy of Microsoft Office, I will find you. You have my Word!
[2022-12-12 16:57:23,888] {taskinstance.py:1400} INFO - Marking task as SUCCESS. dag_id=daily_paper, task_id=get_joke_task, execution_date=20221212T165721, start_date=20221212T165722, end_date=20221212T165723
[2022-12-12 16:57:23,943] {local_task_job.py:156} INFO - Task exited with return code 0
[2022-12-12 16:57:23,971] {local_task_job.py:273} INFO - 1 downstream tasks scheduled from follow-on schedule check
