[2022-12-12 16:56:07,200] {taskinstance.py:1159} INFO - Dependencies all met for <TaskInstance: daily_paper.get_joke_task manual__2022-12-12T16:56:06.714942+00:00 [queued]>
[2022-12-12 16:56:07,207] {taskinstance.py:1159} INFO - Dependencies all met for <TaskInstance: daily_paper.get_joke_task manual__2022-12-12T16:56:06.714942+00:00 [queued]>
[2022-12-12 16:56:07,207] {taskinstance.py:1356} INFO - 
--------------------------------------------------------------------------------
[2022-12-12 16:56:07,208] {taskinstance.py:1357} INFO - Starting attempt 1 of 2
[2022-12-12 16:56:07,208] {taskinstance.py:1358} INFO - 
--------------------------------------------------------------------------------
[2022-12-12 16:56:07,217] {taskinstance.py:1377} INFO - Executing <Task(PythonOperator): get_joke_task> on 2022-12-12 16:56:06.714942+00:00
[2022-12-12 16:56:07,221] {standard_task_runner.py:52} INFO - Started process 431 to run task
[2022-12-12 16:56:07,228] {standard_task_runner.py:79} INFO - Running: ['***', 'tasks', 'run', 'daily_paper', 'get_joke_task', 'manual__2022-12-12T16:56:06.714942+00:00', '--job-id', '189', '--raw', '--subdir', 'DAGS_FOLDER/morning-paper.py', '--cfg-path', '/tmp/tmpapdx4e3z', '--error-file', '/tmp/tmptknmf2p9']
[2022-12-12 16:56:07,230] {standard_task_runner.py:80} INFO - Job 189: Subtask get_joke_task
[2022-12-12 16:56:07,306] {task_command.py:369} INFO - Running <TaskInstance: daily_paper.get_joke_task manual__2022-12-12T16:56:06.714942+00:00 [running]> on host 6bb81baa0a52
[2022-12-12 16:56:07,401] {taskinstance.py:1571} INFO - Exporting the following env vars:
AIRFLOW_CTX_DAG_EMAIL=akash.khamkar40@gmail.com
AIRFLOW_CTX_DAG_OWNER=akashk
AIRFLOW_CTX_DAG_ID=daily_paper
AIRFLOW_CTX_TASK_ID=get_joke_task
AIRFLOW_CTX_EXECUTION_DATE=2022-12-12T16:56:06.714942+00:00
AIRFLOW_CTX_TRY_NUMBER=1
AIRFLOW_CTX_DAG_RUN_ID=manual__2022-12-12T16:56:06.714942+00:00
[2022-12-12 16:56:08,532] {logging_mixin.py:115} INFO - {'error': False, 'category': 'Programming', 'type': 'single', 'joke': 'The generation of random numbers is too important to be left to chance.', 'flags': {'nsfw': False, 'religious': False, 'political': False, 'racist': False, 'sexist': False, 'explicit': False}, 'id': 39, 'safe': True, 'lang': 'en'}
[2022-12-12 16:56:08,532] {python.py:173} INFO - Done. Returned value was: The generation of random numbers is too important to be left to chance.
[2022-12-12 16:56:08,555] {taskinstance.py:1400} INFO - Marking task as SUCCESS. dag_id=daily_paper, task_id=get_joke_task, execution_date=20221212T165606, start_date=20221212T165607, end_date=20221212T165608
[2022-12-12 16:56:08,589] {local_task_job.py:156} INFO - Task exited with return code 0
[2022-12-12 16:56:08,616] {local_task_job.py:273} INFO - 1 downstream tasks scheduled from follow-on schedule check
