[2022-12-12 13:19:07,429] {taskinstance.py:1159} INFO - Dependencies all met for <TaskInstance: daily_Paper.get_song_task manual__2022-12-12T13:19:06.493404+00:00 [queued]>
[2022-12-12 13:19:07,438] {taskinstance.py:1159} INFO - Dependencies all met for <TaskInstance: daily_Paper.get_song_task manual__2022-12-12T13:19:06.493404+00:00 [queued]>
[2022-12-12 13:19:07,439] {taskinstance.py:1356} INFO - 
--------------------------------------------------------------------------------
[2022-12-12 13:19:07,439] {taskinstance.py:1357} INFO - Starting attempt 1 of 2
[2022-12-12 13:19:07,440] {taskinstance.py:1358} INFO - 
--------------------------------------------------------------------------------
[2022-12-12 13:19:07,449] {taskinstance.py:1377} INFO - Executing <Task(PythonOperator): get_song_task> on 2022-12-12 13:19:06.493404+00:00
[2022-12-12 13:19:07,454] {standard_task_runner.py:52} INFO - Started process 1207 to run task
[2022-12-12 13:19:07,468] {standard_task_runner.py:79} INFO - Running: ['***', 'tasks', 'run', 'daily_Paper', 'get_song_task', 'manual__2022-12-12T13:19:06.493404+00:00', '--job-id', '71', '--raw', '--subdir', 'DAGS_FOLDER/morning-paper.py', '--cfg-path', '/tmp/tmp2ggz68jk', '--error-file', '/tmp/tmpbx2dm9jm']
[2022-12-12 13:19:07,476] {standard_task_runner.py:80} INFO - Job 71: Subtask get_song_task
[2022-12-12 13:19:07,568] {task_command.py:369} INFO - Running <TaskInstance: daily_Paper.get_song_task manual__2022-12-12T13:19:06.493404+00:00 [running]> on host cbcd6542cb8e
[2022-12-12 13:19:07,624] {taskinstance.py:1571} INFO - Exporting the following env vars:
AIRFLOW_CTX_DAG_EMAIL=akash.khamkar40@gmail.com
AIRFLOW_CTX_DAG_OWNER=akashk
AIRFLOW_CTX_DAG_ID=daily_Paper
AIRFLOW_CTX_TASK_ID=get_song_task
AIRFLOW_CTX_EXECUTION_DATE=2022-12-12T13:19:06.493404+00:00
AIRFLOW_CTX_TRY_NUMBER=1
AIRFLOW_CTX_DAG_RUN_ID=manual__2022-12-12T13:19:06.493404+00:00
[2022-12-12 13:19:07,625] {logging_mixin.py:115} INFO - https://api.genius.com/songs/447149?access_token=aKtb2wbRd1TFLuMoxaekQ1x6yPCu8B9971-rSOvLlnI79U_Ie-RbLsHkLIlphNyu
[2022-12-12 13:19:07,894] {python.py:173} INFO - Done. Returned value was: Music api failed with response code 503 .
[2022-12-12 13:19:07,938] {taskinstance.py:1400} INFO - Marking task as SUCCESS. dag_id=daily_Paper, task_id=get_song_task, execution_date=20221212T131906, start_date=20221212T131907, end_date=20221212T131907
[2022-12-12 13:19:07,965] {local_task_job.py:156} INFO - Task exited with return code 0
[2022-12-12 13:19:08,011] {local_task_job.py:273} INFO - 0 downstream tasks scheduled from follow-on schedule check
