[2022-12-13 08:00:03,438] {taskinstance.py:1159} INFO - Dependencies all met for <TaskInstance: cereal_paper.get_joke_task manual__2022-12-13T08:00:02.727411+00:00 [queued]>
[2022-12-13 08:00:03,448] {taskinstance.py:1159} INFO - Dependencies all met for <TaskInstance: cereal_paper.get_joke_task manual__2022-12-13T08:00:02.727411+00:00 [queued]>
[2022-12-13 08:00:03,449] {taskinstance.py:1356} INFO - 
--------------------------------------------------------------------------------
[2022-12-13 08:00:03,449] {taskinstance.py:1357} INFO - Starting attempt 1 of 2
[2022-12-13 08:00:03,450] {taskinstance.py:1358} INFO - 
--------------------------------------------------------------------------------
[2022-12-13 08:00:03,471] {taskinstance.py:1377} INFO - Executing <Task(PythonOperator): get_joke_task> on 2022-12-13 08:00:02.727411+00:00
[2022-12-13 08:00:03,476] {standard_task_runner.py:52} INFO - Started process 462 to run task
[2022-12-13 08:00:03,486] {standard_task_runner.py:79} INFO - Running: ['***', 'tasks', 'run', 'cereal_paper', 'get_joke_task', 'manual__2022-12-13T08:00:02.727411+00:00', '--job-id', '64', '--raw', '--subdir', 'DAGS_FOLDER/cereal-paper.py', '--cfg-path', '/tmp/tmp8unmgn5n', '--error-file', '/tmp/tmpog4nql1h']
[2022-12-13 08:00:03,488] {standard_task_runner.py:80} INFO - Job 64: Subtask get_joke_task
[2022-12-13 08:00:03,656] {task_command.py:369} INFO - Running <TaskInstance: cereal_paper.get_joke_task manual__2022-12-13T08:00:02.727411+00:00 [running]> on host 5029e27bd97f
[2022-12-13 08:00:03,836] {taskinstance.py:1571} INFO - Exporting the following env vars:
AIRFLOW_CTX_DAG_EMAIL=akash.khamkar40@gmail.com
AIRFLOW_CTX_DAG_OWNER=akashk
AIRFLOW_CTX_DAG_ID=cereal_paper
AIRFLOW_CTX_TASK_ID=get_joke_task
AIRFLOW_CTX_EXECUTION_DATE=2022-12-13T08:00:02.727411+00:00
AIRFLOW_CTX_TRY_NUMBER=1
AIRFLOW_CTX_DAG_RUN_ID=manual__2022-12-13T08:00:02.727411+00:00
[2022-12-13 08:00:04,605] {logging_mixin.py:115} INFO - {'error': False, 'category': 'Pun', 'type': 'single', 'joke': 'Oysters hate to give away their pearls because they are shellfish.', 'flags': {'nsfw': False, 'religious': False, 'political': False, 'racist': False, 'sexist': False, 'explicit': False}, 'id': 90, 'safe': True, 'lang': 'en'}
[2022-12-13 08:00:04,606] {python.py:173} INFO - Done. Returned value was: Oysters hate to give away their pearls because they are shellfish.
[2022-12-13 08:00:04,644] {taskinstance.py:1400} INFO - Marking task as SUCCESS. dag_id=cereal_paper, task_id=get_joke_task, execution_date=20221213T080002, start_date=20221213T080003, end_date=20221213T080004
[2022-12-13 08:00:04,667] {local_task_job.py:156} INFO - Task exited with return code 0
[2022-12-13 08:00:04,715] {local_task_job.py:273} INFO - 0 downstream tasks scheduled from follow-on schedule check
