[2022-12-12 14:11:07,440] {taskinstance.py:1159} INFO - Dependencies all met for <TaskInstance: daily_Paper.get_joke_task manual__2022-12-12T14:11:06.930420+00:00 [queued]>
[2022-12-12 14:11:07,448] {taskinstance.py:1159} INFO - Dependencies all met for <TaskInstance: daily_Paper.get_joke_task manual__2022-12-12T14:11:06.930420+00:00 [queued]>
[2022-12-12 14:11:07,449] {taskinstance.py:1356} INFO - 
--------------------------------------------------------------------------------
[2022-12-12 14:11:07,449] {taskinstance.py:1357} INFO - Starting attempt 1 of 2
[2022-12-12 14:11:07,450] {taskinstance.py:1358} INFO - 
--------------------------------------------------------------------------------
[2022-12-12 14:11:07,460] {taskinstance.py:1377} INFO - Executing <Task(PythonOperator): get_joke_task> on 2022-12-12 14:11:06.930420+00:00
[2022-12-12 14:11:07,466] {standard_task_runner.py:52} INFO - Started process 1610 to run task
[2022-12-12 14:11:07,476] {standard_task_runner.py:79} INFO - Running: ['***', 'tasks', 'run', 'daily_Paper', 'get_joke_task', 'manual__2022-12-12T14:11:06.930420+00:00', '--job-id', '95', '--raw', '--subdir', 'DAGS_FOLDER/morning-paper.py', '--cfg-path', '/tmp/tmpqcksab23', '--error-file', '/tmp/tmp_c_cmz_6']
[2022-12-12 14:11:07,478] {standard_task_runner.py:80} INFO - Job 95: Subtask get_joke_task
[2022-12-12 14:11:07,561] {task_command.py:369} INFO - Running <TaskInstance: daily_Paper.get_joke_task manual__2022-12-12T14:11:06.930420+00:00 [running]> on host cbcd6542cb8e
[2022-12-12 14:11:07,652] {taskinstance.py:1571} INFO - Exporting the following env vars:
AIRFLOW_CTX_DAG_EMAIL=akash.khamkar40@gmail.com
AIRFLOW_CTX_DAG_OWNER=akashk
AIRFLOW_CTX_DAG_ID=daily_Paper
AIRFLOW_CTX_TASK_ID=get_joke_task
AIRFLOW_CTX_EXECUTION_DATE=2022-12-12T14:11:06.930420+00:00
AIRFLOW_CTX_TRY_NUMBER=1
AIRFLOW_CTX_DAG_RUN_ID=manual__2022-12-12T14:11:06.930420+00:00
[2022-12-12 14:11:08,523] {logging_mixin.py:115} INFO - {'error': False, 'category': 'Programming', 'type': 'single', 'joke': 'UDP is better in the COVID era since it avoids unnecessary handshakes.', 'flags': {'nsfw': False, 'religious': False, 'political': False, 'racist': False, 'sexist': False, 'explicit': False}, 'id': 259, 'safe': True, 'lang': 'en'}
[2022-12-12 14:11:08,524] {python.py:173} INFO - Done. Returned value was: UDP is better in the COVID era since it avoids unnecessary handshakes.
[2022-12-12 14:11:08,547] {taskinstance.py:1400} INFO - Marking task as SUCCESS. dag_id=daily_Paper, task_id=get_joke_task, execution_date=20221212T141106, start_date=20221212T141107, end_date=20221212T141108
[2022-12-12 14:11:08,600] {local_task_job.py:156} INFO - Task exited with return code 0
[2022-12-12 14:11:08,627] {local_task_job.py:273} INFO - 0 downstream tasks scheduled from follow-on schedule check
