[2022-12-13 10:50:53,236] {taskinstance.py:1159} INFO - Dependencies all met for <TaskInstance: cereal_paper.get_songs_from_db_task manual__2022-12-13T10:50:51.721654+00:00 [queued]>
[2022-12-13 10:50:53,243] {taskinstance.py:1159} INFO - Dependencies all met for <TaskInstance: cereal_paper.get_songs_from_db_task manual__2022-12-13T10:50:51.721654+00:00 [queued]>
[2022-12-13 10:50:53,244] {taskinstance.py:1356} INFO - 
--------------------------------------------------------------------------------
[2022-12-13 10:50:53,244] {taskinstance.py:1357} INFO - Starting attempt 1 of 2
[2022-12-13 10:50:53,244] {taskinstance.py:1358} INFO - 
--------------------------------------------------------------------------------
[2022-12-13 10:50:53,255] {taskinstance.py:1377} INFO - Executing <Task(PythonOperator): get_songs_from_db_task> on 2022-12-13 10:50:51.721654+00:00
[2022-12-13 10:50:53,259] {standard_task_runner.py:52} INFO - Started process 311 to run task
[2022-12-13 10:50:53,262] {standard_task_runner.py:79} INFO - Running: ['***', 'tasks', 'run', 'cereal_paper', 'get_songs_from_db_task', 'manual__2022-12-13T10:50:51.721654+00:00', '--job-id', '115', '--raw', '--subdir', 'DAGS_FOLDER/cereal-paper.py', '--cfg-path', '/tmp/tmp65mpo6bf', '--error-file', '/tmp/tmptvcg49m7']
[2022-12-13 10:50:53,264] {standard_task_runner.py:80} INFO - Job 115: Subtask get_songs_from_db_task
[2022-12-13 10:50:53,388] {task_command.py:369} INFO - Running <TaskInstance: cereal_paper.get_songs_from_db_task manual__2022-12-13T10:50:51.721654+00:00 [running]> on host 43dbd6b00d73
[2022-12-13 10:50:53,551] {taskinstance.py:1571} INFO - Exporting the following env vars:
AIRFLOW_CTX_DAG_EMAIL=cerealman@akashkhamkar.in
AIRFLOW_CTX_DAG_OWNER=akashk
AIRFLOW_CTX_DAG_ID=cereal_paper
AIRFLOW_CTX_TASK_ID=get_songs_from_db_task
AIRFLOW_CTX_EXECUTION_DATE=2022-12-13T10:50:51.721654+00:00
AIRFLOW_CTX_TRY_NUMBER=1
AIRFLOW_CTX_DAG_RUN_ID=manual__2022-12-13T10:50:51.721654+00:00
[2022-12-13 10:50:53,555] {base.py:68} INFO - Using connection ID 'my_postgres_default' for task execution.
[2022-12-13 10:50:53,573] {python.py:173} INFO - Done. Returned value was: [('Romeo And Juliet', 'Making Movies', 'Dire Straits'), ('Mellowship Slinky in B Major', 'Blood Sugar Sex Magik (Deluxe Edition)', 'Red Hot Chili Peppers'), ('Just What I Needed', 'The Cars', 'The Cars')]
[2022-12-13 10:50:53,662] {taskinstance.py:1400} INFO - Marking task as SUCCESS. dag_id=cereal_paper, task_id=get_songs_from_db_task, execution_date=20221213T105051, start_date=20221213T105053, end_date=20221213T105053
[2022-12-13 10:50:53,678] {local_task_job.py:156} INFO - Task exited with return code 0
[2022-12-13 10:50:53,721] {local_task_job.py:273} INFO - 0 downstream tasks scheduled from follow-on schedule check
