[2022-12-13 08:00:07,887] {taskinstance.py:1159} INFO - Dependencies all met for <TaskInstance: cereal_paper.combine_articles_task manual__2022-12-13T08:00:02.727411+00:00 [queued]>
[2022-12-13 08:00:07,893] {taskinstance.py:1159} INFO - Dependencies all met for <TaskInstance: cereal_paper.combine_articles_task manual__2022-12-13T08:00:02.727411+00:00 [queued]>
[2022-12-13 08:00:07,893] {taskinstance.py:1356} INFO - 
--------------------------------------------------------------------------------
[2022-12-13 08:00:07,894] {taskinstance.py:1357} INFO - Starting attempt 1 of 2
[2022-12-13 08:00:07,894] {taskinstance.py:1358} INFO - 
--------------------------------------------------------------------------------
[2022-12-13 08:00:07,903] {taskinstance.py:1377} INFO - Executing <Task(PythonOperator): combine_articles_task> on 2022-12-13 08:00:02.727411+00:00
[2022-12-13 08:00:07,905] {standard_task_runner.py:52} INFO - Started process 466 to run task
[2022-12-13 08:00:07,910] {standard_task_runner.py:79} INFO - Running: ['***', 'tasks', 'run', 'cereal_paper', 'combine_articles_task', 'manual__2022-12-13T08:00:02.727411+00:00', '--job-id', '68', '--raw', '--subdir', 'DAGS_FOLDER/cereal-paper.py', '--cfg-path', '/tmp/tmpdkwzegeh', '--error-file', '/tmp/tmpa8dn_out']
[2022-12-13 08:00:07,911] {standard_task_runner.py:80} INFO - Job 68: Subtask combine_articles_task
[2022-12-13 08:00:07,974] {task_command.py:369} INFO - Running <TaskInstance: cereal_paper.combine_articles_task manual__2022-12-13T08:00:02.727411+00:00 [running]> on host 5029e27bd97f
[2022-12-13 08:00:08,062] {taskinstance.py:1571} INFO - Exporting the following env vars:
AIRFLOW_CTX_DAG_EMAIL=akash.khamkar40@gmail.com
AIRFLOW_CTX_DAG_OWNER=akashk
AIRFLOW_CTX_DAG_ID=cereal_paper
AIRFLOW_CTX_TASK_ID=combine_articles_task
AIRFLOW_CTX_EXECUTION_DATE=2022-12-13T08:00:02.727411+00:00
AIRFLOW_CTX_TRY_NUMBER=1
AIRFLOW_CTX_DAG_RUN_ID=manual__2022-12-13T08:00:02.727411+00:00
[2022-12-13 08:00:08,132] {logging_mixin.py:115} INFO - {'joke': 'Oysters hate to give away their pearls because they are shellfish.', 'quote': 'Curiosity is the most powerful thing you own. Imagination is a force that can actually manifest a reality.', 'news': [{'title': "Shane MacGowan's wife 'hopes and prays' the Pogues singer will be home for Christmas", 'published_date': '2022-12-13 07:40:40', 'summary': 'The Pogues frontman Shane MacGowan is set to celebrate his 65th birthday on Christmas Day after being rushed to hospital with viral encephalitis last week'}, {'title': 'Confident Sofia Frank knew gold would ‘probably’ come after ‘first jump’', 'published_date': '2022-12-13 07:40:20', 'summary': 'Photo from Sofia Frank’s Facebook MANILA, Philippines—Overcoming her initial doubts, Sofia Frank needed only one jump in the short program to know she’d likely finish on top. Frank’s thoughts came to fruition after she recently claimed the gold medal in the Asian Open Figure Skating Championship in Jakarta, Indonesia. “I didn’t think I was going […]'}], 'meme': 'https://redd.it/zk96we', 'songs': [['Santeria', 'Sublime', 'Sublime'], ['Lonely Road', 'White Trash Beautiful', 'Everlast'], ['Minnie The Moocher', 'Minnie The Moocher', 'Brothers Moving']]}
[2022-12-13 08:00:08,133] {python.py:173} INFO - Done. Returned value was: {'joke': 'Oysters hate to give away their pearls because they are shellfish.', 'quote': 'Curiosity is the most powerful thing you own. Imagination is a force that can actually manifest a reality.', 'news': [{'title': "Shane MacGowan's wife 'hopes and prays' the Pogues singer will be home for Christmas", 'published_date': '2022-12-13 07:40:40', 'summary': 'The Pogues frontman Shane MacGowan is set to celebrate his 65th birthday on Christmas Day after being rushed to hospital with viral encephalitis last week'}, {'title': 'Confident Sofia Frank knew gold would ‘probably’ come after ‘first jump’', 'published_date': '2022-12-13 07:40:20', 'summary': 'Photo from Sofia Frank’s Facebook MANILA, Philippines—Overcoming her initial doubts, Sofia Frank needed only one jump in the short program to know she’d likely finish on top. Frank’s thoughts came to fruition after she recently claimed the gold medal in the Asian Open Figure Skating Championship in Jakarta, Indonesia. “I didn’t think I was going […]'}], 'meme': 'https://redd.it/zk96we', 'songs': [['Santeria', 'Sublime', 'Sublime'], ['Lonely Road', 'White Trash Beautiful', 'Everlast'], ['Minnie The Moocher', 'Minnie The Moocher', 'Brothers Moving']]}
[2022-12-13 08:00:08,173] {taskinstance.py:1400} INFO - Marking task as SUCCESS. dag_id=cereal_paper, task_id=combine_articles_task, execution_date=20221213T080002, start_date=20221213T080007, end_date=20221213T080008
[2022-12-13 08:00:08,205] {local_task_job.py:156} INFO - Task exited with return code 0
[2022-12-13 08:00:08,246] {local_task_job.py:273} INFO - 1 downstream tasks scheduled from follow-on schedule check
