[2022-12-13 09:52:20,116] {taskinstance.py:1159} INFO - Dependencies all met for <TaskInstance: cereal_paper.create_pdf_task manual__2022-12-13T09:52:15.702096+00:00 [queued]>
[2022-12-13 09:52:20,122] {taskinstance.py:1159} INFO - Dependencies all met for <TaskInstance: cereal_paper.create_pdf_task manual__2022-12-13T09:52:15.702096+00:00 [queued]>
[2022-12-13 09:52:20,123] {taskinstance.py:1356} INFO - 
--------------------------------------------------------------------------------
[2022-12-13 09:52:20,123] {taskinstance.py:1357} INFO - Starting attempt 1 of 2
[2022-12-13 09:52:20,124] {taskinstance.py:1358} INFO - 
--------------------------------------------------------------------------------
[2022-12-13 09:52:20,133] {taskinstance.py:1377} INFO - Executing <Task(PythonOperator): create_pdf_task> on 2022-12-13 09:52:15.702096+00:00
[2022-12-13 09:52:20,136] {standard_task_runner.py:52} INFO - Started process 357 to run task
[2022-12-13 09:52:20,139] {standard_task_runner.py:79} INFO - Running: ['***', 'tasks', 'run', 'cereal_paper', 'create_pdf_task', 'manual__2022-12-13T09:52:15.702096+00:00', '--job-id', '85', '--raw', '--subdir', 'DAGS_FOLDER/cereal-paper.py', '--cfg-path', '/tmp/tmp3ck60xur', '--error-file', '/tmp/tmpx053s0iq']
[2022-12-13 09:52:20,140] {standard_task_runner.py:80} INFO - Job 85: Subtask create_pdf_task
[2022-12-13 09:52:20,213] {task_command.py:369} INFO - Running <TaskInstance: cereal_paper.create_pdf_task manual__2022-12-13T09:52:15.702096+00:00 [running]> on host 2c020bbaa31c
[2022-12-13 09:52:20,290] {taskinstance.py:1571} INFO - Exporting the following env vars:
AIRFLOW_CTX_DAG_EMAIL=akash.khamkar40@gmail.com
AIRFLOW_CTX_DAG_OWNER=akashk
AIRFLOW_CTX_DAG_ID=cereal_paper
AIRFLOW_CTX_TASK_ID=create_pdf_task
AIRFLOW_CTX_EXECUTION_DATE=2022-12-13T09:52:15.702096+00:00
AIRFLOW_CTX_TRY_NUMBER=1
AIRFLOW_CTX_DAG_RUN_ID=manual__2022-12-13T09:52:15.702096+00:00
[2022-12-13 09:52:20,616] {logging_mixin.py:115} WARNING - /home/***/.local/lib/python3.7/site-packages/fpdf/ttfonts.py:831 UserWarning: missing glyph 369
[2022-12-13 09:52:20,617] {logging_mixin.py:115} WARNING - /home/***/.local/lib/python3.7/site-packages/fpdf/ttfonts.py:710 UserWarning: missing glyph 369
[2022-12-13 09:52:20,642] {python.py:173} INFO - Done. Returned value was: None
[2022-12-13 09:52:20,660] {taskinstance.py:1400} INFO - Marking task as SUCCESS. dag_id=cereal_paper, task_id=create_pdf_task, execution_date=20221213T095215, start_date=20221213T095220, end_date=20221213T095220
[2022-12-13 09:52:20,718] {local_task_job.py:156} INFO - Task exited with return code 0
[2022-12-13 09:52:20,756] {local_task_job.py:273} INFO - 0 downstream tasks scheduled from follow-on schedule check
