[2022-12-13 09:52:16,380] {taskinstance.py:1159} INFO - Dependencies all met for <TaskInstance: cereal_paper.get_joke_task manual__2022-12-13T09:52:15.702096+00:00 [queued]>
[2022-12-13 09:52:16,390] {taskinstance.py:1159} INFO - Dependencies all met for <TaskInstance: cereal_paper.get_joke_task manual__2022-12-13T09:52:15.702096+00:00 [queued]>
[2022-12-13 09:52:16,390] {taskinstance.py:1356} INFO - 
--------------------------------------------------------------------------------
[2022-12-13 09:52:16,391] {taskinstance.py:1357} INFO - Starting attempt 1 of 2
[2022-12-13 09:52:16,391] {taskinstance.py:1358} INFO - 
--------------------------------------------------------------------------------
[2022-12-13 09:52:16,408] {taskinstance.py:1377} INFO - Executing <Task(PythonOperator): get_joke_task> on 2022-12-13 09:52:15.702096+00:00
[2022-12-13 09:52:16,413] {standard_task_runner.py:52} INFO - Started process 350 to run task
[2022-12-13 09:52:16,419] {standard_task_runner.py:79} INFO - Running: ['***', 'tasks', 'run', 'cereal_paper', 'get_joke_task', 'manual__2022-12-13T09:52:15.702096+00:00', '--job-id', '79', '--raw', '--subdir', 'DAGS_FOLDER/cereal-paper.py', '--cfg-path', '/tmp/tmphljs30kb', '--error-file', '/tmp/tmp1zbaqkoi']
[2022-12-13 09:52:16,421] {standard_task_runner.py:80} INFO - Job 79: Subtask get_joke_task
[2022-12-13 09:52:16,618] {task_command.py:369} INFO - Running <TaskInstance: cereal_paper.get_joke_task manual__2022-12-13T09:52:15.702096+00:00 [running]> on host 2c020bbaa31c
[2022-12-13 09:52:16,765] {taskinstance.py:1571} INFO - Exporting the following env vars:
AIRFLOW_CTX_DAG_EMAIL=akash.khamkar40@gmail.com
AIRFLOW_CTX_DAG_OWNER=akashk
AIRFLOW_CTX_DAG_ID=cereal_paper
AIRFLOW_CTX_TASK_ID=get_joke_task
AIRFLOW_CTX_EXECUTION_DATE=2022-12-13T09:52:15.702096+00:00
AIRFLOW_CTX_TRY_NUMBER=1
AIRFLOW_CTX_DAG_RUN_ID=manual__2022-12-13T09:52:15.702096+00:00
[2022-12-13 09:52:17,606] {logging_mixin.py:115} INFO - {'error': False, 'category': 'Programming', 'type': 'single', 'joke': "Algorithm: A word used by programmers when they don't want to explain how their code works.", 'flags': {'nsfw': False, 'religious': False, 'political': False, 'racist': False, 'sexist': False, 'explicit': False}, 'id': 51, 'safe': True, 'lang': 'en'}
[2022-12-13 09:52:17,609] {python.py:173} INFO - Done. Returned value was: Algorithm: A word used by programmers when they don't want to explain how their code works.
[2022-12-13 09:52:17,682] {taskinstance.py:1400} INFO - Marking task as SUCCESS. dag_id=cereal_paper, task_id=get_joke_task, execution_date=20221213T095215, start_date=20221213T095216, end_date=20221213T095217
[2022-12-13 09:52:17,696] {local_task_job.py:156} INFO - Task exited with return code 0
[2022-12-13 09:52:17,741] {local_task_job.py:273} INFO - 0 downstream tasks scheduled from follow-on schedule check
