[2022-12-13 09:52:16,323] {taskinstance.py:1159} INFO - Dependencies all met for <TaskInstance: cereal_paper.get_meme_task manual__2022-12-13T09:52:15.702096+00:00 [queued]>
[2022-12-13 09:52:16,332] {taskinstance.py:1159} INFO - Dependencies all met for <TaskInstance: cereal_paper.get_meme_task manual__2022-12-13T09:52:15.702096+00:00 [queued]>
[2022-12-13 09:52:16,333] {taskinstance.py:1356} INFO - 
--------------------------------------------------------------------------------
[2022-12-13 09:52:16,334] {taskinstance.py:1357} INFO - Starting attempt 1 of 2
[2022-12-13 09:52:16,335] {taskinstance.py:1358} INFO - 
--------------------------------------------------------------------------------
[2022-12-13 09:52:16,345] {taskinstance.py:1377} INFO - Executing <Task(PythonOperator): get_meme_task> on 2022-12-13 09:52:15.702096+00:00
[2022-12-13 09:52:16,350] {standard_task_runner.py:52} INFO - Started process 348 to run task
[2022-12-13 09:52:16,358] {standard_task_runner.py:79} INFO - Running: ['***', 'tasks', 'run', 'cereal_paper', 'get_meme_task', 'manual__2022-12-13T09:52:15.702096+00:00', '--job-id', '80', '--raw', '--subdir', 'DAGS_FOLDER/cereal-paper.py', '--cfg-path', '/tmp/tmpias26f8w', '--error-file', '/tmp/tmpzf_yv0x1']
[2022-12-13 09:52:16,361] {standard_task_runner.py:80} INFO - Job 80: Subtask get_meme_task
[2022-12-13 09:52:16,475] {task_command.py:369} INFO - Running <TaskInstance: cereal_paper.get_meme_task manual__2022-12-13T09:52:15.702096+00:00 [running]> on host 2c020bbaa31c
[2022-12-13 09:52:16,684] {taskinstance.py:1571} INFO - Exporting the following env vars:
AIRFLOW_CTX_DAG_EMAIL=akash.khamkar40@gmail.com
AIRFLOW_CTX_DAG_OWNER=akashk
AIRFLOW_CTX_DAG_ID=cereal_paper
AIRFLOW_CTX_TASK_ID=get_meme_task
AIRFLOW_CTX_EXECUTION_DATE=2022-12-13T09:52:15.702096+00:00
AIRFLOW_CTX_TRY_NUMBER=1
AIRFLOW_CTX_DAG_RUN_ID=manual__2022-12-13T09:52:15.702096+00:00
[2022-12-13 09:52:17,773] {python.py:173} INFO - Done. Returned value was: https://redd.it/zkpc09
[2022-12-13 09:52:17,814] {taskinstance.py:1400} INFO - Marking task as SUCCESS. dag_id=cereal_paper, task_id=get_meme_task, execution_date=20221213T095215, start_date=20221213T095216, end_date=20221213T095217
[2022-12-13 09:52:17,869] {local_task_job.py:156} INFO - Task exited with return code 0
[2022-12-13 09:52:17,935] {local_task_job.py:273} INFO - 0 downstream tasks scheduled from follow-on schedule check
