[2022-12-12 12:48:47,559] {taskinstance.py:1159} INFO - Dependencies all met for <TaskInstance: daily_Paper.combine_articles_task manual__2022-12-12T12:48:44.744276+00:00 [queued]>
[2022-12-12 12:48:47,564] {taskinstance.py:1159} INFO - Dependencies all met for <TaskInstance: daily_Paper.combine_articles_task manual__2022-12-12T12:48:44.744276+00:00 [queued]>
[2022-12-12 12:48:47,565] {taskinstance.py:1356} INFO - 
--------------------------------------------------------------------------------
[2022-12-12 12:48:47,565] {taskinstance.py:1357} INFO - Starting attempt 1 of 2
[2022-12-12 12:48:47,565] {taskinstance.py:1358} INFO - 
--------------------------------------------------------------------------------
[2022-12-12 12:48:47,572] {taskinstance.py:1377} INFO - Executing <Task(PythonOperator): combine_articles_task> on 2022-12-12 12:48:44.744276+00:00
[2022-12-12 12:48:47,576] {standard_task_runner.py:52} INFO - Started process 844 to run task
[2022-12-12 12:48:47,579] {standard_task_runner.py:79} INFO - Running: ['***', 'tasks', 'run', 'daily_Paper', 'combine_articles_task', 'manual__2022-12-12T12:48:44.744276+00:00', '--job-id', '42', '--raw', '--subdir', 'DAGS_FOLDER/morning-paper.py', '--cfg-path', '/tmp/tmpfzmtuc24', '--error-file', '/tmp/tmpz7__utcs']
[2022-12-12 12:48:47,580] {standard_task_runner.py:80} INFO - Job 42: Subtask combine_articles_task
[2022-12-12 12:48:47,619] {task_command.py:369} INFO - Running <TaskInstance: daily_Paper.combine_articles_task manual__2022-12-12T12:48:44.744276+00:00 [running]> on host cbcd6542cb8e
[2022-12-12 12:48:47,664] {taskinstance.py:1571} INFO - Exporting the following env vars:
AIRFLOW_CTX_DAG_EMAIL=akash.khamkar40@gmail.com
AIRFLOW_CTX_DAG_OWNER=akashk
AIRFLOW_CTX_DAG_ID=daily_Paper
AIRFLOW_CTX_TASK_ID=combine_articles_task
AIRFLOW_CTX_EXECUTION_DATE=2022-12-12T12:48:44.744276+00:00
AIRFLOW_CTX_TRY_NUMBER=1
AIRFLOW_CTX_DAG_RUN_ID=manual__2022-12-12T12:48:44.744276+00:00
[2022-12-12 12:48:47,686] {logging_mixin.py:115} INFO - My ex had an accident. I told the paramedics the wrong blood type for her. She'll finally experience what rejection is really like. Most people achieved their greatest success one step beyond what looked like their greatest failure. [{'title': 'Wrapped Velas Price Down 8.6% Over Last 7 Days (WVLX)', 'author': 'Tyrone Williams', 'published_date': '2022-12-12 12:48:41', 'published_date_precision': 'timezone unknown', 'link': 'https://www.dailypolitical.com/2022/12/11/wrapped-velas-price-down-8-6-over-last-7-days-wvlx.html', 'clean_url': 'dailypolitical.com', 'excerpt': 'Wrapped Velas (WVLX) traded 0.5% lower against the US dollar during the 24 hour period ending at 23:00 PM Eastern on December 11th. During the last week, Wrapped Velas has traded down 8.6% against the…', 'summary': "Wrapped Velas (WVLX) traded 0.5% lower against the US dollar during the 24 hour period ending at 23:00 PM Eastern on December 11th. During the last week, Wrapped Velas has traded down 8.6% against the US dollar. One Wrapped Velas coin can now be bought for approximately $0.0251 or 0.00000148 BTC on cryptocurrency exchanges. Wrapped Velas has a total market cap of $57.32 million and $13,315.74 worth of Wrapped Velas was traded on exchanges in the last day. \nHere's how similar cryptocurrencies have performed during the last day: \nKILT Protocol (KILT) traded down 0.", 'rights': 'dailypolitical.com', 'rank': 793836, 'topic': 'news', 'country': 'US', 'language': 'en', 'authors': 'Tyrone Williams', 'media': 'https://www.americanbankingnews.com/wp-content/timthumb/timthumb.php?src=https://www.marketbeat.com/logos/cryptocurrencies/wrapped-velas-WVLX.png?v=2022-10-05&w=240&h=240&zc=2', 'is_opinion': False, 'twitter_account': '@RatingsNetwork', '_score': None, '_id': '62628b4d7cc4362c9810741d27c27b5f'}, {'title': 'CyberDragon Gold Price Down 30.8% This Week (GOLD)', 'author': 'Stacy Sanders', 'published_date': '2022-12-12 12:48:41', 'published_date_precision': 'timezone unknown', 'link': 'https://www.dailypolitical.com/2022/12/11/cyberdragon-gold-price-down-30-8-this-week-gold.html', 'clean_url': 'dailypolitical.com', 'excerpt': 'CyberDragon Gold (GOLD) traded down 2.7% against the U.S. dollar during the 24 hour period ending at 23:00 PM ET on December 11th. One CyberDragon Gold token can now be purchased for about $0.0091 or…', 'summary': "CyberDragon Gold (GOLD) traded down 2.7% against the U.S. dollar during the 24 hour period ending at 23:00 PM ET on December 11th. One CyberDragon Gold token can now be purchased for about $0.0091 or 0.00000054 BTC on cryptocurrency exchanges. During the last seven days, CyberDragon Gold has traded down 30.8% against the U.S. dollar. CyberDragon Gold has a market cap of $2.53 billion and approximately $1.05 million worth of CyberDragon Gold was traded on exchanges in the last 24 hours. \nHere's how other cryptocurrencies have performed during the last 24 hours: \nKILT Protocol (KILT) traded down 1% against the dollar and now trades at $0.", 'rights': 'dailypolitical.com', 'rank': 793836, 'topic': 'news', 'country': 'US', 'language': 'en', 'authors': 'Stacy Sanders', 'media': 'https://www.americanbankingnews.com/wp-content/timthumb/timthumb.php?src=https://www.marketbeat.com/logos/cryptocurrencies/cyberdragon-gold-GOLD.png?v=2022-10-05&w=240&h=240&zc=2', 'is_opinion': False, 'twitter_account': '@RatingsNetwork', '_score': None, '_id': '3ec5165e3898d5b78cc42f1541e8e0ab'}, {'title': 'Pathaan song Besharam Rang: Shah Rukh Khan and Deepika Padukone starrer song out', 'author': '', 'published_date': '2022-12-12 12:48:00', 'published_date_precision': 'timezone unknown', 'link': 'https://newsd.in/pathaan-song-besharam-rang-shah-rukh-khan-and-deepika-padukone-starrer-song-out/', 'clean_url': 'newsd.in', 'excerpt': 'Besharam Rang, the first song from the film Pathaan, which stars Shah Rukh Khan and Deepika Padukone, was finally released on Monday.', 'summary': 'Besharam Rang, the first song from the film Pathaan, which stars Shah Rukh Khan and Deepika Padukone, was finally released on Monday. Besharam Rang is sung by Shilpa Rao, Caralisa Monteiro, Vishal and Sheykhar.\nThe fans were once again blown away by the sizzling chemistry that Shah Rukh and Deepika share. Because of their roles in the epic blockbusters Om Shanti Om, Chennai Express, and Happy New Year, SRK and Deepika Padukone are considered to be one of the most prominent on-screen partnerships in the history of Indian film.', 'rights': 'newsd.in', 'rank': 93968, 'topic': 'news', 'country': 'IN', 'language': 'en', 'authors': '', 'media': 'https://newsd.in/wp-content/uploads/2022/12/Besharam-Rang-1.jpg', 'is_opinion': False, 'twitter_account': '@getnewsd', '_score': None, '_id': 'c76a54a6cb3d0e8adc32a5204919317b'}]
[2022-12-12 12:48:47,687] {python.py:173} INFO - Done. Returned value was: None
[2022-12-12 12:48:47,696] {taskinstance.py:1400} INFO - Marking task as SUCCESS. dag_id=daily_Paper, task_id=combine_articles_task, execution_date=20221212T124844, start_date=20221212T124847, end_date=20221212T124847
[2022-12-12 12:48:47,710] {local_task_job.py:156} INFO - Task exited with return code 0
[2022-12-12 12:48:47,731] {local_task_job.py:273} INFO - 0 downstream tasks scheduled from follow-on schedule check
