[2022-12-12 18:30:34,615] {taskinstance.py:1159} INFO - Dependencies all met for <TaskInstance: daily_paper.get_meme_task manual__2022-12-12T18:30:34.081614+00:00 [queued]>
[2022-12-12 18:30:34,622] {taskinstance.py:1159} INFO - Dependencies all met for <TaskInstance: daily_paper.get_meme_task manual__2022-12-12T18:30:34.081614+00:00 [queued]>
[2022-12-12 18:30:34,623] {taskinstance.py:1356} INFO - 
--------------------------------------------------------------------------------
[2022-12-12 18:30:34,623] {taskinstance.py:1357} INFO - Starting attempt 1 of 2
[2022-12-12 18:30:34,624] {taskinstance.py:1358} INFO - 
--------------------------------------------------------------------------------
[2022-12-12 18:30:34,637] {taskinstance.py:1377} INFO - Executing <Task(PythonOperator): get_meme_task> on 2022-12-12 18:30:34.081614+00:00
[2022-12-12 18:30:34,642] {standard_task_runner.py:52} INFO - Started process 2472 to run task
[2022-12-12 18:30:34,651] {standard_task_runner.py:79} INFO - Running: ['***', 'tasks', 'run', 'daily_paper', 'get_meme_task', 'manual__2022-12-12T18:30:34.081614+00:00', '--job-id', '376', '--raw', '--subdir', 'DAGS_FOLDER/morning-paper.py', '--cfg-path', '/tmp/tmps4909bde', '--error-file', '/tmp/tmp6akikgci']
[2022-12-12 18:30:34,653] {standard_task_runner.py:80} INFO - Job 376: Subtask get_meme_task
[2022-12-12 18:30:34,728] {task_command.py:369} INFO - Running <TaskInstance: daily_paper.get_meme_task manual__2022-12-12T18:30:34.081614+00:00 [running]> on host 6bb81baa0a52
[2022-12-12 18:30:34,808] {taskinstance.py:1571} INFO - Exporting the following env vars:
AIRFLOW_CTX_DAG_EMAIL=akash.khamkar40@gmail.com
AIRFLOW_CTX_DAG_OWNER=akashk
AIRFLOW_CTX_DAG_ID=daily_paper
AIRFLOW_CTX_TASK_ID=get_meme_task
AIRFLOW_CTX_EXECUTION_DATE=2022-12-12T18:30:34.081614+00:00
AIRFLOW_CTX_TRY_NUMBER=1
AIRFLOW_CTX_DAG_RUN_ID=manual__2022-12-12T18:30:34.081614+00:00
[2022-12-12 18:30:35,514] {python.py:173} INFO - Done. Returned value was: https://redd.it/zj7rs9
[2022-12-12 18:30:35,546] {taskinstance.py:1400} INFO - Marking task as SUCCESS. dag_id=daily_paper, task_id=get_meme_task, execution_date=20221212T183034, start_date=20221212T183034, end_date=20221212T183035
[2022-12-12 18:30:35,570] {local_task_job.py:156} INFO - Task exited with return code 0
[2022-12-12 18:30:35,598] {local_task_job.py:273} INFO - 0 downstream tasks scheduled from follow-on schedule check
