[2022-12-12 16:26:32,723] {taskinstance.py:1159} INFO - Dependencies all met for <TaskInstance: daily_paper.get_news_task manual__2022-12-12T16:26:31.532092+00:00 [queued]>
[2022-12-12 16:26:32,729] {taskinstance.py:1159} INFO - Dependencies all met for <TaskInstance: daily_paper.get_news_task manual__2022-12-12T16:26:31.532092+00:00 [queued]>
[2022-12-12 16:26:32,729] {taskinstance.py:1356} INFO - 
--------------------------------------------------------------------------------
[2022-12-12 16:26:32,730] {taskinstance.py:1357} INFO - Starting attempt 1 of 2
[2022-12-12 16:26:32,730] {taskinstance.py:1358} INFO - 
--------------------------------------------------------------------------------
[2022-12-12 16:26:32,739] {taskinstance.py:1377} INFO - Executing <Task(PythonOperator): get_news_task> on 2022-12-12 16:26:31.532092+00:00
[2022-12-12 16:26:32,743] {standard_task_runner.py:52} INFO - Started process 2935 to run task
[2022-12-12 16:26:32,746] {standard_task_runner.py:79} INFO - Running: ['***', 'tasks', 'run', 'daily_paper', 'get_news_task', 'manual__2022-12-12T16:26:31.532092+00:00', '--job-id', '138', '--raw', '--subdir', 'DAGS_FOLDER/morning-paper.py', '--cfg-path', '/tmp/tmp8u9zy2md', '--error-file', '/tmp/tmphujcok9m']
[2022-12-12 16:26:32,748] {standard_task_runner.py:80} INFO - Job 138: Subtask get_news_task
[2022-12-12 16:26:32,818] {task_command.py:369} INFO - Running <TaskInstance: daily_paper.get_news_task manual__2022-12-12T16:26:31.532092+00:00 [running]> on host cbcd6542cb8e
[2022-12-12 16:26:32,909] {taskinstance.py:1571} INFO - Exporting the following env vars:
AIRFLOW_CTX_DAG_EMAIL=akash.khamkar40@gmail.com
AIRFLOW_CTX_DAG_OWNER=akashk
AIRFLOW_CTX_DAG_ID=daily_paper
AIRFLOW_CTX_TASK_ID=get_news_task
AIRFLOW_CTX_EXECUTION_DATE=2022-12-12T16:26:31.532092+00:00
AIRFLOW_CTX_TRY_NUMBER=1
AIRFLOW_CTX_DAG_RUN_ID=manual__2022-12-12T16:26:31.532092+00:00
[2022-12-12 16:26:33,629] {python.py:173} INFO - Done. Returned value was: [{'title': 'Wireline Services Market is likely to surpass US$ 13.05 billion in revenues by 2027-end', 'published_date': '2022-12-12 16:26:13', 'summary': 'Press release Wireline Services Market 2022 to 2027Wireline Services Market 2022 to 2027The global market for wireline services is anticipated to expand at a CAGR of 5.7% over the forecast period, reaching USD 13.05 billion by the end of the forecast period in 2027.Wireline services are a type of oil and gas well intervention that involves the use of a single conductor wireline to lower tools and equipment into the wellbore. This allows for the measurement, testing, and evaluation of the well, as well as the performance of various other operations, such as logging, perforating, and setting plugs and packers.'}, {'title': 'New Royal Decree Defines Specialisations Of Finance Ministry, Endorses Its Organisational Structure', 'published_date': '2022-12-12 16:25:12', 'summary': 'His Majesty Sultan Haitham bin Tarik today issued Royal decree No. (91/2022) on defining the specialisations of the Ministry of Finance and endorsing its organisational structure.\nArticle (1) of the Decree defines the specialisations of the Ministry of Finance in accordance with annex (1) attached to the decree.\nArticle (2) endorses the organisational structure of the Ministry of Finance in accordance with annex (2) attached to the decree.\nArticle (3) cancels Royal decree No. (39/96) on defining the specialisations of the Ministry of Finance and endorsing its organisational structure.'}, {'title': 'Resilient Blazers live another day after gutsy Game 2 win over Knights', 'published_date': '2022-12-12 16:25:00', 'summary': "College of St. Benilde guard Migs Oczon during Game 2 of the NCAA Season 98 men's basketball Finals against Letran. NCAA PHOTO\nRefusing to land on the wrong side of NCAA history without a fight, College of St. Benilde on Sunday carved out a 76-71 nipping of Letran at Smart Araneta Coliseum to take the best-of-three title series for the Season 98 title of the men's basketball competition to a deciding game.\nAnd Blazers coach Charles Tiu knows that despite what they pulled out, the Knights will have all sorts of advantages going for them next week at Ynares Center in Antipolo City."}]
[2022-12-12 16:26:33,676] {taskinstance.py:1400} INFO - Marking task as SUCCESS. dag_id=daily_paper, task_id=get_news_task, execution_date=20221212T162631, start_date=20221212T162632, end_date=20221212T162633
[2022-12-12 16:26:33,712] {local_task_job.py:156} INFO - Task exited with return code 0
[2022-12-12 16:26:33,743] {local_task_job.py:273} INFO - 0 downstream tasks scheduled from follow-on schedule check
