[2022-12-13 07:59:23,511] {taskinstance.py:1159} INFO - Dependencies all met for <TaskInstance: cereal_paper.get_songs_from_db_task manual__2022-12-13T07:59:22.889269+00:00 [queued]>
[2022-12-13 07:59:23,522] {taskinstance.py:1159} INFO - Dependencies all met for <TaskInstance: cereal_paper.get_songs_from_db_task manual__2022-12-13T07:59:22.889269+00:00 [queued]>
[2022-12-13 07:59:23,522] {taskinstance.py:1356} INFO - 
--------------------------------------------------------------------------------
[2022-12-13 07:59:23,524] {taskinstance.py:1357} INFO - Starting attempt 1 of 2
[2022-12-13 07:59:23,524] {taskinstance.py:1358} INFO - 
--------------------------------------------------------------------------------
[2022-12-13 07:59:23,545] {taskinstance.py:1377} INFO - Executing <Task(PythonOperator): get_songs_from_db_task> on 2022-12-13 07:59:22.889269+00:00
[2022-12-13 07:59:23,558] {standard_task_runner.py:52} INFO - Started process 443 to run task
[2022-12-13 07:59:23,570] {standard_task_runner.py:79} INFO - Running: ['***', 'tasks', 'run', 'cereal_paper', 'get_songs_from_db_task', 'manual__2022-12-13T07:59:22.889269+00:00', '--job-id', '60', '--raw', '--subdir', 'DAGS_FOLDER/cereal-paper.py', '--cfg-path', '/tmp/tmpp64yiqp_', '--error-file', '/tmp/tmpmaxe4z3t']
[2022-12-13 07:59:23,573] {standard_task_runner.py:80} INFO - Job 60: Subtask get_songs_from_db_task
[2022-12-13 07:59:23,736] {task_command.py:369} INFO - Running <TaskInstance: cereal_paper.get_songs_from_db_task manual__2022-12-13T07:59:22.889269+00:00 [running]> on host 5029e27bd97f
[2022-12-13 07:59:23,929] {taskinstance.py:1571} INFO - Exporting the following env vars:
AIRFLOW_CTX_DAG_EMAIL=akash.khamkar40@gmail.com
AIRFLOW_CTX_DAG_OWNER=akashk
AIRFLOW_CTX_DAG_ID=cereal_paper
AIRFLOW_CTX_TASK_ID=get_songs_from_db_task
AIRFLOW_CTX_EXECUTION_DATE=2022-12-13T07:59:22.889269+00:00
AIRFLOW_CTX_TRY_NUMBER=1
AIRFLOW_CTX_DAG_RUN_ID=manual__2022-12-13T07:59:22.889269+00:00
[2022-12-13 07:59:23,936] {base.py:68} INFO - Using connection ID 'my_postgres_default' for task execution.
[2022-12-13 07:59:23,949] {python.py:173} INFO - Done. Returned value was: [('Saadda Haq', 'Rockstar', 'Mohit Chauhan'), ('Kiti Tare Tula Jadale', 'Kiti Tare Tula Jadale', 'Shreyas Bedekar,Saleel Kulkarni,Sandeep Khare'), ('Untitled #2', 'Niandra LaDes And Usually Just A T-Shirt', 'John Frusciante')]
[2022-12-13 07:59:23,998] {taskinstance.py:1400} INFO - Marking task as SUCCESS. dag_id=cereal_paper, task_id=get_songs_from_db_task, execution_date=20221213T075922, start_date=20221213T075923, end_date=20221213T075923
[2022-12-13 07:59:24,024] {local_task_job.py:156} INFO - Task exited with return code 0
[2022-12-13 07:59:24,069] {local_task_job.py:273} INFO - 0 downstream tasks scheduled from follow-on schedule check
