[2022-12-13 11:34:45,680] {taskinstance.py:1159} INFO - Dependencies all met for <TaskInstance: cereal_paper.send_email manual__2022-12-13T11:34:28.628237+00:00 [queued]>
[2022-12-13 11:34:45,686] {taskinstance.py:1159} INFO - Dependencies all met for <TaskInstance: cereal_paper.send_email manual__2022-12-13T11:34:28.628237+00:00 [queued]>
[2022-12-13 11:34:45,687] {taskinstance.py:1356} INFO - 
--------------------------------------------------------------------------------
[2022-12-13 11:34:45,687] {taskinstance.py:1357} INFO - Starting attempt 1 of 2
[2022-12-13 11:34:45,688] {taskinstance.py:1358} INFO - 
--------------------------------------------------------------------------------
[2022-12-13 11:34:45,696] {taskinstance.py:1377} INFO - Executing <Task(EmailOperator): send_email> on 2022-12-13 11:34:28.628237+00:00
[2022-12-13 11:34:45,699] {standard_task_runner.py:52} INFO - Started process 511 to run task
[2022-12-13 11:34:45,702] {standard_task_runner.py:79} INFO - Running: ['***', 'tasks', 'run', 'cereal_paper', 'send_email', 'manual__2022-12-13T11:34:28.628237+00:00', '--job-id', '181', '--raw', '--subdir', 'DAGS_FOLDER/cereal-paper.py', '--cfg-path', '/tmp/tmp02twoj1d', '--error-file', '/tmp/tmp4ml1vmjv']
[2022-12-13 11:34:45,703] {standard_task_runner.py:80} INFO - Job 181: Subtask send_email
[2022-12-13 11:34:45,764] {task_command.py:369} INFO - Running <TaskInstance: cereal_paper.send_email manual__2022-12-13T11:34:28.628237+00:00 [running]> on host 44822d5113ae
[2022-12-13 11:34:45,855] {taskinstance.py:1571} INFO - Exporting the following env vars:
AIRFLOW_CTX_DAG_EMAIL=cerealman@akashkhamkar.in
AIRFLOW_CTX_DAG_OWNER=akashk
AIRFLOW_CTX_DAG_ID=cereal_paper
AIRFLOW_CTX_TASK_ID=send_email
AIRFLOW_CTX_EXECUTION_DATE=2022-12-13T11:34:28.628237+00:00
AIRFLOW_CTX_TRY_NUMBER=1
AIRFLOW_CTX_DAG_RUN_ID=manual__2022-12-13T11:34:28.628237+00:00
[2022-12-13 11:34:45,947] {logging_mixin.py:115} WARNING - /home/***/.local/lib/python3.7/site-packages/***/utils/email.py:115 PendingDeprecationWarning: Fetching SMTP credentials from configuration variables will be deprecated in a future release. Please set credentials using a connection instead.
[2022-12-13 11:34:45,948] {email.py:224} INFO - Email alerting: attempt 1
[2022-12-13 11:34:46,767] {email.py:236} INFO - Sent an alert email to ['akash.khamkar40@gmail.com']
[2022-12-13 11:34:52,487] {taskinstance.py:1400} INFO - Marking task as SUCCESS. dag_id=cereal_paper, task_id=send_email, execution_date=20221213T113428, start_date=20221213T113445, end_date=20221213T113452
[2022-12-13 11:34:52,546] {local_task_job.py:156} INFO - Task exited with return code 0
[2022-12-13 11:34:52,582] {local_task_job.py:273} INFO - 0 downstream tasks scheduled from follow-on schedule check
