[2022-12-13 11:34:44,624] {taskinstance.py:1159} INFO - Dependencies all met for <TaskInstance: cereal_paper.save_to_db_task manual__2022-12-13T11:34:28.628237+00:00 [queued]>
[2022-12-13 11:34:44,632] {taskinstance.py:1159} INFO - Dependencies all met for <TaskInstance: cereal_paper.save_to_db_task manual__2022-12-13T11:34:28.628237+00:00 [queued]>
[2022-12-13 11:34:44,632] {taskinstance.py:1356} INFO - 
--------------------------------------------------------------------------------
[2022-12-13 11:34:44,632] {taskinstance.py:1357} INFO - Starting attempt 1 of 2
[2022-12-13 11:34:44,633] {taskinstance.py:1358} INFO - 
--------------------------------------------------------------------------------
[2022-12-13 11:34:44,642] {taskinstance.py:1377} INFO - Executing <Task(PythonOperator): save_to_db_task> on 2022-12-13 11:34:28.628237+00:00
[2022-12-13 11:34:44,648] {standard_task_runner.py:52} INFO - Started process 506 to run task
[2022-12-13 11:34:44,651] {standard_task_runner.py:79} INFO - Running: ['***', 'tasks', 'run', 'cereal_paper', 'save_to_db_task', 'manual__2022-12-13T11:34:28.628237+00:00', '--job-id', '180', '--raw', '--subdir', 'DAGS_FOLDER/cereal-paper.py', '--cfg-path', '/tmp/tmp4yd6rd1f', '--error-file', '/tmp/tmp98i1ff9l']
[2022-12-13 11:34:44,652] {standard_task_runner.py:80} INFO - Job 180: Subtask save_to_db_task
[2022-12-13 11:34:44,731] {task_command.py:369} INFO - Running <TaskInstance: cereal_paper.save_to_db_task manual__2022-12-13T11:34:28.628237+00:00 [running]> on host 44822d5113ae
[2022-12-13 11:34:44,833] {taskinstance.py:1571} INFO - Exporting the following env vars:
AIRFLOW_CTX_DAG_EMAIL=cerealman@akashkhamkar.in
AIRFLOW_CTX_DAG_OWNER=akashk
AIRFLOW_CTX_DAG_ID=cereal_paper
AIRFLOW_CTX_TASK_ID=save_to_db_task
AIRFLOW_CTX_EXECUTION_DATE=2022-12-13T11:34:28.628237+00:00
AIRFLOW_CTX_TRY_NUMBER=1
AIRFLOW_CTX_DAG_RUN_ID=manual__2022-12-13T11:34:28.628237+00:00
[2022-12-13 11:34:44,860] {python.py:173} INFO - Done. Returned value was: None
[2022-12-13 11:34:44,986] {taskinstance.py:1400} INFO - Marking task as SUCCESS. dag_id=cereal_paper, task_id=save_to_db_task, execution_date=20221213T113428, start_date=20221213T113444, end_date=20221213T113444
[2022-12-13 11:34:45,028] {local_task_job.py:156} INFO - Task exited with return code 0
[2022-12-13 11:34:45,070] {local_task_job.py:273} INFO - 0 downstream tasks scheduled from follow-on schedule check
