[2022-12-13 07:53:47,214] {taskinstance.py:1159} INFO - Dependencies all met for <TaskInstance: cereal_paper.get_joke_task manual__2022-12-13T07:53:46.475057+00:00 [queued]>
[2022-12-13 07:53:47,237] {taskinstance.py:1159} INFO - Dependencies all met for <TaskInstance: cereal_paper.get_joke_task manual__2022-12-13T07:53:46.475057+00:00 [queued]>
[2022-12-13 07:53:47,238] {taskinstance.py:1356} INFO - 
--------------------------------------------------------------------------------
[2022-12-13 07:53:47,238] {taskinstance.py:1357} INFO - Starting attempt 1 of 2
[2022-12-13 07:53:47,239] {taskinstance.py:1358} INFO - 
--------------------------------------------------------------------------------
[2022-12-13 07:53:47,248] {taskinstance.py:1377} INFO - Executing <Task(PythonOperator): get_joke_task> on 2022-12-13 07:53:46.475057+00:00
[2022-12-13 07:53:47,256] {standard_task_runner.py:52} INFO - Started process 320 to run task
[2022-12-13 07:53:47,260] {standard_task_runner.py:79} INFO - Running: ['***', 'tasks', 'run', 'cereal_paper', 'get_joke_task', 'manual__2022-12-13T07:53:46.475057+00:00', '--job-id', '35', '--raw', '--subdir', 'DAGS_FOLDER/cereal-paper.py', '--cfg-path', '/tmp/tmpb16wqkwp', '--error-file', '/tmp/tmphmxsrbir']
[2022-12-13 07:53:47,262] {standard_task_runner.py:80} INFO - Job 35: Subtask get_joke_task
[2022-12-13 07:53:47,367] {task_command.py:369} INFO - Running <TaskInstance: cereal_paper.get_joke_task manual__2022-12-13T07:53:46.475057+00:00 [running]> on host 5029e27bd97f
[2022-12-13 07:53:47,517] {taskinstance.py:1571} INFO - Exporting the following env vars:
AIRFLOW_CTX_DAG_EMAIL=akash.khamkar40@gmail.com
AIRFLOW_CTX_DAG_OWNER=akashk
AIRFLOW_CTX_DAG_ID=cereal_paper
AIRFLOW_CTX_TASK_ID=get_joke_task
AIRFLOW_CTX_EXECUTION_DATE=2022-12-13T07:53:46.475057+00:00
AIRFLOW_CTX_TRY_NUMBER=1
AIRFLOW_CTX_DAG_RUN_ID=manual__2022-12-13T07:53:46.475057+00:00
[2022-12-13 07:53:48,507] {logging_mixin.py:115} INFO - {'error': False, 'category': 'Programming', 'type': 'single', 'joke': 'Eight bytes walk into a bar.\nThe bartender asks, "Can I get you anything?"\n"Yeah," reply the bytes.\n"Make us a double."', 'flags': {'nsfw': False, 'religious': False, 'political': False, 'racist': False, 'sexist': False, 'explicit': False}, 'id': 34, 'safe': True, 'lang': 'en'}
[2022-12-13 07:53:48,509] {python.py:173} INFO - Done. Returned value was: Eight bytes walk into a bar.
The bartender asks, "Can I get you anything?"
"Yeah," reply the bytes.
"Make us a double."
[2022-12-13 07:53:48,585] {taskinstance.py:1400} INFO - Marking task as SUCCESS. dag_id=cereal_paper, task_id=get_joke_task, execution_date=20221213T075346, start_date=20221213T075347, end_date=20221213T075348
[2022-12-13 07:53:48,624] {local_task_job.py:156} INFO - Task exited with return code 0
[2022-12-13 07:53:48,670] {local_task_job.py:273} INFO - 0 downstream tasks scheduled from follow-on schedule check
