[2022-12-12 16:32:20,049] {taskinstance.py:1159} INFO - Dependencies all met for <TaskInstance: daily_paper.get_news_task manual__2022-12-12T16:32:19.552506+00:00 [queued]>
[2022-12-12 16:32:20,056] {taskinstance.py:1159} INFO - Dependencies all met for <TaskInstance: daily_paper.get_news_task manual__2022-12-12T16:32:19.552506+00:00 [queued]>
[2022-12-12 16:32:20,057] {taskinstance.py:1356} INFO - 
--------------------------------------------------------------------------------
[2022-12-12 16:32:20,060] {taskinstance.py:1357} INFO - Starting attempt 1 of 2
[2022-12-12 16:32:20,060] {taskinstance.py:1358} INFO - 
--------------------------------------------------------------------------------
[2022-12-12 16:32:20,075] {taskinstance.py:1377} INFO - Executing <Task(PythonOperator): get_news_task> on 2022-12-12 16:32:19.552506+00:00
[2022-12-12 16:32:20,079] {standard_task_runner.py:52} INFO - Started process 3021 to run task
[2022-12-12 16:32:20,084] {standard_task_runner.py:79} INFO - Running: ['***', 'tasks', 'run', 'daily_paper', 'get_news_task', 'manual__2022-12-12T16:32:19.552506+00:00', '--job-id', '149', '--raw', '--subdir', 'DAGS_FOLDER/morning-paper.py', '--cfg-path', '/tmp/tmpey3fvna4', '--error-file', '/tmp/tmpl4dqp1kd']
[2022-12-12 16:32:20,086] {standard_task_runner.py:80} INFO - Job 149: Subtask get_news_task
[2022-12-12 16:32:20,176] {task_command.py:369} INFO - Running <TaskInstance: daily_paper.get_news_task manual__2022-12-12T16:32:19.552506+00:00 [running]> on host cbcd6542cb8e
[2022-12-12 16:32:20,234] {taskinstance.py:1571} INFO - Exporting the following env vars:
AIRFLOW_CTX_DAG_EMAIL=akash.khamkar40@gmail.com
AIRFLOW_CTX_DAG_OWNER=akashk
AIRFLOW_CTX_DAG_ID=daily_paper
AIRFLOW_CTX_TASK_ID=get_news_task
AIRFLOW_CTX_EXECUTION_DATE=2022-12-12T16:32:19.552506+00:00
AIRFLOW_CTX_TRY_NUMBER=1
AIRFLOW_CTX_DAG_RUN_ID=manual__2022-12-12T16:32:19.552506+00:00
[2022-12-12 16:32:20,841] {python.py:173} INFO - Done. Returned value was: [{'title': 'Minister of Foreign Affairs meets Bill Gates', 'published_date': '2022-12-12 16:32:13', 'summary': 'DOHA: Deputy Prime Minister and Minister of Foreign Affairs HE Sheikh Mohammed bin Abdulrahman Al-Thani met on Monday with Co-Chair of the Bill & Melinda Gates Foundation Bill Gates, who is currently visiting the country.\nDuring the meeting, they discussed bilateral cooperation between Qatar Fund for Development and the Foundation, especially in the fields of agriculture and health.\nThe Co-Chair of the Bill & Melinda Gates Foundation congratulated the State of Qatar on its success in organizing the FIFA World Cup Qatar 2022.'}, {'title': 'Traumatised Orang Asli want a stop to land-clearing activities at Lojing Highlands during monsoon season', 'published_date': '2022-12-12 16:32:00', 'summary': 'GUA MUSANG: More than 3,000 Orang Asli in the Lojing Highlands here are appealing to the authorities to temporarily cease all agricultural and land-clearing activities in the area to prevent any untoward incident due to the current monsoon season.\n The Orang Asli community are in a state of vigil as they fear possible landslide and soil erosion.\n They are still traumatised following a landslide at Kilometer 92, Jalan Gua Musang-Lojing, early last year.\n One of them, Jeksen Syarif, 53, said during the monsoon season, the Orang Asli in the Lojing Highlands, especially those living in the agricultural areas, feared for their lives.'}, {'title': 'Anwar asked not to show favouritism or protect PH-DAP big wigs', 'published_date': '2022-12-12 16:32:00', 'summary': 'KUALA LUMPUR: The new Unity Government has been asked to take appropriate action by prioritising on issues that concern the people and not be selective or practice favouritism.\n Bersatu Information Chief Datuk Wan Saiful Wan Jan said that the government must now decide what must be prioritised for the people and not still practice the mentality of being the populist opposition.\n Wan Saiful pointed out that at present the people were restless, disappointed, frustrated and angry because of various issues and problems which among others include the increasing price of eggs and cement.'}]
[2022-12-12 16:32:20,862] {taskinstance.py:1400} INFO - Marking task as SUCCESS. dag_id=daily_paper, task_id=get_news_task, execution_date=20221212T163219, start_date=20221212T163220, end_date=20221212T163220
[2022-12-12 16:32:20,876] {local_task_job.py:156} INFO - Task exited with return code 0
[2022-12-12 16:32:20,903] {local_task_job.py:273} INFO - 0 downstream tasks scheduled from follow-on schedule check
