[2022-12-13 10:53:15,999] {taskinstance.py:1159} INFO - Dependencies all met for <TaskInstance: cereal_paper.get_joke_task manual__2022-12-13T10:53:15.322673+00:00 [queued]>
[2022-12-13 10:53:16,017] {taskinstance.py:1159} INFO - Dependencies all met for <TaskInstance: cereal_paper.get_joke_task manual__2022-12-13T10:53:15.322673+00:00 [queued]>
[2022-12-13 10:53:16,018] {taskinstance.py:1356} INFO - 
--------------------------------------------------------------------------------
[2022-12-13 10:53:16,019] {taskinstance.py:1357} INFO - Starting attempt 1 of 2
[2022-12-13 10:53:16,020] {taskinstance.py:1358} INFO - 
--------------------------------------------------------------------------------
[2022-12-13 10:53:16,042] {taskinstance.py:1377} INFO - Executing <Task(PythonOperator): get_joke_task> on 2022-12-13 10:53:15.322673+00:00
[2022-12-13 10:53:16,064] {standard_task_runner.py:52} INFO - Started process 201 to run task
[2022-12-13 10:53:16,074] {standard_task_runner.py:79} INFO - Running: ['***', 'tasks', 'run', 'cereal_paper', 'get_joke_task', 'manual__2022-12-13T10:53:15.322673+00:00', '--job-id', '124', '--raw', '--subdir', 'DAGS_FOLDER/cereal-paper.py', '--cfg-path', '/tmp/tmphln_2vqo', '--error-file', '/tmp/tmp22wl32dy']
[2022-12-13 10:53:16,080] {standard_task_runner.py:80} INFO - Job 124: Subtask get_joke_task
[2022-12-13 10:53:16,278] {task_command.py:369} INFO - Running <TaskInstance: cereal_paper.get_joke_task manual__2022-12-13T10:53:15.322673+00:00 [running]> on host 5cb924e8b79e
[2022-12-13 10:53:16,427] {taskinstance.py:1571} INFO - Exporting the following env vars:
AIRFLOW_CTX_DAG_EMAIL=cerealman@akashkhamkar.in
AIRFLOW_CTX_DAG_OWNER=akashk
AIRFLOW_CTX_DAG_ID=cereal_paper
AIRFLOW_CTX_TASK_ID=get_joke_task
AIRFLOW_CTX_EXECUTION_DATE=2022-12-13T10:53:15.322673+00:00
AIRFLOW_CTX_TRY_NUMBER=1
AIRFLOW_CTX_DAG_RUN_ID=manual__2022-12-13T10:53:15.322673+00:00
[2022-12-13 10:53:17,242] {logging_mixin.py:115} INFO - {'error': False, 'category': 'Pun', 'type': 'single', 'joke': 'How do you make holy water? You boil the hell out of it.', 'flags': {'nsfw': False, 'religious': True, 'political': False, 'racist': False, 'sexist': False, 'explicit': False}, 'id': 202, 'safe': False, 'lang': 'en'}
[2022-12-13 10:53:17,244] {python.py:173} INFO - Done. Returned value was: How do you make holy water? You boil the hell out of it.
[2022-12-13 10:53:17,335] {taskinstance.py:1400} INFO - Marking task as SUCCESS. dag_id=cereal_paper, task_id=get_joke_task, execution_date=20221213T105315, start_date=20221213T105316, end_date=20221213T105317
[2022-12-13 10:53:17,367] {local_task_job.py:156} INFO - Task exited with return code 0
[2022-12-13 10:53:17,432] {local_task_job.py:273} INFO - 0 downstream tasks scheduled from follow-on schedule check
