[2022-12-13 07:59:23,611] {taskinstance.py:1159} INFO - Dependencies all met for <TaskInstance: cereal_paper.get_joke_task manual__2022-12-13T07:59:22.889269+00:00 [queued]>
[2022-12-13 07:59:23,626] {taskinstance.py:1159} INFO - Dependencies all met for <TaskInstance: cereal_paper.get_joke_task manual__2022-12-13T07:59:22.889269+00:00 [queued]>
[2022-12-13 07:59:23,627] {taskinstance.py:1356} INFO - 
--------------------------------------------------------------------------------
[2022-12-13 07:59:23,628] {taskinstance.py:1357} INFO - Starting attempt 1 of 2
[2022-12-13 07:59:23,631] {taskinstance.py:1358} INFO - 
--------------------------------------------------------------------------------
[2022-12-13 07:59:23,645] {taskinstance.py:1377} INFO - Executing <Task(PythonOperator): get_joke_task> on 2022-12-13 07:59:22.889269+00:00
[2022-12-13 07:59:23,650] {standard_task_runner.py:52} INFO - Started process 445 to run task
[2022-12-13 07:59:23,662] {standard_task_runner.py:79} INFO - Running: ['***', 'tasks', 'run', 'cereal_paper', 'get_joke_task', 'manual__2022-12-13T07:59:22.889269+00:00', '--job-id', '59', '--raw', '--subdir', 'DAGS_FOLDER/cereal-paper.py', '--cfg-path', '/tmp/tmpubzs8k3h', '--error-file', '/tmp/tmpjt23zsip']
[2022-12-13 07:59:23,665] {standard_task_runner.py:80} INFO - Job 59: Subtask get_joke_task
[2022-12-13 07:59:23,842] {task_command.py:369} INFO - Running <TaskInstance: cereal_paper.get_joke_task manual__2022-12-13T07:59:22.889269+00:00 [running]> on host 5029e27bd97f
[2022-12-13 07:59:23,972] {taskinstance.py:1571} INFO - Exporting the following env vars:
AIRFLOW_CTX_DAG_EMAIL=akash.khamkar40@gmail.com
AIRFLOW_CTX_DAG_OWNER=akashk
AIRFLOW_CTX_DAG_ID=cereal_paper
AIRFLOW_CTX_TASK_ID=get_joke_task
AIRFLOW_CTX_EXECUTION_DATE=2022-12-13T07:59:22.889269+00:00
AIRFLOW_CTX_TRY_NUMBER=1
AIRFLOW_CTX_DAG_RUN_ID=manual__2022-12-13T07:59:22.889269+00:00
[2022-12-13 07:59:24,708] {logging_mixin.py:115} INFO - {'error': False, 'category': 'Misc', 'type': 'single', 'joke': 'A neutron walks into a bar and asks for a price on a drink.\nThe barkeeper says: "For you... no charge!"', 'flags': {'nsfw': False, 'religious': False, 'political': False, 'racist': False, 'sexist': False, 'explicit': False}, 'id': 73, 'safe': True, 'lang': 'en'}
[2022-12-13 07:59:24,711] {python.py:173} INFO - Done. Returned value was: A neutron walks into a bar and asks for a price on a drink.
The barkeeper says: "For you... no charge!"
[2022-12-13 07:59:24,788] {taskinstance.py:1400} INFO - Marking task as SUCCESS. dag_id=cereal_paper, task_id=get_joke_task, execution_date=20221213T075922, start_date=20221213T075923, end_date=20221213T075924
[2022-12-13 07:59:24,819] {local_task_job.py:156} INFO - Task exited with return code 0
[2022-12-13 07:59:24,869] {local_task_job.py:273} INFO - 0 downstream tasks scheduled from follow-on schedule check
