[2022-12-13 07:54:50,294] {taskinstance.py:1159} INFO - Dependencies all met for <TaskInstance: cereal_paper.get_joke_task manual__2022-12-13T07:54:49.156748+00:00 [queued]>
[2022-12-13 07:54:50,303] {taskinstance.py:1159} INFO - Dependencies all met for <TaskInstance: cereal_paper.get_joke_task manual__2022-12-13T07:54:49.156748+00:00 [queued]>
[2022-12-13 07:54:50,303] {taskinstance.py:1356} INFO - 
--------------------------------------------------------------------------------
[2022-12-13 07:54:50,304] {taskinstance.py:1357} INFO - Starting attempt 1 of 2
[2022-12-13 07:54:50,304] {taskinstance.py:1358} INFO - 
--------------------------------------------------------------------------------
[2022-12-13 07:54:50,315] {taskinstance.py:1377} INFO - Executing <Task(PythonOperator): get_joke_task> on 2022-12-13 07:54:49.156748+00:00
[2022-12-13 07:54:50,320] {standard_task_runner.py:52} INFO - Started process 358 to run task
[2022-12-13 07:54:50,325] {standard_task_runner.py:79} INFO - Running: ['***', 'tasks', 'run', 'cereal_paper', 'get_joke_task', 'manual__2022-12-13T07:54:49.156748+00:00', '--job-id', '42', '--raw', '--subdir', 'DAGS_FOLDER/cereal-paper.py', '--cfg-path', '/tmp/tmpsfzc34fz', '--error-file', '/tmp/tmpt4bkxc5t']
[2022-12-13 07:54:50,330] {standard_task_runner.py:80} INFO - Job 42: Subtask get_joke_task
[2022-12-13 07:54:50,492] {task_command.py:369} INFO - Running <TaskInstance: cereal_paper.get_joke_task manual__2022-12-13T07:54:49.156748+00:00 [running]> on host 5029e27bd97f
[2022-12-13 07:54:50,839] {taskinstance.py:1571} INFO - Exporting the following env vars:
AIRFLOW_CTX_DAG_EMAIL=akash.khamkar40@gmail.com
AIRFLOW_CTX_DAG_OWNER=akashk
AIRFLOW_CTX_DAG_ID=cereal_paper
AIRFLOW_CTX_TASK_ID=get_joke_task
AIRFLOW_CTX_EXECUTION_DATE=2022-12-13T07:54:49.156748+00:00
AIRFLOW_CTX_TRY_NUMBER=1
AIRFLOW_CTX_DAG_RUN_ID=manual__2022-12-13T07:54:49.156748+00:00
[2022-12-13 07:54:51,619] {logging_mixin.py:115} INFO - {'error': False, 'category': 'Programming', 'type': 'single', 'joke': "Hey Girl,\nRoses are #ff0000,\nViolets are #0000ff,\nI use hex codes,\nBut I'd use RGB for you.", 'flags': {'nsfw': False, 'religious': False, 'political': False, 'racist': False, 'sexist': False, 'explicit': False}, 'id': 41, 'safe': True, 'lang': 'en'}
[2022-12-13 07:54:51,619] {python.py:173} INFO - Done. Returned value was: Hey Girl,
Roses are #ff0000,
Violets are #0000ff,
I use hex codes,
But I'd use RGB for you.
[2022-12-13 07:54:51,663] {taskinstance.py:1400} INFO - Marking task as SUCCESS. dag_id=cereal_paper, task_id=get_joke_task, execution_date=20221213T075449, start_date=20221213T075450, end_date=20221213T075451
[2022-12-13 07:54:51,685] {local_task_job.py:156} INFO - Task exited with return code 0
[2022-12-13 07:54:51,735] {local_task_job.py:273} INFO - 0 downstream tasks scheduled from follow-on schedule check
