[2022-12-13 11:06:49,593] {taskinstance.py:1159} INFO - Dependencies all met for <TaskInstance: cereal_paper.get_songs_from_db_task manual__2022-12-13T11:06:48.177547+00:00 [queued]>
[2022-12-13 11:06:49,606] {taskinstance.py:1159} INFO - Dependencies all met for <TaskInstance: cereal_paper.get_songs_from_db_task manual__2022-12-13T11:06:48.177547+00:00 [queued]>
[2022-12-13 11:06:49,606] {taskinstance.py:1356} INFO - 
--------------------------------------------------------------------------------
[2022-12-13 11:06:49,607] {taskinstance.py:1357} INFO - Starting attempt 1 of 2
[2022-12-13 11:06:49,607] {taskinstance.py:1358} INFO - 
--------------------------------------------------------------------------------
[2022-12-13 11:06:49,620] {taskinstance.py:1377} INFO - Executing <Task(PythonOperator): get_songs_from_db_task> on 2022-12-13 11:06:48.177547+00:00
[2022-12-13 11:06:49,626] {standard_task_runner.py:52} INFO - Started process 195 to run task
[2022-12-13 11:06:49,629] {standard_task_runner.py:79} INFO - Running: ['***', 'tasks', 'run', 'cereal_paper', 'get_songs_from_db_task', 'manual__2022-12-13T11:06:48.177547+00:00', '--job-id', '148', '--raw', '--subdir', 'DAGS_FOLDER/cereal-paper.py', '--cfg-path', '/tmp/tmpucdty215', '--error-file', '/tmp/tmpqsn38y9_']
[2022-12-13 11:06:49,634] {standard_task_runner.py:80} INFO - Job 148: Subtask get_songs_from_db_task
[2022-12-13 11:06:49,777] {task_command.py:369} INFO - Running <TaskInstance: cereal_paper.get_songs_from_db_task manual__2022-12-13T11:06:48.177547+00:00 [running]> on host b1ba50e012c2
[2022-12-13 11:06:49,951] {taskinstance.py:1571} INFO - Exporting the following env vars:
AIRFLOW_CTX_DAG_EMAIL=cerealman@akashkhamkar.in
AIRFLOW_CTX_DAG_OWNER=akashk
AIRFLOW_CTX_DAG_ID=cereal_paper
AIRFLOW_CTX_TASK_ID=get_songs_from_db_task
AIRFLOW_CTX_EXECUTION_DATE=2022-12-13T11:06:48.177547+00:00
AIRFLOW_CTX_TRY_NUMBER=1
AIRFLOW_CTX_DAG_RUN_ID=manual__2022-12-13T11:06:48.177547+00:00
[2022-12-13 11:06:49,955] {base.py:68} INFO - Using connection ID 'my_postgres_default' for task execution.
[2022-12-13 11:06:49,974] {python.py:173} INFO - Done. Returned value was: [("Waitin' On The Day", 'Paradise Valley', 'John Mayer'), ('Go Easy On Me', 'The Complete 2012 Performances Collection', 'John Mayer'), ('Just What I Needed', 'The Cars', 'The Cars')]
[2022-12-13 11:06:50,025] {taskinstance.py:1400} INFO - Marking task as SUCCESS. dag_id=cereal_paper, task_id=get_songs_from_db_task, execution_date=20221213T110648, start_date=20221213T110649, end_date=20221213T110650
[2022-12-13 11:06:50,057] {local_task_job.py:156} INFO - Task exited with return code 0
[2022-12-13 11:06:50,103] {local_task_job.py:273} INFO - 0 downstream tasks scheduled from follow-on schedule check
