[2022-12-13 07:51:28,681] {taskinstance.py:1159} INFO - Dependencies all met for <TaskInstance: cereal_paper.get_joke_task manual__2022-12-13T07:51:27.617760+00:00 [queued]>
[2022-12-13 07:51:28,706] {taskinstance.py:1159} INFO - Dependencies all met for <TaskInstance: cereal_paper.get_joke_task manual__2022-12-13T07:51:27.617760+00:00 [queued]>
[2022-12-13 07:51:28,707] {taskinstance.py:1356} INFO - 
--------------------------------------------------------------------------------
[2022-12-13 07:51:28,707] {taskinstance.py:1357} INFO - Starting attempt 1 of 2
[2022-12-13 07:51:28,708] {taskinstance.py:1358} INFO - 
--------------------------------------------------------------------------------
[2022-12-13 07:51:28,726] {taskinstance.py:1377} INFO - Executing <Task(PythonOperator): get_joke_task> on 2022-12-13 07:51:27.617760+00:00
[2022-12-13 07:51:28,740] {standard_task_runner.py:52} INFO - Started process 209 to run task
[2022-12-13 07:51:28,749] {standard_task_runner.py:79} INFO - Running: ['***', 'tasks', 'run', 'cereal_paper', 'get_joke_task', 'manual__2022-12-13T07:51:27.617760+00:00', '--job-id', '10', '--raw', '--subdir', 'DAGS_FOLDER/cereal-paper.py', '--cfg-path', '/tmp/tmpn1amq1y5', '--error-file', '/tmp/tmp_wovcdgb']
[2022-12-13 07:51:28,758] {standard_task_runner.py:80} INFO - Job 10: Subtask get_joke_task
[2022-12-13 07:51:28,968] {task_command.py:369} INFO - Running <TaskInstance: cereal_paper.get_joke_task manual__2022-12-13T07:51:27.617760+00:00 [running]> on host 5029e27bd97f
[2022-12-13 07:51:29,310] {taskinstance.py:1571} INFO - Exporting the following env vars:
AIRFLOW_CTX_DAG_EMAIL=akash.khamkar40@gmail.com
AIRFLOW_CTX_DAG_OWNER=akashk
AIRFLOW_CTX_DAG_ID=cereal_paper
AIRFLOW_CTX_TASK_ID=get_joke_task
AIRFLOW_CTX_EXECUTION_DATE=2022-12-13T07:51:27.617760+00:00
AIRFLOW_CTX_TRY_NUMBER=1
AIRFLOW_CTX_DAG_RUN_ID=manual__2022-12-13T07:51:27.617760+00:00
[2022-12-13 07:51:30,281] {logging_mixin.py:115} INFO - {'error': False, 'category': 'Programming', 'type': 'single', 'joke': "I've got a really good UDP joke to tell you but I don’t know if you'll get it.", 'flags': {'nsfw': False, 'religious': False, 'political': False, 'racist': False, 'sexist': False, 'explicit': False}, 'id': 0, 'safe': True, 'lang': 'en'}
[2022-12-13 07:51:30,283] {python.py:173} INFO - Done. Returned value was: I've got a really good UDP joke to tell you but I don’t know if you'll get it.
[2022-12-13 07:51:30,366] {taskinstance.py:1400} INFO - Marking task as SUCCESS. dag_id=cereal_paper, task_id=get_joke_task, execution_date=20221213T075127, start_date=20221213T075128, end_date=20221213T075130
[2022-12-13 07:51:30,452] {local_task_job.py:156} INFO - Task exited with return code 0
[2022-12-13 07:51:30,580] {local_task_job.py:273} INFO - 0 downstream tasks scheduled from follow-on schedule check
