[2022-12-12 13:15:42,992] {taskinstance.py:1159} INFO - Dependencies all met for <TaskInstance: daily_Paper.get_quote_task manual__2022-12-12T13:15:41.876013+00:00 [queued]>
[2022-12-12 13:15:43,000] {taskinstance.py:1159} INFO - Dependencies all met for <TaskInstance: daily_Paper.get_quote_task manual__2022-12-12T13:15:41.876013+00:00 [queued]>
[2022-12-12 13:15:43,001] {taskinstance.py:1356} INFO - 
--------------------------------------------------------------------------------
[2022-12-12 13:15:43,001] {taskinstance.py:1357} INFO - Starting attempt 1 of 2
[2022-12-12 13:15:43,002] {taskinstance.py:1358} INFO - 
--------------------------------------------------------------------------------
[2022-12-12 13:15:43,013] {taskinstance.py:1377} INFO - Executing <Task(PythonOperator): get_quote_task> on 2022-12-12 13:15:41.876013+00:00
[2022-12-12 13:15:43,017] {standard_task_runner.py:52} INFO - Started process 1156 to run task
[2022-12-12 13:15:43,024] {standard_task_runner.py:79} INFO - Running: ['***', 'tasks', 'run', 'daily_Paper', 'get_quote_task', 'manual__2022-12-12T13:15:41.876013+00:00', '--job-id', '60', '--raw', '--subdir', 'DAGS_FOLDER/morning-paper.py', '--cfg-path', '/tmp/tmpmog2x75z', '--error-file', '/tmp/tmpf_f7ca3x']
[2022-12-12 13:15:43,026] {standard_task_runner.py:80} INFO - Job 60: Subtask get_quote_task
[2022-12-12 13:15:43,115] {task_command.py:369} INFO - Running <TaskInstance: daily_Paper.get_quote_task manual__2022-12-12T13:15:41.876013+00:00 [running]> on host cbcd6542cb8e
[2022-12-12 13:15:43,182] {taskinstance.py:1571} INFO - Exporting the following env vars:
AIRFLOW_CTX_DAG_EMAIL=akash.khamkar40@gmail.com
AIRFLOW_CTX_DAG_OWNER=akashk
AIRFLOW_CTX_DAG_ID=daily_Paper
AIRFLOW_CTX_TASK_ID=get_quote_task
AIRFLOW_CTX_EXECUTION_DATE=2022-12-12T13:15:41.876013+00:00
AIRFLOW_CTX_TRY_NUMBER=1
AIRFLOW_CTX_DAG_RUN_ID=manual__2022-12-12T13:15:41.876013+00:00
[2022-12-12 13:15:44,282] {logging_mixin.py:115} INFO - [{'q': 'Most people achieved their greatest success one step beyond what looked like their greatest failure.', 'a': 'Brian Tracy', 'h': '<blockquote>&ldquo;Most people achieved their greatest success one step beyond what looked like their greatest failure.&rdquo; &mdash; <footer>Brian Tracy</footer></blockquote>'}]
[2022-12-12 13:15:44,285] {python.py:173} INFO - Done. Returned value was: Most people achieved their greatest success one step beyond what looked like their greatest failure.
[2022-12-12 13:15:44,337] {taskinstance.py:1400} INFO - Marking task as SUCCESS. dag_id=daily_Paper, task_id=get_quote_task, execution_date=20221212T131541, start_date=20221212T131542, end_date=20221212T131544
[2022-12-12 13:15:44,364] {local_task_job.py:156} INFO - Task exited with return code 0
[2022-12-12 13:15:44,391] {local_task_job.py:273} INFO - 1 downstream tasks scheduled from follow-on schedule check
