[2022-12-12 18:41:49,532] {taskinstance.py:1159} INFO - Dependencies all met for <TaskInstance: daily_paper.combine_articles_task manual__2022-12-12T18:41:46.654536+00:00 [queued]>
[2022-12-12 18:41:49,537] {taskinstance.py:1159} INFO - Dependencies all met for <TaskInstance: daily_paper.combine_articles_task manual__2022-12-12T18:41:46.654536+00:00 [queued]>
[2022-12-12 18:41:49,537] {taskinstance.py:1356} INFO - 
--------------------------------------------------------------------------------
[2022-12-12 18:41:49,538] {taskinstance.py:1357} INFO - Starting attempt 1 of 2
[2022-12-12 18:41:49,538] {taskinstance.py:1358} INFO - 
--------------------------------------------------------------------------------
[2022-12-12 18:41:49,545] {taskinstance.py:1377} INFO - Executing <Task(PythonOperator): combine_articles_task> on 2022-12-12 18:41:46.654536+00:00
[2022-12-12 18:41:49,548] {standard_task_runner.py:52} INFO - Started process 2831 to run task
[2022-12-12 18:41:49,551] {standard_task_runner.py:79} INFO - Running: ['***', 'tasks', 'run', 'daily_paper', 'combine_articles_task', 'manual__2022-12-12T18:41:46.654536+00:00', '--job-id', '425', '--raw', '--subdir', 'DAGS_FOLDER/morning-paper.py', '--cfg-path', '/tmp/tmplbqjoq07', '--error-file', '/tmp/tmpzx0ahosz']
[2022-12-12 18:41:49,552] {standard_task_runner.py:80} INFO - Job 425: Subtask combine_articles_task
[2022-12-12 18:41:49,591] {task_command.py:369} INFO - Running <TaskInstance: daily_paper.combine_articles_task manual__2022-12-12T18:41:46.654536+00:00 [running]> on host 6bb81baa0a52
[2022-12-12 18:41:49,644] {taskinstance.py:1571} INFO - Exporting the following env vars:
AIRFLOW_CTX_DAG_EMAIL=akash.khamkar40@gmail.com
AIRFLOW_CTX_DAG_OWNER=akashk
AIRFLOW_CTX_DAG_ID=daily_paper
AIRFLOW_CTX_TASK_ID=combine_articles_task
AIRFLOW_CTX_EXECUTION_DATE=2022-12-12T18:41:46.654536+00:00
AIRFLOW_CTX_TRY_NUMBER=1
AIRFLOW_CTX_DAG_RUN_ID=manual__2022-12-12T18:41:46.654536+00:00
[2022-12-12 18:41:49,676] {logging_mixin.py:115} INFO - {'joke': 'A man is smoking a cigarette and blowing smoke rings into the air. His girlfriend becomes irritated with the smoke and says "Can\'t you see the warning on the cigarette pack? Smoking is hazardous to your health!" to which the man replies, "I am a programmer.  We don\'t worry about warnings; we only worry about errors."', 'quote': 'Most people achieved their greatest success one step beyond what looked like their greatest failure.', 'news': [{'title': 'Indore: After Gujarat drubbing, Congress braces for MP polls', 'published_date': '2022-12-12 18:25:25', 'summary': 'None'}, {'title': 'Puvvada distributes house pattas to 234 beneficiaries in Khammam city', 'published_date': '2022-12-12 18:25:16', 'summary': 'He handed over house pattas to the beneficiaries of 234 double bedroom houses at YSR Nagar Colony of 8th division in Khammam city on Monday.'}, {'title': 'Two-time Olympic Champion David Rudisha Survives Plane Crash', 'published_date': '2022-12-12 18:22:35', 'summary': 'Rudisha, the 800m world record holder, said he was grateful to be alive after surviving a plane crash on the weekend when his aircraft encountered trouble after having taken off from a Kenyan reserve'}], 'meme': 'https://redd.it/zk5bdh'}
[2022-12-12 18:41:49,677] {python.py:173} INFO - Done. Returned value was: {'joke': 'A man is smoking a cigarette and blowing smoke rings into the air. His girlfriend becomes irritated with the smoke and says "Can\'t you see the warning on the cigarette pack? Smoking is hazardous to your health!" to which the man replies, "I am a programmer.  We don\'t worry about warnings; we only worry about errors."', 'quote': 'Most people achieved their greatest success one step beyond what looked like their greatest failure.', 'news': [{'title': 'Indore: After Gujarat drubbing, Congress braces for MP polls', 'published_date': '2022-12-12 18:25:25', 'summary': 'None'}, {'title': 'Puvvada distributes house pattas to 234 beneficiaries in Khammam city', 'published_date': '2022-12-12 18:25:16', 'summary': 'He handed over house pattas to the beneficiaries of 234 double bedroom houses at YSR Nagar Colony of 8th division in Khammam city on Monday.'}, {'title': 'Two-time Olympic Champion David Rudisha Survives Plane Crash', 'published_date': '2022-12-12 18:22:35', 'summary': 'Rudisha, the 800m world record holder, said he was grateful to be alive after surviving a plane crash on the weekend when his aircraft encountered trouble after having taken off from a Kenyan reserve'}], 'meme': 'https://redd.it/zk5bdh'}
[2022-12-12 18:41:49,696] {taskinstance.py:1400} INFO - Marking task as SUCCESS. dag_id=daily_paper, task_id=combine_articles_task, execution_date=20221212T184146, start_date=20221212T184149, end_date=20221212T184149
[2022-12-12 18:41:49,724] {local_task_job.py:156} INFO - Task exited with return code 0
[2022-12-12 18:41:49,748] {local_task_job.py:273} INFO - 1 downstream tasks scheduled from follow-on schedule check
