[2022-12-12 12:16:02,966] {taskinstance.py:1159} INFO - Dependencies all met for <TaskInstance: daily_Paper.combine_articles_task manual__2022-12-12T12:16:00.929958+00:00 [queued]>
[2022-12-12 12:16:02,971] {taskinstance.py:1159} INFO - Dependencies all met for <TaskInstance: daily_Paper.combine_articles_task manual__2022-12-12T12:16:00.929958+00:00 [queued]>
[2022-12-12 12:16:02,971] {taskinstance.py:1356} INFO - 
--------------------------------------------------------------------------------
[2022-12-12 12:16:02,971] {taskinstance.py:1357} INFO - Starting attempt 1 of 2
[2022-12-12 12:16:02,972] {taskinstance.py:1358} INFO - 
--------------------------------------------------------------------------------
[2022-12-12 12:16:02,979] {taskinstance.py:1377} INFO - Executing <Task(PythonOperator): combine_articles_task> on 2022-12-12 12:16:00.929958+00:00
[2022-12-12 12:16:02,982] {standard_task_runner.py:52} INFO - Started process 339 to run task
[2022-12-12 12:16:02,985] {standard_task_runner.py:79} INFO - Running: ['***', 'tasks', 'run', 'daily_Paper', 'combine_articles_task', 'manual__2022-12-12T12:16:00.929958+00:00', '--job-id', '17', '--raw', '--subdir', 'DAGS_FOLDER/morning-paper.py', '--cfg-path', '/tmp/tmp_e9f5o41', '--error-file', '/tmp/tmpi_wis88t']
[2022-12-12 12:16:02,986] {standard_task_runner.py:80} INFO - Job 17: Subtask combine_articles_task
[2022-12-12 12:16:03,032] {task_command.py:369} INFO - Running <TaskInstance: daily_Paper.combine_articles_task manual__2022-12-12T12:16:00.929958+00:00 [running]> on host cbcd6542cb8e
[2022-12-12 12:16:03,086] {taskinstance.py:1571} INFO - Exporting the following env vars:
AIRFLOW_CTX_DAG_EMAIL=akash.khamkar40@gmail.com
AIRFLOW_CTX_DAG_OWNER=akashk
AIRFLOW_CTX_DAG_ID=daily_Paper
AIRFLOW_CTX_TASK_ID=combine_articles_task
AIRFLOW_CTX_EXECUTION_DATE=2022-12-12T12:16:00.929958+00:00
AIRFLOW_CTX_TRY_NUMBER=1
AIRFLOW_CTX_DAG_RUN_ID=manual__2022-12-12T12:16:00.929958+00:00
[2022-12-12 12:16:03,102] {logging_mixin.py:115} INFO - A programmer puts two glasses on his bedside table before going to sleep.
A full one, in case he gets thirsty, and an empty one, in case he doesn't. Most people achieved their greatest success one step beyond what looked like their greatest failure.
[2022-12-12 12:16:03,103] {python.py:173} INFO - Done. Returned value was: None
[2022-12-12 12:16:03,112] {taskinstance.py:1400} INFO - Marking task as SUCCESS. dag_id=daily_Paper, task_id=combine_articles_task, execution_date=20221212T121600, start_date=20221212T121602, end_date=20221212T121603
[2022-12-12 12:16:03,161] {local_task_job.py:156} INFO - Task exited with return code 0
[2022-12-12 12:16:03,184] {local_task_job.py:273} INFO - 0 downstream tasks scheduled from follow-on schedule check
