[2022-12-12 16:44:07,657] {taskinstance.py:1159} INFO - Dependencies all met for <TaskInstance: daily_paper.get_news_task manual__2022-12-12T16:44:06.988658+00:00 [queued]>
[2022-12-12 16:44:07,665] {taskinstance.py:1159} INFO - Dependencies all met for <TaskInstance: daily_paper.get_news_task manual__2022-12-12T16:44:06.988658+00:00 [queued]>
[2022-12-12 16:44:07,666] {taskinstance.py:1356} INFO - 
--------------------------------------------------------------------------------
[2022-12-12 16:44:07,666] {taskinstance.py:1357} INFO - Starting attempt 1 of 2
[2022-12-12 16:44:07,667] {taskinstance.py:1358} INFO - 
--------------------------------------------------------------------------------
[2022-12-12 16:44:07,678] {taskinstance.py:1377} INFO - Executing <Task(PythonOperator): get_news_task> on 2022-12-12 16:44:06.988658+00:00
[2022-12-12 16:44:07,682] {standard_task_runner.py:52} INFO - Started process 262 to run task
[2022-12-12 16:44:07,688] {standard_task_runner.py:79} INFO - Running: ['***', 'tasks', 'run', 'daily_paper', 'get_news_task', 'manual__2022-12-12T16:44:06.988658+00:00', '--job-id', '166', '--raw', '--subdir', 'DAGS_FOLDER/morning-paper.py', '--cfg-path', '/tmp/tmpbh5jhsjz', '--error-file', '/tmp/tmp36dp6771']
[2022-12-12 16:44:07,695] {standard_task_runner.py:80} INFO - Job 166: Subtask get_news_task
[2022-12-12 16:44:07,770] {task_command.py:369} INFO - Running <TaskInstance: daily_paper.get_news_task manual__2022-12-12T16:44:06.988658+00:00 [running]> on host 6bb81baa0a52
[2022-12-12 16:44:07,846] {taskinstance.py:1571} INFO - Exporting the following env vars:
AIRFLOW_CTX_DAG_EMAIL=akash.khamkar40@gmail.com
AIRFLOW_CTX_DAG_OWNER=akashk
AIRFLOW_CTX_DAG_ID=daily_paper
AIRFLOW_CTX_TASK_ID=get_news_task
AIRFLOW_CTX_EXECUTION_DATE=2022-12-12T16:44:06.988658+00:00
AIRFLOW_CTX_TRY_NUMBER=1
AIRFLOW_CTX_DAG_RUN_ID=manual__2022-12-12T16:44:06.988658+00:00
[2022-12-12 16:44:08,654] {python.py:173} INFO - Done. Returned value was: [{'title': 'No Code Development Platforms Software Market to Eyewitness Huge Growth by 2027: Quickbase, GeneXus, Mendix Technology, Quixy', 'published_date': '2022-12-12 16:43:56', 'summary': 'No Code Development Platforms Software Market to Eyewitness Huge Growth by 2027: Quickbase, GeneXus, Mendix Technology, Quixy\n\nNo Code Development Platforms Software Market\n\nhttps://www.advancemarketanalytics.com/sample-report/182458-global-no-code-development-platforms-software-market#utm_source=OpenPRLal\n\nhttps://www.advancemarketanalytics.com/enquiry-before-buy/182458-global-no-code-development-platforms-software-market#utm_source=OpenPRLal\n\nhttps://www.advancemarketanalytics.com/reports/182458-global-no-code-development-platforms-software-market#utm_source=OpenPRLal\n\nAdvance Market Analytics published a new research publication on "No Code Development Platforms Software Market Insights, to 2027" with 232 pages and enriched with self-explained Tables and charts in presentable format.'}, {'title': 'WEBR Stock Alert                    Halper Sadeh LLC Is Investigating Whether the Sale of Weber Inc. Is Fair to Shareholders', 'published_date': '2022-12-12 16:42:00', 'summary': 'Halper Sadeh LLC, an investor rights law firm, is investigating whether the sale of Weber Inc. (NYSE: WEBR) to affiliates of BDT Capital Partners LLC for $8.05 per share is fair to Weber\n shareholders.\n\n\n Halper Sadeh encourages Weber shareholders to click here to learn more about their legal rights and options or contact Daniel Sadeh or Zachary Halper at (212) 763-0060 or sadeh@halpersadeh.com or zhalper@halpersadeh.com.\n\n\n The investigation concerns whether Weber and its board of directors violated the federal securities laws and/or breached their fiduciary duties to shareholders by failing to, among other things:\n (1) obtain the best possible consideration for Weber shareholders; (2) determine whether BDT Capital is underpaying for Weber; and (3) disclose all material information necessary for Weber\n shareholders to adequately assess and value the merger consideration.'}, {'title': 'ELECTRONIC DESIGN AUTOMATION INDUSTRY LEADER SYNOPSYS SELECTS GEP FOR PROCUREMENT MANAGED SERVICES AND SOFTWARE TO DELIVER GREATER EFFICIENCY AND MITIGATE RISKS', 'published_date': '2022-12-12 16:41:00', 'summary': 'CLARK, N.J., Dec. 12, 2022 /PRNewswire/ --\xa0GEP, a leading provider of procurement and supply chain strategy, software and\n managed services to Fortune 500 and Global 2000 enterprises worldwide, announced today that it has been selected by Synopsys to provide procurement consulting, contracting and services under a\n multiyear agreement, following a competitive selection process.\n \n\n GEP Services will help Synopsys realize cost savings from its global spending through sourcing and contract management, managed services across multiple categories, including marketing, hardware\n and software, and professional services.'}]
[2022-12-12 16:44:08,696] {taskinstance.py:1400} INFO - Marking task as SUCCESS. dag_id=daily_paper, task_id=get_news_task, execution_date=20221212T164406, start_date=20221212T164407, end_date=20221212T164408
[2022-12-12 16:44:08,722] {local_task_job.py:156} INFO - Task exited with return code 0
[2022-12-12 16:44:08,750] {local_task_job.py:273} INFO - 0 downstream tasks scheduled from follow-on schedule check
