[2022-12-13 11:44:40,974] {taskinstance.py:1159} INFO - Dependencies all met for <TaskInstance: cereal_paper.get_songs_from_db_task manual__2022-12-13T11:44:39.899976+00:00 [queued]>
[2022-12-13 11:44:40,989] {taskinstance.py:1159} INFO - Dependencies all met for <TaskInstance: cereal_paper.get_songs_from_db_task manual__2022-12-13T11:44:39.899976+00:00 [queued]>
[2022-12-13 11:44:40,990] {taskinstance.py:1356} INFO - 
--------------------------------------------------------------------------------
[2022-12-13 11:44:40,990] {taskinstance.py:1357} INFO - Starting attempt 1 of 2
[2022-12-13 11:44:40,991] {taskinstance.py:1358} INFO - 
--------------------------------------------------------------------------------
[2022-12-13 11:44:41,009] {taskinstance.py:1377} INFO - Executing <Task(PythonOperator): get_songs_from_db_task> on 2022-12-13 11:44:39.899976+00:00
[2022-12-13 11:44:41,018] {standard_task_runner.py:52} INFO - Started process 678 to run task
[2022-12-13 11:44:41,025] {standard_task_runner.py:79} INFO - Running: ['***', 'tasks', 'run', 'cereal_paper', 'get_songs_from_db_task', 'manual__2022-12-13T11:44:39.899976+00:00', '--job-id', '204', '--raw', '--subdir', 'DAGS_FOLDER/cereal-paper.py', '--cfg-path', '/tmp/tmpjopga0ia', '--error-file', '/tmp/tmp49yntvh2']
[2022-12-13 11:44:41,027] {standard_task_runner.py:80} INFO - Job 204: Subtask get_songs_from_db_task
[2022-12-13 11:44:41,178] {task_command.py:369} INFO - Running <TaskInstance: cereal_paper.get_songs_from_db_task manual__2022-12-13T11:44:39.899976+00:00 [running]> on host 44822d5113ae
[2022-12-13 11:44:41,290] {taskinstance.py:1571} INFO - Exporting the following env vars:
AIRFLOW_CTX_DAG_EMAIL=cerealman@akashkhamkar.in
AIRFLOW_CTX_DAG_OWNER=akashk
AIRFLOW_CTX_DAG_ID=cereal_paper
AIRFLOW_CTX_TASK_ID=get_songs_from_db_task
AIRFLOW_CTX_EXECUTION_DATE=2022-12-13T11:44:39.899976+00:00
AIRFLOW_CTX_TRY_NUMBER=1
AIRFLOW_CTX_DAG_RUN_ID=manual__2022-12-13T11:44:39.899976+00:00
[2022-12-13 11:44:41,293] {base.py:68} INFO - Using connection ID 'my_postgres_default' for task execution.
[2022-12-13 11:44:41,309] {python.py:173} INFO - Done. Returned value was: [('Hummingbird', 'B.B. King & Friends - 80', 'B.B. King,John Mayer'), ('Out of Time', 'Dawn FM', 'The Weeknd'), ('Til Kingdom Come', 'X&Y', 'Coldplay')]
[2022-12-13 11:44:41,352] {taskinstance.py:1400} INFO - Marking task as SUCCESS. dag_id=cereal_paper, task_id=get_songs_from_db_task, execution_date=20221213T114439, start_date=20221213T114440, end_date=20221213T114441
[2022-12-13 11:44:41,402] {local_task_job.py:156} INFO - Task exited with return code 0
[2022-12-13 11:44:41,449] {local_task_job.py:273} INFO - 0 downstream tasks scheduled from follow-on schedule check
