[2022-12-12 18:43:59,098] {taskinstance.py:1159} INFO - Dependencies all met for <TaskInstance: daily_paper.combine_articles_task manual__2022-12-12T18:43:55.687118+00:00 [queued]>
[2022-12-12 18:43:59,103] {taskinstance.py:1159} INFO - Dependencies all met for <TaskInstance: daily_paper.combine_articles_task manual__2022-12-12T18:43:55.687118+00:00 [queued]>
[2022-12-12 18:43:59,104] {taskinstance.py:1356} INFO - 
--------------------------------------------------------------------------------
[2022-12-12 18:43:59,104] {taskinstance.py:1357} INFO - Starting attempt 1 of 2
[2022-12-12 18:43:59,105] {taskinstance.py:1358} INFO - 
--------------------------------------------------------------------------------
[2022-12-12 18:43:59,111] {taskinstance.py:1377} INFO - Executing <Task(PythonOperator): combine_articles_task> on 2022-12-12 18:43:55.687118+00:00
[2022-12-12 18:43:59,115] {standard_task_runner.py:52} INFO - Started process 2951 to run task
[2022-12-12 18:43:59,118] {standard_task_runner.py:79} INFO - Running: ['***', 'tasks', 'run', 'daily_paper', 'combine_articles_task', 'manual__2022-12-12T18:43:55.687118+00:00', '--job-id', '455', '--raw', '--subdir', 'DAGS_FOLDER/morning-paper.py', '--cfg-path', '/tmp/tmp7oejxer3', '--error-file', '/tmp/tmpjavgytea']
[2022-12-12 18:43:59,119] {standard_task_runner.py:80} INFO - Job 455: Subtask combine_articles_task
[2022-12-12 18:43:59,159] {task_command.py:369} INFO - Running <TaskInstance: daily_paper.combine_articles_task manual__2022-12-12T18:43:55.687118+00:00 [running]> on host 6bb81baa0a52
[2022-12-12 18:43:59,206] {taskinstance.py:1571} INFO - Exporting the following env vars:
AIRFLOW_CTX_DAG_EMAIL=akash.khamkar40@gmail.com
AIRFLOW_CTX_DAG_OWNER=akashk
AIRFLOW_CTX_DAG_ID=daily_paper
AIRFLOW_CTX_TASK_ID=combine_articles_task
AIRFLOW_CTX_EXECUTION_DATE=2022-12-12T18:43:55.687118+00:00
AIRFLOW_CTX_TRY_NUMBER=1
AIRFLOW_CTX_DAG_RUN_ID=manual__2022-12-12T18:43:55.687118+00:00
[2022-12-12 18:43:59,234] {logging_mixin.py:115} INFO - {'joke': "Debugging is like being the detective in a crime movie where you're also the murderer at the same time.", 'quote': 'Most people achieved their greatest success one step beyond what looked like their greatest failure.', 'news': [{'title': 'Indore: After Gujarat drubbing, Congress braces for MP polls', 'published_date': '2022-12-12 18:25:25', 'summary': 'None'}, {'title': 'Puvvada distributes house pattas to 234 beneficiaries in Khammam city', 'published_date': '2022-12-12 18:25:16', 'summary': 'He handed over house pattas to the beneficiaries of 234 double bedroom houses at YSR Nagar Colony of 8th division in Khammam city on Monday.'}, {'title': 'Two-time Olympic Champion David Rudisha Survives Plane Crash', 'published_date': '2022-12-12 18:22:35', 'summary': 'Rudisha, the 800m world record holder, said he was grateful to be alive after surviving a plane crash on the weekend when his aircraft encountered trouble after having taken off from a Kenyan reserve'}], 'meme': 'https://redd.it/zk0vm8'}
[2022-12-12 18:43:59,234] {python.py:173} INFO - Done. Returned value was: {'joke': "Debugging is like being the detective in a crime movie where you're also the murderer at the same time.", 'quote': 'Most people achieved their greatest success one step beyond what looked like their greatest failure.', 'news': [{'title': 'Indore: After Gujarat drubbing, Congress braces for MP polls', 'published_date': '2022-12-12 18:25:25', 'summary': 'None'}, {'title': 'Puvvada distributes house pattas to 234 beneficiaries in Khammam city', 'published_date': '2022-12-12 18:25:16', 'summary': 'He handed over house pattas to the beneficiaries of 234 double bedroom houses at YSR Nagar Colony of 8th division in Khammam city on Monday.'}, {'title': 'Two-time Olympic Champion David Rudisha Survives Plane Crash', 'published_date': '2022-12-12 18:22:35', 'summary': 'Rudisha, the 800m world record holder, said he was grateful to be alive after surviving a plane crash on the weekend when his aircraft encountered trouble after having taken off from a Kenyan reserve'}], 'meme': 'https://redd.it/zk0vm8'}
[2022-12-12 18:43:59,253] {taskinstance.py:1400} INFO - Marking task as SUCCESS. dag_id=daily_paper, task_id=combine_articles_task, execution_date=20221212T184355, start_date=20221212T184359, end_date=20221212T184359
[2022-12-12 18:43:59,292] {local_task_job.py:156} INFO - Task exited with return code 0
[2022-12-12 18:43:59,316] {local_task_job.py:273} INFO - 1 downstream tasks scheduled from follow-on schedule check
