[2022-12-12 17:55:09,130] {taskinstance.py:1159} INFO - Dependencies all met for <TaskInstance: daily_paper.combine_articles_task manual__2022-12-12T17:54:04.043409+00:00 [queued]>
[2022-12-12 17:55:09,136] {taskinstance.py:1159} INFO - Dependencies all met for <TaskInstance: daily_paper.combine_articles_task manual__2022-12-12T17:54:04.043409+00:00 [queued]>
[2022-12-12 17:55:09,136] {taskinstance.py:1356} INFO - 
--------------------------------------------------------------------------------
[2022-12-12 17:55:09,137] {taskinstance.py:1357} INFO - Starting attempt 1 of 2
[2022-12-12 17:55:09,137] {taskinstance.py:1358} INFO - 
--------------------------------------------------------------------------------
[2022-12-12 17:55:09,145] {taskinstance.py:1377} INFO - Executing <Task(PythonOperator): combine_articles_task> on 2022-12-12 17:54:04.043409+00:00
[2022-12-12 17:55:09,148] {standard_task_runner.py:52} INFO - Started process 1551 to run task
[2022-12-12 17:55:09,151] {standard_task_runner.py:79} INFO - Running: ['***', 'tasks', 'run', 'daily_paper', 'combine_articles_task', 'manual__2022-12-12T17:54:04.043409+00:00', '--job-id', '310', '--raw', '--subdir', 'DAGS_FOLDER/morning-paper.py', '--cfg-path', '/tmp/tmp6s93wdx9', '--error-file', '/tmp/tmpt99rpoai']
[2022-12-12 17:55:09,153] {standard_task_runner.py:80} INFO - Job 310: Subtask combine_articles_task
[2022-12-12 17:55:09,193] {task_command.py:369} INFO - Running <TaskInstance: daily_paper.combine_articles_task manual__2022-12-12T17:54:04.043409+00:00 [running]> on host 6bb81baa0a52
[2022-12-12 17:55:09,242] {taskinstance.py:1571} INFO - Exporting the following env vars:
AIRFLOW_CTX_DAG_EMAIL=akash.khamkar40@gmail.com
AIRFLOW_CTX_DAG_OWNER=akashk
AIRFLOW_CTX_DAG_ID=daily_paper
AIRFLOW_CTX_TASK_ID=combine_articles_task
AIRFLOW_CTX_EXECUTION_DATE=2022-12-12T17:54:04.043409+00:00
AIRFLOW_CTX_TRY_NUMBER=1
AIRFLOW_CTX_DAG_RUN_ID=manual__2022-12-12T17:54:04.043409+00:00
[2022-12-12 17:55:09,273] {logging_mixin.py:115} INFO - {'joke': '"Knock, knock."\n"Who\'s there?"\n\n[very long pause]\n\n"Java."', 'quote': 'Most people achieved their greatest success one step beyond what looked like their greatest failure.', 'news': [{'title': 'Starmer gets a tattoo', 'published_date': '2022-12-12 17:39:46', 'summary': 'Speaking on LBC, Starmer insisted there would be no deal with the SNP even if that meant the Tories got another 5 years. No deal with the SNP he announced was tattooed on his forehead so we thought that was worth a picture to show the reality of Starmer face to face with the Tories […] The post Starmer gets a tattoo appeared first on Newsnet.scot.'}, {'title': "Les réseaux sociaux pleurent la mort de l'artiste congolaise Tshala Muana", 'published_date': '2022-12-12 17:39:45', 'summary': 'Tshala Muana, dite « Mamu Nationale » ou « La reine du Mutuashi », est décédée samedi 10 décembre à Kinshasa. Sur les réseaux sociaux, fans et célébrités expriment leur désarroi après le décès de la célèbre artiste originaire de la province du Kasaï occidental, en RDC.'}, {'title': "Death under investigation in Deep River; police say no 'imminent threat' to public", 'published_date': '2022-12-12 17:39:18', 'summary': None}], 'meme': 'https://redd.it/zjm5gt'}
[2022-12-12 17:55:09,273] {python.py:173} INFO - Done. Returned value was: {'joke': '"Knock, knock."\n"Who\'s there?"\n\n[very long pause]\n\n"Java."', 'quote': 'Most people achieved their greatest success one step beyond what looked like their greatest failure.', 'news': [{'title': 'Starmer gets a tattoo', 'published_date': '2022-12-12 17:39:46', 'summary': 'Speaking on LBC, Starmer insisted there would be no deal with the SNP even if that meant the Tories got another 5 years. No deal with the SNP he announced was tattooed on his forehead so we thought that was worth a picture to show the reality of Starmer face to face with the Tories […] The post Starmer gets a tattoo appeared first on Newsnet.scot.'}, {'title': "Les réseaux sociaux pleurent la mort de l'artiste congolaise Tshala Muana", 'published_date': '2022-12-12 17:39:45', 'summary': 'Tshala Muana, dite « Mamu Nationale » ou « La reine du Mutuashi », est décédée samedi 10 décembre à Kinshasa. Sur les réseaux sociaux, fans et célébrités expriment leur désarroi après le décès de la célèbre artiste originaire de la province du Kasaï occidental, en RDC.'}, {'title': "Death under investigation in Deep River; police say no 'imminent threat' to public", 'published_date': '2022-12-12 17:39:18', 'summary': None}], 'meme': 'https://redd.it/zjm5gt'}
[2022-12-12 17:55:09,294] {taskinstance.py:1400} INFO - Marking task as SUCCESS. dag_id=daily_paper, task_id=combine_articles_task, execution_date=20221212T175404, start_date=20221212T175509, end_date=20221212T175509
[2022-12-12 17:55:09,324] {local_task_job.py:156} INFO - Task exited with return code 0
[2022-12-12 17:55:09,349] {local_task_job.py:273} INFO - 1 downstream tasks scheduled from follow-on schedule check
