[2022-12-13 09:53:20,773] {taskinstance.py:1159} INFO - Dependencies all met for <TaskInstance: cereal_paper.save_to_db_task manual__2022-12-13T09:52:15.702096+00:00 [queued]>
[2022-12-13 09:53:20,779] {taskinstance.py:1159} INFO - Dependencies all met for <TaskInstance: cereal_paper.save_to_db_task manual__2022-12-13T09:52:15.702096+00:00 [queued]>
[2022-12-13 09:53:20,780] {taskinstance.py:1356} INFO - 
--------------------------------------------------------------------------------
[2022-12-13 09:53:20,780] {taskinstance.py:1357} INFO - Starting attempt 2 of 2
[2022-12-13 09:53:20,781] {taskinstance.py:1358} INFO - 
--------------------------------------------------------------------------------
[2022-12-13 09:53:20,789] {taskinstance.py:1377} INFO - Executing <Task(PythonOperator): save_to_db_task> on 2022-12-13 09:52:15.702096+00:00
[2022-12-13 09:53:20,793] {standard_task_runner.py:52} INFO - Started process 389 to run task
[2022-12-13 09:53:20,797] {standard_task_runner.py:79} INFO - Running: ['***', 'tasks', 'run', 'cereal_paper', 'save_to_db_task', 'manual__2022-12-13T09:52:15.702096+00:00', '--job-id', '94', '--raw', '--subdir', 'DAGS_FOLDER/cereal-paper.py', '--cfg-path', '/tmp/tmpa_feitdj', '--error-file', '/tmp/tmpbl236x19']
[2022-12-13 09:53:20,816] {standard_task_runner.py:80} INFO - Job 94: Subtask save_to_db_task
[2022-12-13 09:53:20,892] {task_command.py:369} INFO - Running <TaskInstance: cereal_paper.save_to_db_task manual__2022-12-13T09:52:15.702096+00:00 [running]> on host 2c020bbaa31c
[2022-12-13 09:53:20,973] {taskinstance.py:1571} INFO - Exporting the following env vars:
AIRFLOW_CTX_DAG_EMAIL=akash.khamkar40@gmail.com
AIRFLOW_CTX_DAG_OWNER=akashk
AIRFLOW_CTX_DAG_ID=cereal_paper
AIRFLOW_CTX_TASK_ID=save_to_db_task
AIRFLOW_CTX_EXECUTION_DATE=2022-12-13T09:52:15.702096+00:00
AIRFLOW_CTX_TRY_NUMBER=2
AIRFLOW_CTX_DAG_RUN_ID=manual__2022-12-13T09:52:15.702096+00:00
[2022-12-13 09:53:21,003] {python.py:173} INFO - Done. Returned value was: None
[2022-12-13 09:53:21,140] {taskinstance.py:1400} INFO - Marking task as SUCCESS. dag_id=cereal_paper, task_id=save_to_db_task, execution_date=20221213T095215, start_date=20221213T095320, end_date=20221213T095321
[2022-12-13 09:53:21,191] {local_task_job.py:156} INFO - Task exited with return code 0
[2022-12-13 09:53:21,232] {local_task_job.py:273} INFO - 0 downstream tasks scheduled from follow-on schedule check
