[2022-12-12 13:07:49,236] {taskinstance.py:1159} INFO - Dependencies all met for <TaskInstance: daily_Paper.get_joke_task manual__2022-12-12T13:07:48.560093+00:00 [queued]>
[2022-12-12 13:07:49,243] {taskinstance.py:1159} INFO - Dependencies all met for <TaskInstance: daily_Paper.get_joke_task manual__2022-12-12T13:07:48.560093+00:00 [queued]>
[2022-12-12 13:07:49,244] {taskinstance.py:1356} INFO - 
--------------------------------------------------------------------------------
[2022-12-12 13:07:49,244] {taskinstance.py:1357} INFO - Starting attempt 1 of 2
[2022-12-12 13:07:49,245] {taskinstance.py:1358} INFO - 
--------------------------------------------------------------------------------
[2022-12-12 13:07:49,254] {taskinstance.py:1377} INFO - Executing <Task(PythonOperator): get_joke_task> on 2022-12-12 13:07:48.560093+00:00
[2022-12-12 13:07:49,258] {standard_task_runner.py:52} INFO - Started process 1046 to run task
[2022-12-12 13:07:49,263] {standard_task_runner.py:79} INFO - Running: ['***', 'tasks', 'run', 'daily_Paper', 'get_joke_task', 'manual__2022-12-12T13:07:48.560093+00:00', '--job-id', '44', '--raw', '--subdir', 'DAGS_FOLDER/morning-paper.py', '--cfg-path', '/tmp/tmptgb5_yl4', '--error-file', '/tmp/tmpejg5r7sh']
[2022-12-12 13:07:49,267] {standard_task_runner.py:80} INFO - Job 44: Subtask get_joke_task
[2022-12-12 13:07:49,359] {task_command.py:369} INFO - Running <TaskInstance: daily_Paper.get_joke_task manual__2022-12-12T13:07:48.560093+00:00 [running]> on host cbcd6542cb8e
[2022-12-12 13:07:49,439] {taskinstance.py:1571} INFO - Exporting the following env vars:
AIRFLOW_CTX_DAG_EMAIL=akash.khamkar40@gmail.com
AIRFLOW_CTX_DAG_OWNER=akashk
AIRFLOW_CTX_DAG_ID=daily_Paper
AIRFLOW_CTX_TASK_ID=get_joke_task
AIRFLOW_CTX_EXECUTION_DATE=2022-12-12T13:07:48.560093+00:00
AIRFLOW_CTX_TRY_NUMBER=1
AIRFLOW_CTX_DAG_RUN_ID=manual__2022-12-12T13:07:48.560093+00:00
[2022-12-12 13:07:50,154] {logging_mixin.py:115} INFO - {'error': False, 'category': 'Programming', 'type': 'single', 'joke': "Algorithm: A word used by programmers when they don't want to explain how their code works.", 'flags': {'nsfw': False, 'religious': False, 'political': False, 'racist': False, 'sexist': False, 'explicit': False}, 'id': 51, 'safe': True, 'lang': 'en'}
[2022-12-12 13:07:50,157] {python.py:173} INFO - Done. Returned value was: Algorithm: A word used by programmers when they don't want to explain how their code works.
[2022-12-12 13:07:50,202] {taskinstance.py:1400} INFO - Marking task as SUCCESS. dag_id=daily_Paper, task_id=get_joke_task, execution_date=20221212T130748, start_date=20221212T130749, end_date=20221212T130750
[2022-12-12 13:07:50,253] {local_task_job.py:156} INFO - Task exited with return code 0
[2022-12-12 13:07:50,280] {local_task_job.py:273} INFO - 0 downstream tasks scheduled from follow-on schedule check
