[2022-12-12 12:07:08,661] {taskinstance.py:1159} INFO - Dependencies all met for <TaskInstance: daily_Paper.get_quote_task scheduled__2022-12-11T00:00:00+00:00 [queued]>
[2022-12-12 12:07:08,667] {taskinstance.py:1159} INFO - Dependencies all met for <TaskInstance: daily_Paper.get_quote_task scheduled__2022-12-11T00:00:00+00:00 [queued]>
[2022-12-12 12:07:08,668] {taskinstance.py:1356} INFO - 
--------------------------------------------------------------------------------
[2022-12-12 12:07:08,669] {taskinstance.py:1357} INFO - Starting attempt 1 of 2
[2022-12-12 12:07:08,669] {taskinstance.py:1358} INFO - 
--------------------------------------------------------------------------------
[2022-12-12 12:07:08,680] {taskinstance.py:1377} INFO - Executing <Task(PythonOperator): get_quote_task> on 2022-12-11 00:00:00+00:00
[2022-12-12 12:07:08,684] {standard_task_runner.py:52} INFO - Started process 198 to run task
[2022-12-12 12:07:08,692] {standard_task_runner.py:79} INFO - Running: ['***', 'tasks', 'run', 'daily_Paper', 'get_quote_task', 'scheduled__2022-12-11T00:00:00+00:00', '--job-id', '4', '--raw', '--subdir', 'DAGS_FOLDER/morning-paper.py', '--cfg-path', '/tmp/tmp8eety3f9', '--error-file', '/tmp/tmp0qsz43b1']
[2022-12-12 12:07:08,694] {standard_task_runner.py:80} INFO - Job 4: Subtask get_quote_task
[2022-12-12 12:07:08,775] {task_command.py:369} INFO - Running <TaskInstance: daily_Paper.get_quote_task scheduled__2022-12-11T00:00:00+00:00 [running]> on host cbcd6542cb8e
[2022-12-12 12:07:08,874] {taskinstance.py:1571} INFO - Exporting the following env vars:
AIRFLOW_CTX_DAG_EMAIL=akash.khamkar40@gmail.com
AIRFLOW_CTX_DAG_OWNER=akashk
AIRFLOW_CTX_DAG_ID=daily_Paper
AIRFLOW_CTX_TASK_ID=get_quote_task
AIRFLOW_CTX_EXECUTION_DATE=2022-12-11T00:00:00+00:00
AIRFLOW_CTX_TRY_NUMBER=1
AIRFLOW_CTX_DAG_RUN_ID=scheduled__2022-12-11T00:00:00+00:00
[2022-12-12 12:07:10,320] {logging_mixin.py:115} INFO - [{'q': 'Most people achieved their greatest success one step beyond what looked like their greatest failure.', 'a': 'Brian Tracy', 'h': '<blockquote>&ldquo;Most people achieved their greatest success one step beyond what looked like their greatest failure.&rdquo; &mdash; <footer>Brian Tracy</footer></blockquote>'}]
[2022-12-12 12:07:10,322] {python.py:173} INFO - Done. Returned value was: Most people achieved their greatest success one step beyond what looked like their greatest failure.
[2022-12-12 12:07:10,372] {taskinstance.py:1400} INFO - Marking task as SUCCESS. dag_id=daily_Paper, task_id=get_quote_task, execution_date=20221211T000000, start_date=20221212T120708, end_date=20221212T120710
[2022-12-12 12:07:10,419] {local_task_job.py:156} INFO - Task exited with return code 0
[2022-12-12 12:07:10,451] {local_task_job.py:273} INFO - 0 downstream tasks scheduled from follow-on schedule check
[2022-12-12 14:19:33,857] {taskinstance.py:1159} INFO - Dependencies all met for <TaskInstance: daily_paper.get_quote_task scheduled__2022-12-11T00:00:00+00:00 [queued]>
[2022-12-12 14:19:33,867] {taskinstance.py:1159} INFO - Dependencies all met for <TaskInstance: daily_paper.get_quote_task scheduled__2022-12-11T00:00:00+00:00 [queued]>
[2022-12-12 14:19:33,867] {taskinstance.py:1356} INFO - 
--------------------------------------------------------------------------------
[2022-12-12 14:19:33,868] {taskinstance.py:1357} INFO - Starting attempt 1 of 2
[2022-12-12 14:19:33,868] {taskinstance.py:1358} INFO - 
--------------------------------------------------------------------------------
[2022-12-12 14:19:33,909] {taskinstance.py:1377} INFO - Executing <Task(PythonOperator): get_quote_task> on 2022-12-11 00:00:00+00:00
[2022-12-12 14:19:33,924] {standard_task_runner.py:52} INFO - Started process 1717 to run task
[2022-12-12 14:19:33,945] {standard_task_runner.py:79} INFO - Running: ['***', 'tasks', 'run', 'daily_paper', 'get_quote_task', 'scheduled__2022-12-11T00:00:00+00:00', '--job-id', '101', '--raw', '--subdir', 'DAGS_FOLDER/morning-paper.py', '--cfg-path', '/tmp/tmpzh7wbbwm', '--error-file', '/tmp/tmprj94frk_']
[2022-12-12 14:19:33,954] {standard_task_runner.py:80} INFO - Job 101: Subtask get_quote_task
[2022-12-12 14:19:34,113] {task_command.py:369} INFO - Running <TaskInstance: daily_paper.get_quote_task scheduled__2022-12-11T00:00:00+00:00 [running]> on host cbcd6542cb8e
[2022-12-12 14:19:34,195] {taskinstance.py:1571} INFO - Exporting the following env vars:
AIRFLOW_CTX_DAG_EMAIL=akash.khamkar40@gmail.com
AIRFLOW_CTX_DAG_OWNER=akashk
AIRFLOW_CTX_DAG_ID=daily_paper
AIRFLOW_CTX_TASK_ID=get_quote_task
AIRFLOW_CTX_EXECUTION_DATE=2022-12-11T00:00:00+00:00
AIRFLOW_CTX_TRY_NUMBER=1
AIRFLOW_CTX_DAG_RUN_ID=scheduled__2022-12-11T00:00:00+00:00
[2022-12-12 14:19:35,451] {logging_mixin.py:115} INFO - [{'q': 'Most people achieved their greatest success one step beyond what looked like their greatest failure.', 'a': 'Brian Tracy', 'h': '<blockquote>&ldquo;Most people achieved their greatest success one step beyond what looked like their greatest failure.&rdquo; &mdash; <footer>Brian Tracy</footer></blockquote>'}]
[2022-12-12 14:19:35,457] {python.py:173} INFO - Done. Returned value was: Most people achieved their greatest success one step beyond what looked like their greatest failure.
[2022-12-12 14:19:35,502] {taskinstance.py:1400} INFO - Marking task as SUCCESS. dag_id=daily_paper, task_id=get_quote_task, execution_date=20221211T000000, start_date=20221212T141933, end_date=20221212T141935
[2022-12-12 14:19:35,537] {local_task_job.py:156} INFO - Task exited with return code 0
[2022-12-12 14:19:35,564] {local_task_job.py:273} INFO - 0 downstream tasks scheduled from follow-on schedule check
