[2022-12-12 18:09:06,180] {taskinstance.py:1159} INFO - Dependencies all met for <TaskInstance: daily_paper.get_joke_task manual__2022-12-12T18:09:05.229017+00:00 [queued]>
[2022-12-12 18:09:06,191] {taskinstance.py:1159} INFO - Dependencies all met for <TaskInstance: daily_paper.get_joke_task manual__2022-12-12T18:09:05.229017+00:00 [queued]>
[2022-12-12 18:09:06,192] {taskinstance.py:1356} INFO - 
--------------------------------------------------------------------------------
[2022-12-12 18:09:06,193] {taskinstance.py:1357} INFO - Starting attempt 1 of 2
[2022-12-12 18:09:06,193] {taskinstance.py:1358} INFO - 
--------------------------------------------------------------------------------
[2022-12-12 18:09:06,207] {taskinstance.py:1377} INFO - Executing <Task(PythonOperator): get_joke_task> on 2022-12-12 18:09:05.229017+00:00
[2022-12-12 18:09:06,212] {standard_task_runner.py:52} INFO - Started process 2008 to run task
[2022-12-12 18:09:06,217] {standard_task_runner.py:79} INFO - Running: ['***', 'tasks', 'run', 'daily_paper', 'get_joke_task', 'manual__2022-12-12T18:09:05.229017+00:00', '--job-id', '366', '--raw', '--subdir', 'DAGS_FOLDER/morning-paper.py', '--cfg-path', '/tmp/tmp_xtjsvuk', '--error-file', '/tmp/tmp9mix9o2i']
[2022-12-12 18:09:06,219] {standard_task_runner.py:80} INFO - Job 366: Subtask get_joke_task
[2022-12-12 18:09:06,290] {task_command.py:369} INFO - Running <TaskInstance: daily_paper.get_joke_task manual__2022-12-12T18:09:05.229017+00:00 [running]> on host 6bb81baa0a52
[2022-12-12 18:09:06,376] {taskinstance.py:1571} INFO - Exporting the following env vars:
AIRFLOW_CTX_DAG_EMAIL=akash.khamkar40@gmail.com
AIRFLOW_CTX_DAG_OWNER=akashk
AIRFLOW_CTX_DAG_ID=daily_paper
AIRFLOW_CTX_TASK_ID=get_joke_task
AIRFLOW_CTX_EXECUTION_DATE=2022-12-12T18:09:05.229017+00:00
AIRFLOW_CTX_TRY_NUMBER=1
AIRFLOW_CTX_DAG_RUN_ID=manual__2022-12-12T18:09:05.229017+00:00
[2022-12-12 18:09:07,443] {logging_mixin.py:115} INFO - {'error': False, 'category': 'Misc', 'type': 'single', 'joke': 'My husband and I were happy for 20 years. And then we met.', 'flags': {'nsfw': False, 'religious': False, 'political': False, 'racist': False, 'sexist': False, 'explicit': False}, 'safe': True, 'id': 273, 'lang': 'en'}
[2022-12-12 18:09:07,444] {python.py:173} INFO - Done. Returned value was: My husband and I were happy for 20 years. And then we met.
[2022-12-12 18:09:07,480] {taskinstance.py:1400} INFO - Marking task as SUCCESS. dag_id=daily_paper, task_id=get_joke_task, execution_date=20221212T180905, start_date=20221212T180906, end_date=20221212T180907
[2022-12-12 18:09:07,514] {local_task_job.py:156} INFO - Task exited with return code 0
[2022-12-12 18:09:07,542] {local_task_job.py:273} INFO - 0 downstream tasks scheduled from follow-on schedule check
