[2022-12-12 17:54:04,565] {taskinstance.py:1159} INFO - Dependencies all met for <TaskInstance: daily_paper.get_news_task manual__2022-12-12T17:54:04.043409+00:00 [queued]>
[2022-12-12 17:54:04,572] {taskinstance.py:1159} INFO - Dependencies all met for <TaskInstance: daily_paper.get_news_task manual__2022-12-12T17:54:04.043409+00:00 [queued]>
[2022-12-12 17:54:04,573] {taskinstance.py:1356} INFO - 
--------------------------------------------------------------------------------
[2022-12-12 17:54:04,574] {taskinstance.py:1357} INFO - Starting attempt 1 of 2
[2022-12-12 17:54:04,574] {taskinstance.py:1358} INFO - 
--------------------------------------------------------------------------------
[2022-12-12 17:54:04,584] {taskinstance.py:1377} INFO - Executing <Task(PythonOperator): get_news_task> on 2022-12-12 17:54:04.043409+00:00
[2022-12-12 17:54:04,588] {standard_task_runner.py:52} INFO - Started process 1513 to run task
[2022-12-12 17:54:04,595] {standard_task_runner.py:79} INFO - Running: ['***', 'tasks', 'run', 'daily_paper', 'get_news_task', 'manual__2022-12-12T17:54:04.043409+00:00', '--job-id', '299', '--raw', '--subdir', 'DAGS_FOLDER/morning-paper.py', '--cfg-path', '/tmp/tmp02lob7jk', '--error-file', '/tmp/tmp61jtfy__']
[2022-12-12 17:54:04,596] {standard_task_runner.py:80} INFO - Job 299: Subtask get_news_task
[2022-12-12 17:54:04,684] {task_command.py:369} INFO - Running <TaskInstance: daily_paper.get_news_task manual__2022-12-12T17:54:04.043409+00:00 [running]> on host 6bb81baa0a52
[2022-12-12 17:54:04,774] {taskinstance.py:1571} INFO - Exporting the following env vars:
AIRFLOW_CTX_DAG_EMAIL=akash.khamkar40@gmail.com
AIRFLOW_CTX_DAG_OWNER=akashk
AIRFLOW_CTX_DAG_ID=daily_paper
AIRFLOW_CTX_TASK_ID=get_news_task
AIRFLOW_CTX_EXECUTION_DATE=2022-12-12T17:54:04.043409+00:00
AIRFLOW_CTX_TRY_NUMBER=1
AIRFLOW_CTX_DAG_RUN_ID=manual__2022-12-12T17:54:04.043409+00:00
[2022-12-12 17:54:05,880] {taskinstance.py:1889} ERROR - Task failed with exception
Traceback (most recent call last):
  File "/home/airflow/.local/lib/python3.7/site-packages/airflow/operators/python.py", line 171, in execute
    return_value = self.execute_callable()
  File "/home/airflow/.local/lib/python3.7/site-packages/airflow/operators/python.py", line 189, in execute_callable
    return self.python_callable(*self.op_args, **self.op_kwargs)
  File "/opt/airflow/dags/morning_paper_src/news.py", line 17, in get_news
    new_article['published_date'] = article['published_date']
KeyError: 'published_date'
[2022-12-12 17:54:05,890] {taskinstance.py:1400} INFO - Marking task as UP_FOR_RETRY. dag_id=daily_paper, task_id=get_news_task, execution_date=20221212T175404, start_date=20221212T175404, end_date=20221212T175405
[2022-12-12 17:54:05,899] {standard_task_runner.py:97} ERROR - Failed to execute job 299 for task get_news_task ('published_date'; 1513)
[2022-12-12 17:54:05,926] {local_task_job.py:156} INFO - Task exited with return code 1
[2022-12-12 17:54:05,954] {local_task_job.py:273} INFO - 0 downstream tasks scheduled from follow-on schedule check
