[2022-12-12 12:43:07,896] {taskinstance.py:1159} INFO - Dependencies all met for <TaskInstance: daily_Paper.get_quote_task manual__2022-12-12T12:43:07.507560+00:00 [queued]>
[2022-12-12 12:43:07,904] {taskinstance.py:1159} INFO - Dependencies all met for <TaskInstance: daily_Paper.get_quote_task manual__2022-12-12T12:43:07.507560+00:00 [queued]>
[2022-12-12 12:43:07,905] {taskinstance.py:1356} INFO - 
--------------------------------------------------------------------------------
[2022-12-12 12:43:07,906] {taskinstance.py:1357} INFO - Starting attempt 1 of 2
[2022-12-12 12:43:07,907] {taskinstance.py:1358} INFO - 
--------------------------------------------------------------------------------
[2022-12-12 12:43:07,923] {taskinstance.py:1377} INFO - Executing <Task(PythonOperator): get_quote_task> on 2022-12-12 12:43:07.507560+00:00
[2022-12-12 12:43:07,930] {standard_task_runner.py:52} INFO - Started process 731 to run task
[2022-12-12 12:43:07,937] {standard_task_runner.py:79} INFO - Running: ['***', 'tasks', 'run', 'daily_Paper', 'get_quote_task', 'manual__2022-12-12T12:43:07.507560+00:00', '--job-id', '22', '--raw', '--subdir', 'DAGS_FOLDER/morning-paper.py', '--cfg-path', '/tmp/tmpwsdys69u', '--error-file', '/tmp/tmpqohhod3n']
[2022-12-12 12:43:07,939] {standard_task_runner.py:80} INFO - Job 22: Subtask get_quote_task
[2022-12-12 12:43:07,995] {task_command.py:369} INFO - Running <TaskInstance: daily_Paper.get_quote_task manual__2022-12-12T12:43:07.507560+00:00 [running]> on host cbcd6542cb8e
[2022-12-12 12:43:08,067] {taskinstance.py:1571} INFO - Exporting the following env vars:
AIRFLOW_CTX_DAG_EMAIL=akash.khamkar40@gmail.com
AIRFLOW_CTX_DAG_OWNER=akashk
AIRFLOW_CTX_DAG_ID=daily_Paper
AIRFLOW_CTX_TASK_ID=get_quote_task
AIRFLOW_CTX_EXECUTION_DATE=2022-12-12T12:43:07.507560+00:00
AIRFLOW_CTX_TRY_NUMBER=1
AIRFLOW_CTX_DAG_RUN_ID=manual__2022-12-12T12:43:07.507560+00:00
[2022-12-12 12:43:09,416] {logging_mixin.py:115} INFO - [{'q': 'Most people achieved their greatest success one step beyond what looked like their greatest failure.', 'a': 'Brian Tracy', 'h': '<blockquote>&ldquo;Most people achieved their greatest success one step beyond what looked like their greatest failure.&rdquo; &mdash; <footer>Brian Tracy</footer></blockquote>'}]
[2022-12-12 12:43:09,418] {python.py:173} INFO - Done. Returned value was: Most people achieved their greatest success one step beyond what looked like their greatest failure.
[2022-12-12 12:43:09,468] {taskinstance.py:1400} INFO - Marking task as SUCCESS. dag_id=daily_Paper, task_id=get_quote_task, execution_date=20221212T124307, start_date=20221212T124307, end_date=20221212T124309
[2022-12-12 12:43:09,515] {local_task_job.py:156} INFO - Task exited with return code 0
[2022-12-12 12:43:09,547] {local_task_job.py:273} INFO - 0 downstream tasks scheduled from follow-on schedule check
