[2022-12-12 18:43:15,795] {taskinstance.py:1159} INFO - Dependencies all met for <TaskInstance: daily_paper.get_meme_task manual__2022-12-12T18:43:15.256519+00:00 [queued]>
[2022-12-12 18:43:15,803] {taskinstance.py:1159} INFO - Dependencies all met for <TaskInstance: daily_paper.get_meme_task manual__2022-12-12T18:43:15.256519+00:00 [queued]>
[2022-12-12 18:43:15,803] {taskinstance.py:1356} INFO - 
--------------------------------------------------------------------------------
[2022-12-12 18:43:15,804] {taskinstance.py:1357} INFO - Starting attempt 1 of 2
[2022-12-12 18:43:15,804] {taskinstance.py:1358} INFO - 
--------------------------------------------------------------------------------
[2022-12-12 18:43:15,817] {taskinstance.py:1377} INFO - Executing <Task(PythonOperator): get_meme_task> on 2022-12-12 18:43:15.256519+00:00
[2022-12-12 18:43:15,822] {standard_task_runner.py:52} INFO - Started process 2910 to run task
[2022-12-12 18:43:15,830] {standard_task_runner.py:79} INFO - Running: ['***', 'tasks', 'run', 'daily_paper', 'get_meme_task', 'manual__2022-12-12T18:43:15.256519+00:00', '--job-id', '440', '--raw', '--subdir', 'DAGS_FOLDER/morning-paper.py', '--cfg-path', '/tmp/tmp8uryfrpj', '--error-file', '/tmp/tmp4l9c9nr6']
[2022-12-12 18:43:15,833] {standard_task_runner.py:80} INFO - Job 440: Subtask get_meme_task
[2022-12-12 18:43:15,919] {task_command.py:369} INFO - Running <TaskInstance: daily_paper.get_meme_task manual__2022-12-12T18:43:15.256519+00:00 [running]> on host 6bb81baa0a52
[2022-12-12 18:43:15,983] {taskinstance.py:1571} INFO - Exporting the following env vars:
AIRFLOW_CTX_DAG_EMAIL=akash.khamkar40@gmail.com
AIRFLOW_CTX_DAG_OWNER=akashk
AIRFLOW_CTX_DAG_ID=daily_paper
AIRFLOW_CTX_TASK_ID=get_meme_task
AIRFLOW_CTX_EXECUTION_DATE=2022-12-12T18:43:15.256519+00:00
AIRFLOW_CTX_TRY_NUMBER=1
AIRFLOW_CTX_DAG_RUN_ID=manual__2022-12-12T18:43:15.256519+00:00
[2022-12-12 18:43:16,952] {python.py:173} INFO - Done. Returned value was: https://redd.it/ziqtla
[2022-12-12 18:43:16,975] {taskinstance.py:1400} INFO - Marking task as SUCCESS. dag_id=daily_paper, task_id=get_meme_task, execution_date=20221212T184315, start_date=20221212T184315, end_date=20221212T184316
[2022-12-12 18:43:16,990] {local_task_job.py:156} INFO - Task exited with return code 0
[2022-12-12 18:43:17,021] {local_task_job.py:273} INFO - 0 downstream tasks scheduled from follow-on schedule check
