[2022-12-12 17:28:49,160] {taskinstance.py:1159} INFO - Dependencies all met for <TaskInstance: daily_paper.get_joke_task manual__2022-12-12T17:28:48.655350+00:00 [queued]>
[2022-12-12 17:28:49,169] {taskinstance.py:1159} INFO - Dependencies all met for <TaskInstance: daily_paper.get_joke_task manual__2022-12-12T17:28:48.655350+00:00 [queued]>
[2022-12-12 17:28:49,169] {taskinstance.py:1356} INFO - 
--------------------------------------------------------------------------------
[2022-12-12 17:28:49,170] {taskinstance.py:1357} INFO - Starting attempt 1 of 2
[2022-12-12 17:28:49,170] {taskinstance.py:1358} INFO - 
--------------------------------------------------------------------------------
[2022-12-12 17:28:49,178] {taskinstance.py:1377} INFO - Executing <Task(PythonOperator): get_joke_task> on 2022-12-12 17:28:48.655350+00:00
[2022-12-12 17:28:49,182] {standard_task_runner.py:52} INFO - Started process 858 to run task
[2022-12-12 17:28:49,186] {standard_task_runner.py:79} INFO - Running: ['***', 'tasks', 'run', 'daily_paper', 'get_joke_task', 'manual__2022-12-12T17:28:48.655350+00:00', '--job-id', '242', '--raw', '--subdir', 'DAGS_FOLDER/morning-paper.py', '--cfg-path', '/tmp/tmpxl7a98am', '--error-file', '/tmp/tmpvbvhx_bp']
[2022-12-12 17:28:49,187] {standard_task_runner.py:80} INFO - Job 242: Subtask get_joke_task
[2022-12-12 17:28:49,248] {task_command.py:369} INFO - Running <TaskInstance: daily_paper.get_joke_task manual__2022-12-12T17:28:48.655350+00:00 [running]> on host 6bb81baa0a52
[2022-12-12 17:28:49,340] {taskinstance.py:1571} INFO - Exporting the following env vars:
AIRFLOW_CTX_DAG_EMAIL=akash.khamkar40@gmail.com
AIRFLOW_CTX_DAG_OWNER=akashk
AIRFLOW_CTX_DAG_ID=daily_paper
AIRFLOW_CTX_TASK_ID=get_joke_task
AIRFLOW_CTX_EXECUTION_DATE=2022-12-12T17:28:48.655350+00:00
AIRFLOW_CTX_TRY_NUMBER=1
AIRFLOW_CTX_DAG_RUN_ID=manual__2022-12-12T17:28:48.655350+00:00
[2022-12-12 17:28:50,579] {logging_mixin.py:115} INFO - {'error': False, 'category': 'Misc', 'type': 'single', 'joke': 'My wife and I have reached the difficult decision that we do not want children.\nIf anybody does, please just send me your contact details and we can drop them off tomorrow.', 'flags': {'nsfw': False, 'religious': False, 'political': False, 'racist': False, 'sexist': False, 'explicit': False}, 'id': 257, 'safe': True, 'lang': 'en'}
[2022-12-12 17:28:50,579] {python.py:173} INFO - Done. Returned value was: My wife and I have reached the difficult decision that we do not want children.
If anybody does, please just send me your contact details and we can drop them off tomorrow.
[2022-12-12 17:28:50,607] {taskinstance.py:1400} INFO - Marking task as SUCCESS. dag_id=daily_paper, task_id=get_joke_task, execution_date=20221212T172848, start_date=20221212T172849, end_date=20221212T172850
[2022-12-12 17:28:50,627] {local_task_job.py:156} INFO - Task exited with return code 0
[2022-12-12 17:28:50,656] {local_task_job.py:273} INFO - 1 downstream tasks scheduled from follow-on schedule check
