[2022-12-13 07:52:13,099] {taskinstance.py:1159} INFO - Dependencies all met for <TaskInstance: cereal_paper.get_meme_task manual__2022-12-13T07:52:11.965299+00:00 [queued]>
[2022-12-13 07:52:13,108] {taskinstance.py:1159} INFO - Dependencies all met for <TaskInstance: cereal_paper.get_meme_task manual__2022-12-13T07:52:11.965299+00:00 [queued]>
[2022-12-13 07:52:13,109] {taskinstance.py:1356} INFO - 
--------------------------------------------------------------------------------
[2022-12-13 07:52:13,109] {taskinstance.py:1357} INFO - Starting attempt 1 of 2
[2022-12-13 07:52:13,110] {taskinstance.py:1358} INFO - 
--------------------------------------------------------------------------------
[2022-12-13 07:52:13,122] {taskinstance.py:1377} INFO - Executing <Task(PythonOperator): get_meme_task> on 2022-12-13 07:52:11.965299+00:00
[2022-12-13 07:52:13,126] {standard_task_runner.py:52} INFO - Started process 241 to run task
[2022-12-13 07:52:13,130] {standard_task_runner.py:79} INFO - Running: ['***', 'tasks', 'run', 'cereal_paper', 'get_meme_task', 'manual__2022-12-13T07:52:11.965299+00:00', '--job-id', '17', '--raw', '--subdir', 'DAGS_FOLDER/cereal-paper.py', '--cfg-path', '/tmp/tmpx3ql0vr1', '--error-file', '/tmp/tmplmzho03s']
[2022-12-13 07:52:13,132] {standard_task_runner.py:80} INFO - Job 17: Subtask get_meme_task
[2022-12-13 07:52:13,241] {task_command.py:369} INFO - Running <TaskInstance: cereal_paper.get_meme_task manual__2022-12-13T07:52:11.965299+00:00 [running]> on host 5029e27bd97f
[2022-12-13 07:52:13,422] {taskinstance.py:1571} INFO - Exporting the following env vars:
AIRFLOW_CTX_DAG_EMAIL=akash.khamkar40@gmail.com
AIRFLOW_CTX_DAG_OWNER=akashk
AIRFLOW_CTX_DAG_ID=cereal_paper
AIRFLOW_CTX_TASK_ID=get_meme_task
AIRFLOW_CTX_EXECUTION_DATE=2022-12-13T07:52:11.965299+00:00
AIRFLOW_CTX_TRY_NUMBER=1
AIRFLOW_CTX_DAG_RUN_ID=manual__2022-12-13T07:52:11.965299+00:00
[2022-12-13 07:52:14,097] {python.py:173} INFO - Done. Returned value was: https://redd.it/zkdjhs
[2022-12-13 07:52:14,174] {taskinstance.py:1400} INFO - Marking task as SUCCESS. dag_id=cereal_paper, task_id=get_meme_task, execution_date=20221213T075211, start_date=20221213T075213, end_date=20221213T075214
[2022-12-13 07:52:14,229] {local_task_job.py:156} INFO - Task exited with return code 0
[2022-12-13 07:52:14,281] {local_task_job.py:273} INFO - 0 downstream tasks scheduled from follow-on schedule check
