[2022-12-12 18:43:37,937] {taskinstance.py:1159} INFO - Dependencies all met for <TaskInstance: daily_paper.get_joke_task manual__2022-12-12T18:43:36.890972+00:00 [queued]>
[2022-12-12 18:43:37,944] {taskinstance.py:1159} INFO - Dependencies all met for <TaskInstance: daily_paper.get_joke_task manual__2022-12-12T18:43:36.890972+00:00 [queued]>
[2022-12-12 18:43:37,944] {taskinstance.py:1356} INFO - 
--------------------------------------------------------------------------------
[2022-12-12 18:43:37,945] {taskinstance.py:1357} INFO - Starting attempt 1 of 2
[2022-12-12 18:43:37,945] {taskinstance.py:1358} INFO - 
--------------------------------------------------------------------------------
[2022-12-12 18:43:37,957] {taskinstance.py:1377} INFO - Executing <Task(PythonOperator): get_joke_task> on 2022-12-12 18:43:36.890972+00:00
[2022-12-12 18:43:37,961] {standard_task_runner.py:52} INFO - Started process 2930 to run task
[2022-12-12 18:43:37,976] {standard_task_runner.py:79} INFO - Running: ['***', 'tasks', 'run', 'daily_paper', 'get_joke_task', 'manual__2022-12-12T18:43:36.890972+00:00', '--job-id', '448', '--raw', '--subdir', 'DAGS_FOLDER/morning-paper.py', '--cfg-path', '/tmp/tmpv50_cem1', '--error-file', '/tmp/tmp2avs6i8w']
[2022-12-12 18:43:37,980] {standard_task_runner.py:80} INFO - Job 448: Subtask get_joke_task
[2022-12-12 18:43:38,049] {task_command.py:369} INFO - Running <TaskInstance: daily_paper.get_joke_task manual__2022-12-12T18:43:36.890972+00:00 [running]> on host 6bb81baa0a52
[2022-12-12 18:43:38,139] {taskinstance.py:1571} INFO - Exporting the following env vars:
AIRFLOW_CTX_DAG_EMAIL=akash.khamkar40@gmail.com
AIRFLOW_CTX_DAG_OWNER=akashk
AIRFLOW_CTX_DAG_ID=daily_paper
AIRFLOW_CTX_TASK_ID=get_joke_task
AIRFLOW_CTX_EXECUTION_DATE=2022-12-12T18:43:36.890972+00:00
AIRFLOW_CTX_TRY_NUMBER=1
AIRFLOW_CTX_DAG_RUN_ID=manual__2022-12-12T18:43:36.890972+00:00
[2022-12-12 18:43:39,443] {logging_mixin.py:115} INFO - {'error': False, 'category': 'Programming', 'type': 'single', 'joke': "// This line doesn't actually do anything, but the code stops working when I delete it.", 'flags': {'nsfw': False, 'religious': False, 'political': False, 'racist': False, 'sexist': False, 'explicit': False}, 'id': 12, 'safe': True, 'lang': 'en'}
[2022-12-12 18:43:39,446] {python.py:173} INFO - Done. Returned value was: // This line doesn't actually do anything, but the code stops working when I delete it.
[2022-12-12 18:43:39,484] {taskinstance.py:1400} INFO - Marking task as SUCCESS. dag_id=daily_paper, task_id=get_joke_task, execution_date=20221212T184336, start_date=20221212T184337, end_date=20221212T184339
[2022-12-12 18:43:39,513] {local_task_job.py:156} INFO - Task exited with return code 0
[2022-12-12 18:43:39,542] {local_task_job.py:273} INFO - 0 downstream tasks scheduled from follow-on schedule check
