[2022-12-12 17:38:56,112] {taskinstance.py:1159} INFO - Dependencies all met for <TaskInstance: daily_paper.combine_articles_task manual__2022-12-12T17:38:52.902772+00:00 [queued]>
[2022-12-12 17:38:56,117] {taskinstance.py:1159} INFO - Dependencies all met for <TaskInstance: daily_paper.combine_articles_task manual__2022-12-12T17:38:52.902772+00:00 [queued]>
[2022-12-12 17:38:56,118] {taskinstance.py:1356} INFO - 
--------------------------------------------------------------------------------
[2022-12-12 17:38:56,118] {taskinstance.py:1357} INFO - Starting attempt 1 of 2
[2022-12-12 17:38:56,118] {taskinstance.py:1358} INFO - 
--------------------------------------------------------------------------------
[2022-12-12 17:38:56,127] {taskinstance.py:1377} INFO - Executing <Task(PythonOperator): combine_articles_task> on 2022-12-12 17:38:52.902772+00:00
[2022-12-12 17:38:56,131] {standard_task_runner.py:52} INFO - Started process 1155 to run task
[2022-12-12 17:38:56,133] {standard_task_runner.py:79} INFO - Running: ['***', 'tasks', 'run', 'daily_paper', 'combine_articles_task', 'manual__2022-12-12T17:38:52.902772+00:00', '--job-id', '277', '--raw', '--subdir', 'DAGS_FOLDER/morning-paper.py', '--cfg-path', '/tmp/tmpf6z6u44a', '--error-file', '/tmp/tmpqbbmlmza']
[2022-12-12 17:38:56,134] {standard_task_runner.py:80} INFO - Job 277: Subtask combine_articles_task
[2022-12-12 17:38:56,172] {task_command.py:369} INFO - Running <TaskInstance: daily_paper.combine_articles_task manual__2022-12-12T17:38:52.902772+00:00 [running]> on host 6bb81baa0a52
[2022-12-12 17:38:56,218] {taskinstance.py:1571} INFO - Exporting the following env vars:
AIRFLOW_CTX_DAG_EMAIL=akash.khamkar40@gmail.com
AIRFLOW_CTX_DAG_OWNER=akashk
AIRFLOW_CTX_DAG_ID=daily_paper
AIRFLOW_CTX_TASK_ID=combine_articles_task
AIRFLOW_CTX_EXECUTION_DATE=2022-12-12T17:38:52.902772+00:00
AIRFLOW_CTX_TRY_NUMBER=1
AIRFLOW_CTX_DAG_RUN_ID=manual__2022-12-12T17:38:52.902772+00:00
[2022-12-12 17:38:56,245] {logging_mixin.py:115} INFO - {'joke': "Relationship Status: just tried to reach for my dog's paw and he pulled it away so I pretended I was reaching for the remote.", 'quote': 'Most people achieved their greatest success one step beyond what looked like their greatest failure.', 'news': [{'title': 'Gear Oil Market Insights 2022 by Key Product, Top Manufactures Analysis, Size, Share, Industry Growth, Demand, Trends, and Forecast 2029', 'published_date': '2022-12-12 17:38:30', 'summary': 'Gear Oil Market Insights 2022 by Key Product, Top Manufactures Analysis, Size, Share, Industry Growth, Demand, Trends, and Forecast 2029\n\nhttps://www.reportsnreports.com/contacts/requestsample.aspx?name=6504627\n\nhttps://www.reportsnreports.com/purchase.aspx?name=6504627\n\nThe Gear Oil Market research report state the pricing structure, import-export details, SWOT analysis, supply chain analysis and facilitate the key decision-making process. Also, the report provides the complete structure and fundamental overview of the industry.'}, {'title': 'Congress of Peru opens way to prolong the prison of former president', 'published_date': '2022-12-12 17:38:01', 'summary': 'Web Site developed by IT Division\xa0 Prensa Latina.'}, {'title': "Elbit's Iron Fist intercepts anti-tank threats in trials", 'published_date': '2022-12-12 17:37:32', 'summary': "The Ministry of Defense Tank and APC Directorate, the IDF Ground Forces, and defense electronics company Elbit Systems Ltd. Land Division have jointly announced the completion of a successful series of Iron Fist Active Protection System tests. The defense system deployed on the Israeli Army's Eitan armored personnel carriers intercepted anti-tank threats in a range of challenging scenarios.\n\nDeveloped by Elbit Systems, Iron Fist system is an advanced active protection system that provides 360-degree coverage against multi-range threats in open and urban environments."}], 'meme': 'https://redd.it/zjc9a5'}
[2022-12-12 17:38:56,246] {python.py:173} INFO - Done. Returned value was: {'joke': "Relationship Status: just tried to reach for my dog's paw and he pulled it away so I pretended I was reaching for the remote.", 'quote': 'Most people achieved their greatest success one step beyond what looked like their greatest failure.', 'news': [{'title': 'Gear Oil Market Insights 2022 by Key Product, Top Manufactures Analysis, Size, Share, Industry Growth, Demand, Trends, and Forecast 2029', 'published_date': '2022-12-12 17:38:30', 'summary': 'Gear Oil Market Insights 2022 by Key Product, Top Manufactures Analysis, Size, Share, Industry Growth, Demand, Trends, and Forecast 2029\n\nhttps://www.reportsnreports.com/contacts/requestsample.aspx?name=6504627\n\nhttps://www.reportsnreports.com/purchase.aspx?name=6504627\n\nThe Gear Oil Market research report state the pricing structure, import-export details, SWOT analysis, supply chain analysis and facilitate the key decision-making process. Also, the report provides the complete structure and fundamental overview of the industry.'}, {'title': 'Congress of Peru opens way to prolong the prison of former president', 'published_date': '2022-12-12 17:38:01', 'summary': 'Web Site developed by IT Division\xa0 Prensa Latina.'}, {'title': "Elbit's Iron Fist intercepts anti-tank threats in trials", 'published_date': '2022-12-12 17:37:32', 'summary': "The Ministry of Defense Tank and APC Directorate, the IDF Ground Forces, and defense electronics company Elbit Systems Ltd. Land Division have jointly announced the completion of a successful series of Iron Fist Active Protection System tests. The defense system deployed on the Israeli Army's Eitan armored personnel carriers intercepted anti-tank threats in a range of challenging scenarios.\n\nDeveloped by Elbit Systems, Iron Fist system is an advanced active protection system that provides 360-degree coverage against multi-range threats in open and urban environments."}], 'meme': 'https://redd.it/zjc9a5'}
[2022-12-12 17:38:56,265] {taskinstance.py:1400} INFO - Marking task as SUCCESS. dag_id=daily_paper, task_id=combine_articles_task, execution_date=20221212T173852, start_date=20221212T173856, end_date=20221212T173856
[2022-12-12 17:38:56,306] {local_task_job.py:156} INFO - Task exited with return code 0
[2022-12-12 17:38:56,330] {local_task_job.py:273} INFO - 1 downstream tasks scheduled from follow-on schedule check
