[2022-12-13 10:50:53,292] {taskinstance.py:1159} INFO - Dependencies all met for <TaskInstance: cereal_paper.get_joke_task manual__2022-12-13T10:50:51.721654+00:00 [queued]>
[2022-12-13 10:50:53,310] {taskinstance.py:1159} INFO - Dependencies all met for <TaskInstance: cereal_paper.get_joke_task manual__2022-12-13T10:50:51.721654+00:00 [queued]>
[2022-12-13 10:50:53,311] {taskinstance.py:1356} INFO - 
--------------------------------------------------------------------------------
[2022-12-13 10:50:53,311] {taskinstance.py:1357} INFO - Starting attempt 1 of 2
[2022-12-13 10:50:53,312] {taskinstance.py:1358} INFO - 
--------------------------------------------------------------------------------
[2022-12-13 10:50:53,327] {taskinstance.py:1377} INFO - Executing <Task(PythonOperator): get_joke_task> on 2022-12-13 10:50:51.721654+00:00
[2022-12-13 10:50:53,335] {standard_task_runner.py:52} INFO - Started process 313 to run task
[2022-12-13 10:50:53,350] {standard_task_runner.py:79} INFO - Running: ['***', 'tasks', 'run', 'cereal_paper', 'get_joke_task', 'manual__2022-12-13T10:50:51.721654+00:00', '--job-id', '116', '--raw', '--subdir', 'DAGS_FOLDER/cereal-paper.py', '--cfg-path', '/tmp/tmplehs4inu', '--error-file', '/tmp/tmpl4asuath']
[2022-12-13 10:50:53,353] {standard_task_runner.py:80} INFO - Job 116: Subtask get_joke_task
[2022-12-13 10:50:53,514] {task_command.py:369} INFO - Running <TaskInstance: cereal_paper.get_joke_task manual__2022-12-13T10:50:51.721654+00:00 [running]> on host 43dbd6b00d73
[2022-12-13 10:50:53,659] {taskinstance.py:1571} INFO - Exporting the following env vars:
AIRFLOW_CTX_DAG_EMAIL=cerealman@akashkhamkar.in
AIRFLOW_CTX_DAG_OWNER=akashk
AIRFLOW_CTX_DAG_ID=cereal_paper
AIRFLOW_CTX_TASK_ID=get_joke_task
AIRFLOW_CTX_EXECUTION_DATE=2022-12-13T10:50:51.721654+00:00
AIRFLOW_CTX_TRY_NUMBER=1
AIRFLOW_CTX_DAG_RUN_ID=manual__2022-12-13T10:50:51.721654+00:00
[2022-12-13 10:50:54,481] {logging_mixin.py:115} INFO - {'error': False, 'category': 'Pun', 'type': 'single', 'joke': 'To whoever stole my copy of Microsoft Office, I will find you. You have my Word!', 'flags': {'nsfw': False, 'religious': False, 'political': False, 'racist': False, 'sexist': False, 'explicit': False}, 'id': 191, 'safe': True, 'lang': 'en'}
[2022-12-13 10:50:54,483] {python.py:173} INFO - Done. Returned value was: To whoever stole my copy of Microsoft Office, I will find you. You have my Word!
[2022-12-13 10:50:54,558] {taskinstance.py:1400} INFO - Marking task as SUCCESS. dag_id=cereal_paper, task_id=get_joke_task, execution_date=20221213T105051, start_date=20221213T105053, end_date=20221213T105054
[2022-12-13 10:50:54,737] {local_task_job.py:156} INFO - Task exited with return code 0
[2022-12-13 10:50:54,883] {local_task_job.py:273} INFO - 0 downstream tasks scheduled from follow-on schedule check
