[2022-12-13 10:56:07,770] {taskinstance.py:1159} INFO - Dependencies all met for <TaskInstance: cereal_paper.get_songs_from_db_task manual__2022-12-13T10:56:06.725838+00:00 [queued]>
[2022-12-13 10:56:07,782] {taskinstance.py:1159} INFO - Dependencies all met for <TaskInstance: cereal_paper.get_songs_from_db_task manual__2022-12-13T10:56:06.725838+00:00 [queued]>
[2022-12-13 10:56:07,782] {taskinstance.py:1356} INFO - 
--------------------------------------------------------------------------------
[2022-12-13 10:56:07,783] {taskinstance.py:1357} INFO - Starting attempt 1 of 2
[2022-12-13 10:56:07,783] {taskinstance.py:1358} INFO - 
--------------------------------------------------------------------------------
[2022-12-13 10:56:07,803] {taskinstance.py:1377} INFO - Executing <Task(PythonOperator): get_songs_from_db_task> on 2022-12-13 10:56:06.725838+00:00
[2022-12-13 10:56:07,809] {standard_task_runner.py:52} INFO - Started process 253 to run task
[2022-12-13 10:56:07,819] {standard_task_runner.py:79} INFO - Running: ['***', 'tasks', 'run', 'cereal_paper', 'get_songs_from_db_task', 'manual__2022-12-13T10:56:06.725838+00:00', '--job-id', '136', '--raw', '--subdir', 'DAGS_FOLDER/cereal-paper.py', '--cfg-path', '/tmp/tmpi59yh2wq', '--error-file', '/tmp/tmpkqhizbsm']
[2022-12-13 10:56:07,822] {standard_task_runner.py:80} INFO - Job 136: Subtask get_songs_from_db_task
[2022-12-13 10:56:07,986] {task_command.py:369} INFO - Running <TaskInstance: cereal_paper.get_songs_from_db_task manual__2022-12-13T10:56:06.725838+00:00 [running]> on host 5cb924e8b79e
[2022-12-13 10:56:08,131] {taskinstance.py:1571} INFO - Exporting the following env vars:
AIRFLOW_CTX_DAG_EMAIL=cerealman@akashkhamkar.in
AIRFLOW_CTX_DAG_OWNER=akashk
AIRFLOW_CTX_DAG_ID=cereal_paper
AIRFLOW_CTX_TASK_ID=get_songs_from_db_task
AIRFLOW_CTX_EXECUTION_DATE=2022-12-13T10:56:06.725838+00:00
AIRFLOW_CTX_TRY_NUMBER=1
AIRFLOW_CTX_DAG_RUN_ID=manual__2022-12-13T10:56:06.725838+00:00
[2022-12-13 10:56:08,141] {base.py:68} INFO - Using connection ID 'my_postgres_default' for task execution.
[2022-12-13 10:56:08,163] {python.py:173} INFO - Done. Returned value was: [('Never on the Day You Leave', 'The Search for Everything', 'John Mayer'), ("Whatchu Thinkin'", 'Unlimited Love', 'Red Hot Chili Peppers')]
[2022-12-13 10:56:08,217] {taskinstance.py:1400} INFO - Marking task as SUCCESS. dag_id=cereal_paper, task_id=get_songs_from_db_task, execution_date=20221213T105606, start_date=20221213T105607, end_date=20221213T105608
[2022-12-13 10:56:08,268] {local_task_job.py:156} INFO - Task exited with return code 0
[2022-12-13 10:56:08,315] {local_task_job.py:273} INFO - 0 downstream tasks scheduled from follow-on schedule check
