[2022-12-13 11:10:04,895] {taskinstance.py:1159} INFO - Dependencies all met for <TaskInstance: cereal_paper.get_joke_task manual__2022-12-13T11:10:03.509383+00:00 [queued]>
[2022-12-13 11:10:04,915] {taskinstance.py:1159} INFO - Dependencies all met for <TaskInstance: cereal_paper.get_joke_task manual__2022-12-13T11:10:03.509383+00:00 [queued]>
[2022-12-13 11:10:04,916] {taskinstance.py:1356} INFO - 
--------------------------------------------------------------------------------
[2022-12-13 11:10:04,917] {taskinstance.py:1357} INFO - Starting attempt 1 of 2
[2022-12-13 11:10:04,917] {taskinstance.py:1358} INFO - 
--------------------------------------------------------------------------------
[2022-12-13 11:10:04,940] {taskinstance.py:1377} INFO - Executing <Task(PythonOperator): get_joke_task> on 2022-12-13 11:10:03.509383+00:00
[2022-12-13 11:10:04,944] {standard_task_runner.py:52} INFO - Started process 198 to run task
[2022-12-13 11:10:04,948] {standard_task_runner.py:79} INFO - Running: ['***', 'tasks', 'run', 'cereal_paper', 'get_joke_task', 'manual__2022-12-13T11:10:03.509383+00:00', '--job-id', '159', '--raw', '--subdir', 'DAGS_FOLDER/cereal-paper.py', '--cfg-path', '/tmp/tmpd6avdg70', '--error-file', '/tmp/tmpvrpad29t']
[2022-12-13 11:10:04,952] {standard_task_runner.py:80} INFO - Job 159: Subtask get_joke_task
[2022-12-13 11:10:05,101] {task_command.py:369} INFO - Running <TaskInstance: cereal_paper.get_joke_task manual__2022-12-13T11:10:03.509383+00:00 [running]> on host 44822d5113ae
[2022-12-13 11:10:05,228] {taskinstance.py:1571} INFO - Exporting the following env vars:
AIRFLOW_CTX_DAG_EMAIL=cerealman@akashkhamkar.in
AIRFLOW_CTX_DAG_OWNER=akashk
AIRFLOW_CTX_DAG_ID=cereal_paper
AIRFLOW_CTX_TASK_ID=get_joke_task
AIRFLOW_CTX_EXECUTION_DATE=2022-12-13T11:10:03.509383+00:00
AIRFLOW_CTX_TRY_NUMBER=1
AIRFLOW_CTX_DAG_RUN_ID=manual__2022-12-13T11:10:03.509383+00:00
[2022-12-13 11:10:06,159] {logging_mixin.py:115} INFO - {'error': False, 'category': 'Misc', 'type': 'single', 'joke': 'My husband and I were happy for 20 years. And then we met.', 'flags': {'nsfw': False, 'religious': False, 'political': False, 'racist': False, 'sexist': False, 'explicit': False}, 'safe': True, 'id': 273, 'lang': 'en'}
[2022-12-13 11:10:06,161] {python.py:173} INFO - Done. Returned value was: My husband and I were happy for 20 years. And then we met.
[2022-12-13 11:10:06,239] {taskinstance.py:1400} INFO - Marking task as SUCCESS. dag_id=cereal_paper, task_id=get_joke_task, execution_date=20221213T111003, start_date=20221213T111004, end_date=20221213T111006
[2022-12-13 11:10:06,272] {local_task_job.py:156} INFO - Task exited with return code 0
[2022-12-13 11:10:06,322] {local_task_job.py:273} INFO - 0 downstream tasks scheduled from follow-on schedule check
