[2022-12-12 18:37:50,778] {taskinstance.py:1159} INFO - Dependencies all met for <TaskInstance: daily_paper.get_joke_task manual__2022-12-12T18:37:49.814202+00:00 [queued]>
[2022-12-12 18:37:50,785] {taskinstance.py:1159} INFO - Dependencies all met for <TaskInstance: daily_paper.get_joke_task manual__2022-12-12T18:37:49.814202+00:00 [queued]>
[2022-12-12 18:37:50,786] {taskinstance.py:1356} INFO - 
--------------------------------------------------------------------------------
[2022-12-12 18:37:50,787] {taskinstance.py:1357} INFO - Starting attempt 1 of 2
[2022-12-12 18:37:50,787] {taskinstance.py:1358} INFO - 
--------------------------------------------------------------------------------
[2022-12-12 18:37:50,797] {taskinstance.py:1377} INFO - Executing <Task(PythonOperator): get_joke_task> on 2022-12-12 18:37:49.814202+00:00
[2022-12-12 18:37:50,802] {standard_task_runner.py:52} INFO - Started process 2686 to run task
[2022-12-12 18:37:50,809] {standard_task_runner.py:79} INFO - Running: ['***', 'tasks', 'run', 'daily_paper', 'get_joke_task', 'manual__2022-12-12T18:37:49.814202+00:00', '--job-id', '405', '--raw', '--subdir', 'DAGS_FOLDER/morning-paper.py', '--cfg-path', '/tmp/tmpjapxyr0o', '--error-file', '/tmp/tmpbmk8yctf']
[2022-12-12 18:37:50,811] {standard_task_runner.py:80} INFO - Job 405: Subtask get_joke_task
[2022-12-12 18:37:50,889] {task_command.py:369} INFO - Running <TaskInstance: daily_paper.get_joke_task manual__2022-12-12T18:37:49.814202+00:00 [running]> on host 6bb81baa0a52
[2022-12-12 18:37:50,973] {taskinstance.py:1571} INFO - Exporting the following env vars:
AIRFLOW_CTX_DAG_EMAIL=akash.khamkar40@gmail.com
AIRFLOW_CTX_DAG_OWNER=akashk
AIRFLOW_CTX_DAG_ID=daily_paper
AIRFLOW_CTX_TASK_ID=get_joke_task
AIRFLOW_CTX_EXECUTION_DATE=2022-12-12T18:37:49.814202+00:00
AIRFLOW_CTX_TRY_NUMBER=1
AIRFLOW_CTX_DAG_RUN_ID=manual__2022-12-12T18:37:49.814202+00:00
[2022-12-12 18:37:51,849] {logging_mixin.py:115} INFO - {'error': False, 'category': 'Pun', 'type': 'single', 'joke': "I bought some shoes from a drug dealer. I don't know what he laced them with, but I was tripping all day!", 'flags': {'nsfw': False, 'religious': False, 'political': False, 'racist': False, 'sexist': False, 'explicit': False}, 'id': 204, 'safe': False, 'lang': 'en'}
[2022-12-12 18:37:51,851] {python.py:173} INFO - Done. Returned value was: I bought some shoes from a drug dealer. I don't know what he laced them with, but I was tripping all day!
[2022-12-12 18:37:51,911] {taskinstance.py:1400} INFO - Marking task as SUCCESS. dag_id=daily_paper, task_id=get_joke_task, execution_date=20221212T183749, start_date=20221212T183750, end_date=20221212T183751
[2022-12-12 18:37:51,971] {local_task_job.py:156} INFO - Task exited with return code 0
[2022-12-12 18:37:52,008] {local_task_job.py:273} INFO - 0 downstream tasks scheduled from follow-on schedule check
