[2022-12-13 11:34:29,986] {taskinstance.py:1159} INFO - Dependencies all met for <TaskInstance: cereal_paper.get_joke_task manual__2022-12-13T11:34:28.628237+00:00 [queued]>
[2022-12-13 11:34:30,000] {taskinstance.py:1159} INFO - Dependencies all met for <TaskInstance: cereal_paper.get_joke_task manual__2022-12-13T11:34:28.628237+00:00 [queued]>
[2022-12-13 11:34:30,002] {taskinstance.py:1356} INFO - 
--------------------------------------------------------------------------------
[2022-12-13 11:34:30,003] {taskinstance.py:1357} INFO - Starting attempt 1 of 2
[2022-12-13 11:34:30,003] {taskinstance.py:1358} INFO - 
--------------------------------------------------------------------------------
[2022-12-13 11:34:30,027] {taskinstance.py:1377} INFO - Executing <Task(PythonOperator): get_joke_task> on 2022-12-13 11:34:28.628237+00:00
[2022-12-13 11:34:30,033] {standard_task_runner.py:52} INFO - Started process 500 to run task
[2022-12-13 11:34:30,041] {standard_task_runner.py:79} INFO - Running: ['***', 'tasks', 'run', 'cereal_paper', 'get_joke_task', 'manual__2022-12-13T11:34:28.628237+00:00', '--job-id', '177', '--raw', '--subdir', 'DAGS_FOLDER/cereal-paper.py', '--cfg-path', '/tmp/tmp6fphzw4e', '--error-file', '/tmp/tmp14s6fec9']
[2022-12-13 11:34:30,043] {standard_task_runner.py:80} INFO - Job 177: Subtask get_joke_task
[2022-12-13 11:34:30,191] {task_command.py:369} INFO - Running <TaskInstance: cereal_paper.get_joke_task manual__2022-12-13T11:34:28.628237+00:00 [running]> on host 44822d5113ae
[2022-12-13 11:34:30,319] {taskinstance.py:1571} INFO - Exporting the following env vars:
AIRFLOW_CTX_DAG_EMAIL=cerealman@akashkhamkar.in
AIRFLOW_CTX_DAG_OWNER=akashk
AIRFLOW_CTX_DAG_ID=cereal_paper
AIRFLOW_CTX_TASK_ID=get_joke_task
AIRFLOW_CTX_EXECUTION_DATE=2022-12-13T11:34:28.628237+00:00
AIRFLOW_CTX_TRY_NUMBER=1
AIRFLOW_CTX_DAG_RUN_ID=manual__2022-12-13T11:34:28.628237+00:00
[2022-12-13 11:34:31,135] {logging_mixin.py:115} INFO - {'error': False, 'category': 'Misc', 'type': 'single', 'joke': "What does the MacBook have in common with Donald Trump?\n\nI would tell you....\nBut I don't compare apples to oranges.", 'flags': {'nsfw': False, 'religious': False, 'political': True, 'racist': False, 'sexist': False, 'explicit': False}, 'id': 233, 'safe': False, 'lang': 'en'}
[2022-12-13 11:34:31,138] {python.py:173} INFO - Done. Returned value was: What does the MacBook have in common with Donald Trump?

I would tell you....
But I don't compare apples to oranges.
[2022-12-13 11:34:31,219] {taskinstance.py:1400} INFO - Marking task as SUCCESS. dag_id=cereal_paper, task_id=get_joke_task, execution_date=20221213T113428, start_date=20221213T113429, end_date=20221213T113431
[2022-12-13 11:34:31,237] {local_task_job.py:156} INFO - Task exited with return code 0
[2022-12-13 11:34:31,352] {local_task_job.py:273} INFO - 0 downstream tasks scheduled from follow-on schedule check
