[2022-12-13 08:00:31,471] {taskinstance.py:1159} INFO - Dependencies all met for <TaskInstance: cereal_paper.get_joke_task manual__2022-12-13T08:00:30.931097+00:00 [queued]>
[2022-12-13 08:00:31,481] {taskinstance.py:1159} INFO - Dependencies all met for <TaskInstance: cereal_paper.get_joke_task manual__2022-12-13T08:00:30.931097+00:00 [queued]>
[2022-12-13 08:00:31,482] {taskinstance.py:1356} INFO - 
--------------------------------------------------------------------------------
[2022-12-13 08:00:31,482] {taskinstance.py:1357} INFO - Starting attempt 1 of 2
[2022-12-13 08:00:31,483] {taskinstance.py:1358} INFO - 
--------------------------------------------------------------------------------
[2022-12-13 08:00:31,492] {taskinstance.py:1377} INFO - Executing <Task(PythonOperator): get_joke_task> on 2022-12-13 08:00:30.931097+00:00
[2022-12-13 08:00:31,496] {standard_task_runner.py:52} INFO - Started process 479 to run task
[2022-12-13 08:00:31,499] {standard_task_runner.py:79} INFO - Running: ['***', 'tasks', 'run', 'cereal_paper', 'get_joke_task', 'manual__2022-12-13T08:00:30.931097+00:00', '--job-id', '70', '--raw', '--subdir', 'DAGS_FOLDER/cereal-paper.py', '--cfg-path', '/tmp/tmpqr88rhll', '--error-file', '/tmp/tmp3xg7nc9z']
[2022-12-13 08:00:31,501] {standard_task_runner.py:80} INFO - Job 70: Subtask get_joke_task
[2022-12-13 08:00:31,603] {task_command.py:369} INFO - Running <TaskInstance: cereal_paper.get_joke_task manual__2022-12-13T08:00:30.931097+00:00 [running]> on host 5029e27bd97f
[2022-12-13 08:00:31,810] {taskinstance.py:1571} INFO - Exporting the following env vars:
AIRFLOW_CTX_DAG_EMAIL=akash.khamkar40@gmail.com
AIRFLOW_CTX_DAG_OWNER=akashk
AIRFLOW_CTX_DAG_ID=cereal_paper
AIRFLOW_CTX_TASK_ID=get_joke_task
AIRFLOW_CTX_EXECUTION_DATE=2022-12-13T08:00:30.931097+00:00
AIRFLOW_CTX_TRY_NUMBER=1
AIRFLOW_CTX_DAG_RUN_ID=manual__2022-12-13T08:00:30.931097+00:00
[2022-12-13 08:00:32,687] {logging_mixin.py:115} INFO - {'error': False, 'category': 'Programming', 'type': 'single', 'joke': "There are only 10 kinds of people in this world: those who know binary and those who don't.", 'flags': {'nsfw': False, 'religious': False, 'political': False, 'racist': False, 'sexist': False, 'explicit': False}, 'id': 35, 'safe': True, 'lang': 'en'}
[2022-12-13 08:00:32,687] {python.py:173} INFO - Done. Returned value was: There are only 10 kinds of people in this world: those who know binary and those who don't.
[2022-12-13 08:00:32,735] {taskinstance.py:1400} INFO - Marking task as SUCCESS. dag_id=cereal_paper, task_id=get_joke_task, execution_date=20221213T080030, start_date=20221213T080031, end_date=20221213T080032
[2022-12-13 08:00:32,768] {local_task_job.py:156} INFO - Task exited with return code 0
[2022-12-13 08:00:32,812] {local_task_job.py:273} INFO - 0 downstream tasks scheduled from follow-on schedule check
