[2022-12-13 11:36:10,963] {taskinstance.py:1159} INFO - Dependencies all met for <TaskInstance: cereal_paper.get_news_task manual__2022-12-13T11:36:10.035671+00:00 [queued]>
[2022-12-13 11:36:10,975] {taskinstance.py:1159} INFO - Dependencies all met for <TaskInstance: cereal_paper.get_news_task manual__2022-12-13T11:36:10.035671+00:00 [queued]>
[2022-12-13 11:36:10,976] {taskinstance.py:1356} INFO - 
--------------------------------------------------------------------------------
[2022-12-13 11:36:10,976] {taskinstance.py:1357} INFO - Starting attempt 1 of 2
[2022-12-13 11:36:10,977] {taskinstance.py:1358} INFO - 
--------------------------------------------------------------------------------
[2022-12-13 11:36:10,989] {taskinstance.py:1377} INFO - Executing <Task(PythonOperator): get_news_task> on 2022-12-13 11:36:10.035671+00:00
[2022-12-13 11:36:10,997] {standard_task_runner.py:52} INFO - Started process 539 to run task
[2022-12-13 11:36:11,014] {standard_task_runner.py:79} INFO - Running: ['***', 'tasks', 'run', 'cereal_paper', 'get_news_task', 'manual__2022-12-13T11:36:10.035671+00:00', '--job-id', '184', '--raw', '--subdir', 'DAGS_FOLDER/cereal-paper.py', '--cfg-path', '/tmp/tmpbdckq_gh', '--error-file', '/tmp/tmp6atsn2bt']
[2022-12-13 11:36:11,018] {standard_task_runner.py:80} INFO - Job 184: Subtask get_news_task
[2022-12-13 11:36:11,211] {task_command.py:369} INFO - Running <TaskInstance: cereal_paper.get_news_task manual__2022-12-13T11:36:10.035671+00:00 [running]> on host 44822d5113ae
[2022-12-13 11:36:11,397] {taskinstance.py:1571} INFO - Exporting the following env vars:
AIRFLOW_CTX_DAG_EMAIL=cerealman@akashkhamkar.in
AIRFLOW_CTX_DAG_OWNER=akashk
AIRFLOW_CTX_DAG_ID=cereal_paper
AIRFLOW_CTX_TASK_ID=get_news_task
AIRFLOW_CTX_EXECUTION_DATE=2022-12-13T11:36:10.035671+00:00
AIRFLOW_CTX_TRY_NUMBER=1
AIRFLOW_CTX_DAG_RUN_ID=manual__2022-12-13T11:36:10.035671+00:00
[2022-12-13 11:36:24,182] {python.py:173} INFO - Done. Returned value was: [{'title': 'MENA IT spending to grow 3.1% in 2023: Gartner', 'published_date': '2022-12-13 11:20:31', 'summary': 'Worldwide IT spending is projected to total $4.6 trillion in 2023, an increase of 5.1% from 2022, according to the latest forecast by Gartner'}, {'title': 'Sawirro: Munaasabad lagu xusayay todobaadka xoriyada dalka Qatar oo Muqdishi lagu qabtay.', 'published_date': '2022-12-13 11:20:08', 'summary': 'Dec. 13 (Jowhar.com)-Munaasabadda oo ay soo agaasintay safaarada Qatar ee Soomaaliya waxaa ka qeyb galay ra’iisul wasaaraha dalka Xamze Cabdi Barre, xildhibaano, wasiiro, Diblomaasiyiin, saraakiil ciidan iyo qeybaha kale ee bulshada. Safiirka cusub ee dalka Qatar ayaa ugu horeyn furay xaflada, isagoo ku dheeraaday taariikhda dalkaasi iyo halganka ay usoo mareen xoriyadooda, wuxuu dadkii madasha […]'}, {'title': 'Gulyás Gergely elárulta, mikor kaphatnak fizetésemelést a tanárok', 'published_date': '2022-12-13 11:19:25', 'summary': 'Az a kérdés, hogy az érkező források január 1-jével megnyílnak-e Magyarország számára – mondta a Miniszerelnökséget vezető miniszter.'}]
[2022-12-13 11:36:24,284] {taskinstance.py:1400} INFO - Marking task as SUCCESS. dag_id=cereal_paper, task_id=get_news_task, execution_date=20221213T113610, start_date=20221213T113610, end_date=20221213T113624
[2022-12-13 11:36:24,492] {local_task_job.py:156} INFO - Task exited with return code 0
[2022-12-13 11:36:24,538] {local_task_job.py:273} INFO - 1 downstream tasks scheduled from follow-on schedule check
