[2022-12-13 11:44:55,787] {taskinstance.py:1159} INFO - Dependencies all met for <TaskInstance: cereal_paper.combine_articles_task manual__2022-12-13T11:44:39.899976+00:00 [queued]>
[2022-12-13 11:44:55,794] {taskinstance.py:1159} INFO - Dependencies all met for <TaskInstance: cereal_paper.combine_articles_task manual__2022-12-13T11:44:39.899976+00:00 [queued]>
[2022-12-13 11:44:55,795] {taskinstance.py:1356} INFO - 
--------------------------------------------------------------------------------
[2022-12-13 11:44:55,796] {taskinstance.py:1357} INFO - Starting attempt 1 of 2
[2022-12-13 11:44:55,796] {taskinstance.py:1358} INFO - 
--------------------------------------------------------------------------------
[2022-12-13 11:44:55,810] {taskinstance.py:1377} INFO - Executing <Task(PythonOperator): combine_articles_task> on 2022-12-13 11:44:39.899976+00:00
[2022-12-13 11:44:55,820] {standard_task_runner.py:52} INFO - Started process 685 to run task
[2022-12-13 11:44:55,823] {standard_task_runner.py:79} INFO - Running: ['***', 'tasks', 'run', 'cereal_paper', 'combine_articles_task', 'manual__2022-12-13T11:44:39.899976+00:00', '--job-id', '205', '--raw', '--subdir', 'DAGS_FOLDER/cereal-paper.py', '--cfg-path', '/tmp/tmpfjxz_qh6', '--error-file', '/tmp/tmp2k4e1op7']
[2022-12-13 11:44:55,825] {standard_task_runner.py:80} INFO - Job 205: Subtask combine_articles_task
[2022-12-13 11:44:55,895] {task_command.py:369} INFO - Running <TaskInstance: cereal_paper.combine_articles_task manual__2022-12-13T11:44:39.899976+00:00 [running]> on host 44822d5113ae
[2022-12-13 11:44:55,967] {taskinstance.py:1571} INFO - Exporting the following env vars:
AIRFLOW_CTX_DAG_EMAIL=cerealman@akashkhamkar.in
AIRFLOW_CTX_DAG_OWNER=akashk
AIRFLOW_CTX_DAG_ID=cereal_paper
AIRFLOW_CTX_TASK_ID=combine_articles_task
AIRFLOW_CTX_EXECUTION_DATE=2022-12-13T11:44:39.899976+00:00
AIRFLOW_CTX_TRY_NUMBER=1
AIRFLOW_CTX_DAG_RUN_ID=manual__2022-12-13T11:44:39.899976+00:00
[2022-12-13 11:44:56,038] {logging_mixin.py:115} INFO - {'joke': 'My little daughter came to me all excited, saying "Daddy! Daddy! Guess how old I\'ll be in June!"\n"Oh I don\'t know princess, why don\'t you tell me?" I said. She gave me a huge smile and held up four fingers.\nIt\'s now three hours later, police have joined in and she still won\'t say where she got them.', 'quote': 'Curiosity is the most powerful thing you own. Imagination is a force that can actually manifest a reality.', 'news': [{'title': 'How to Claim IMPT Tokens and Uniswap DEX Guide', 'published_date': '2022-12-13 11:35:23', 'summary': 'The IMPT presale is now complete, here is the guide on how to claim IMPT tokens and to operate the Uniswap DEX. IMPT is building [...]'}, {'title': 'Top Crypto Analysts Praise Big Eyes Coin As The Next Big Thing And Predict Steady Growth For Polygon And Elrond', 'published_date': '2022-12-13 11:35:05', 'summary': 'The Big Eyes Coin platform aims to build a powerful community of smart and wealthy investors. Its community token may provide potentially impressive returns and make investors much wealthier.'}, {'title': 'In ‘The Storyteller’, an unusual cure for insomnia', 'published_date': '2022-12-13 11:35:00', 'summary': 'Anant Mahadevan’s adaptation of a Satyajit Ray short story stars Paresh Rawal, Adil Hussain and Tannishtha Chatterjee.'}], 'meme': 'https://redd.it/zkptev', 'songs': [['Hummingbird', 'B.B. King & Friends - 80', 'B.B. King,John Mayer'], ['Out of Time', 'Dawn FM', 'The Weeknd'], ['Til Kingdom Come', 'X&Y', 'Coldplay']]}
[2022-12-13 11:44:56,038] {python.py:173} INFO - Done. Returned value was: {'joke': 'My little daughter came to me all excited, saying "Daddy! Daddy! Guess how old I\'ll be in June!"\n"Oh I don\'t know princess, why don\'t you tell me?" I said. She gave me a huge smile and held up four fingers.\nIt\'s now three hours later, police have joined in and she still won\'t say where she got them.', 'quote': 'Curiosity is the most powerful thing you own. Imagination is a force that can actually manifest a reality.', 'news': [{'title': 'How to Claim IMPT Tokens and Uniswap DEX Guide', 'published_date': '2022-12-13 11:35:23', 'summary': 'The IMPT presale is now complete, here is the guide on how to claim IMPT tokens and to operate the Uniswap DEX. IMPT is building [...]'}, {'title': 'Top Crypto Analysts Praise Big Eyes Coin As The Next Big Thing And Predict Steady Growth For Polygon And Elrond', 'published_date': '2022-12-13 11:35:05', 'summary': 'The Big Eyes Coin platform aims to build a powerful community of smart and wealthy investors. Its community token may provide potentially impressive returns and make investors much wealthier.'}, {'title': 'In ‘The Storyteller’, an unusual cure for insomnia', 'published_date': '2022-12-13 11:35:00', 'summary': 'Anant Mahadevan’s adaptation of a Satyajit Ray short story stars Paresh Rawal, Adil Hussain and Tannishtha Chatterjee.'}], 'meme': 'https://redd.it/zkptev', 'songs': [['Hummingbird', 'B.B. King & Friends - 80', 'B.B. King,John Mayer'], ['Out of Time', 'Dawn FM', 'The Weeknd'], ['Til Kingdom Come', 'X&Y', 'Coldplay']]}
[2022-12-13 11:44:56,172] {taskinstance.py:1400} INFO - Marking task as SUCCESS. dag_id=cereal_paper, task_id=combine_articles_task, execution_date=20221213T114439, start_date=20221213T114455, end_date=20221213T114456
[2022-12-13 11:44:56,202] {local_task_job.py:156} INFO - Task exited with return code 0
[2022-12-13 11:44:56,251] {local_task_job.py:273} INFO - 2 downstream tasks scheduled from follow-on schedule check
