[2022-12-13 07:58:53,919] {taskinstance.py:1159} INFO - Dependencies all met for <TaskInstance: cereal_paper.get_songs_from_db_task manual__2022-12-13T07:58:52.950002+00:00 [queued]>
[2022-12-13 07:58:53,926] {taskinstance.py:1159} INFO - Dependencies all met for <TaskInstance: cereal_paper.get_songs_from_db_task manual__2022-12-13T07:58:52.950002+00:00 [queued]>
[2022-12-13 07:58:53,926] {taskinstance.py:1356} INFO - 
--------------------------------------------------------------------------------
[2022-12-13 07:58:53,927] {taskinstance.py:1357} INFO - Starting attempt 1 of 2
[2022-12-13 07:58:53,927] {taskinstance.py:1358} INFO - 
--------------------------------------------------------------------------------
[2022-12-13 07:58:53,936] {taskinstance.py:1377} INFO - Executing <Task(PythonOperator): get_songs_from_db_task> on 2022-12-13 07:58:52.950002+00:00
[2022-12-13 07:58:53,940] {standard_task_runner.py:52} INFO - Started process 422 to run task
[2022-12-13 07:58:53,944] {standard_task_runner.py:79} INFO - Running: ['***', 'tasks', 'run', 'cereal_paper', 'get_songs_from_db_task', 'manual__2022-12-13T07:58:52.950002+00:00', '--job-id', '51', '--raw', '--subdir', 'DAGS_FOLDER/cereal-paper.py', '--cfg-path', '/tmp/tmp1kpmjnk_', '--error-file', '/tmp/tmp9_ujrhns']
[2022-12-13 07:58:53,947] {standard_task_runner.py:80} INFO - Job 51: Subtask get_songs_from_db_task
[2022-12-13 07:58:54,048] {task_command.py:369} INFO - Running <TaskInstance: cereal_paper.get_songs_from_db_task manual__2022-12-13T07:58:52.950002+00:00 [running]> on host 5029e27bd97f
[2022-12-13 07:58:54,236] {taskinstance.py:1571} INFO - Exporting the following env vars:
AIRFLOW_CTX_DAG_EMAIL=akash.khamkar40@gmail.com
AIRFLOW_CTX_DAG_OWNER=akashk
AIRFLOW_CTX_DAG_ID=cereal_paper
AIRFLOW_CTX_TASK_ID=get_songs_from_db_task
AIRFLOW_CTX_EXECUTION_DATE=2022-12-13T07:58:52.950002+00:00
AIRFLOW_CTX_TRY_NUMBER=1
AIRFLOW_CTX_DAG_RUN_ID=manual__2022-12-13T07:58:52.950002+00:00
[2022-12-13 07:58:54,251] {base.py:68} INFO - Using connection ID 'my_postgres_default' for task execution.
[2022-12-13 07:58:54,268] {python.py:173} INFO - Done. Returned value was: [("Waitin' On The Day", 'Paradise Valley', 'John Mayer'), ('Hey', 'Stadium Arcadium', 'Red Hot Chili Peppers'), ('Mellowship Slinky in B Major', 'Blood Sugar Sex Magik (Deluxe Edition)', 'Red Hot Chili Peppers')]
[2022-12-13 07:58:54,345] {taskinstance.py:1400} INFO - Marking task as SUCCESS. dag_id=cereal_paper, task_id=get_songs_from_db_task, execution_date=20221213T075852, start_date=20221213T075853, end_date=20221213T075854
[2022-12-13 07:58:54,404] {local_task_job.py:156} INFO - Task exited with return code 0
[2022-12-13 07:58:54,457] {local_task_job.py:273} INFO - 0 downstream tasks scheduled from follow-on schedule check
