[2022-12-13 07:53:24,850] {taskinstance.py:1159} INFO - Dependencies all met for <TaskInstance: cereal_paper.get_news_task manual__2022-12-13T07:53:23.430067+00:00 [queued]>
[2022-12-13 07:53:24,858] {taskinstance.py:1159} INFO - Dependencies all met for <TaskInstance: cereal_paper.get_news_task manual__2022-12-13T07:53:23.430067+00:00 [queued]>
[2022-12-13 07:53:24,858] {taskinstance.py:1356} INFO - 
--------------------------------------------------------------------------------
[2022-12-13 07:53:24,859] {taskinstance.py:1357} INFO - Starting attempt 1 of 2
[2022-12-13 07:53:24,859] {taskinstance.py:1358} INFO - 
--------------------------------------------------------------------------------
[2022-12-13 07:53:24,870] {taskinstance.py:1377} INFO - Executing <Task(PythonOperator): get_news_task> on 2022-12-13 07:53:23.430067+00:00
[2022-12-13 07:53:24,874] {standard_task_runner.py:52} INFO - Started process 297 to run task
[2022-12-13 07:53:24,880] {standard_task_runner.py:79} INFO - Running: ['***', 'tasks', 'run', 'cereal_paper', 'get_news_task', 'manual__2022-12-13T07:53:23.430067+00:00', '--job-id', '27', '--raw', '--subdir', 'DAGS_FOLDER/cereal-paper.py', '--cfg-path', '/tmp/tmpu5iq1pex', '--error-file', '/tmp/tmpmhpaq8so']
[2022-12-13 07:53:24,882] {standard_task_runner.py:80} INFO - Job 27: Subtask get_news_task
[2022-12-13 07:53:25,034] {task_command.py:369} INFO - Running <TaskInstance: cereal_paper.get_news_task manual__2022-12-13T07:53:23.430067+00:00 [running]> on host 5029e27bd97f
[2022-12-13 07:53:25,226] {taskinstance.py:1571} INFO - Exporting the following env vars:
AIRFLOW_CTX_DAG_EMAIL=akash.khamkar40@gmail.com
AIRFLOW_CTX_DAG_OWNER=akashk
AIRFLOW_CTX_DAG_ID=cereal_paper
AIRFLOW_CTX_TASK_ID=get_news_task
AIRFLOW_CTX_EXECUTION_DATE=2022-12-13T07:53:23.430067+00:00
AIRFLOW_CTX_TRY_NUMBER=1
AIRFLOW_CTX_DAG_RUN_ID=manual__2022-12-13T07:53:23.430067+00:00
[2022-12-13 07:53:26,706] {python.py:173} INFO - Done. Returned value was: [{'title': "News18 Afternoon Digest: India's Tourism Push Near Yangtze, Holy Site for Arunachal and Tibet, Riled Up the Chinese? & Other Stories", 'published_date': '2022-12-13 07:39:33', 'summary': "Here are the top stories: Border Clash: India's Tourism Push Near Yangtze, Holy Site for Arunachal and Tibet, Riled Up the Chinese?; Shah Rukh Khan Sports Red Teeka As He Poses With Fans In Viral Pic From Vaishno Devi; and more"}, {'title': 'Oil climbs as U.S. pipeline closure adds to supply uncertainty', 'published_date': '2022-12-13 07:39:32', 'summary': 'Oil extended gains on Tuesday as a key pipeline bringing supply to the United States remained shut, adding to concerns about potential tightness in the world’s biggest crude consumer. Brent crude futures rose $1.33, or 1.7%, to $79.32 per barrel by 0725 GMT, while U.S. West Texas Intermediate (WTI) crude futures gained $1.15, or 1.6%, […]'}]
[2022-12-13 07:53:26,747] {taskinstance.py:1400} INFO - Marking task as SUCCESS. dag_id=cereal_paper, task_id=get_news_task, execution_date=20221213T075323, start_date=20221213T075324, end_date=20221213T075326
[2022-12-13 07:53:26,764] {local_task_job.py:156} INFO - Task exited with return code 0
[2022-12-13 07:53:26,814] {local_task_job.py:273} INFO - 1 downstream tasks scheduled from follow-on schedule check
