[2022-12-12 13:18:09,246] {taskinstance.py:1159} INFO - Dependencies all met for <TaskInstance: daily_Paper.combine_articles_task manual__2022-12-12T13:18:06.625180+00:00 [queued]>
[2022-12-12 13:18:09,251] {taskinstance.py:1159} INFO - Dependencies all met for <TaskInstance: daily_Paper.combine_articles_task manual__2022-12-12T13:18:06.625180+00:00 [queued]>
[2022-12-12 13:18:09,251] {taskinstance.py:1356} INFO - 
--------------------------------------------------------------------------------
[2022-12-12 13:18:09,252] {taskinstance.py:1357} INFO - Starting attempt 1 of 2
[2022-12-12 13:18:09,252] {taskinstance.py:1358} INFO - 
--------------------------------------------------------------------------------
[2022-12-12 13:18:09,259] {taskinstance.py:1377} INFO - Executing <Task(PythonOperator): combine_articles_task> on 2022-12-12 13:18:06.625180+00:00
[2022-12-12 13:18:09,262] {standard_task_runner.py:52} INFO - Started process 1189 to run task
[2022-12-12 13:18:09,265] {standard_task_runner.py:79} INFO - Running: ['***', 'tasks', 'run', 'daily_Paper', 'combine_articles_task', 'manual__2022-12-12T13:18:06.625180+00:00', '--job-id', '67', '--raw', '--subdir', 'DAGS_FOLDER/morning-paper.py', '--cfg-path', '/tmp/tmpb0kaifk0', '--error-file', '/tmp/tmpdm58jsmj']
[2022-12-12 13:18:09,266] {standard_task_runner.py:80} INFO - Job 67: Subtask combine_articles_task
[2022-12-12 13:18:09,304] {task_command.py:369} INFO - Running <TaskInstance: daily_Paper.combine_articles_task manual__2022-12-12T13:18:06.625180+00:00 [running]> on host cbcd6542cb8e
[2022-12-12 13:18:09,349] {taskinstance.py:1571} INFO - Exporting the following env vars:
AIRFLOW_CTX_DAG_EMAIL=akash.khamkar40@gmail.com
AIRFLOW_CTX_DAG_OWNER=akashk
AIRFLOW_CTX_DAG_ID=daily_Paper
AIRFLOW_CTX_TASK_ID=combine_articles_task
AIRFLOW_CTX_EXECUTION_DATE=2022-12-12T13:18:06.625180+00:00
AIRFLOW_CTX_TRY_NUMBER=1
AIRFLOW_CTX_DAG_RUN_ID=manual__2022-12-12T13:18:06.625180+00:00
[2022-12-12 13:18:09,376] {logging_mixin.py:115} INFO - Judge: "I sentence you to the maximum punishment..."
Me (thinking): "Please be death, please be death..."
Judge: "Learn Java!"
Me: "Damn." Most people achieved their greatest success one step beyond what looked like their greatest failure. [{'title': 'As auction activity winds down for the year the sales rate improves slightly', 'author': '', 'published_date': '2022-12-12 13:18:00', 'published_date_precision': 'timezone unknown', 'link': 'https://www.interest.co.nz/property/118847/just-under-third-sold-under-hammer-last-weeks-residential-property-auctions', 'clean_url': 'interest.co.nz', 'excerpt': "Just under a third sold under the hammer at last week's residential property auctions", 'summary': "Property / news Just under a third sold under the hammer at last week's residential property auctions\n 12th Dec 22, 1:18pm by Greg Ninness \n Activity is slowly winding down in the auction rooms monitored by interest.co.nz as the market heads towards the Christmas break. There were 251 residential properties on offer around the country at the auctions monitored by interest.co.nz last week (3-9 December), compared to 287 the previous week and 307 the week before that. Of the 251 properties on offer last week, 76 sold under the hammer, exactly the same number as the previous week.", 'rights': 'interest.co.nz', 'rank': 54797, 'topic': 'news', 'country': 'NZ', 'language': 'en', 'authors': '', 'media': 'https://www.interest.co.nz/sites/default/files/2022-12/auction-flag-waving.jpg', 'is_opinion': False, 'twitter_account': '@interestnz', '_score': None, '_id': 'de0b91ff6fc292582feed41f3e351e63'}, {'title': 'Sports industry has potential to grow more rapidly', 'author': 'BERNAMA', 'published_date': '2022-12-12 13:18:00', 'published_date_precision': 'timezone unknown', 'link': 'https://www.bernama.com/en/sports/news.php?id=2147016', 'clean_url': 'bernama.com', 'excerpt': 'KBS, Adam Adli, sports, industry, potential', 'summary': 'Adam Adli Abd Halim PUTRAJAYA, Dec 12 (Bernama) -- The country\'s sports industry has the potential to grow more rapidly, but action needs to be taken to ensure that no more damage is caused due to the problem of corruption in addition to determining that the sector is not marginaised in the future, said newly-minted Deputy Youth and Sports Minister Adam Adli Abdul Halim. He said the national sports arena should be free from any corruption, inefficiency and leakages to raise it to a higher level. "I\'m sure media practitioners who cover sports know this problem very well.', 'rights': 'bernama.com', 'rank': 13286, 'topic': 'business', 'country': 'MY', 'language': 'en', 'authors': 'BERNAMA', 'media': 'https://www.bernama.com/storage/photos/62f832d746a46a6eb43a1e33cf6011776396b3cc5f6a4', 'is_opinion': False, 'twitter_account': '@bernamadotcom', '_score': None, '_id': '5d86ad746227ad5ae4ae7aa6af84ea73'}, {'title': 'Hunter Syndrome Treatment Market to Grow up to USD 1794.67 Million by 2030', 'author': 'Data Bridge Market Research', 'published_date': '2022-12-12 13:17:36', 'published_date_precision': 'timezone unknown', 'link': 'https://www.openpr.com/news/2844687/hunter-syndrome-treatment-market-to-grow-up-to-usd-1794-67', 'clean_url': 'openpr.com', 'excerpt': 'Data Bridge Market Research has recently published a research report titled Global Hunter Syndrome Treatment Report History and Forecast 2023 2030 Breakdown Data by Key Players Key Regions Types and…', 'summary': 'Hunter Syndrome Treatment MarketData Bridge Market Research has recently published a research report titled, "Global Hunter Syndrome Treatment Report, History and Forecast 2023-2030, Breakdown Data by Key Players, Key Regions, Types and Application" assessing numerous factors impacting its trajectory. The global Hunter Syndrome Treatment market report gives in-depth insights, Challenges, Growth and Upcoming developments about the industry. All composed market statistics data is verified and legal by industry specialists for readers and end users.', 'rights': 'openpr.com', 'rank': 9387, 'topic': 'business', 'country': 'DE', 'language': 'en', 'authors': 'Data Bridge Market Research', 'media': 'https://cdn.openpr.com/V/c/Vc12141166_g.jpg', 'is_opinion': False, 'twitter_account': None, '_score': None, '_id': '90ada2e01971919f952f6653231534d8'}] None
[2022-12-12 13:18:09,377] {python.py:173} INFO - Done. Returned value was: None
[2022-12-12 13:18:09,386] {taskinstance.py:1400} INFO - Marking task as SUCCESS. dag_id=daily_Paper, task_id=combine_articles_task, execution_date=20221212T131806, start_date=20221212T131809, end_date=20221212T131809
[2022-12-12 13:18:09,438] {local_task_job.py:156} INFO - Task exited with return code 0
[2022-12-12 13:18:09,462] {local_task_job.py:273} INFO - 0 downstream tasks scheduled from follow-on schedule check
