[2022-12-12 16:26:02,567] {taskinstance.py:1159} INFO - Dependencies all met for <TaskInstance: daily_paper.combine_articles_task manual__2022-12-12T16:25:59.735310+00:00 [queued]>
[2022-12-12 16:26:02,573] {taskinstance.py:1159} INFO - Dependencies all met for <TaskInstance: daily_paper.combine_articles_task manual__2022-12-12T16:25:59.735310+00:00 [queued]>
[2022-12-12 16:26:02,574] {taskinstance.py:1356} INFO - 
--------------------------------------------------------------------------------
[2022-12-12 16:26:02,575] {taskinstance.py:1357} INFO - Starting attempt 1 of 2
[2022-12-12 16:26:02,575] {taskinstance.py:1358} INFO - 
--------------------------------------------------------------------------------
[2022-12-12 16:26:02,583] {taskinstance.py:1377} INFO - Executing <Task(PythonOperator): combine_articles_task> on 2022-12-12 16:25:59.735310+00:00
[2022-12-12 16:26:02,586] {standard_task_runner.py:52} INFO - Started process 2923 to run task
[2022-12-12 16:26:02,589] {standard_task_runner.py:79} INFO - Running: ['***', 'tasks', 'run', 'daily_paper', 'combine_articles_task', 'manual__2022-12-12T16:25:59.735310+00:00', '--job-id', '133', '--raw', '--subdir', 'DAGS_FOLDER/morning-paper.py', '--cfg-path', '/tmp/tmp2ynjozkn', '--error-file', '/tmp/tmp01ejut1r']
[2022-12-12 16:26:02,590] {standard_task_runner.py:80} INFO - Job 133: Subtask combine_articles_task
[2022-12-12 16:26:02,629] {task_command.py:369} INFO - Running <TaskInstance: daily_paper.combine_articles_task manual__2022-12-12T16:25:59.735310+00:00 [running]> on host cbcd6542cb8e
[2022-12-12 16:26:02,675] {taskinstance.py:1571} INFO - Exporting the following env vars:
AIRFLOW_CTX_DAG_EMAIL=akash.khamkar40@gmail.com
AIRFLOW_CTX_DAG_OWNER=akashk
AIRFLOW_CTX_DAG_ID=daily_paper
AIRFLOW_CTX_TASK_ID=combine_articles_task
AIRFLOW_CTX_EXECUTION_DATE=2022-12-12T16:25:59.735310+00:00
AIRFLOW_CTX_TRY_NUMBER=1
AIRFLOW_CTX_DAG_RUN_ID=manual__2022-12-12T16:25:59.735310+00:00
[2022-12-12 16:26:02,702] {logging_mixin.py:115} INFO - {'joke': "// This line doesn't actually do anything, but the code stops working when I delete it.", 'quote': 'Most people achieved their greatest success one step beyond what looked like their greatest failure.', 'news': [{'title': 'New Royal Decree Defines Specialisations Of Finance Ministry, Endorses Its Organisational Structure', 'published_date': '2022-12-12 16:25:12', 'summary': 'His Majesty Sultan Haitham bin Tarik today issued Royal decree No. (91/2022) on defining the specialisations of the Ministry of Finance and endorsing its organisational structure.\nArticle (1) of the Decree defines the specialisations of the Ministry of Finance in accordance with annex (1) attached to the decree.\nArticle (2) endorses the organisational structure of the Ministry of Finance in accordance with annex (2) attached to the decree.\nArticle (3) cancels Royal decree No. (39/96) on defining the specialisations of the Ministry of Finance and endorsing its organisational structure.'}, {'title': 'Resilient Blazers live another day after gutsy Game 2 win over Knights', 'published_date': '2022-12-12 16:25:00', 'summary': "College of St. Benilde guard Migs Oczon during Game 2 of the NCAA Season 98 men's basketball Finals against Letran. NCAA PHOTO\nRefusing to land on the wrong side of NCAA history without a fight, College of St. Benilde on Sunday carved out a 76-71 nipping of Letran at Smart Araneta Coliseum to take the best-of-three title series for the Season 98 title of the men's basketball competition to a deciding game.\nAnd Blazers coach Charles Tiu knows that despite what they pulled out, the Knights will have all sorts of advantages going for them next week at Ynares Center in Antipolo City."}, {'title': 'Rupee falls 25 paise to close at 82.53 against US dollar', 'published_date': '2022-12-12 16:25:00', 'summary': 'Rupee settled at 82.53, down 25 paise over its previous close of 82.28. MUMBAI: The rupee declined 25 paise to close at 82.53 (provisional) against the US dollar on Monday, pressured by a lacklustre trend in the domestic equity markets and foreign capital outflows ahead of macroeconomic data announcements. Forex traders said risk-off sentiment in global markets also weighed on the local unit. At the interbank foreign exchange market, the rupee opened lower at 82.54 against the greenback and witnessed a high of 82.'}], 'meme': 'https://redd.it/zk2j4g'}
[2022-12-12 16:26:02,704] {python.py:173} INFO - Done. Returned value was: {'joke': "// This line doesn't actually do anything, but the code stops working when I delete it.", 'quote': 'Most people achieved their greatest success one step beyond what looked like their greatest failure.', 'news': [{'title': 'New Royal Decree Defines Specialisations Of Finance Ministry, Endorses Its Organisational Structure', 'published_date': '2022-12-12 16:25:12', 'summary': 'His Majesty Sultan Haitham bin Tarik today issued Royal decree No. (91/2022) on defining the specialisations of the Ministry of Finance and endorsing its organisational structure.\nArticle (1) of the Decree defines the specialisations of the Ministry of Finance in accordance with annex (1) attached to the decree.\nArticle (2) endorses the organisational structure of the Ministry of Finance in accordance with annex (2) attached to the decree.\nArticle (3) cancels Royal decree No. (39/96) on defining the specialisations of the Ministry of Finance and endorsing its organisational structure.'}, {'title': 'Resilient Blazers live another day after gutsy Game 2 win over Knights', 'published_date': '2022-12-12 16:25:00', 'summary': "College of St. Benilde guard Migs Oczon during Game 2 of the NCAA Season 98 men's basketball Finals against Letran. NCAA PHOTO\nRefusing to land on the wrong side of NCAA history without a fight, College of St. Benilde on Sunday carved out a 76-71 nipping of Letran at Smart Araneta Coliseum to take the best-of-three title series for the Season 98 title of the men's basketball competition to a deciding game.\nAnd Blazers coach Charles Tiu knows that despite what they pulled out, the Knights will have all sorts of advantages going for them next week at Ynares Center in Antipolo City."}, {'title': 'Rupee falls 25 paise to close at 82.53 against US dollar', 'published_date': '2022-12-12 16:25:00', 'summary': 'Rupee settled at 82.53, down 25 paise over its previous close of 82.28. MUMBAI: The rupee declined 25 paise to close at 82.53 (provisional) against the US dollar on Monday, pressured by a lacklustre trend in the domestic equity markets and foreign capital outflows ahead of macroeconomic data announcements. Forex traders said risk-off sentiment in global markets also weighed on the local unit. At the interbank foreign exchange market, the rupee opened lower at 82.54 against the greenback and witnessed a high of 82.'}], 'meme': 'https://redd.it/zk2j4g'}
[2022-12-12 16:26:02,722] {taskinstance.py:1400} INFO - Marking task as SUCCESS. dag_id=daily_paper, task_id=combine_articles_task, execution_date=20221212T162559, start_date=20221212T162602, end_date=20221212T162602
[2022-12-12 16:26:02,761] {local_task_job.py:156} INFO - Task exited with return code 0
[2022-12-12 16:26:02,795] {local_task_job.py:273} INFO - 0 downstream tasks scheduled from follow-on schedule check
