[2022-12-12 12:14:14,004] {taskinstance.py:1159} INFO - Dependencies all met for <TaskInstance: daily_Paper.combine_articles_task manual__2022-12-12T12:14:11.601755+00:00 [queued]>
[2022-12-12 12:14:14,010] {taskinstance.py:1159} INFO - Dependencies all met for <TaskInstance: daily_Paper.combine_articles_task manual__2022-12-12T12:14:11.601755+00:00 [queued]>
[2022-12-12 12:14:14,010] {taskinstance.py:1356} INFO - 
--------------------------------------------------------------------------------
[2022-12-12 12:14:14,011] {taskinstance.py:1357} INFO - Starting attempt 1 of 2
[2022-12-12 12:14:14,011] {taskinstance.py:1358} INFO - 
--------------------------------------------------------------------------------
[2022-12-12 12:14:14,019] {taskinstance.py:1377} INFO - Executing <Task(PythonOperator): combine_articles_task> on 2022-12-12 12:14:11.601755+00:00
[2022-12-12 12:14:14,022] {standard_task_runner.py:52} INFO - Started process 308 to run task
[2022-12-12 12:14:14,025] {standard_task_runner.py:79} INFO - Running: ['***', 'tasks', 'run', 'daily_Paper', 'combine_articles_task', 'manual__2022-12-12T12:14:11.601755+00:00', '--job-id', '14', '--raw', '--subdir', 'DAGS_FOLDER/morning-paper.py', '--cfg-path', '/tmp/tmp06lhlc24', '--error-file', '/tmp/tmpn0q2xfc7']
[2022-12-12 12:14:14,026] {standard_task_runner.py:80} INFO - Job 14: Subtask combine_articles_task
[2022-12-12 12:14:14,066] {task_command.py:369} INFO - Running <TaskInstance: daily_Paper.combine_articles_task manual__2022-12-12T12:14:11.601755+00:00 [running]> on host cbcd6542cb8e
[2022-12-12 12:14:14,112] {taskinstance.py:1571} INFO - Exporting the following env vars:
AIRFLOW_CTX_DAG_EMAIL=akash.khamkar40@gmail.com
AIRFLOW_CTX_DAG_OWNER=akashk
AIRFLOW_CTX_DAG_ID=daily_Paper
AIRFLOW_CTX_TASK_ID=combine_articles_task
AIRFLOW_CTX_EXECUTION_DATE=2022-12-12T12:14:11.601755+00:00
AIRFLOW_CTX_TRY_NUMBER=1
AIRFLOW_CTX_DAG_RUN_ID=manual__2022-12-12T12:14:11.601755+00:00
[2022-12-12 12:14:14,121] {logging_mixin.py:115} INFO - None
[2022-12-12 12:14:14,122] {python.py:173} INFO - Done. Returned value was: None
[2022-12-12 12:14:14,131] {taskinstance.py:1400} INFO - Marking task as SUCCESS. dag_id=daily_Paper, task_id=combine_articles_task, execution_date=20221212T121411, start_date=20221212T121414, end_date=20221212T121414
[2022-12-12 12:14:14,156] {local_task_job.py:156} INFO - Task exited with return code 0
[2022-12-12 12:14:14,178] {local_task_job.py:273} INFO - 0 downstream tasks scheduled from follow-on schedule check
