[2022-12-12 12:14:11,920] {taskinstance.py:1159} INFO - Dependencies all met for <TaskInstance: daily_Paper.get_joke_task manual__2022-12-12T12:14:11.601755+00:00 [queued]>
[2022-12-12 12:14:11,925] {taskinstance.py:1159} INFO - Dependencies all met for <TaskInstance: daily_Paper.get_joke_task manual__2022-12-12T12:14:11.601755+00:00 [queued]>
[2022-12-12 12:14:11,926] {taskinstance.py:1356} INFO - 
--------------------------------------------------------------------------------
[2022-12-12 12:14:11,926] {taskinstance.py:1357} INFO - Starting attempt 1 of 2
[2022-12-12 12:14:11,927] {taskinstance.py:1358} INFO - 
--------------------------------------------------------------------------------
[2022-12-12 12:14:11,935] {taskinstance.py:1377} INFO - Executing <Task(PythonOperator): get_joke_task> on 2022-12-12 12:14:11.601755+00:00
[2022-12-12 12:14:11,938] {standard_task_runner.py:52} INFO - Started process 305 to run task
[2022-12-12 12:14:11,943] {standard_task_runner.py:79} INFO - Running: ['***', 'tasks', 'run', 'daily_Paper', 'get_joke_task', 'manual__2022-12-12T12:14:11.601755+00:00', '--job-id', '13', '--raw', '--subdir', 'DAGS_FOLDER/morning-paper.py', '--cfg-path', '/tmp/tmppahpvspq', '--error-file', '/tmp/tmp3m76w642']
[2022-12-12 12:14:11,945] {standard_task_runner.py:80} INFO - Job 13: Subtask get_joke_task
[2022-12-12 12:14:12,005] {task_command.py:369} INFO - Running <TaskInstance: daily_Paper.get_joke_task manual__2022-12-12T12:14:11.601755+00:00 [running]> on host cbcd6542cb8e
[2022-12-12 12:14:12,065] {taskinstance.py:1571} INFO - Exporting the following env vars:
AIRFLOW_CTX_DAG_EMAIL=akash.khamkar40@gmail.com
AIRFLOW_CTX_DAG_OWNER=akashk
AIRFLOW_CTX_DAG_ID=daily_Paper
AIRFLOW_CTX_TASK_ID=get_joke_task
AIRFLOW_CTX_EXECUTION_DATE=2022-12-12T12:14:11.601755+00:00
AIRFLOW_CTX_TRY_NUMBER=1
AIRFLOW_CTX_DAG_RUN_ID=manual__2022-12-12T12:14:11.601755+00:00
[2022-12-12 12:14:12,751] {logging_mixin.py:115} INFO - {'error': False, 'category': 'Programming', 'type': 'single', 'joke': "I've got a really good UDP joke to tell you but I don’t know if you'll get it.", 'flags': {'nsfw': False, 'religious': False, 'political': False, 'racist': False, 'sexist': False, 'explicit': False}, 'id': 0, 'safe': True, 'lang': 'en'}
[2022-12-12 12:14:12,753] {python.py:173} INFO - Done. Returned value was: I've got a really good UDP joke to tell you but I don’t know if you'll get it.
[2022-12-12 12:14:12,809] {taskinstance.py:1400} INFO - Marking task as SUCCESS. dag_id=daily_Paper, task_id=get_joke_task, execution_date=20221212T121411, start_date=20221212T121411, end_date=20221212T121412
[2022-12-12 12:14:12,866] {local_task_job.py:156} INFO - Task exited with return code 0
[2022-12-12 12:14:12,897] {local_task_job.py:273} INFO - 0 downstream tasks scheduled from follow-on schedule check
