[2022-12-13 09:52:49,862] {taskinstance.py:1159} INFO - Dependencies all met for <TaskInstance: cereal_paper.get_songs_from_db_task manual__2022-12-13T09:52:48.637449+00:00 [queued]>
[2022-12-13 09:52:49,874] {taskinstance.py:1159} INFO - Dependencies all met for <TaskInstance: cereal_paper.get_songs_from_db_task manual__2022-12-13T09:52:48.637449+00:00 [queued]>
[2022-12-13 09:52:49,878] {taskinstance.py:1356} INFO - 
--------------------------------------------------------------------------------
[2022-12-13 09:52:49,879] {taskinstance.py:1357} INFO - Starting attempt 1 of 2
[2022-12-13 09:52:49,880] {taskinstance.py:1358} INFO - 
--------------------------------------------------------------------------------
[2022-12-13 09:52:49,902] {taskinstance.py:1377} INFO - Executing <Task(PythonOperator): get_songs_from_db_task> on 2022-12-13 09:52:48.637449+00:00
[2022-12-13 09:52:49,911] {standard_task_runner.py:52} INFO - Started process 372 to run task
[2022-12-13 09:52:49,923] {standard_task_runner.py:79} INFO - Running: ['***', 'tasks', 'run', 'cereal_paper', 'get_songs_from_db_task', 'manual__2022-12-13T09:52:48.637449+00:00', '--job-id', '89', '--raw', '--subdir', 'DAGS_FOLDER/cereal-paper.py', '--cfg-path', '/tmp/tmpwcvxnk32', '--error-file', '/tmp/tmpeyv870jy']
[2022-12-13 09:52:49,926] {standard_task_runner.py:80} INFO - Job 89: Subtask get_songs_from_db_task
[2022-12-13 09:52:50,101] {task_command.py:369} INFO - Running <TaskInstance: cereal_paper.get_songs_from_db_task manual__2022-12-13T09:52:48.637449+00:00 [running]> on host 2c020bbaa31c
[2022-12-13 09:52:50,260] {taskinstance.py:1571} INFO - Exporting the following env vars:
AIRFLOW_CTX_DAG_EMAIL=akash.khamkar40@gmail.com
AIRFLOW_CTX_DAG_OWNER=akashk
AIRFLOW_CTX_DAG_ID=cereal_paper
AIRFLOW_CTX_TASK_ID=get_songs_from_db_task
AIRFLOW_CTX_EXECUTION_DATE=2022-12-13T09:52:48.637449+00:00
AIRFLOW_CTX_TRY_NUMBER=1
AIRFLOW_CTX_DAG_RUN_ID=manual__2022-12-13T09:52:48.637449+00:00
[2022-12-13 09:52:50,263] {base.py:68} INFO - Using connection ID 'my_postgres_default' for task execution.
[2022-12-13 09:52:50,272] {python.py:173} INFO - Done. Returned value was: [('How to Save a Life', 'How To Save A Life', 'The Fray'), ('Wherever You Will Go - Acoustic', 'Camino Palmero', 'The Calling'), ('Glimpse of Us', 'Glimpse of Us', 'Joji')]
[2022-12-13 09:52:50,312] {taskinstance.py:1400} INFO - Marking task as SUCCESS. dag_id=cereal_paper, task_id=get_songs_from_db_task, execution_date=20221213T095248, start_date=20221213T095249, end_date=20221213T095250
[2022-12-13 09:52:50,339] {local_task_job.py:156} INFO - Task exited with return code 0
[2022-12-13 09:52:50,385] {local_task_job.py:273} INFO - 0 downstream tasks scheduled from follow-on schedule check
