[2022-12-12 12:12:16,517] {taskinstance.py:1159} INFO - Dependencies all met for <TaskInstance: daily_Paper.combine_articles_task manual__2022-12-12T12:11:12.227226+00:00 [queued]>
[2022-12-12 12:12:16,522] {taskinstance.py:1159} INFO - Dependencies all met for <TaskInstance: daily_Paper.combine_articles_task manual__2022-12-12T12:11:12.227226+00:00 [queued]>
[2022-12-12 12:12:16,523] {taskinstance.py:1356} INFO - 
--------------------------------------------------------------------------------
[2022-12-12 12:12:16,523] {taskinstance.py:1357} INFO - Starting attempt 1 of 2
[2022-12-12 12:12:16,523] {taskinstance.py:1358} INFO - 
--------------------------------------------------------------------------------
[2022-12-12 12:12:16,530] {taskinstance.py:1377} INFO - Executing <Task(PythonOperator): combine_articles_task> on 2022-12-12 12:11:12.227226+00:00
[2022-12-12 12:12:16,533] {standard_task_runner.py:52} INFO - Started process 277 to run task
[2022-12-12 12:12:16,536] {standard_task_runner.py:79} INFO - Running: ['***', 'tasks', 'run', 'daily_Paper', 'combine_articles_task', 'manual__2022-12-12T12:11:12.227226+00:00', '--job-id', '11', '--raw', '--subdir', 'DAGS_FOLDER/morning-paper.py', '--cfg-path', '/tmp/tmp25ss9209', '--error-file', '/tmp/tmpp6q63tsl']
[2022-12-12 12:12:16,537] {standard_task_runner.py:80} INFO - Job 11: Subtask combine_articles_task
[2022-12-12 12:12:16,573] {task_command.py:369} INFO - Running <TaskInstance: daily_Paper.combine_articles_task manual__2022-12-12T12:11:12.227226+00:00 [running]> on host cbcd6542cb8e
[2022-12-12 12:12:16,618] {taskinstance.py:1571} INFO - Exporting the following env vars:
AIRFLOW_CTX_DAG_EMAIL=akash.khamkar40@gmail.com
AIRFLOW_CTX_DAG_OWNER=akashk
AIRFLOW_CTX_DAG_ID=daily_Paper
AIRFLOW_CTX_TASK_ID=combine_articles_task
AIRFLOW_CTX_EXECUTION_DATE=2022-12-12T12:11:12.227226+00:00
AIRFLOW_CTX_TRY_NUMBER=1
AIRFLOW_CTX_DAG_RUN_ID=manual__2022-12-12T12:11:12.227226+00:00
[2022-12-12 12:12:16,627] {logging_mixin.py:115} INFO - None
[2022-12-12 12:12:16,627] {python.py:173} INFO - Done. Returned value was: None
[2022-12-12 12:12:16,637] {taskinstance.py:1400} INFO - Marking task as SUCCESS. dag_id=daily_Paper, task_id=combine_articles_task, execution_date=20221212T121112, start_date=20221212T121216, end_date=20221212T121216
[2022-12-12 12:12:16,668] {local_task_job.py:156} INFO - Task exited with return code 0
[2022-12-12 12:12:16,689] {local_task_job.py:273} INFO - 0 downstream tasks scheduled from follow-on schedule check
