[2022-12-13 11:10:04,842] {taskinstance.py:1159} INFO - Dependencies all met for <TaskInstance: cereal_paper.get_news_task manual__2022-12-13T11:10:03.509383+00:00 [queued]>
[2022-12-13 11:10:04,873] {taskinstance.py:1159} INFO - Dependencies all met for <TaskInstance: cereal_paper.get_news_task manual__2022-12-13T11:10:03.509383+00:00 [queued]>
[2022-12-13 11:10:04,873] {taskinstance.py:1356} INFO - 
--------------------------------------------------------------------------------
[2022-12-13 11:10:04,874] {taskinstance.py:1357} INFO - Starting attempt 1 of 2
[2022-12-13 11:10:04,874] {taskinstance.py:1358} INFO - 
--------------------------------------------------------------------------------
[2022-12-13 11:10:04,887] {taskinstance.py:1377} INFO - Executing <Task(PythonOperator): get_news_task> on 2022-12-13 11:10:03.509383+00:00
[2022-12-13 11:10:04,897] {standard_task_runner.py:52} INFO - Started process 197 to run task
[2022-12-13 11:10:04,902] {standard_task_runner.py:79} INFO - Running: ['***', 'tasks', 'run', 'cereal_paper', 'get_news_task', 'manual__2022-12-13T11:10:03.509383+00:00', '--job-id', '157', '--raw', '--subdir', 'DAGS_FOLDER/cereal-paper.py', '--cfg-path', '/tmp/tmpfmygl701', '--error-file', '/tmp/tmpov17o21z']
[2022-12-13 11:10:04,904] {standard_task_runner.py:80} INFO - Job 157: Subtask get_news_task
[2022-12-13 11:10:05,044] {task_command.py:369} INFO - Running <TaskInstance: cereal_paper.get_news_task manual__2022-12-13T11:10:03.509383+00:00 [running]> on host 44822d5113ae
[2022-12-13 11:10:05,193] {taskinstance.py:1571} INFO - Exporting the following env vars:
AIRFLOW_CTX_DAG_EMAIL=cerealman@akashkhamkar.in
AIRFLOW_CTX_DAG_OWNER=akashk
AIRFLOW_CTX_DAG_ID=cereal_paper
AIRFLOW_CTX_TASK_ID=get_news_task
AIRFLOW_CTX_EXECUTION_DATE=2022-12-13T11:10:03.509383+00:00
AIRFLOW_CTX_TRY_NUMBER=1
AIRFLOW_CTX_DAG_RUN_ID=manual__2022-12-13T11:10:03.509383+00:00
[2022-12-13 11:10:06,632] {python.py:173} INFO - Done. Returned value was: [{'title': 'Millionaire XRP Whales Quickly Filling Their Bags, Here Might Be Reason', 'published_date': '2022-12-13 10:58:00', 'summary': 'Catalyst for XRP price run appears as millionaire whales quickly increase holdings'}, {'title': 'France wary of Morocco threat, preparing for wall of noise in semi-final', 'published_date': '2022-12-13 10:57:53', 'summary': 'The French fans will be largely outnumbered by the Morocco supporters at the Al Bayt stadium and Les Bleus know that they will be jeered and whistled throughout\xa0'}, {'title': 'Indian rupee slips as Asian FX decline ahead of U.S. inflation test', 'published_date': '2022-12-13 10:57:39', 'summary': 'The partially convertible rupee ended at 82.8050 per dollar, against its previous close of 82.53'}]
[2022-12-13 11:10:06,692] {taskinstance.py:1400} INFO - Marking task as SUCCESS. dag_id=cereal_paper, task_id=get_news_task, execution_date=20221213T111003, start_date=20221213T111004, end_date=20221213T111006
[2022-12-13 11:10:06,724] {local_task_job.py:156} INFO - Task exited with return code 0
[2022-12-13 11:10:06,777] {local_task_job.py:273} INFO - 0 downstream tasks scheduled from follow-on schedule check
