[2022-12-12 17:38:53,547] {taskinstance.py:1159} INFO - Dependencies all met for <TaskInstance: daily_paper.get_joke_task manual__2022-12-12T17:38:52.902772+00:00 [queued]>
[2022-12-12 17:38:53,554] {taskinstance.py:1159} INFO - Dependencies all met for <TaskInstance: daily_paper.get_joke_task manual__2022-12-12T17:38:52.902772+00:00 [queued]>
[2022-12-12 17:38:53,555] {taskinstance.py:1356} INFO - 
--------------------------------------------------------------------------------
[2022-12-12 17:38:53,555] {taskinstance.py:1357} INFO - Starting attempt 1 of 2
[2022-12-12 17:38:53,555] {taskinstance.py:1358} INFO - 
--------------------------------------------------------------------------------
[2022-12-12 17:38:53,564] {taskinstance.py:1377} INFO - Executing <Task(PythonOperator): get_joke_task> on 2022-12-12 17:38:52.902772+00:00
[2022-12-12 17:38:53,568] {standard_task_runner.py:52} INFO - Started process 1146 to run task
[2022-12-12 17:38:53,573] {standard_task_runner.py:79} INFO - Running: ['***', 'tasks', 'run', 'daily_paper', 'get_joke_task', 'manual__2022-12-12T17:38:52.902772+00:00', '--job-id', '273', '--raw', '--subdir', 'DAGS_FOLDER/morning-paper.py', '--cfg-path', '/tmp/tmprq50dbeh', '--error-file', '/tmp/tmpjxnau2z1']
[2022-12-12 17:38:53,575] {standard_task_runner.py:80} INFO - Job 273: Subtask get_joke_task
[2022-12-12 17:38:53,649] {task_command.py:369} INFO - Running <TaskInstance: daily_paper.get_joke_task manual__2022-12-12T17:38:52.902772+00:00 [running]> on host 6bb81baa0a52
[2022-12-12 17:38:53,717] {taskinstance.py:1571} INFO - Exporting the following env vars:
AIRFLOW_CTX_DAG_EMAIL=akash.khamkar40@gmail.com
AIRFLOW_CTX_DAG_OWNER=akashk
AIRFLOW_CTX_DAG_ID=daily_paper
AIRFLOW_CTX_TASK_ID=get_joke_task
AIRFLOW_CTX_EXECUTION_DATE=2022-12-12T17:38:52.902772+00:00
AIRFLOW_CTX_TRY_NUMBER=1
AIRFLOW_CTX_DAG_RUN_ID=manual__2022-12-12T17:38:52.902772+00:00
[2022-12-12 17:38:54,616] {logging_mixin.py:115} INFO - {'error': False, 'category': 'Misc', 'type': 'single', 'joke': "Relationship Status: just tried to reach for my dog's paw and he pulled it away so I pretended I was reaching for the remote.", 'flags': {'nsfw': False, 'religious': False, 'racist': False, 'sexist': False, 'political': False, 'explicit': False}, 'id': 195, 'safe': True, 'lang': 'en'}
[2022-12-12 17:38:54,617] {python.py:173} INFO - Done. Returned value was: Relationship Status: just tried to reach for my dog's paw and he pulled it away so I pretended I was reaching for the remote.
[2022-12-12 17:38:54,638] {taskinstance.py:1400} INFO - Marking task as SUCCESS. dag_id=daily_paper, task_id=get_joke_task, execution_date=20221212T173852, start_date=20221212T173853, end_date=20221212T173854
[2022-12-12 17:38:54,658] {local_task_job.py:156} INFO - Task exited with return code 0
[2022-12-12 17:38:54,685] {local_task_job.py:273} INFO - 0 downstream tasks scheduled from follow-on schedule check
