[2022-12-12 16:44:07,624] {taskinstance.py:1159} INFO - Dependencies all met for <TaskInstance: daily_paper.get_joke_task manual__2022-12-12T16:44:06.988658+00:00 [queued]>
[2022-12-12 16:44:07,632] {taskinstance.py:1159} INFO - Dependencies all met for <TaskInstance: daily_paper.get_joke_task manual__2022-12-12T16:44:06.988658+00:00 [queued]>
[2022-12-12 16:44:07,633] {taskinstance.py:1356} INFO - 
--------------------------------------------------------------------------------
[2022-12-12 16:44:07,634] {taskinstance.py:1357} INFO - Starting attempt 1 of 2
[2022-12-12 16:44:07,634] {taskinstance.py:1358} INFO - 
--------------------------------------------------------------------------------
[2022-12-12 16:44:07,648] {taskinstance.py:1377} INFO - Executing <Task(PythonOperator): get_joke_task> on 2022-12-12 16:44:06.988658+00:00
[2022-12-12 16:44:07,652] {standard_task_runner.py:52} INFO - Started process 261 to run task
[2022-12-12 16:44:07,656] {standard_task_runner.py:79} INFO - Running: ['***', 'tasks', 'run', 'daily_paper', 'get_joke_task', 'manual__2022-12-12T16:44:06.988658+00:00', '--job-id', '163', '--raw', '--subdir', 'DAGS_FOLDER/morning-paper.py', '--cfg-path', '/tmp/tmpyyptdcv1', '--error-file', '/tmp/tmphq8q5ho0']
[2022-12-12 16:44:07,658] {standard_task_runner.py:80} INFO - Job 163: Subtask get_joke_task
[2022-12-12 16:44:07,751] {task_command.py:369} INFO - Running <TaskInstance: daily_paper.get_joke_task manual__2022-12-12T16:44:06.988658+00:00 [running]> on host 6bb81baa0a52
[2022-12-12 16:44:07,833] {taskinstance.py:1571} INFO - Exporting the following env vars:
AIRFLOW_CTX_DAG_EMAIL=akash.khamkar40@gmail.com
AIRFLOW_CTX_DAG_OWNER=akashk
AIRFLOW_CTX_DAG_ID=daily_paper
AIRFLOW_CTX_TASK_ID=get_joke_task
AIRFLOW_CTX_EXECUTION_DATE=2022-12-12T16:44:06.988658+00:00
AIRFLOW_CTX_TRY_NUMBER=1
AIRFLOW_CTX_DAG_RUN_ID=manual__2022-12-12T16:44:06.988658+00:00
[2022-12-12 16:44:08,770] {logging_mixin.py:115} INFO - {'error': False, 'category': 'Misc', 'type': 'single', 'joke': 'A perfectionist walked into a bar... apparently, the bar was not set high enough.', 'flags': {'nsfw': False, 'religious': False, 'political': False, 'racist': False, 'sexist': False, 'explicit': False}, 'safe': True, 'id': 288, 'lang': 'en'}
[2022-12-12 16:44:08,771] {python.py:173} INFO - Done. Returned value was: A perfectionist walked into a bar... apparently, the bar was not set high enough.
[2022-12-12 16:44:08,790] {taskinstance.py:1400} INFO - Marking task as SUCCESS. dag_id=daily_paper, task_id=get_joke_task, execution_date=20221212T164406, start_date=20221212T164407, end_date=20221212T164408
[2022-12-12 16:44:08,823] {local_task_job.py:156} INFO - Task exited with return code 0
[2022-12-12 16:44:08,850] {local_task_job.py:273} INFO - 0 downstream tasks scheduled from follow-on schedule check
