[2022-12-12 18:35:26,677] {taskinstance.py:1159} INFO - Dependencies all met for <TaskInstance: daily_paper.combine_articles_task manual__2022-12-12T18:35:23.309154+00:00 [queued]>
[2022-12-12 18:35:26,682] {taskinstance.py:1159} INFO - Dependencies all met for <TaskInstance: daily_paper.combine_articles_task manual__2022-12-12T18:35:23.309154+00:00 [queued]>
[2022-12-12 18:35:26,683] {taskinstance.py:1356} INFO - 
--------------------------------------------------------------------------------
[2022-12-12 18:35:26,683] {taskinstance.py:1357} INFO - Starting attempt 1 of 2
[2022-12-12 18:35:26,684] {taskinstance.py:1358} INFO - 
--------------------------------------------------------------------------------
[2022-12-12 18:35:26,691] {taskinstance.py:1377} INFO - Executing <Task(PythonOperator): combine_articles_task> on 2022-12-12 18:35:23.309154+00:00
[2022-12-12 18:35:26,695] {standard_task_runner.py:52} INFO - Started process 2621 to run task
[2022-12-12 18:35:26,698] {standard_task_runner.py:79} INFO - Running: ['***', 'tasks', 'run', 'daily_paper', 'combine_articles_task', 'manual__2022-12-12T18:35:23.309154+00:00', '--job-id', '400', '--raw', '--subdir', 'DAGS_FOLDER/morning-paper.py', '--cfg-path', '/tmp/tmpje6zjwmj', '--error-file', '/tmp/tmp31p6xoye']
[2022-12-12 18:35:26,699] {standard_task_runner.py:80} INFO - Job 400: Subtask combine_articles_task
[2022-12-12 18:35:26,738] {task_command.py:369} INFO - Running <TaskInstance: daily_paper.combine_articles_task manual__2022-12-12T18:35:23.309154+00:00 [running]> on host 6bb81baa0a52
[2022-12-12 18:35:26,789] {taskinstance.py:1571} INFO - Exporting the following env vars:
AIRFLOW_CTX_DAG_EMAIL=akash.khamkar40@gmail.com
AIRFLOW_CTX_DAG_OWNER=akashk
AIRFLOW_CTX_DAG_ID=daily_paper
AIRFLOW_CTX_TASK_ID=combine_articles_task
AIRFLOW_CTX_EXECUTION_DATE=2022-12-12T18:35:23.309154+00:00
AIRFLOW_CTX_TRY_NUMBER=1
AIRFLOW_CTX_DAG_RUN_ID=manual__2022-12-12T18:35:23.309154+00:00
[2022-12-12 18:35:26,821] {logging_mixin.py:115} INFO - {'joke': 'My little daughter came to me all excited, saying "Daddy! Daddy! Guess how old I\'ll be in June!"\n"Oh I don\'t know princess, why don\'t you tell me?" I said. She gave me a huge smile and held up four fingers.\nIt\'s now three hours later, police have joined in and she still won\'t say where she got them.', 'quote': 'Most people achieved their greatest success one step beyond what looked like their greatest failure.', 'news': [{'title': 'Telangana: Medicos queue up for law course', 'published_date': '2022-12-12 18:05:18', 'summary': 'Several engineering graduates are also looking at law as an alternative profession'}, {'title': 'Mamata Banerjee kicks off poll campaign in Meghalaya', 'published_date': '2022-12-12 18:03:32', 'summary': 'Banerjee was accompanied by AITC National General Secretary Abhishek Banerjee, who is visiting the state for the third time. During her two-day visit, she will be attending a series of events accompanied by Meghalaya Trinamool Congress leaders.'}, {'title': 'GOVERNMENT NEW LAW COLLEGE CASE: ABVP demands judicial inquiry', 'published_date': '2022-12-12 18:03:28', 'summary': 'None'}], 'meme': 'https://redd.it/zjxpuw'}
[2022-12-12 18:35:26,822] {python.py:173} INFO - Done. Returned value was: {'joke': 'My little daughter came to me all excited, saying "Daddy! Daddy! Guess how old I\'ll be in June!"\n"Oh I don\'t know princess, why don\'t you tell me?" I said. She gave me a huge smile and held up four fingers.\nIt\'s now three hours later, police have joined in and she still won\'t say where she got them.', 'quote': 'Most people achieved their greatest success one step beyond what looked like their greatest failure.', 'news': [{'title': 'Telangana: Medicos queue up for law course', 'published_date': '2022-12-12 18:05:18', 'summary': 'Several engineering graduates are also looking at law as an alternative profession'}, {'title': 'Mamata Banerjee kicks off poll campaign in Meghalaya', 'published_date': '2022-12-12 18:03:32', 'summary': 'Banerjee was accompanied by AITC National General Secretary Abhishek Banerjee, who is visiting the state for the third time. During her two-day visit, she will be attending a series of events accompanied by Meghalaya Trinamool Congress leaders.'}, {'title': 'GOVERNMENT NEW LAW COLLEGE CASE: ABVP demands judicial inquiry', 'published_date': '2022-12-12 18:03:28', 'summary': 'None'}], 'meme': 'https://redd.it/zjxpuw'}
[2022-12-12 18:35:26,842] {taskinstance.py:1400} INFO - Marking task as SUCCESS. dag_id=daily_paper, task_id=combine_articles_task, execution_date=20221212T183523, start_date=20221212T183526, end_date=20221212T183526
[2022-12-12 18:35:26,870] {local_task_job.py:156} INFO - Task exited with return code 0
[2022-12-12 18:35:26,893] {local_task_job.py:273} INFO - 1 downstream tasks scheduled from follow-on schedule check
