[2022-12-12 17:58:08,293] {taskinstance.py:1159} INFO - Dependencies all met for <TaskInstance: daily_paper.get_news_task manual__2022-12-12T17:58:07.147992+00:00 [queued]>
[2022-12-12 17:58:08,303] {taskinstance.py:1159} INFO - Dependencies all met for <TaskInstance: daily_paper.get_news_task manual__2022-12-12T17:58:07.147992+00:00 [queued]>
[2022-12-12 17:58:08,304] {taskinstance.py:1356} INFO - 
--------------------------------------------------------------------------------
[2022-12-12 17:58:08,304] {taskinstance.py:1357} INFO - Starting attempt 1 of 2
[2022-12-12 17:58:08,305] {taskinstance.py:1358} INFO - 
--------------------------------------------------------------------------------
[2022-12-12 17:58:08,321] {taskinstance.py:1377} INFO - Executing <Task(PythonOperator): get_news_task> on 2022-12-12 17:58:07.147992+00:00
[2022-12-12 17:58:08,329] {standard_task_runner.py:52} INFO - Started process 1642 to run task
[2022-12-12 17:58:08,340] {standard_task_runner.py:79} INFO - Running: ['***', 'tasks', 'run', 'daily_paper', 'get_news_task', 'manual__2022-12-12T17:58:07.147992+00:00', '--job-id', '323', '--raw', '--subdir', 'DAGS_FOLDER/morning-paper.py', '--cfg-path', '/tmp/tmp_lvgbtza', '--error-file', '/tmp/tmppvivmf37']
[2022-12-12 17:58:08,346] {standard_task_runner.py:80} INFO - Job 323: Subtask get_news_task
[2022-12-12 17:58:08,424] {task_command.py:369} INFO - Running <TaskInstance: daily_paper.get_news_task manual__2022-12-12T17:58:07.147992+00:00 [running]> on host 6bb81baa0a52
[2022-12-12 17:58:08,482] {taskinstance.py:1571} INFO - Exporting the following env vars:
AIRFLOW_CTX_DAG_EMAIL=akash.khamkar40@gmail.com
AIRFLOW_CTX_DAG_OWNER=akashk
AIRFLOW_CTX_DAG_ID=daily_paper
AIRFLOW_CTX_TASK_ID=get_news_task
AIRFLOW_CTX_EXECUTION_DATE=2022-12-12T17:58:07.147992+00:00
AIRFLOW_CTX_TRY_NUMBER=1
AIRFLOW_CTX_DAG_RUN_ID=manual__2022-12-12T17:58:07.147992+00:00
[2022-12-12 17:58:09,636] {python.py:173} INFO - Done. Returned value was: [{'title': 'Starmer gets a tattoo', 'published_date': '2022-12-12 17:39:46', 'summary': 'Speaking on LBC, Starmer insisted there would be no deal with the SNP even if that meant the Tories got another 5 years. No deal with the SNP he announced was tattooed on his forehead so we thought that was worth a picture to show the reality of Starmer face to face with the Tories […] The post Starmer gets a tattoo appeared first on Newsnet.scot.'}, {'title': "Les réseaux sociaux pleurent la mort de l'artiste congolaise Tshala Muana", 'published_date': '2022-12-12 17:39:45', 'summary': 'Tshala Muana, dite « Mamu Nationale » ou « La reine du Mutuashi », est décédée samedi 10 décembre à Kinshasa. Sur les réseaux sociaux, fans et célébrités expriment leur désarroi après le décès de la célèbre artiste originaire de la province du Kasaï occidental, en RDC.'}, {'title': "Death under investigation in Deep River; police say no 'imminent threat' to public", 'published_date': '2022-12-12 17:39:18', 'summary': 'None'}]
[2022-12-12 17:58:09,657] {taskinstance.py:1400} INFO - Marking task as SUCCESS. dag_id=daily_paper, task_id=get_news_task, execution_date=20221212T175807, start_date=20221212T175808, end_date=20221212T175809
[2022-12-12 17:58:09,701] {local_task_job.py:156} INFO - Task exited with return code 0
[2022-12-12 17:58:09,730] {local_task_job.py:273} INFO - 1 downstream tasks scheduled from follow-on schedule check
