[2022-12-12 16:36:16,921] {taskinstance.py:1159} INFO - Dependencies all met for <TaskInstance: daily_paper.get_joke_task manual__2022-12-12T16:36:16.319037+00:00 [queued]>
[2022-12-12 16:36:16,933] {taskinstance.py:1159} INFO - Dependencies all met for <TaskInstance: daily_paper.get_joke_task manual__2022-12-12T16:36:16.319037+00:00 [queued]>
[2022-12-12 16:36:16,933] {taskinstance.py:1356} INFO - 
--------------------------------------------------------------------------------
[2022-12-12 16:36:16,934] {taskinstance.py:1357} INFO - Starting attempt 1 of 2
[2022-12-12 16:36:16,934] {taskinstance.py:1358} INFO - 
--------------------------------------------------------------------------------
[2022-12-12 16:36:16,954] {taskinstance.py:1377} INFO - Executing <Task(PythonOperator): get_joke_task> on 2022-12-12 16:36:16.319037+00:00
[2022-12-12 16:36:16,958] {standard_task_runner.py:52} INFO - Started process 3077 to run task
[2022-12-12 16:36:16,962] {standard_task_runner.py:79} INFO - Running: ['***', 'tasks', 'run', 'daily_paper', 'get_joke_task', 'manual__2022-12-12T16:36:16.319037+00:00', '--job-id', '159', '--raw', '--subdir', 'DAGS_FOLDER/morning-paper.py', '--cfg-path', '/tmp/tmpjuk6ln7p', '--error-file', '/tmp/tmpomql6lm5']
[2022-12-12 16:36:16,964] {standard_task_runner.py:80} INFO - Job 159: Subtask get_joke_task
[2022-12-12 16:36:17,061] {task_command.py:369} INFO - Running <TaskInstance: daily_paper.get_joke_task manual__2022-12-12T16:36:16.319037+00:00 [running]> on host cbcd6542cb8e
[2022-12-12 16:36:17,114] {taskinstance.py:1571} INFO - Exporting the following env vars:
AIRFLOW_CTX_DAG_EMAIL=akash.khamkar40@gmail.com
AIRFLOW_CTX_DAG_OWNER=akashk
AIRFLOW_CTX_DAG_ID=daily_paper
AIRFLOW_CTX_TASK_ID=get_joke_task
AIRFLOW_CTX_EXECUTION_DATE=2022-12-12T16:36:16.319037+00:00
AIRFLOW_CTX_TRY_NUMBER=1
AIRFLOW_CTX_DAG_RUN_ID=manual__2022-12-12T16:36:16.319037+00:00
[2022-12-12 16:36:18,404] {logging_mixin.py:115} INFO - {'error': False, 'category': 'Misc', 'type': 'single', 'joke': 'Yo mama is so old, she knew Burger King while he was still a prince.', 'flags': {'nsfw': False, 'religious': False, 'political': False, 'racist': False, 'sexist': False, 'explicit': False}, 'safe': True, 'id': 306, 'lang': 'en'}
[2022-12-12 16:36:18,406] {python.py:173} INFO - Done. Returned value was: Yo mama is so old, she knew Burger King while he was still a prince.
[2022-12-12 16:36:18,442] {taskinstance.py:1400} INFO - Marking task as SUCCESS. dag_id=daily_paper, task_id=get_joke_task, execution_date=20221212T163616, start_date=20221212T163616, end_date=20221212T163618
[2022-12-12 16:36:18,464] {local_task_job.py:156} INFO - Task exited with return code 0
[2022-12-12 16:36:18,493] {local_task_job.py:273} INFO - 1 downstream tasks scheduled from follow-on schedule check
