[2022-12-13 10:44:37,997] {taskinstance.py:1159} INFO - Dependencies all met for <TaskInstance: cereal_paper.get_news_task manual__2022-12-13T10:44:37.350819+00:00 [queued]>
[2022-12-13 10:44:38,007] {taskinstance.py:1159} INFO - Dependencies all met for <TaskInstance: cereal_paper.get_news_task manual__2022-12-13T10:44:37.350819+00:00 [queued]>
[2022-12-13 10:44:38,008] {taskinstance.py:1356} INFO - 
--------------------------------------------------------------------------------
[2022-12-13 10:44:38,008] {taskinstance.py:1357} INFO - Starting attempt 1 of 2
[2022-12-13 10:44:38,008] {taskinstance.py:1358} INFO - 
--------------------------------------------------------------------------------
[2022-12-13 10:44:38,019] {taskinstance.py:1377} INFO - Executing <Task(PythonOperator): get_news_task> on 2022-12-13 10:44:37.350819+00:00
[2022-12-13 10:44:38,022] {standard_task_runner.py:52} INFO - Started process 198 to run task
[2022-12-13 10:44:38,027] {standard_task_runner.py:79} INFO - Running: ['***', 'tasks', 'run', 'cereal_paper', 'get_news_task', 'manual__2022-12-13T10:44:37.350819+00:00', '--job-id', '96', '--raw', '--subdir', 'DAGS_FOLDER/cereal-paper.py', '--cfg-path', '/tmp/tmptrrjjgmo', '--error-file', '/tmp/tmpouyjm2cl']
[2022-12-13 10:44:38,029] {standard_task_runner.py:80} INFO - Job 96: Subtask get_news_task
[2022-12-13 10:44:38,166] {task_command.py:369} INFO - Running <TaskInstance: cereal_paper.get_news_task manual__2022-12-13T10:44:37.350819+00:00 [running]> on host 43dbd6b00d73
[2022-12-13 10:44:38,378] {taskinstance.py:1571} INFO - Exporting the following env vars:
AIRFLOW_CTX_DAG_EMAIL=akash.khamkar40@gmail.com
AIRFLOW_CTX_DAG_OWNER=akashk
AIRFLOW_CTX_DAG_ID=cereal_paper
AIRFLOW_CTX_TASK_ID=get_news_task
AIRFLOW_CTX_EXECUTION_DATE=2022-12-13T10:44:37.350819+00:00
AIRFLOW_CTX_TRY_NUMBER=1
AIRFLOW_CTX_DAG_RUN_ID=manual__2022-12-13T10:44:37.350819+00:00
[2022-12-13 10:44:39,735] {python.py:173} INFO - Done. Returned value was: [{'title': "Qatar's QIA leads $196.5mln funding round of cybersecurity start-up Snyk", 'published_date': '2022-12-13 10:28:41', 'summary': 'The investment is expected to drive innovation and expansion'}, {'title': 'New strategy and brand identity set to revitalize Riyadat Mall', 'published_date': '2022-12-13 10:28:15', 'summary': 'The announcement comes as part of the National Day celebrations scheduled to take place from 15th to 18th December at the mall, located in A’ali'}, {'title': "US cinnamon roll chain Cinnabon opening in S'pore in Feb. 2023", 'published_date': '2022-12-13 10:27:43', 'summary': 'Mark your calendars.'}]
[2022-12-13 10:44:39,779] {taskinstance.py:1400} INFO - Marking task as SUCCESS. dag_id=cereal_paper, task_id=get_news_task, execution_date=20221213T104437, start_date=20221213T104437, end_date=20221213T104439
[2022-12-13 10:44:39,826] {local_task_job.py:156} INFO - Task exited with return code 0
[2022-12-13 10:44:39,898] {local_task_job.py:273} INFO - 0 downstream tasks scheduled from follow-on schedule check
