[2022-12-12 13:09:35,580] {taskinstance.py:1159} INFO - Dependencies all met for <TaskInstance: daily_Paper.get_song_task manual__2022-12-12T13:09:34.837094+00:00 [queued]>
[2022-12-12 13:09:35,586] {taskinstance.py:1159} INFO - Dependencies all met for <TaskInstance: daily_Paper.get_song_task manual__2022-12-12T13:09:34.837094+00:00 [queued]>
[2022-12-12 13:09:35,587] {taskinstance.py:1356} INFO - 
--------------------------------------------------------------------------------
[2022-12-12 13:09:35,587] {taskinstance.py:1357} INFO - Starting attempt 1 of 2
[2022-12-12 13:09:35,588] {taskinstance.py:1358} INFO - 
--------------------------------------------------------------------------------
[2022-12-12 13:09:35,595] {taskinstance.py:1377} INFO - Executing <Task(PythonOperator): get_song_task> on 2022-12-12 13:09:34.837094+00:00
[2022-12-12 13:09:35,599] {standard_task_runner.py:52} INFO - Started process 1069 to run task
[2022-12-12 13:09:35,604] {standard_task_runner.py:79} INFO - Running: ['***', 'tasks', 'run', 'daily_Paper', 'get_song_task', 'manual__2022-12-12T13:09:34.837094+00:00', '--job-id', '48', '--raw', '--subdir', 'DAGS_FOLDER/morning-paper.py', '--cfg-path', '/tmp/tmpzh726h_p', '--error-file', '/tmp/tmpy9ny7h2_']
[2022-12-12 13:09:35,605] {standard_task_runner.py:80} INFO - Job 48: Subtask get_song_task
[2022-12-12 13:09:35,684] {task_command.py:369} INFO - Running <TaskInstance: daily_Paper.get_song_task manual__2022-12-12T13:09:34.837094+00:00 [running]> on host cbcd6542cb8e
[2022-12-12 13:09:35,778] {taskinstance.py:1571} INFO - Exporting the following env vars:
AIRFLOW_CTX_DAG_EMAIL=akash.khamkar40@gmail.com
AIRFLOW_CTX_DAG_OWNER=akashk
AIRFLOW_CTX_DAG_ID=daily_Paper
AIRFLOW_CTX_TASK_ID=get_song_task
AIRFLOW_CTX_EXECUTION_DATE=2022-12-12T13:09:34.837094+00:00
AIRFLOW_CTX_TRY_NUMBER=1
AIRFLOW_CTX_DAG_RUN_ID=manual__2022-12-12T13:09:34.837094+00:00
[2022-12-12 13:09:36,086] {python.py:173} INFO - Done. Returned value was: Music api failed with response code 503 .
[2022-12-12 13:09:36,112] {taskinstance.py:1400} INFO - Marking task as SUCCESS. dag_id=daily_Paper, task_id=get_song_task, execution_date=20221212T130934, start_date=20221212T130935, end_date=20221212T130936
[2022-12-12 13:09:36,142] {local_task_job.py:156} INFO - Task exited with return code 0
[2022-12-12 13:09:36,175] {local_task_job.py:273} INFO - 0 downstream tasks scheduled from follow-on schedule check
