[2022-12-13 08:00:31,557] {taskinstance.py:1159} INFO - Dependencies all met for <TaskInstance: cereal_paper.get_songs_from_db_task manual__2022-12-13T08:00:30.931097+00:00 [queued]>
[2022-12-13 08:00:31,571] {taskinstance.py:1159} INFO - Dependencies all met for <TaskInstance: cereal_paper.get_songs_from_db_task manual__2022-12-13T08:00:30.931097+00:00 [queued]>
[2022-12-13 08:00:31,572] {taskinstance.py:1356} INFO - 
--------------------------------------------------------------------------------
[2022-12-13 08:00:31,572] {taskinstance.py:1357} INFO - Starting attempt 1 of 2
[2022-12-13 08:00:31,573] {taskinstance.py:1358} INFO - 
--------------------------------------------------------------------------------
[2022-12-13 08:00:31,591] {taskinstance.py:1377} INFO - Executing <Task(PythonOperator): get_songs_from_db_task> on 2022-12-13 08:00:30.931097+00:00
[2022-12-13 08:00:31,595] {standard_task_runner.py:52} INFO - Started process 482 to run task
[2022-12-13 08:00:31,624] {standard_task_runner.py:79} INFO - Running: ['***', 'tasks', 'run', 'cereal_paper', 'get_songs_from_db_task', 'manual__2022-12-13T08:00:30.931097+00:00', '--job-id', '74', '--raw', '--subdir', 'DAGS_FOLDER/cereal-paper.py', '--cfg-path', '/tmp/tmp0n67lwfl', '--error-file', '/tmp/tmp34fnyz4d']
[2022-12-13 08:00:31,628] {standard_task_runner.py:80} INFO - Job 74: Subtask get_songs_from_db_task
[2022-12-13 08:00:31,820] {task_command.py:369} INFO - Running <TaskInstance: cereal_paper.get_songs_from_db_task manual__2022-12-13T08:00:30.931097+00:00 [running]> on host 5029e27bd97f
[2022-12-13 08:00:31,953] {taskinstance.py:1571} INFO - Exporting the following env vars:
AIRFLOW_CTX_DAG_EMAIL=akash.khamkar40@gmail.com
AIRFLOW_CTX_DAG_OWNER=akashk
AIRFLOW_CTX_DAG_ID=cereal_paper
AIRFLOW_CTX_TASK_ID=get_songs_from_db_task
AIRFLOW_CTX_EXECUTION_DATE=2022-12-13T08:00:30.931097+00:00
AIRFLOW_CTX_TRY_NUMBER=1
AIRFLOW_CTX_DAG_RUN_ID=manual__2022-12-13T08:00:30.931097+00:00
[2022-12-13 08:00:31,957] {base.py:68} INFO - Using connection ID 'my_postgres_default' for task execution.
[2022-12-13 08:00:31,970] {python.py:173} INFO - Done. Returned value was: [('In A Little While', "All That You Can't Leave Behind", 'U2'), ('Your Song', 'Elton John', 'Elton John'), ('Dosed', 'Dosed', 'Just Friends')]
[2022-12-13 08:00:32,016] {taskinstance.py:1400} INFO - Marking task as SUCCESS. dag_id=cereal_paper, task_id=get_songs_from_db_task, execution_date=20221213T080030, start_date=20221213T080031, end_date=20221213T080032
[2022-12-13 08:00:32,071] {local_task_job.py:156} INFO - Task exited with return code 0
[2022-12-13 08:00:32,123] {local_task_job.py:273} INFO - 0 downstream tasks scheduled from follow-on schedule check
