[2022-12-12 12:44:26,355] {taskinstance.py:1159} INFO - Dependencies all met for <TaskInstance: daily_Paper.combine_articles_task manual__2022-12-12T12:44:23.170751+00:00 [queued]>
[2022-12-12 12:44:26,362] {taskinstance.py:1159} INFO - Dependencies all met for <TaskInstance: daily_Paper.combine_articles_task manual__2022-12-12T12:44:23.170751+00:00 [queued]>
[2022-12-12 12:44:26,363] {taskinstance.py:1356} INFO - 
--------------------------------------------------------------------------------
[2022-12-12 12:44:26,363] {taskinstance.py:1357} INFO - Starting attempt 1 of 2
[2022-12-12 12:44:26,364] {taskinstance.py:1358} INFO - 
--------------------------------------------------------------------------------
[2022-12-12 12:44:26,371] {taskinstance.py:1377} INFO - Executing <Task(PythonOperator): combine_articles_task> on 2022-12-12 12:44:23.170751+00:00
[2022-12-12 12:44:26,377] {standard_task_runner.py:52} INFO - Started process 764 to run task
[2022-12-12 12:44:26,380] {standard_task_runner.py:79} INFO - Running: ['***', 'tasks', 'run', 'daily_Paper', 'combine_articles_task', 'manual__2022-12-12T12:44:23.170751+00:00', '--job-id', '32', '--raw', '--subdir', 'DAGS_FOLDER/morning-paper.py', '--cfg-path', '/tmp/tmpsbzi7s5u', '--error-file', '/tmp/tmpyvc5deq7']
[2022-12-12 12:44:26,382] {standard_task_runner.py:80} INFO - Job 32: Subtask combine_articles_task
[2022-12-12 12:44:26,422] {task_command.py:369} INFO - Running <TaskInstance: daily_Paper.combine_articles_task manual__2022-12-12T12:44:23.170751+00:00 [running]> on host cbcd6542cb8e
[2022-12-12 12:44:26,479] {taskinstance.py:1571} INFO - Exporting the following env vars:
AIRFLOW_CTX_DAG_EMAIL=akash.khamkar40@gmail.com
AIRFLOW_CTX_DAG_OWNER=akashk
AIRFLOW_CTX_DAG_ID=daily_Paper
AIRFLOW_CTX_TASK_ID=combine_articles_task
AIRFLOW_CTX_EXECUTION_DATE=2022-12-12T12:44:23.170751+00:00
AIRFLOW_CTX_TRY_NUMBER=1
AIRFLOW_CTX_DAG_RUN_ID=manual__2022-12-12T12:44:23.170751+00:00
[2022-12-12 12:44:26,508] {logging_mixin.py:115} INFO - Stop being homophobic and rude to the LGBTQ+ community. You should be thanking them for saving us plenty of room in heaven. [{'title': 'Rampant Wood fires England to series win over Pakistan', 'author': 'Reuters', 'published_date': '2022-12-12 12:44:16', 'published_date_precision': 'timezone unknown', 'link': 'https://www.brecorder.com/news/40213972', 'clean_url': 'brecorder.com', 'excerpt': 'MULTAN: Mark Wood grabbed four Pakistan wickets to give England a hard-fought 26-run win Monday in the second Test...', 'summary': "MULTAN: Mark Wood grabbed four Pakistan wickets to give England a hard-fought 26-run win Monday in the second Test in Multan and take an unassailable 2-0 lead in the three-match series.\nThe fast bowler finished with 4-65 as Pakistan were dismissed for 328 about 50 minutes after lunch, having been set a challenging 355-run target.\nWood, who missed England's 74-run win in the first Test in Rawalpindi with a hip injury, turned the match in England's favour with the wickets of Mohammad Nawaz (45) and Saud Shakeel (94) in the space of just 12 balls and one run.", 'rights': 'brecorder.com', 'rank': 13101, 'topic': 'news', 'country': 'PK', 'language': 'en', 'authors': 'Reuters', 'media': 'https://i.brecorder.com/large/2022/12/12133719a7b8667.jpg?r=133733', 'is_opinion': False, 'twitter_account': '@brecordernews', '_score': None, '_id': '3d43d05cd867a1d46a80adda86d88265'}, {'title': 'Wood strikes twice as England close on win in second Pakistan Test', 'author': 'AFP', 'published_date': '2022-12-12 12:44:16', 'published_date_precision': 'timezone unknown', 'link': 'https://www.brecorder.com/news/40213972', 'clean_url': 'brecorder.com', 'excerpt': 'MULTAN: Fast bowler Mark Wood grabbed two Pakistan wickets in successive overs Monday to take England within sight...', 'summary': 'MULTAN: Fast bowler Mark Wood grabbed two Pakistan wickets in successive overs Monday to take England within sight of a series-clinching victory in the second Test in Multan.\nPakistan, chasing 355 runs for an unlikely win, were 291-7 at Lunch with Agha Salman and Abrar Ahmed at the crease – both yet to score.\nThe home team need 64 for victory – and England three wickets – on a Multan Stadium pitch that has slowed considerably.\nEngland were frustrated by an 80-run sixth-wicket stand between Saud Shakeel (94) and Mohammad Nawaz (45) as the duo survived a second new ball taken after 80 overs.', 'rights': 'brecorder.com', 'rank': 13101, 'topic': 'news', 'country': 'PK', 'language': 'en', 'authors': 'AFP', 'media': 'https://i.brecorder.com/large/2022/12/12124354fbdba7d.jpg?r=124416', 'is_opinion': False, 'twitter_account': '@brecordernews', '_score': None, '_id': '75d3a9e25fddeed3a8a5caca92fea41b'}, {'title': 'England beat Pakistan by 26 runs in Multan to clinch series', 'author': 'Reuters', 'published_date': '2022-12-12 12:44:16', 'published_date_precision': 'timezone unknown', 'link': 'https://www.brecorder.com/news/40213972', 'clean_url': 'brecorder.com', 'excerpt': 'MULTAN: England beat Pakistan by 26 runs in the second Test in Multan on Monday to take an unassailable 2-0 lead in...', 'summary': 'MULTAN: England beat Pakistan by 26 runs in the second Test in Multan on Monday to take an unassailable 2-0 lead in the three-match series. Chasing 355 for victory, Pakistan were all out for 328 in the second session on day four of the contest.\nSaud Shakeel topscored for Pakistan with a valiant 94, while Imam-ul-Haq made 60. Mark Wood was pick of the England bowlers, claiming 4-65 as England registered their first series win in Pakistan since since 2000-01.\n Pakistan fight back after England set stiff second Test target \nEngland will conclude their first Test tour of Pakistan since 2005 with the third and final match beginning in Karachi on Saturday.', 'rights': 'brecorder.com', 'rank': 13101, 'topic': 'news', 'country': 'PK', 'language': 'en', 'authors': 'Reuters', 'media': 'https://i.brecorder.com/large/2022/12/12133719a7b8667.jpg?r=133733', 'is_opinion': False, 'twitter_account': '@brecordernews', '_score': None, '_id': 'a114a9306e788c296371f30bb21411da'}]
[2022-12-12 12:44:26,510] {python.py:173} INFO - Done. Returned value was: None
[2022-12-12 12:44:26,520] {taskinstance.py:1400} INFO - Marking task as SUCCESS. dag_id=daily_Paper, task_id=combine_articles_task, execution_date=20221212T124423, start_date=20221212T124426, end_date=20221212T124426
[2022-12-12 12:44:26,552] {local_task_job.py:156} INFO - Task exited with return code 0
[2022-12-12 12:44:26,577] {local_task_job.py:273} INFO - 0 downstream tasks scheduled from follow-on schedule check
