[2022-12-13 08:00:08,992] {taskinstance.py:1159} INFO - Dependencies all met for <TaskInstance: cereal_paper.create_pdf_task manual__2022-12-13T08:00:02.727411+00:00 [queued]>
[2022-12-13 08:00:08,999] {taskinstance.py:1159} INFO - Dependencies all met for <TaskInstance: cereal_paper.create_pdf_task manual__2022-12-13T08:00:02.727411+00:00 [queued]>
[2022-12-13 08:00:09,000] {taskinstance.py:1356} INFO - 
--------------------------------------------------------------------------------
[2022-12-13 08:00:09,000] {taskinstance.py:1357} INFO - Starting attempt 1 of 2
[2022-12-13 08:00:09,000] {taskinstance.py:1358} INFO - 
--------------------------------------------------------------------------------
[2022-12-13 08:00:09,012] {taskinstance.py:1377} INFO - Executing <Task(PythonOperator): create_pdf_task> on 2022-12-13 08:00:02.727411+00:00
[2022-12-13 08:00:09,015] {standard_task_runner.py:52} INFO - Started process 468 to run task
[2022-12-13 08:00:09,019] {standard_task_runner.py:79} INFO - Running: ['***', 'tasks', 'run', 'cereal_paper', 'create_pdf_task', 'manual__2022-12-13T08:00:02.727411+00:00', '--job-id', '69', '--raw', '--subdir', 'DAGS_FOLDER/cereal-paper.py', '--cfg-path', '/tmp/tmpt_2twpfz', '--error-file', '/tmp/tmp7j8y4m38']
[2022-12-13 08:00:09,020] {standard_task_runner.py:80} INFO - Job 69: Subtask create_pdf_task
[2022-12-13 08:00:09,088] {task_command.py:369} INFO - Running <TaskInstance: cereal_paper.create_pdf_task manual__2022-12-13T08:00:02.727411+00:00 [running]> on host 5029e27bd97f
[2022-12-13 08:00:09,165] {taskinstance.py:1571} INFO - Exporting the following env vars:
AIRFLOW_CTX_DAG_EMAIL=akash.khamkar40@gmail.com
AIRFLOW_CTX_DAG_OWNER=akashk
AIRFLOW_CTX_DAG_ID=cereal_paper
AIRFLOW_CTX_TASK_ID=create_pdf_task
AIRFLOW_CTX_EXECUTION_DATE=2022-12-13T08:00:02.727411+00:00
AIRFLOW_CTX_TRY_NUMBER=1
AIRFLOW_CTX_DAG_RUN_ID=manual__2022-12-13T08:00:02.727411+00:00
[2022-12-13 08:00:09,384] {logging_mixin.py:115} WARNING - /home/***/.local/lib/python3.7/site-packages/fpdf/ttfonts.py:831 UserWarning: missing glyph 369
[2022-12-13 08:00:09,385] {logging_mixin.py:115} WARNING - /home/***/.local/lib/python3.7/site-packages/fpdf/ttfonts.py:710 UserWarning: missing glyph 369
[2022-12-13 08:00:09,404] {python.py:173} INFO - Done. Returned value was: None
[2022-12-13 08:00:09,422] {taskinstance.py:1400} INFO - Marking task as SUCCESS. dag_id=cereal_paper, task_id=create_pdf_task, execution_date=20221213T080002, start_date=20221213T080008, end_date=20221213T080009
[2022-12-13 08:00:09,438] {local_task_job.py:156} INFO - Task exited with return code 0
[2022-12-13 08:00:09,478] {local_task_job.py:273} INFO - 0 downstream tasks scheduled from follow-on schedule check
