[2022-12-12 18:43:03,570] {taskinstance.py:1159} INFO - Dependencies all met for <TaskInstance: daily_paper.get_meme_task manual__2022-12-12T18:43:02.703211+00:00 [queued]>
[2022-12-12 18:43:03,576] {taskinstance.py:1159} INFO - Dependencies all met for <TaskInstance: daily_paper.get_meme_task manual__2022-12-12T18:43:02.703211+00:00 [queued]>
[2022-12-12 18:43:03,576] {taskinstance.py:1356} INFO - 
--------------------------------------------------------------------------------
[2022-12-12 18:43:03,577] {taskinstance.py:1357} INFO - Starting attempt 1 of 2
[2022-12-12 18:43:03,577] {taskinstance.py:1358} INFO - 
--------------------------------------------------------------------------------
[2022-12-12 18:43:03,585] {taskinstance.py:1377} INFO - Executing <Task(PythonOperator): get_meme_task> on 2022-12-12 18:43:02.703211+00:00
[2022-12-12 18:43:03,589] {standard_task_runner.py:52} INFO - Started process 2890 to run task
[2022-12-12 18:43:03,593] {standard_task_runner.py:79} INFO - Running: ['***', 'tasks', 'run', 'daily_paper', 'get_meme_task', 'manual__2022-12-12T18:43:02.703211+00:00', '--job-id', '435', '--raw', '--subdir', 'DAGS_FOLDER/morning-paper.py', '--cfg-path', '/tmp/tmpf9hzga2b', '--error-file', '/tmp/tmp6z79hd67']
[2022-12-12 18:43:03,595] {standard_task_runner.py:80} INFO - Job 435: Subtask get_meme_task
[2022-12-12 18:43:03,656] {task_command.py:369} INFO - Running <TaskInstance: daily_paper.get_meme_task manual__2022-12-12T18:43:02.703211+00:00 [running]> on host 6bb81baa0a52
[2022-12-12 18:43:03,752] {taskinstance.py:1571} INFO - Exporting the following env vars:
AIRFLOW_CTX_DAG_EMAIL=akash.khamkar40@gmail.com
AIRFLOW_CTX_DAG_OWNER=akashk
AIRFLOW_CTX_DAG_ID=daily_paper
AIRFLOW_CTX_TASK_ID=get_meme_task
AIRFLOW_CTX_EXECUTION_DATE=2022-12-12T18:43:02.703211+00:00
AIRFLOW_CTX_TRY_NUMBER=1
AIRFLOW_CTX_DAG_RUN_ID=manual__2022-12-12T18:43:02.703211+00:00
[2022-12-12 18:43:04,685] {python.py:173} INFO - Done. Returned value was: https://redd.it/ziqj0i
[2022-12-12 18:43:04,740] {taskinstance.py:1400} INFO - Marking task as SUCCESS. dag_id=daily_paper, task_id=get_meme_task, execution_date=20221212T184302, start_date=20221212T184303, end_date=20221212T184304
[2022-12-12 18:43:04,799] {local_task_job.py:156} INFO - Task exited with return code 0
[2022-12-12 18:43:04,833] {local_task_job.py:273} INFO - 0 downstream tasks scheduled from follow-on schedule check
