[2022-12-13 11:10:07,727] {taskinstance.py:1159} INFO - Dependencies all met for <TaskInstance: cereal_paper.combine_articles_task manual__2022-12-13T11:10:03.509383+00:00 [queued]>
[2022-12-13 11:10:07,734] {taskinstance.py:1159} INFO - Dependencies all met for <TaskInstance: cereal_paper.combine_articles_task manual__2022-12-13T11:10:03.509383+00:00 [queued]>
[2022-12-13 11:10:07,734] {taskinstance.py:1356} INFO - 
--------------------------------------------------------------------------------
[2022-12-13 11:10:07,735] {taskinstance.py:1357} INFO - Starting attempt 1 of 2
[2022-12-13 11:10:07,735] {taskinstance.py:1358} INFO - 
--------------------------------------------------------------------------------
[2022-12-13 11:10:07,744] {taskinstance.py:1377} INFO - Executing <Task(PythonOperator): combine_articles_task> on 2022-12-13 11:10:03.509383+00:00
[2022-12-13 11:10:07,748] {standard_task_runner.py:52} INFO - Started process 200 to run task
[2022-12-13 11:10:07,752] {standard_task_runner.py:79} INFO - Running: ['***', 'tasks', 'run', 'cereal_paper', 'combine_articles_task', 'manual__2022-12-13T11:10:03.509383+00:00', '--job-id', '160', '--raw', '--subdir', 'DAGS_FOLDER/cereal-paper.py', '--cfg-path', '/tmp/tmpu0yzag7m', '--error-file', '/tmp/tmpzg31753q']
[2022-12-13 11:10:07,753] {standard_task_runner.py:80} INFO - Job 160: Subtask combine_articles_task
[2022-12-13 11:10:07,816] {task_command.py:369} INFO - Running <TaskInstance: cereal_paper.combine_articles_task manual__2022-12-13T11:10:03.509383+00:00 [running]> on host 44822d5113ae
[2022-12-13 11:10:07,892] {taskinstance.py:1571} INFO - Exporting the following env vars:
AIRFLOW_CTX_DAG_EMAIL=cerealman@akashkhamkar.in
AIRFLOW_CTX_DAG_OWNER=akashk
AIRFLOW_CTX_DAG_ID=cereal_paper
AIRFLOW_CTX_TASK_ID=combine_articles_task
AIRFLOW_CTX_EXECUTION_DATE=2022-12-13T11:10:03.509383+00:00
AIRFLOW_CTX_TRY_NUMBER=1
AIRFLOW_CTX_DAG_RUN_ID=manual__2022-12-13T11:10:03.509383+00:00
[2022-12-13 11:10:07,962] {logging_mixin.py:115} INFO - {'joke': 'My husband and I were happy for 20 years. And then we met.', 'quote': 'Curiosity is the most powerful thing you own. Imagination is a force that can actually manifest a reality.', 'news': [{'title': 'Millionaire XRP Whales Quickly Filling Their Bags, Here Might Be Reason', 'published_date': '2022-12-13 10:58:00', 'summary': 'Catalyst for XRP price run appears as millionaire whales quickly increase holdings'}, {'title': 'France wary of Morocco threat, preparing for wall of noise in semi-final', 'published_date': '2022-12-13 10:57:53', 'summary': 'The French fans will be largely outnumbered by the Morocco supporters at the Al Bayt stadium and Les Bleus know that they will be jeered and whistled throughout\xa0'}, {'title': 'Indian rupee slips as Asian FX decline ahead of U.S. inflation test', 'published_date': '2022-12-13 10:57:39', 'summary': 'The partially convertible rupee ended at 82.8050 per dollar, against its previous close of 82.53'}], 'meme': 'https://redd.it/zjwoou', 'songs': [['Something Like Olivia', 'Born and Raised', 'John Mayer'], ["D'yer Mak'er - Remaster", 'Houses of the Holy (Deluxe Edition)', 'Led Zeppelin'], ['Message In a Bottle - Live at the Oak Mountain Amphitheater, Birmingham, AL - September 2002', 'Any Given Thursday', 'John Mayer']]}
[2022-12-13 11:10:07,963] {python.py:173} INFO - Done. Returned value was: {'joke': 'My husband and I were happy for 20 years. And then we met.', 'quote': 'Curiosity is the most powerful thing you own. Imagination is a force that can actually manifest a reality.', 'news': [{'title': 'Millionaire XRP Whales Quickly Filling Their Bags, Here Might Be Reason', 'published_date': '2022-12-13 10:58:00', 'summary': 'Catalyst for XRP price run appears as millionaire whales quickly increase holdings'}, {'title': 'France wary of Morocco threat, preparing for wall of noise in semi-final', 'published_date': '2022-12-13 10:57:53', 'summary': 'The French fans will be largely outnumbered by the Morocco supporters at the Al Bayt stadium and Les Bleus know that they will be jeered and whistled throughout\xa0'}, {'title': 'Indian rupee slips as Asian FX decline ahead of U.S. inflation test', 'published_date': '2022-12-13 10:57:39', 'summary': 'The partially convertible rupee ended at 82.8050 per dollar, against its previous close of 82.53'}], 'meme': 'https://redd.it/zjwoou', 'songs': [['Something Like Olivia', 'Born and Raised', 'John Mayer'], ["D'yer Mak'er - Remaster", 'Houses of the Holy (Deluxe Edition)', 'Led Zeppelin'], ['Message In a Bottle - Live at the Oak Mountain Amphitheater, Birmingham, AL - September 2002', 'Any Given Thursday', 'John Mayer']]}
[2022-12-13 11:10:08,000] {taskinstance.py:1400} INFO - Marking task as SUCCESS. dag_id=cereal_paper, task_id=combine_articles_task, execution_date=20221213T111003, start_date=20221213T111007, end_date=20221213T111008
[2022-12-13 11:10:08,127] {local_task_job.py:156} INFO - Task exited with return code 0
[2022-12-13 11:10:08,174] {local_task_job.py:273} INFO - 2 downstream tasks scheduled from follow-on schedule check
