[2022-12-12 17:08:47,143] {taskinstance.py:1159} INFO - Dependencies all met for <TaskInstance: daily_paper.get_news_task manual__2022-12-12T17:08:46.180704+00:00 [queued]>
[2022-12-12 17:08:47,153] {taskinstance.py:1159} INFO - Dependencies all met for <TaskInstance: daily_paper.get_news_task manual__2022-12-12T17:08:46.180704+00:00 [queued]>
[2022-12-12 17:08:47,154] {taskinstance.py:1356} INFO - 
--------------------------------------------------------------------------------
[2022-12-12 17:08:47,154] {taskinstance.py:1357} INFO - Starting attempt 1 of 2
[2022-12-12 17:08:47,155] {taskinstance.py:1358} INFO - 
--------------------------------------------------------------------------------
[2022-12-12 17:08:47,175] {taskinstance.py:1377} INFO - Executing <Task(PythonOperator): get_news_task> on 2022-12-12 17:08:46.180704+00:00
[2022-12-12 17:08:47,183] {standard_task_runner.py:52} INFO - Started process 583 to run task
[2022-12-12 17:08:47,188] {standard_task_runner.py:79} INFO - Running: ['***', 'tasks', 'run', 'daily_paper', 'get_news_task', 'manual__2022-12-12T17:08:46.180704+00:00', '--job-id', '203', '--raw', '--subdir', 'DAGS_FOLDER/morning-paper.py', '--cfg-path', '/tmp/tmp5xn10vt8', '--error-file', '/tmp/tmpqrh73wuq']
[2022-12-12 17:08:47,190] {standard_task_runner.py:80} INFO - Job 203: Subtask get_news_task
[2022-12-12 17:08:47,283] {task_command.py:369} INFO - Running <TaskInstance: daily_paper.get_news_task manual__2022-12-12T17:08:46.180704+00:00 [running]> on host 6bb81baa0a52
[2022-12-12 17:08:47,361] {taskinstance.py:1571} INFO - Exporting the following env vars:
AIRFLOW_CTX_DAG_EMAIL=akash.khamkar40@gmail.com
AIRFLOW_CTX_DAG_OWNER=akashk
AIRFLOW_CTX_DAG_ID=daily_paper
AIRFLOW_CTX_TASK_ID=get_news_task
AIRFLOW_CTX_EXECUTION_DATE=2022-12-12T17:08:46.180704+00:00
AIRFLOW_CTX_TRY_NUMBER=1
AIRFLOW_CTX_DAG_RUN_ID=manual__2022-12-12T17:08:46.180704+00:00
[2022-12-12 17:08:48,193] {python.py:173} INFO - Done. Returned value was: [{'title': 'Life science investment outlook: thinking beyond the pandemic', 'published_date': '2022-12-12 17:08:14', 'summary': "By Sammy Edwards \nLast updated Dec 12, 2022\n\n\n\n\n\n\n As the economy recovers from the series of shocks quickly and unexpectedly unleashed by the pandemic two and a half years ago, analysts and investors alike are scrambling to define the 'new normal' for financial markets.\nThis struggle is particularly true in the life sciences sector, where investment stalled in the early years of the pandemic and then skyrocketed. But as 2022 began, the Nasdaq Biotech Index continued its decline from an all-time high set in August 2021."}, {'title': "Two Hundred Tenants Worry about Their Jeonse Deposits after the Death of the 'Villa King,' Who Owned 1,139 Multiplex Hou", 'published_date': '2022-12-12 17:08:00', 'summary': "A bird's eye view of an area in Seoul packed with multiplex houses. Kang Yoon-joongThe death of Gim (Kim), a forty-something man in the rental property business referred to as the Villa King for leasing over a thousand multiplex houses (a.k.a. 'villas' in Korea) and studio apartments in the Seoul metropolitan area, has become a greater problem for his tenants in recovering their jeonse (lease based on a single lump-sum deposit) deposits.According to the Korea Housing and Urban Guarantee Corporation (HUG) on December 12, after the death of Gim in October, tenants with a jeonse deposit refund guarantee insurance policy have not received their subrogated payments."}, {'title': 'Dec. 15, the New Budget Deadline: Will the Opposition Party Single-handedly Pass the Budget for the First Time?', 'published_date': '2022-12-12 17:08:00', 'summary': "People Power Party floor leader Joo Ho-young (left) and Democratic Party of Korea floor leader Park Hong-keun turn away with stern looks after answering questions from the press following negotiations on next year's budget at the office of the House Steering Committee chair in the National Assembly on December 10. Yonhap NewsThe ruling and opposition parties failed to make any progress in next year's budget negotiations on December 11. The Democratic Party of Korea (DPK) passed the motion to dismiss Minister of the Interior and Safety Lee Sang-min in the National Assembly, while the ruling People Power Party (PPP) lawmakers boycotted the vote, fueling the confrontation between the two major parties."}]
[2022-12-12 17:08:48,214] {taskinstance.py:1400} INFO - Marking task as SUCCESS. dag_id=daily_paper, task_id=get_news_task, execution_date=20221212T170846, start_date=20221212T170847, end_date=20221212T170848
[2022-12-12 17:08:48,257] {local_task_job.py:156} INFO - Task exited with return code 0
[2022-12-12 17:08:48,296] {local_task_job.py:273} INFO - 0 downstream tasks scheduled from follow-on schedule check
