[2022-12-12 18:03:44,602] {taskinstance.py:1159} INFO - Dependencies all met for <TaskInstance: daily_paper.get_joke_task manual__2022-12-12T18:03:43.378948+00:00 [queued]>
[2022-12-12 18:03:44,608] {taskinstance.py:1159} INFO - Dependencies all met for <TaskInstance: daily_paper.get_joke_task manual__2022-12-12T18:03:43.378948+00:00 [queued]>
[2022-12-12 18:03:44,608] {taskinstance.py:1356} INFO - 
--------------------------------------------------------------------------------
[2022-12-12 18:03:44,609] {taskinstance.py:1357} INFO - Starting attempt 1 of 2
[2022-12-12 18:03:44,609] {taskinstance.py:1358} INFO - 
--------------------------------------------------------------------------------
[2022-12-12 18:03:44,617] {taskinstance.py:1377} INFO - Executing <Task(PythonOperator): get_joke_task> on 2022-12-12 18:03:43.378948+00:00
[2022-12-12 18:03:44,622] {standard_task_runner.py:52} INFO - Started process 1836 to run task
[2022-12-12 18:03:44,626] {standard_task_runner.py:79} INFO - Running: ['***', 'tasks', 'run', 'daily_paper', 'get_joke_task', 'manual__2022-12-12T18:03:43.378948+00:00', '--job-id', '354', '--raw', '--subdir', 'DAGS_FOLDER/morning-paper.py', '--cfg-path', '/tmp/tmpxyi4vgl6', '--error-file', '/tmp/tmpgihj6vuv']
[2022-12-12 18:03:44,628] {standard_task_runner.py:80} INFO - Job 354: Subtask get_joke_task
[2022-12-12 18:03:44,702] {task_command.py:369} INFO - Running <TaskInstance: daily_paper.get_joke_task manual__2022-12-12T18:03:43.378948+00:00 [running]> on host 6bb81baa0a52
[2022-12-12 18:03:44,783] {taskinstance.py:1571} INFO - Exporting the following env vars:
AIRFLOW_CTX_DAG_EMAIL=akash.khamkar40@gmail.com
AIRFLOW_CTX_DAG_OWNER=akashk
AIRFLOW_CTX_DAG_ID=daily_paper
AIRFLOW_CTX_TASK_ID=get_joke_task
AIRFLOW_CTX_EXECUTION_DATE=2022-12-12T18:03:43.378948+00:00
AIRFLOW_CTX_TRY_NUMBER=1
AIRFLOW_CTX_DAG_RUN_ID=manual__2022-12-12T18:03:43.378948+00:00
[2022-12-12 18:03:45,724] {logging_mixin.py:115} INFO - {'error': False, 'category': 'Misc', 'type': 'single', 'joke': 'A perfectionist walked into a bar... apparently, the bar was not set high enough.', 'flags': {'nsfw': False, 'religious': False, 'political': False, 'racist': False, 'sexist': False, 'explicit': False}, 'safe': True, 'id': 288, 'lang': 'en'}
[2022-12-12 18:03:45,726] {python.py:173} INFO - Done. Returned value was: A perfectionist walked into a bar... apparently, the bar was not set high enough.
[2022-12-12 18:03:45,780] {taskinstance.py:1400} INFO - Marking task as SUCCESS. dag_id=daily_paper, task_id=get_joke_task, execution_date=20221212T180343, start_date=20221212T180344, end_date=20221212T180345
[2022-12-12 18:03:45,829] {local_task_job.py:156} INFO - Task exited with return code 0
[2022-12-12 18:03:45,869] {local_task_job.py:273} INFO - 0 downstream tasks scheduled from follow-on schedule check
