[2022-12-12 17:43:27,075] {taskinstance.py:1159} INFO - Dependencies all met for <TaskInstance: daily_paper.combine_articles_task manual__2022-12-12T17:43:22.903448+00:00 [queued]>
[2022-12-12 17:43:27,081] {taskinstance.py:1159} INFO - Dependencies all met for <TaskInstance: daily_paper.combine_articles_task manual__2022-12-12T17:43:22.903448+00:00 [queued]>
[2022-12-12 17:43:27,081] {taskinstance.py:1356} INFO - 
--------------------------------------------------------------------------------
[2022-12-12 17:43:27,081] {taskinstance.py:1357} INFO - Starting attempt 1 of 2
[2022-12-12 17:43:27,082] {taskinstance.py:1358} INFO - 
--------------------------------------------------------------------------------
[2022-12-12 17:43:27,089] {taskinstance.py:1377} INFO - Executing <Task(PythonOperator): combine_articles_task> on 2022-12-12 17:43:22.903448+00:00
[2022-12-12 17:43:27,092] {standard_task_runner.py:52} INFO - Started process 1276 to run task
[2022-12-12 17:43:27,095] {standard_task_runner.py:79} INFO - Running: ['***', 'tasks', 'run', 'daily_paper', 'combine_articles_task', 'manual__2022-12-12T17:43:22.903448+00:00', '--job-id', '290', '--raw', '--subdir', 'DAGS_FOLDER/morning-paper.py', '--cfg-path', '/tmp/tmpfltr11ty', '--error-file', '/tmp/tmpgoc75chb']
[2022-12-12 17:43:27,096] {standard_task_runner.py:80} INFO - Job 290: Subtask combine_articles_task
[2022-12-12 17:43:27,135] {task_command.py:369} INFO - Running <TaskInstance: daily_paper.combine_articles_task manual__2022-12-12T17:43:22.903448+00:00 [running]> on host 6bb81baa0a52
[2022-12-12 17:43:27,179] {taskinstance.py:1571} INFO - Exporting the following env vars:
AIRFLOW_CTX_DAG_EMAIL=akash.khamkar40@gmail.com
AIRFLOW_CTX_DAG_OWNER=akashk
AIRFLOW_CTX_DAG_ID=daily_paper
AIRFLOW_CTX_TASK_ID=combine_articles_task
AIRFLOW_CTX_EXECUTION_DATE=2022-12-12T17:43:22.903448+00:00
AIRFLOW_CTX_TRY_NUMBER=1
AIRFLOW_CTX_DAG_RUN_ID=manual__2022-12-12T17:43:22.903448+00:00
[2022-12-12 17:43:27,207] {logging_mixin.py:115} INFO - {'joke': '"Knock, knock."\n"Who\'s there?"\n\n[very long pause]\n\n"Java."', 'quote': 'Most people achieved their greatest success one step beyond what looked like their greatest failure.', 'news': 'News api failed with response code 401 .', 'meme': 'https://redd.it/zk319n'}
[2022-12-12 17:43:27,207] {python.py:173} INFO - Done. Returned value was: {'joke': '"Knock, knock."\n"Who\'s there?"\n\n[very long pause]\n\n"Java."', 'quote': 'Most people achieved their greatest success one step beyond what looked like their greatest failure.', 'news': 'News api failed with response code 401 .', 'meme': 'https://redd.it/zk319n'}
[2022-12-12 17:43:27,228] {taskinstance.py:1400} INFO - Marking task as SUCCESS. dag_id=daily_paper, task_id=combine_articles_task, execution_date=20221212T174322, start_date=20221212T174327, end_date=20221212T174327
[2022-12-12 17:43:27,267] {local_task_job.py:156} INFO - Task exited with return code 0
[2022-12-12 17:43:27,292] {local_task_job.py:273} INFO - 1 downstream tasks scheduled from follow-on schedule check
