[2022-12-12 17:43:23,678] {taskinstance.py:1159} INFO - Dependencies all met for <TaskInstance: daily_paper.get_joke_task manual__2022-12-12T17:43:22.903448+00:00 [queued]>
[2022-12-12 17:43:23,693] {taskinstance.py:1159} INFO - Dependencies all met for <TaskInstance: daily_paper.get_joke_task manual__2022-12-12T17:43:22.903448+00:00 [queued]>
[2022-12-12 17:43:23,694] {taskinstance.py:1356} INFO - 
--------------------------------------------------------------------------------
[2022-12-12 17:43:23,696] {taskinstance.py:1357} INFO - Starting attempt 1 of 2
[2022-12-12 17:43:23,696] {taskinstance.py:1358} INFO - 
--------------------------------------------------------------------------------
[2022-12-12 17:43:23,713] {taskinstance.py:1377} INFO - Executing <Task(PythonOperator): get_joke_task> on 2022-12-12 17:43:22.903448+00:00
[2022-12-12 17:43:23,719] {standard_task_runner.py:52} INFO - Started process 1274 to run task
[2022-12-12 17:43:23,726] {standard_task_runner.py:79} INFO - Running: ['***', 'tasks', 'run', 'daily_paper', 'get_joke_task', 'manual__2022-12-12T17:43:22.903448+00:00', '--job-id', '288', '--raw', '--subdir', 'DAGS_FOLDER/morning-paper.py', '--cfg-path', '/tmp/tmp58mz4s7x', '--error-file', '/tmp/tmpuz59oy0v']
[2022-12-12 17:43:23,728] {standard_task_runner.py:80} INFO - Job 288: Subtask get_joke_task
[2022-12-12 17:43:23,800] {task_command.py:369} INFO - Running <TaskInstance: daily_paper.get_joke_task manual__2022-12-12T17:43:22.903448+00:00 [running]> on host 6bb81baa0a52
[2022-12-12 17:43:23,868] {taskinstance.py:1571} INFO - Exporting the following env vars:
AIRFLOW_CTX_DAG_EMAIL=akash.khamkar40@gmail.com
AIRFLOW_CTX_DAG_OWNER=akashk
AIRFLOW_CTX_DAG_ID=daily_paper
AIRFLOW_CTX_TASK_ID=get_joke_task
AIRFLOW_CTX_EXECUTION_DATE=2022-12-12T17:43:22.903448+00:00
AIRFLOW_CTX_TRY_NUMBER=1
AIRFLOW_CTX_DAG_RUN_ID=manual__2022-12-12T17:43:22.903448+00:00
[2022-12-12 17:43:25,835] {logging_mixin.py:115} INFO - {'error': False, 'category': 'Programming', 'type': 'single', 'joke': '"Knock, knock."\n"Who\'s there?"\n\n[very long pause]\n\n"Java."', 'flags': {'nsfw': False, 'religious': False, 'political': False, 'racist': False, 'sexist': False, 'explicit': False}, 'id': 36, 'safe': True, 'lang': 'en'}
[2022-12-12 17:43:25,836] {python.py:173} INFO - Done. Returned value was: "Knock, knock."
"Who's there?"

[very long pause]

"Java."
[2022-12-12 17:43:25,863] {taskinstance.py:1400} INFO - Marking task as SUCCESS. dag_id=daily_paper, task_id=get_joke_task, execution_date=20221212T174322, start_date=20221212T174323, end_date=20221212T174325
[2022-12-12 17:43:25,918] {local_task_job.py:156} INFO - Task exited with return code 0
[2022-12-12 17:43:25,949] {local_task_job.py:273} INFO - 0 downstream tasks scheduled from follow-on schedule check
