[2022-12-13 07:53:24,826] {taskinstance.py:1159} INFO - Dependencies all met for <TaskInstance: cereal_paper.get_songs_from_db_task manual__2022-12-13T07:53:23.430067+00:00 [queued]>
[2022-12-13 07:53:24,834] {taskinstance.py:1159} INFO - Dependencies all met for <TaskInstance: cereal_paper.get_songs_from_db_task manual__2022-12-13T07:53:23.430067+00:00 [queued]>
[2022-12-13 07:53:24,834] {taskinstance.py:1356} INFO - 
--------------------------------------------------------------------------------
[2022-12-13 07:53:24,834] {taskinstance.py:1357} INFO - Starting attempt 1 of 2
[2022-12-13 07:53:24,835] {taskinstance.py:1358} INFO - 
--------------------------------------------------------------------------------
[2022-12-13 07:53:24,844] {taskinstance.py:1377} INFO - Executing <Task(PythonOperator): get_songs_from_db_task> on 2022-12-13 07:53:23.430067+00:00
[2022-12-13 07:53:24,850] {standard_task_runner.py:52} INFO - Started process 296 to run task
[2022-12-13 07:53:24,856] {standard_task_runner.py:79} INFO - Running: ['***', 'tasks', 'run', 'cereal_paper', 'get_songs_from_db_task', 'manual__2022-12-13T07:53:23.430067+00:00', '--job-id', '26', '--raw', '--subdir', 'DAGS_FOLDER/cereal-paper.py', '--cfg-path', '/tmp/tmpvu2pe0b1', '--error-file', '/tmp/tmpanxowo9b']
[2022-12-13 07:53:24,857] {standard_task_runner.py:80} INFO - Job 26: Subtask get_songs_from_db_task
[2022-12-13 07:53:24,976] {task_command.py:369} INFO - Running <TaskInstance: cereal_paper.get_songs_from_db_task manual__2022-12-13T07:53:23.430067+00:00 [running]> on host 5029e27bd97f
[2022-12-13 07:53:25,160] {taskinstance.py:1571} INFO - Exporting the following env vars:
AIRFLOW_CTX_DAG_EMAIL=akash.khamkar40@gmail.com
AIRFLOW_CTX_DAG_OWNER=akashk
AIRFLOW_CTX_DAG_ID=cereal_paper
AIRFLOW_CTX_TASK_ID=get_songs_from_db_task
AIRFLOW_CTX_EXECUTION_DATE=2022-12-13T07:53:23.430067+00:00
AIRFLOW_CTX_TRY_NUMBER=1
AIRFLOW_CTX_DAG_RUN_ID=manual__2022-12-13T07:53:23.430067+00:00
[2022-12-13 07:53:25,167] {base.py:68} INFO - Using connection ID 'my_postgres_default' for task execution.
[2022-12-13 07:53:25,184] {python.py:173} INFO - Done. Returned value was: [('Amsterdam', 'A Rush of Blood to the Head', 'Coldplay'), ('Hills Of Eternity', 'Colma', 'Buckethead'), ("Something's Missing - Live at the Oak Mountain Amphitheater, Birmingham, AL - September 2002", 'Any Given Thursday', 'John Mayer')]
[2022-12-13 07:53:25,276] {taskinstance.py:1400} INFO - Marking task as SUCCESS. dag_id=cereal_paper, task_id=get_songs_from_db_task, execution_date=20221213T075323, start_date=20221213T075324, end_date=20221213T075325
[2022-12-13 07:53:25,306] {local_task_job.py:156} INFO - Task exited with return code 0
[2022-12-13 07:53:25,373] {local_task_job.py:273} INFO - 0 downstream tasks scheduled from follow-on schedule check
