[2022-12-12 18:05:22,846] {taskinstance.py:1159} INFO - Dependencies all met for <TaskInstance: daily_paper.get_joke_task manual__2022-12-12T18:05:22.395190+00:00 [queued]>
[2022-12-12 18:05:22,853] {taskinstance.py:1159} INFO - Dependencies all met for <TaskInstance: daily_paper.get_joke_task manual__2022-12-12T18:05:22.395190+00:00 [queued]>
[2022-12-12 18:05:22,853] {taskinstance.py:1356} INFO - 
--------------------------------------------------------------------------------
[2022-12-12 18:05:22,854] {taskinstance.py:1357} INFO - Starting attempt 1 of 2
[2022-12-12 18:05:22,854] {taskinstance.py:1358} INFO - 
--------------------------------------------------------------------------------
[2022-12-12 18:05:22,863] {taskinstance.py:1377} INFO - Executing <Task(PythonOperator): get_joke_task> on 2022-12-12 18:05:22.395190+00:00
[2022-12-12 18:05:22,867] {standard_task_runner.py:52} INFO - Started process 1899 to run task
[2022-12-12 18:05:22,872] {standard_task_runner.py:79} INFO - Running: ['***', 'tasks', 'run', 'daily_paper', 'get_joke_task', 'manual__2022-12-12T18:05:22.395190+00:00', '--job-id', '358', '--raw', '--subdir', 'DAGS_FOLDER/morning-paper.py', '--cfg-path', '/tmp/tmp6xzuzcvr', '--error-file', '/tmp/tmp_k6j4kfa']
[2022-12-12 18:05:22,874] {standard_task_runner.py:80} INFO - Job 358: Subtask get_joke_task
[2022-12-12 18:05:22,992] {task_command.py:369} INFO - Running <TaskInstance: daily_paper.get_joke_task manual__2022-12-12T18:05:22.395190+00:00 [running]> on host 6bb81baa0a52
[2022-12-12 18:05:23,081] {taskinstance.py:1571} INFO - Exporting the following env vars:
AIRFLOW_CTX_DAG_EMAIL=akash.khamkar40@gmail.com
AIRFLOW_CTX_DAG_OWNER=akashk
AIRFLOW_CTX_DAG_ID=daily_paper
AIRFLOW_CTX_TASK_ID=get_joke_task
AIRFLOW_CTX_EXECUTION_DATE=2022-12-12T18:05:22.395190+00:00
AIRFLOW_CTX_TRY_NUMBER=1
AIRFLOW_CTX_DAG_RUN_ID=manual__2022-12-12T18:05:22.395190+00:00
[2022-12-12 18:05:23,990] {logging_mixin.py:115} INFO - {'error': False, 'category': 'Programming', 'type': 'single', 'joke': 'Two C strings walk into a bar.\nThe bartender asks "What can I get ya?"\nThe first string says "I\'ll have a gin and tonic."\nThe second string thinks for a minute, then says "I\'ll take a tequila sunriseJF()#$JF(#)$(@J#()$@#())!*FNIN!OBN134ufh1ui34hf9813f8h8384h981h3984h5F!##@"\nThe first string apologizes, "You\'ll have to excuse my friend, he\'s not null-terminated."', 'flags': {'nsfw': False, 'religious': False, 'political': False, 'racist': False, 'sexist': False, 'explicit': False}, 'id': 28, 'safe': True, 'lang': 'en'}
[2022-12-12 18:05:23,993] {python.py:173} INFO - Done. Returned value was: Two C strings walk into a bar.
The bartender asks "What can I get ya?"
The first string says "I'll have a gin and tonic."
The second string thinks for a minute, then says "I'll take a tequila sunriseJF()#$JF(#)$(@J#()$@#())!*FNIN!OBN134ufh1ui34hf9813f8h8384h981h3984h5F!##@"
The first string apologizes, "You'll have to excuse my friend, he's not null-terminated."
[2022-12-12 18:05:24,047] {taskinstance.py:1400} INFO - Marking task as SUCCESS. dag_id=daily_paper, task_id=get_joke_task, execution_date=20221212T180522, start_date=20221212T180522, end_date=20221212T180524
[2022-12-12 18:05:24,085] {local_task_job.py:156} INFO - Task exited with return code 0
[2022-12-12 18:05:24,112] {local_task_job.py:273} INFO - 0 downstream tasks scheduled from follow-on schedule check
