[2022-12-12 17:44:03,070] {taskinstance.py:1159} INFO - Dependencies all met for <TaskInstance: daily_paper.get_news_task manual__2022-12-12T17:44:02.261848+00:00 [queued]>
[2022-12-12 17:44:03,077] {taskinstance.py:1159} INFO - Dependencies all met for <TaskInstance: daily_paper.get_news_task manual__2022-12-12T17:44:02.261848+00:00 [queued]>
[2022-12-12 17:44:03,078] {taskinstance.py:1356} INFO - 
--------------------------------------------------------------------------------
[2022-12-12 17:44:03,078] {taskinstance.py:1357} INFO - Starting attempt 1 of 2
[2022-12-12 17:44:03,079] {taskinstance.py:1358} INFO - 
--------------------------------------------------------------------------------
[2022-12-12 17:44:03,087] {taskinstance.py:1377} INFO - Executing <Task(PythonOperator): get_news_task> on 2022-12-12 17:44:02.261848+00:00
[2022-12-12 17:44:03,092] {standard_task_runner.py:52} INFO - Started process 1299 to run task
[2022-12-12 17:44:03,101] {standard_task_runner.py:79} INFO - Running: ['***', 'tasks', 'run', 'daily_paper', 'get_news_task', 'manual__2022-12-12T17:44:02.261848+00:00', '--job-id', '293', '--raw', '--subdir', 'DAGS_FOLDER/morning-paper.py', '--cfg-path', '/tmp/tmpgta9wywe', '--error-file', '/tmp/tmpq7e6hl_b']
[2022-12-12 17:44:03,103] {standard_task_runner.py:80} INFO - Job 293: Subtask get_news_task
[2022-12-12 17:44:03,181] {task_command.py:369} INFO - Running <TaskInstance: daily_paper.get_news_task manual__2022-12-12T17:44:02.261848+00:00 [running]> on host 6bb81baa0a52
[2022-12-12 17:44:03,262] {taskinstance.py:1571} INFO - Exporting the following env vars:
AIRFLOW_CTX_DAG_EMAIL=akash.khamkar40@gmail.com
AIRFLOW_CTX_DAG_OWNER=akashk
AIRFLOW_CTX_DAG_ID=daily_paper
AIRFLOW_CTX_TASK_ID=get_news_task
AIRFLOW_CTX_EXECUTION_DATE=2022-12-12T17:44:02.261848+00:00
AIRFLOW_CTX_TRY_NUMBER=1
AIRFLOW_CTX_DAG_RUN_ID=manual__2022-12-12T17:44:02.261848+00:00
[2022-12-12 17:44:03,878] {python.py:173} INFO - Done. Returned value was: News api failed with response code 401 .
[2022-12-12 17:44:03,946] {taskinstance.py:1400} INFO - Marking task as SUCCESS. dag_id=daily_paper, task_id=get_news_task, execution_date=20221212T174402, start_date=20221212T174403, end_date=20221212T174403
[2022-12-12 17:44:03,961] {local_task_job.py:156} INFO - Task exited with return code 0
[2022-12-12 17:44:03,988] {local_task_job.py:273} INFO - 0 downstream tasks scheduled from follow-on schedule check
