[2022-12-13 10:53:15,965] {taskinstance.py:1159} INFO - Dependencies all met for <TaskInstance: cereal_paper.get_meme_task manual__2022-12-13T10:53:15.322673+00:00 [queued]>
[2022-12-13 10:53:15,979] {taskinstance.py:1159} INFO - Dependencies all met for <TaskInstance: cereal_paper.get_meme_task manual__2022-12-13T10:53:15.322673+00:00 [queued]>
[2022-12-13 10:53:15,979] {taskinstance.py:1356} INFO - 
--------------------------------------------------------------------------------
[2022-12-13 10:53:15,980] {taskinstance.py:1357} INFO - Starting attempt 1 of 2
[2022-12-13 10:53:15,980] {taskinstance.py:1358} INFO - 
--------------------------------------------------------------------------------
[2022-12-13 10:53:15,992] {taskinstance.py:1377} INFO - Executing <Task(PythonOperator): get_meme_task> on 2022-12-13 10:53:15.322673+00:00
[2022-12-13 10:53:15,997] {standard_task_runner.py:52} INFO - Started process 200 to run task
[2022-12-13 10:53:16,005] {standard_task_runner.py:79} INFO - Running: ['***', 'tasks', 'run', 'cereal_paper', 'get_meme_task', 'manual__2022-12-13T10:53:15.322673+00:00', '--job-id', '125', '--raw', '--subdir', 'DAGS_FOLDER/cereal-paper.py', '--cfg-path', '/tmp/tmppr4ilwwv', '--error-file', '/tmp/tmp7ihpsbr8']
[2022-12-13 10:53:16,009] {standard_task_runner.py:80} INFO - Job 125: Subtask get_meme_task
[2022-12-13 10:53:16,220] {task_command.py:369} INFO - Running <TaskInstance: cereal_paper.get_meme_task manual__2022-12-13T10:53:15.322673+00:00 [running]> on host 5cb924e8b79e
[2022-12-13 10:53:16,378] {taskinstance.py:1571} INFO - Exporting the following env vars:
AIRFLOW_CTX_DAG_EMAIL=cerealman@akashkhamkar.in
AIRFLOW_CTX_DAG_OWNER=akashk
AIRFLOW_CTX_DAG_ID=cereal_paper
AIRFLOW_CTX_TASK_ID=get_meme_task
AIRFLOW_CTX_EXECUTION_DATE=2022-12-13T10:53:15.322673+00:00
AIRFLOW_CTX_TRY_NUMBER=1
AIRFLOW_CTX_DAG_RUN_ID=manual__2022-12-13T10:53:15.322673+00:00
[2022-12-13 10:53:17,282] {python.py:173} INFO - Done. Returned value was: https://redd.it/zklf6w
[2022-12-13 10:53:17,347] {taskinstance.py:1400} INFO - Marking task as SUCCESS. dag_id=cereal_paper, task_id=get_meme_task, execution_date=20221213T105315, start_date=20221213T105315, end_date=20221213T105317
[2022-12-13 10:53:17,366] {local_task_job.py:156} INFO - Task exited with return code 0
[2022-12-13 10:53:17,418] {local_task_job.py:273} INFO - 0 downstream tasks scheduled from follow-on schedule check
