[2022-12-13 07:51:28,750] {taskinstance.py:1159} INFO - Dependencies all met for <TaskInstance: cereal_paper.get_meme_task manual__2022-12-13T07:51:27.617760+00:00 [queued]>
[2022-12-13 07:51:28,813] {taskinstance.py:1159} INFO - Dependencies all met for <TaskInstance: cereal_paper.get_meme_task manual__2022-12-13T07:51:27.617760+00:00 [queued]>
[2022-12-13 07:51:28,814] {taskinstance.py:1356} INFO - 
--------------------------------------------------------------------------------
[2022-12-13 07:51:28,815] {taskinstance.py:1357} INFO - Starting attempt 1 of 2
[2022-12-13 07:51:28,815] {taskinstance.py:1358} INFO - 
--------------------------------------------------------------------------------
[2022-12-13 07:51:28,852] {taskinstance.py:1377} INFO - Executing <Task(PythonOperator): get_meme_task> on 2022-12-13 07:51:27.617760+00:00
[2022-12-13 07:51:28,875] {standard_task_runner.py:52} INFO - Started process 211 to run task
[2022-12-13 07:51:28,909] {standard_task_runner.py:79} INFO - Running: ['***', 'tasks', 'run', 'cereal_paper', 'get_meme_task', 'manual__2022-12-13T07:51:27.617760+00:00', '--job-id', '11', '--raw', '--subdir', 'DAGS_FOLDER/cereal-paper.py', '--cfg-path', '/tmp/tmp0r2xwgae', '--error-file', '/tmp/tmp355_parj']
[2022-12-13 07:51:28,911] {standard_task_runner.py:80} INFO - Job 11: Subtask get_meme_task
[2022-12-13 07:51:29,166] {task_command.py:369} INFO - Running <TaskInstance: cereal_paper.get_meme_task manual__2022-12-13T07:51:27.617760+00:00 [running]> on host 5029e27bd97f
[2022-12-13 07:51:29,354] {taskinstance.py:1571} INFO - Exporting the following env vars:
AIRFLOW_CTX_DAG_EMAIL=akash.khamkar40@gmail.com
AIRFLOW_CTX_DAG_OWNER=akashk
AIRFLOW_CTX_DAG_ID=cereal_paper
AIRFLOW_CTX_TASK_ID=get_meme_task
AIRFLOW_CTX_EXECUTION_DATE=2022-12-13T07:51:27.617760+00:00
AIRFLOW_CTX_TRY_NUMBER=1
AIRFLOW_CTX_DAG_RUN_ID=manual__2022-12-13T07:51:27.617760+00:00
[2022-12-13 07:51:30,373] {python.py:173} INFO - Done. Returned value was: https://redd.it/zk2r07
[2022-12-13 07:51:30,485] {taskinstance.py:1400} INFO - Marking task as SUCCESS. dag_id=cereal_paper, task_id=get_meme_task, execution_date=20221213T075127, start_date=20221213T075128, end_date=20221213T075130
[2022-12-13 07:51:30,542] {local_task_job.py:156} INFO - Task exited with return code 0
[2022-12-13 07:51:30,663] {local_task_job.py:273} INFO - 0 downstream tasks scheduled from follow-on schedule check
