[2022-12-12 12:42:41,932] {taskinstance.py:1159} INFO - Dependencies all met for <TaskInstance: daily_Paper.get_joke_task manual__2022-12-12T12:42:41.519930+00:00 [queued]>
[2022-12-12 12:42:41,939] {taskinstance.py:1159} INFO - Dependencies all met for <TaskInstance: daily_Paper.get_joke_task manual__2022-12-12T12:42:41.519930+00:00 [queued]>
[2022-12-12 12:42:41,940] {taskinstance.py:1356} INFO - 
--------------------------------------------------------------------------------
[2022-12-12 12:42:41,941] {taskinstance.py:1357} INFO - Starting attempt 1 of 2
[2022-12-12 12:42:41,941] {taskinstance.py:1358} INFO - 
--------------------------------------------------------------------------------
[2022-12-12 12:42:41,952] {taskinstance.py:1377} INFO - Executing <Task(PythonOperator): get_joke_task> on 2022-12-12 12:42:41.519930+00:00
[2022-12-12 12:42:41,956] {standard_task_runner.py:52} INFO - Started process 725 to run task
[2022-12-12 12:42:41,961] {standard_task_runner.py:79} INFO - Running: ['***', 'tasks', 'run', 'daily_Paper', 'get_joke_task', 'manual__2022-12-12T12:42:41.519930+00:00', '--job-id', '18', '--raw', '--subdir', 'DAGS_FOLDER/morning-paper.py', '--cfg-path', '/tmp/tmpmcp2_wtl', '--error-file', '/tmp/tmpgrpw2p7h']
[2022-12-12 12:42:41,963] {standard_task_runner.py:80} INFO - Job 18: Subtask get_joke_task
[2022-12-12 12:42:42,028] {task_command.py:369} INFO - Running <TaskInstance: daily_Paper.get_joke_task manual__2022-12-12T12:42:41.519930+00:00 [running]> on host cbcd6542cb8e
[2022-12-12 12:42:42,089] {taskinstance.py:1571} INFO - Exporting the following env vars:
AIRFLOW_CTX_DAG_EMAIL=akash.khamkar40@gmail.com
AIRFLOW_CTX_DAG_OWNER=akashk
AIRFLOW_CTX_DAG_ID=daily_Paper
AIRFLOW_CTX_TASK_ID=get_joke_task
AIRFLOW_CTX_EXECUTION_DATE=2022-12-12T12:42:41.519930+00:00
AIRFLOW_CTX_TRY_NUMBER=1
AIRFLOW_CTX_DAG_RUN_ID=manual__2022-12-12T12:42:41.519930+00:00
[2022-12-12 12:42:43,049] {logging_mixin.py:115} INFO - {'error': False, 'category': 'Programming', 'type': 'single', 'joke': 'A SQL statement walks into a bar and sees two tables.\nIt approaches, and asks "may I join you?"', 'flags': {'nsfw': False, 'religious': False, 'political': False, 'racist': False, 'sexist': False, 'explicit': False}, 'id': 5, 'safe': True, 'lang': 'en'}
[2022-12-12 12:42:43,052] {python.py:173} INFO - Done. Returned value was: A SQL statement walks into a bar and sees two tables.
It approaches, and asks "may I join you?"
[2022-12-12 12:42:43,101] {taskinstance.py:1400} INFO - Marking task as SUCCESS. dag_id=daily_Paper, task_id=get_joke_task, execution_date=20221212T124241, start_date=20221212T124241, end_date=20221212T124243
[2022-12-12 12:42:43,124] {local_task_job.py:156} INFO - Task exited with return code 0
[2022-12-12 12:42:43,152] {local_task_job.py:273} INFO - 0 downstream tasks scheduled from follow-on schedule check
