[2022-12-12 16:32:33,962] {taskinstance.py:1159} INFO - Dependencies all met for <TaskInstance: daily_paper.create_pdf_task manual__2022-12-12T16:31:29.012391+00:00 [queued]>
[2022-12-12 16:32:33,968] {taskinstance.py:1159} INFO - Dependencies all met for <TaskInstance: daily_paper.create_pdf_task manual__2022-12-12T16:31:29.012391+00:00 [queued]>
[2022-12-12 16:32:33,969] {taskinstance.py:1356} INFO - 
--------------------------------------------------------------------------------
[2022-12-12 16:32:33,970] {taskinstance.py:1357} INFO - Starting attempt 2 of 2
[2022-12-12 16:32:33,970] {taskinstance.py:1358} INFO - 
--------------------------------------------------------------------------------
[2022-12-12 16:32:33,978] {taskinstance.py:1377} INFO - Executing <Task(PythonOperator): create_pdf_task> on 2022-12-12 16:31:29.012391+00:00
[2022-12-12 16:32:33,982] {standard_task_runner.py:52} INFO - Started process 3032 to run task
[2022-12-12 16:32:33,986] {standard_task_runner.py:79} INFO - Running: ['***', 'tasks', 'run', 'daily_paper', 'create_pdf_task', 'manual__2022-12-12T16:31:29.012391+00:00', '--job-id', '155', '--raw', '--subdir', 'DAGS_FOLDER/morning-paper.py', '--cfg-path', '/tmp/tmpe5mal9rc', '--error-file', '/tmp/tmphhfzzxv3']
[2022-12-12 16:32:33,987] {standard_task_runner.py:80} INFO - Job 155: Subtask create_pdf_task
[2022-12-12 16:32:34,031] {task_command.py:369} INFO - Running <TaskInstance: daily_paper.create_pdf_task manual__2022-12-12T16:31:29.012391+00:00 [running]> on host cbcd6542cb8e
[2022-12-12 16:32:34,076] {taskinstance.py:1571} INFO - Exporting the following env vars:
AIRFLOW_CTX_DAG_EMAIL=akash.khamkar40@gmail.com
AIRFLOW_CTX_DAG_OWNER=akashk
AIRFLOW_CTX_DAG_ID=daily_paper
AIRFLOW_CTX_TASK_ID=create_pdf_task
AIRFLOW_CTX_EXECUTION_DATE=2022-12-12T16:31:29.012391+00:00
AIRFLOW_CTX_TRY_NUMBER=2
AIRFLOW_CTX_DAG_RUN_ID=manual__2022-12-12T16:31:29.012391+00:00
[2022-12-12 16:32:34,085] {python.py:173} INFO - Done. Returned value was: None
[2022-12-12 16:32:34,095] {taskinstance.py:1400} INFO - Marking task as SUCCESS. dag_id=daily_paper, task_id=create_pdf_task, execution_date=20221212T163129, start_date=20221212T163233, end_date=20221212T163234
[2022-12-12 16:32:34,117] {local_task_job.py:156} INFO - Task exited with return code 0
[2022-12-12 16:32:34,139] {local_task_job.py:273} INFO - 0 downstream tasks scheduled from follow-on schedule check
