[2022-12-12 12:44:35,663] {taskinstance.py:1159} INFO - Dependencies all met for <TaskInstance: daily_Paper.get_joke_task manual__2022-12-12T12:44:34.656800+00:00 [queued]>
[2022-12-12 12:44:35,668] {taskinstance.py:1159} INFO - Dependencies all met for <TaskInstance: daily_Paper.get_joke_task manual__2022-12-12T12:44:34.656800+00:00 [queued]>
[2022-12-12 12:44:35,669] {taskinstance.py:1356} INFO - 
--------------------------------------------------------------------------------
[2022-12-12 12:44:35,669] {taskinstance.py:1357} INFO - Starting attempt 1 of 2
[2022-12-12 12:44:35,670] {taskinstance.py:1358} INFO - 
--------------------------------------------------------------------------------
[2022-12-12 12:44:35,677] {taskinstance.py:1377} INFO - Executing <Task(PythonOperator): get_joke_task> on 2022-12-12 12:44:34.656800+00:00
[2022-12-12 12:44:35,681] {standard_task_runner.py:52} INFO - Started process 768 to run task
[2022-12-12 12:44:35,685] {standard_task_runner.py:79} INFO - Running: ['***', 'tasks', 'run', 'daily_Paper', 'get_joke_task', 'manual__2022-12-12T12:44:34.656800+00:00', '--job-id', '35', '--raw', '--subdir', 'DAGS_FOLDER/morning-paper.py', '--cfg-path', '/tmp/tmp0yp2p2no', '--error-file', '/tmp/tmpov7w0n_c']
[2022-12-12 12:44:35,687] {standard_task_runner.py:80} INFO - Job 35: Subtask get_joke_task
[2022-12-12 12:44:35,771] {task_command.py:369} INFO - Running <TaskInstance: daily_Paper.get_joke_task manual__2022-12-12T12:44:34.656800+00:00 [running]> on host cbcd6542cb8e
[2022-12-12 12:44:35,841] {taskinstance.py:1571} INFO - Exporting the following env vars:
AIRFLOW_CTX_DAG_EMAIL=akash.khamkar40@gmail.com
AIRFLOW_CTX_DAG_OWNER=akashk
AIRFLOW_CTX_DAG_ID=daily_Paper
AIRFLOW_CTX_TASK_ID=get_joke_task
AIRFLOW_CTX_EXECUTION_DATE=2022-12-12T12:44:34.656800+00:00
AIRFLOW_CTX_TRY_NUMBER=1
AIRFLOW_CTX_DAG_RUN_ID=manual__2022-12-12T12:44:34.656800+00:00
[2022-12-12 12:44:36,985] {logging_mixin.py:115} INFO - {'error': False, 'category': 'Misc', 'type': 'single', 'joke': 'A neutron walks into a bar and asks for a price on a drink.\nThe barkeeper says: "For you... no charge!"', 'flags': {'nsfw': False, 'religious': False, 'political': False, 'racist': False, 'sexist': False, 'explicit': False}, 'id': 73, 'safe': True, 'lang': 'en'}
[2022-12-12 12:44:36,987] {python.py:173} INFO - Done. Returned value was: A neutron walks into a bar and asks for a price on a drink.
The barkeeper says: "For you... no charge!"
[2022-12-12 12:44:37,031] {taskinstance.py:1400} INFO - Marking task as SUCCESS. dag_id=daily_Paper, task_id=get_joke_task, execution_date=20221212T124434, start_date=20221212T124435, end_date=20221212T124437
[2022-12-12 12:44:37,058] {local_task_job.py:156} INFO - Task exited with return code 0
[2022-12-12 12:44:37,084] {local_task_job.py:273} INFO - 0 downstream tasks scheduled from follow-on schedule check
