[2022-12-12 13:15:44,988] {taskinstance.py:1159} INFO - Dependencies all met for <TaskInstance: daily_Paper.combine_articles_task manual__2022-12-12T13:15:41.876013+00:00 [queued]>
[2022-12-12 13:15:44,993] {taskinstance.py:1159} INFO - Dependencies all met for <TaskInstance: daily_Paper.combine_articles_task manual__2022-12-12T13:15:41.876013+00:00 [queued]>
[2022-12-12 13:15:44,994] {taskinstance.py:1356} INFO - 
--------------------------------------------------------------------------------
[2022-12-12 13:15:44,995] {taskinstance.py:1357} INFO - Starting attempt 1 of 2
[2022-12-12 13:15:44,995] {taskinstance.py:1358} INFO - 
--------------------------------------------------------------------------------
[2022-12-12 13:15:45,004] {taskinstance.py:1377} INFO - Executing <Task(PythonOperator): combine_articles_task> on 2022-12-12 13:15:41.876013+00:00
[2022-12-12 13:15:45,007] {standard_task_runner.py:52} INFO - Started process 1159 to run task
[2022-12-12 13:15:45,010] {standard_task_runner.py:79} INFO - Running: ['***', 'tasks', 'run', 'daily_Paper', 'combine_articles_task', 'manual__2022-12-12T13:15:41.876013+00:00', '--job-id', '62', '--raw', '--subdir', 'DAGS_FOLDER/morning-paper.py', '--cfg-path', '/tmp/tmp46hci2kw', '--error-file', '/tmp/tmpsm1eblba']
[2022-12-12 13:15:45,012] {standard_task_runner.py:80} INFO - Job 62: Subtask combine_articles_task
[2022-12-12 13:15:45,062] {task_command.py:369} INFO - Running <TaskInstance: daily_Paper.combine_articles_task manual__2022-12-12T13:15:41.876013+00:00 [running]> on host cbcd6542cb8e
[2022-12-12 13:15:45,111] {taskinstance.py:1571} INFO - Exporting the following env vars:
AIRFLOW_CTX_DAG_EMAIL=akash.khamkar40@gmail.com
AIRFLOW_CTX_DAG_OWNER=akashk
AIRFLOW_CTX_DAG_ID=daily_Paper
AIRFLOW_CTX_TASK_ID=combine_articles_task
AIRFLOW_CTX_EXECUTION_DATE=2022-12-12T13:15:41.876013+00:00
AIRFLOW_CTX_TRY_NUMBER=1
AIRFLOW_CTX_DAG_RUN_ID=manual__2022-12-12T13:15:41.876013+00:00
[2022-12-12 13:15:45,138] {logging_mixin.py:115} INFO - Java and C were telling jokes. It was C's turn, so he writes something on the wall, points to it and says "Do you get the reference?" But Java didn't. Most people achieved their greatest success one step beyond what looked like their greatest failure. [{'title': 'Double Coated Film Tapes Market 2022 Exclusive Report with upto 70% Discount on Purchase includes Key Segments, Company Analysis and Forecast to 2029', 'author': '', 'published_date': '2022-12-12 13:15:43', 'published_date_precision': 'timezone unknown', 'link': 'https://www.openpr.com/news/2844679/double-coated-film-tapes-market-2022-exclusive-report-with-upto', 'clean_url': 'openpr.com', 'excerpt': 'Double Coated Film Tapes Market Report is discounted by up to 70 at Worldwide Market Reports for Single User Access and Unlimited User Access The global Double Coated Film Tapes market was valued at…', 'summary': 'Double Coated Film Tapes Market 2022 Exclusive Report with upto 70% Discount on Purchase includes Key Segments, Company Analysis and Forecast to 2029\n\nDouble Coated Film Tapes\n\nhttps://www.worldwidemarketreports.com/sample/714539\n\nhttps://www.worldwidemarketreports.com/quiry/714539\n\nhttps://www.worldwidemarketreports.com/promobuy/714539\n\nhttps://www.worldwidemarketreports.com/sample/714539\n\nhttps://www.worldwidemarketreports.com/\n\nDouble Coated Film Tapes Market Report is discounted by up to 70% at Worldwide Market Reports for Single User Access and Unlimited User Access.', 'rights': 'openpr.com', 'rank': 9387, 'topic': 'news', 'country': 'DE', 'language': 'en', 'authors': '', 'media': 'https://cdn.openpr.com/V/c/Vc12969179_g.jpg', 'is_opinion': False, 'twitter_account': None, '_score': None, '_id': '7097ef617ef11ec84d5037ae079e757d'}, {'title': 'Global Aircraft Ailerons Market 2022 Overview with Demographic Data, Industry Growth and COVID-19 Impact Analysis 2028', 'author': 'Marketsandresearch.biz', 'published_date': '2022-12-12 13:15:40', 'published_date_precision': 'timezone unknown', 'link': 'https://www.openpr.com/news/2844678/global-aircraft-ailerons-market-2022-overview-with-demographic', 'clean_url': 'openpr.com', 'excerpt': 'MarketsandResearch biz recently finished a Global Aircraft Ailerons Market search that includes product specifics market segmentation and other information During the forecast period the study looks…', 'summary': 'Global Aircraft Ailerons Market 2022 Overview with Demographic Data, Industry Growth and COVID-19 Impact Analysis 2028\n\nhttps://www.marketsandresearch.biz/sample-request/200317\n\nhttps://www.marketsandresearch.biz/report/200317/global-aircraft-ailerons-market-2021-by-manufacturers-regions-type-and-application-forecast-to-2026\n\nwww.marketsandresearch.biz\n\nMarketsandResearch.biz recently finished a Global Aircraft Ailerons Market search that includes product specifics, market segmentation, and other information.', 'rights': 'openpr.com', 'rank': 9387, 'topic': 'news', 'country': 'DE', 'language': 'en', 'authors': 'Marketsandresearch.biz', 'media': 'https://cdn.openpr.com/V/c/Vc12197696_g.jpg', 'is_opinion': False, 'twitter_account': None, '_score': None, '_id': '08dbe849bf6d163e3761fd4cc5adb136'}, {'title': 'Sales Acceleration Technology Market to Reach US$ 209.7 Billion by 2027, Propelled by Rapid Automation Across Industries', 'author': 'Imarc Group', 'published_date': '2022-12-12 13:15:34', 'published_date_precision': 'timezone unknown', 'link': 'https://www.openpr.com/news/2844677/sales-acceleration-technology-market-to-reach-us-209-7-billion', 'clean_url': 'openpr.com', 'excerpt': 'According to the latest report by IMARC Group titled Sales Acceleration Technology Market Global Industry Trends Share Size Growth Opportunity and Forecast 2022 2027 the global sales acceleration…', 'summary': 'Sales Acceleration Technology Market to Reach US$ 209.7 Billion by 2027, Propelled by Rapid Automation Across Industries\n\nSales Acceleration Technology Market\n\nhttps://www.imarcgroup.com/sales-acceleration-technology-market/requestsample\n\nhttps://www.imarcgroup.com/sales-acceleration-technology-market\n\nhttps://www.imarcgroup.com/healthcare-big-data-analytics-companies\n\nhttps://www.imarcgroup.com/beauty-personal-care-manufacturing-companies-india\n\nhttps://www.imarcgroup.com/satellite-communication-companies\n\nhttps://www.', 'rights': 'openpr.com', 'rank': 9387, 'topic': 'news', 'country': 'DE', 'language': 'en', 'authors': 'IMARC Group', 'media': 'https://cdn.openpr.com/V/c/Vc12276568_g.jpg', 'is_opinion': False, 'twitter_account': None, '_score': None, '_id': 'b5ae4a1863b911a9a7d96f631d07b010'}] None
[2022-12-12 13:15:45,139] {python.py:173} INFO - Done. Returned value was: None
[2022-12-12 13:15:45,148] {taskinstance.py:1400} INFO - Marking task as SUCCESS. dag_id=daily_Paper, task_id=combine_articles_task, execution_date=20221212T131541, start_date=20221212T131544, end_date=20221212T131545
[2022-12-12 13:15:45,183] {local_task_job.py:156} INFO - Task exited with return code 0
[2022-12-12 13:15:45,205] {local_task_job.py:273} INFO - 0 downstream tasks scheduled from follow-on schedule check
