[2022-12-12 13:15:42,938] {taskinstance.py:1159} INFO - Dependencies all met for <TaskInstance: daily_Paper.get_joke_task manual__2022-12-12T13:15:41.876013+00:00 [queued]>
[2022-12-12 13:15:42,943] {taskinstance.py:1159} INFO - Dependencies all met for <TaskInstance: daily_Paper.get_joke_task manual__2022-12-12T13:15:41.876013+00:00 [queued]>
[2022-12-12 13:15:42,944] {taskinstance.py:1356} INFO - 
--------------------------------------------------------------------------------
[2022-12-12 13:15:42,944] {taskinstance.py:1357} INFO - Starting attempt 1 of 2
[2022-12-12 13:15:42,945] {taskinstance.py:1358} INFO - 
--------------------------------------------------------------------------------
[2022-12-12 13:15:42,952] {taskinstance.py:1377} INFO - Executing <Task(PythonOperator): get_joke_task> on 2022-12-12 13:15:41.876013+00:00
[2022-12-12 13:15:42,956] {standard_task_runner.py:52} INFO - Started process 1154 to run task
[2022-12-12 13:15:42,960] {standard_task_runner.py:79} INFO - Running: ['***', 'tasks', 'run', 'daily_Paper', 'get_joke_task', 'manual__2022-12-12T13:15:41.876013+00:00', '--job-id', '58', '--raw', '--subdir', 'DAGS_FOLDER/morning-paper.py', '--cfg-path', '/tmp/tmplgmsoyas', '--error-file', '/tmp/tmprajsahze']
[2022-12-12 13:15:42,962] {standard_task_runner.py:80} INFO - Job 58: Subtask get_joke_task
[2022-12-12 13:15:43,051] {task_command.py:369} INFO - Running <TaskInstance: daily_Paper.get_joke_task manual__2022-12-12T13:15:41.876013+00:00 [running]> on host cbcd6542cb8e
[2022-12-12 13:15:43,141] {taskinstance.py:1571} INFO - Exporting the following env vars:
AIRFLOW_CTX_DAG_EMAIL=akash.khamkar40@gmail.com
AIRFLOW_CTX_DAG_OWNER=akashk
AIRFLOW_CTX_DAG_ID=daily_Paper
AIRFLOW_CTX_TASK_ID=get_joke_task
AIRFLOW_CTX_EXECUTION_DATE=2022-12-12T13:15:41.876013+00:00
AIRFLOW_CTX_TRY_NUMBER=1
AIRFLOW_CTX_DAG_RUN_ID=manual__2022-12-12T13:15:41.876013+00:00
[2022-12-12 13:15:43,728] {logging_mixin.py:115} INFO - {'error': False, 'category': 'Programming', 'type': 'single', 'joke': 'Java and C were telling jokes. It was C\'s turn, so he writes something on the wall, points to it and says "Do you get the reference?" But Java didn\'t.', 'flags': {'nsfw': False, 'religious': False, 'political': False, 'racist': False, 'sexist': False, 'explicit': False}, 'id': 4, 'safe': True, 'lang': 'en'}
[2022-12-12 13:15:43,729] {python.py:173} INFO - Done. Returned value was: Java and C were telling jokes. It was C's turn, so he writes something on the wall, points to it and says "Do you get the reference?" But Java didn't.
[2022-12-12 13:15:43,762] {taskinstance.py:1400} INFO - Marking task as SUCCESS. dag_id=daily_Paper, task_id=get_joke_task, execution_date=20221212T131541, start_date=20221212T131542, end_date=20221212T131543
[2022-12-12 13:15:43,783] {local_task_job.py:156} INFO - Task exited with return code 0
[2022-12-12 13:15:43,812] {local_task_job.py:273} INFO - 0 downstream tasks scheduled from follow-on schedule check
