[2022-12-12 16:49:02,923] {taskinstance.py:1159} INFO - Dependencies all met for <TaskInstance: daily_paper.get_joke_task manual__2022-12-12T16:49:02.284719+00:00 [queued]>
[2022-12-12 16:49:02,931] {taskinstance.py:1159} INFO - Dependencies all met for <TaskInstance: daily_paper.get_joke_task manual__2022-12-12T16:49:02.284719+00:00 [queued]>
[2022-12-12 16:49:02,932] {taskinstance.py:1356} INFO - 
--------------------------------------------------------------------------------
[2022-12-12 16:49:02,932] {taskinstance.py:1357} INFO - Starting attempt 1 of 2
[2022-12-12 16:49:02,932] {taskinstance.py:1358} INFO - 
--------------------------------------------------------------------------------
[2022-12-12 16:49:02,940] {taskinstance.py:1377} INFO - Executing <Task(PythonOperator): get_joke_task> on 2022-12-12 16:49:02.284719+00:00
[2022-12-12 16:49:02,945] {standard_task_runner.py:52} INFO - Started process 321 to run task
[2022-12-12 16:49:02,948] {standard_task_runner.py:79} INFO - Running: ['***', 'tasks', 'run', 'daily_paper', 'get_joke_task', 'manual__2022-12-12T16:49:02.284719+00:00', '--job-id', '170', '--raw', '--subdir', 'DAGS_FOLDER/morning-paper.py', '--cfg-path', '/tmp/tmpsyy5wksq', '--error-file', '/tmp/tmpwf6pijqw']
[2022-12-12 16:49:02,950] {standard_task_runner.py:80} INFO - Job 170: Subtask get_joke_task
[2022-12-12 16:49:03,028] {task_command.py:369} INFO - Running <TaskInstance: daily_paper.get_joke_task manual__2022-12-12T16:49:02.284719+00:00 [running]> on host 6bb81baa0a52
[2022-12-12 16:49:03,118] {taskinstance.py:1571} INFO - Exporting the following env vars:
AIRFLOW_CTX_DAG_EMAIL=akash.khamkar40@gmail.com
AIRFLOW_CTX_DAG_OWNER=akashk
AIRFLOW_CTX_DAG_ID=daily_paper
AIRFLOW_CTX_TASK_ID=get_joke_task
AIRFLOW_CTX_EXECUTION_DATE=2022-12-12T16:49:02.284719+00:00
AIRFLOW_CTX_TRY_NUMBER=1
AIRFLOW_CTX_DAG_RUN_ID=manual__2022-12-12T16:49:02.284719+00:00
[2022-12-12 16:49:04,065] {logging_mixin.py:115} INFO - {'error': False, 'category': 'Misc', 'type': 'single', 'joke': "Never date a baker. They're too kneady.", 'flags': {'nsfw': False, 'religious': False, 'political': False, 'racist': False, 'sexist': False, 'explicit': False}, 'safe': True, 'id': 271, 'lang': 'en'}
[2022-12-12 16:49:04,066] {python.py:173} INFO - Done. Returned value was: Never date a baker. They're too kneady.
[2022-12-12 16:49:04,091] {taskinstance.py:1400} INFO - Marking task as SUCCESS. dag_id=daily_paper, task_id=get_joke_task, execution_date=20221212T164902, start_date=20221212T164902, end_date=20221212T164904
[2022-12-12 16:49:04,122] {local_task_job.py:156} INFO - Task exited with return code 0
[2022-12-12 16:49:04,161] {local_task_job.py:273} INFO - 0 downstream tasks scheduled from follow-on schedule check
