[2022-12-12 16:36:16,860] {taskinstance.py:1159} INFO - Dependencies all met for <TaskInstance: daily_paper.get_news_task manual__2022-12-12T16:36:16.319037+00:00 [queued]>
[2022-12-12 16:36:16,867] {taskinstance.py:1159} INFO - Dependencies all met for <TaskInstance: daily_paper.get_news_task manual__2022-12-12T16:36:16.319037+00:00 [queued]>
[2022-12-12 16:36:16,868] {taskinstance.py:1356} INFO - 
--------------------------------------------------------------------------------
[2022-12-12 16:36:16,868] {taskinstance.py:1357} INFO - Starting attempt 1 of 2
[2022-12-12 16:36:16,869] {taskinstance.py:1358} INFO - 
--------------------------------------------------------------------------------
[2022-12-12 16:36:16,878] {taskinstance.py:1377} INFO - Executing <Task(PythonOperator): get_news_task> on 2022-12-12 16:36:16.319037+00:00
[2022-12-12 16:36:16,883] {standard_task_runner.py:52} INFO - Started process 3075 to run task
[2022-12-12 16:36:16,887] {standard_task_runner.py:79} INFO - Running: ['***', 'tasks', 'run', 'daily_paper', 'get_news_task', 'manual__2022-12-12T16:36:16.319037+00:00', '--job-id', '158', '--raw', '--subdir', 'DAGS_FOLDER/morning-paper.py', '--cfg-path', '/tmp/tmph3jru94s', '--error-file', '/tmp/tmpwf84o2ed']
[2022-12-12 16:36:16,889] {standard_task_runner.py:80} INFO - Job 158: Subtask get_news_task
[2022-12-12 16:36:16,971] {task_command.py:369} INFO - Running <TaskInstance: daily_paper.get_news_task manual__2022-12-12T16:36:16.319037+00:00 [running]> on host cbcd6542cb8e
[2022-12-12 16:36:17,058] {taskinstance.py:1571} INFO - Exporting the following env vars:
AIRFLOW_CTX_DAG_EMAIL=akash.khamkar40@gmail.com
AIRFLOW_CTX_DAG_OWNER=akashk
AIRFLOW_CTX_DAG_ID=daily_paper
AIRFLOW_CTX_TASK_ID=get_news_task
AIRFLOW_CTX_EXECUTION_DATE=2022-12-12T16:36:16.319037+00:00
AIRFLOW_CTX_TRY_NUMBER=1
AIRFLOW_CTX_DAG_RUN_ID=manual__2022-12-12T16:36:16.319037+00:00
[2022-12-12 16:36:17,752] {python.py:173} INFO - Done. Returned value was: [{'title': 'Little girl loses baby brother and asks for help make ends meet for her mum', 'published_date': '2022-12-12 16:36:00', 'summary': "| Nondwe Maqubela one hour ago What is Help My Mommy? Anele and the Club on 947 want to hear from all the children, who have mommies that are struggling to make ends meet.Perhaps your car has broken down or flights are expensive and now you cannot take your family home this festive season.Maybe you need help with stationary, perhaps you don't have a fridge or a washing machine...Maybe the groceries are not enough. The voice note that little Olwethu sent: 'Hi Anele and the Club, I am Olwethu who is 9 years old."}, {'title': '800 billion won of Korean taxpayer money going into AI chips', 'published_date': '2022-12-12 16:35:00', 'summary': "[SHUTTERSTOCK] The government is pouring over 800 billion won ($611.6 million) into AI chip development through 2030. The investment is part of the project to establish 'K-Cloud' infrastructure powered by domestically-developed semiconductors. The Ministry of Science and ICT on Monday held a strategy meeting for AI semiconductor development with Minister Lee Jong-ho in attendance, and announced its eight-year plan to develop an advanced AI chip with ultra-low low latency and high energy efficiency for cloud computing."}, {'title': 'NSL launches relocated branch in Wewak', 'published_date': '2022-12-12 16:35:00', 'summary': "The opening ceremony was officiated by Nambawan Super member representatives including Nurses, Police and Teachers, alongside NSL CEO, Paul Sayer.\nThe relocation of the Wewak Branch is part of NSL's continued focus on improving member access to its superannuation services in rural centers around the Country.\nMr. Sayer said that the relocation meant that its members in Wewak now have a full office space that is dedicated to them and can call their own.\nHe said, 'The branch has also been upgraded to improve on members' experience and ensure that we can continue to deliver quality services to our over 3000 Members that live and work in Wewak and the East Sepik Province."}]
[2022-12-12 16:36:17,827] {taskinstance.py:1400} INFO - Marking task as SUCCESS. dag_id=daily_paper, task_id=get_news_task, execution_date=20221212T163616, start_date=20221212T163616, end_date=20221212T163617
[2022-12-12 16:36:17,884] {local_task_job.py:156} INFO - Task exited with return code 0
[2022-12-12 16:36:17,916] {local_task_job.py:273} INFO - 0 downstream tasks scheduled from follow-on schedule check
