[2022-12-13 07:53:47,257] {taskinstance.py:1159} INFO - Dependencies all met for <TaskInstance: cereal_paper.get_quote_task manual__2022-12-13T07:53:46.475057+00:00 [queued]>
[2022-12-13 07:53:47,266] {taskinstance.py:1159} INFO - Dependencies all met for <TaskInstance: cereal_paper.get_quote_task manual__2022-12-13T07:53:46.475057+00:00 [queued]>
[2022-12-13 07:53:47,267] {taskinstance.py:1356} INFO - 
--------------------------------------------------------------------------------
[2022-12-13 07:53:47,267] {taskinstance.py:1357} INFO - Starting attempt 1 of 2
[2022-12-13 07:53:47,267] {taskinstance.py:1358} INFO - 
--------------------------------------------------------------------------------
[2022-12-13 07:53:47,279] {taskinstance.py:1377} INFO - Executing <Task(PythonOperator): get_quote_task> on 2022-12-13 07:53:46.475057+00:00
[2022-12-13 07:53:47,282] {standard_task_runner.py:52} INFO - Started process 321 to run task
[2022-12-13 07:53:47,286] {standard_task_runner.py:79} INFO - Running: ['***', 'tasks', 'run', 'cereal_paper', 'get_quote_task', 'manual__2022-12-13T07:53:46.475057+00:00', '--job-id', '33', '--raw', '--subdir', 'DAGS_FOLDER/cereal-paper.py', '--cfg-path', '/tmp/tmpyzlyatkw', '--error-file', '/tmp/tmpn9_6nnkd']
[2022-12-13 07:53:47,287] {standard_task_runner.py:80} INFO - Job 33: Subtask get_quote_task
[2022-12-13 07:53:47,415] {task_command.py:369} INFO - Running <TaskInstance: cereal_paper.get_quote_task manual__2022-12-13T07:53:46.475057+00:00 [running]> on host 5029e27bd97f
[2022-12-13 07:53:47,573] {taskinstance.py:1571} INFO - Exporting the following env vars:
AIRFLOW_CTX_DAG_EMAIL=akash.khamkar40@gmail.com
AIRFLOW_CTX_DAG_OWNER=akashk
AIRFLOW_CTX_DAG_ID=cereal_paper
AIRFLOW_CTX_TASK_ID=get_quote_task
AIRFLOW_CTX_EXECUTION_DATE=2022-12-13T07:53:46.475057+00:00
AIRFLOW_CTX_TRY_NUMBER=1
AIRFLOW_CTX_DAG_RUN_ID=manual__2022-12-13T07:53:46.475057+00:00
[2022-12-13 07:53:48,738] {logging_mixin.py:115} INFO - [{'q': 'Curiosity is the most powerful thing you own. Imagination is a force that can actually manifest a reality.', 'a': 'James Cameron', 'h': '<blockquote>&ldquo;Curiosity is the most powerful thing you own. Imagination is a force that can actually manifest a reality.&rdquo; &mdash; <footer>James Cameron</footer></blockquote>'}]
[2022-12-13 07:53:48,752] {python.py:173} INFO - Done. Returned value was: Curiosity is the most powerful thing you own. Imagination is a force that can actually manifest a reality.
[2022-12-13 07:53:48,799] {taskinstance.py:1400} INFO - Marking task as SUCCESS. dag_id=cereal_paper, task_id=get_quote_task, execution_date=20221213T075346, start_date=20221213T075347, end_date=20221213T075348
[2022-12-13 07:53:48,847] {local_task_job.py:156} INFO - Task exited with return code 0
[2022-12-13 07:53:48,903] {local_task_job.py:273} INFO - 1 downstream tasks scheduled from follow-on schedule check
