[2022-12-13 07:51:28,555] {taskinstance.py:1159} INFO - Dependencies all met for <TaskInstance: cereal_paper.get_songs_from_db_task manual__2022-12-13T07:51:27.617760+00:00 [queued]>
[2022-12-13 07:51:28,567] {taskinstance.py:1159} INFO - Dependencies all met for <TaskInstance: cereal_paper.get_songs_from_db_task manual__2022-12-13T07:51:27.617760+00:00 [queued]>
[2022-12-13 07:51:28,567] {taskinstance.py:1356} INFO - 
--------------------------------------------------------------------------------
[2022-12-13 07:51:28,568] {taskinstance.py:1357} INFO - Starting attempt 1 of 2
[2022-12-13 07:51:28,568] {taskinstance.py:1358} INFO - 
--------------------------------------------------------------------------------
[2022-12-13 07:51:28,587] {taskinstance.py:1377} INFO - Executing <Task(PythonOperator): get_songs_from_db_task> on 2022-12-13 07:51:27.617760+00:00
[2022-12-13 07:51:28,590] {standard_task_runner.py:52} INFO - Started process 204 to run task
[2022-12-13 07:51:28,597] {standard_task_runner.py:79} INFO - Running: ['***', 'tasks', 'run', 'cereal_paper', 'get_songs_from_db_task', 'manual__2022-12-13T07:51:27.617760+00:00', '--job-id', '5', '--raw', '--subdir', 'DAGS_FOLDER/cereal-paper.py', '--cfg-path', '/tmp/tmpcd3bwe17', '--error-file', '/tmp/tmps4qaj608']
[2022-12-13 07:51:28,599] {standard_task_runner.py:80} INFO - Job 5: Subtask get_songs_from_db_task
[2022-12-13 07:51:28,755] {task_command.py:369} INFO - Running <TaskInstance: cereal_paper.get_songs_from_db_task manual__2022-12-13T07:51:27.617760+00:00 [running]> on host 5029e27bd97f
[2022-12-13 07:51:29,072] {taskinstance.py:1571} INFO - Exporting the following env vars:
AIRFLOW_CTX_DAG_EMAIL=akash.khamkar40@gmail.com
AIRFLOW_CTX_DAG_OWNER=akashk
AIRFLOW_CTX_DAG_ID=cereal_paper
AIRFLOW_CTX_TASK_ID=get_songs_from_db_task
AIRFLOW_CTX_EXECUTION_DATE=2022-12-13T07:51:27.617760+00:00
AIRFLOW_CTX_TRY_NUMBER=1
AIRFLOW_CTX_DAG_RUN_ID=manual__2022-12-13T07:51:27.617760+00:00
[2022-12-13 07:51:29,083] {base.py:68} INFO - Using connection ID 'my_postgres_default' for task execution.
[2022-12-13 07:51:29,152] {python.py:173} INFO - Done. Returned value was: [('Dosed', 'By the Way (Deluxe Edition)', 'Red Hot Chili Peppers'), ('Your Song', 'Elton John', 'Elton John'), ('Glimpse of Us', 'Glimpse of Us', 'Joji')]
[2022-12-13 07:51:29,321] {taskinstance.py:1400} INFO - Marking task as SUCCESS. dag_id=cereal_paper, task_id=get_songs_from_db_task, execution_date=20221213T075127, start_date=20221213T075128, end_date=20221213T075129
[2022-12-13 07:51:29,371] {local_task_job.py:156} INFO - Task exited with return code 0
[2022-12-13 07:51:29,420] {local_task_job.py:273} INFO - 0 downstream tasks scheduled from follow-on schedule check
