[2022-12-12 16:24:18,768] {taskinstance.py:1159} INFO - Dependencies all met for <TaskInstance: daily_paper.get_quote_task manual__2022-12-12T16:24:17.444233+00:00 [queued]>
[2022-12-12 16:24:18,775] {taskinstance.py:1159} INFO - Dependencies all met for <TaskInstance: daily_paper.get_quote_task manual__2022-12-12T16:24:17.444233+00:00 [queued]>
[2022-12-12 16:24:18,776] {taskinstance.py:1356} INFO - 
--------------------------------------------------------------------------------
[2022-12-12 16:24:18,776] {taskinstance.py:1357} INFO - Starting attempt 1 of 2
[2022-12-12 16:24:18,777] {taskinstance.py:1358} INFO - 
--------------------------------------------------------------------------------
[2022-12-12 16:24:18,789] {taskinstance.py:1377} INFO - Executing <Task(PythonOperator): get_quote_task> on 2022-12-12 16:24:17.444233+00:00
[2022-12-12 16:24:18,793] {standard_task_runner.py:52} INFO - Started process 2886 to run task
[2022-12-12 16:24:18,804] {standard_task_runner.py:79} INFO - Running: ['***', 'tasks', 'run', 'daily_paper', 'get_quote_task', 'manual__2022-12-12T16:24:17.444233+00:00', '--job-id', '122', '--raw', '--subdir', 'DAGS_FOLDER/morning-paper.py', '--cfg-path', '/tmp/tmp6hx5u214', '--error-file', '/tmp/tmp_2chdnva']
[2022-12-12 16:24:18,806] {standard_task_runner.py:80} INFO - Job 122: Subtask get_quote_task
[2022-12-12 16:24:18,885] {task_command.py:369} INFO - Running <TaskInstance: daily_paper.get_quote_task manual__2022-12-12T16:24:17.444233+00:00 [running]> on host cbcd6542cb8e
[2022-12-12 16:24:18,975] {taskinstance.py:1571} INFO - Exporting the following env vars:
AIRFLOW_CTX_DAG_EMAIL=akash.khamkar40@gmail.com
AIRFLOW_CTX_DAG_OWNER=akashk
AIRFLOW_CTX_DAG_ID=daily_paper
AIRFLOW_CTX_TASK_ID=get_quote_task
AIRFLOW_CTX_EXECUTION_DATE=2022-12-12T16:24:17.444233+00:00
AIRFLOW_CTX_TRY_NUMBER=1
AIRFLOW_CTX_DAG_RUN_ID=manual__2022-12-12T16:24:17.444233+00:00
[2022-12-12 16:24:20,063] {logging_mixin.py:115} INFO - [{'q': 'Most people achieved their greatest success one step beyond what looked like their greatest failure.', 'a': 'Brian Tracy', 'h': '<blockquote>&ldquo;Most people achieved their greatest success one step beyond what looked like their greatest failure.&rdquo; &mdash; <footer>Brian Tracy</footer></blockquote>'}]
[2022-12-12 16:24:20,064] {python.py:173} INFO - Done. Returned value was: Most people achieved their greatest success one step beyond what looked like their greatest failure.
[2022-12-12 16:24:20,088] {taskinstance.py:1400} INFO - Marking task as SUCCESS. dag_id=daily_paper, task_id=get_quote_task, execution_date=20221212T162417, start_date=20221212T162418, end_date=20221212T162420
[2022-12-12 16:24:20,114] {local_task_job.py:156} INFO - Task exited with return code 0
[2022-12-12 16:24:20,142] {local_task_job.py:273} INFO - 1 downstream tasks scheduled from follow-on schedule check
