[2022-12-12 17:17:15,505] {taskinstance.py:1159} INFO - Dependencies all met for <TaskInstance: daily_paper.get_joke_task manual__2022-12-12T17:17:14.338624+00:00 [queued]>
[2022-12-12 17:17:15,511] {taskinstance.py:1159} INFO - Dependencies all met for <TaskInstance: daily_paper.get_joke_task manual__2022-12-12T17:17:14.338624+00:00 [queued]>
[2022-12-12 17:17:15,512] {taskinstance.py:1356} INFO - 
--------------------------------------------------------------------------------
[2022-12-12 17:17:15,513] {taskinstance.py:1357} INFO - Starting attempt 1 of 2
[2022-12-12 17:17:15,513] {taskinstance.py:1358} INFO - 
--------------------------------------------------------------------------------
[2022-12-12 17:17:15,523] {taskinstance.py:1377} INFO - Executing <Task(PythonOperator): get_joke_task> on 2022-12-12 17:17:14.338624+00:00
[2022-12-12 17:17:15,527] {standard_task_runner.py:52} INFO - Started process 709 to run task
[2022-12-12 17:17:15,532] {standard_task_runner.py:79} INFO - Running: ['***', 'tasks', 'run', 'daily_paper', 'get_joke_task', 'manual__2022-12-12T17:17:14.338624+00:00', '--job-id', '223', '--raw', '--subdir', 'DAGS_FOLDER/morning-paper.py', '--cfg-path', '/tmp/tmpdv0jlqr8', '--error-file', '/tmp/tmps579g13p']
[2022-12-12 17:17:15,535] {standard_task_runner.py:80} INFO - Job 223: Subtask get_joke_task
[2022-12-12 17:17:15,615] {task_command.py:369} INFO - Running <TaskInstance: daily_paper.get_joke_task manual__2022-12-12T17:17:14.338624+00:00 [running]> on host 6bb81baa0a52
[2022-12-12 17:17:15,726] {taskinstance.py:1571} INFO - Exporting the following env vars:
AIRFLOW_CTX_DAG_EMAIL=akash.khamkar40@gmail.com
AIRFLOW_CTX_DAG_OWNER=akashk
AIRFLOW_CTX_DAG_ID=daily_paper
AIRFLOW_CTX_TASK_ID=get_joke_task
AIRFLOW_CTX_EXECUTION_DATE=2022-12-12T17:17:14.338624+00:00
AIRFLOW_CTX_TRY_NUMBER=1
AIRFLOW_CTX_DAG_RUN_ID=manual__2022-12-12T17:17:14.338624+00:00
[2022-12-12 17:17:16,613] {logging_mixin.py:115} INFO - {'error': False, 'category': 'Programming', 'type': 'single', 'joke': 'Programming is 10% science, 20% ingenuity, and 70% getting the ingenuity to work with the science.', 'flags': {'nsfw': False, 'religious': False, 'political': False, 'racist': False, 'sexist': False, 'explicit': False}, 'id': 37, 'safe': True, 'lang': 'en'}
[2022-12-12 17:17:16,614] {python.py:173} INFO - Done. Returned value was: Programming is 10% science, 20% ingenuity, and 70% getting the ingenuity to work with the science.
[2022-12-12 17:17:16,634] {taskinstance.py:1400} INFO - Marking task as SUCCESS. dag_id=daily_paper, task_id=get_joke_task, execution_date=20221212T171714, start_date=20221212T171715, end_date=20221212T171716
[2022-12-12 17:17:16,667] {local_task_job.py:156} INFO - Task exited with return code 0
[2022-12-12 17:17:16,693] {local_task_job.py:273} INFO - 0 downstream tasks scheduled from follow-on schedule check
