[2022-12-12 16:26:00,551] {taskinstance.py:1159} INFO - Dependencies all met for <TaskInstance: daily_paper.get_meme_task manual__2022-12-12T16:25:59.735310+00:00 [queued]>
[2022-12-12 16:26:00,558] {taskinstance.py:1159} INFO - Dependencies all met for <TaskInstance: daily_paper.get_meme_task manual__2022-12-12T16:25:59.735310+00:00 [queued]>
[2022-12-12 16:26:00,558] {taskinstance.py:1356} INFO - 
--------------------------------------------------------------------------------
[2022-12-12 16:26:00,559] {taskinstance.py:1357} INFO - Starting attempt 1 of 2
[2022-12-12 16:26:00,559] {taskinstance.py:1358} INFO - 
--------------------------------------------------------------------------------
[2022-12-12 16:26:00,568] {taskinstance.py:1377} INFO - Executing <Task(PythonOperator): get_meme_task> on 2022-12-12 16:25:59.735310+00:00
[2022-12-12 16:26:00,572] {standard_task_runner.py:52} INFO - Started process 2919 to run task
[2022-12-12 16:26:00,577] {standard_task_runner.py:79} INFO - Running: ['***', 'tasks', 'run', 'daily_paper', 'get_meme_task', 'manual__2022-12-12T16:25:59.735310+00:00', '--job-id', '130', '--raw', '--subdir', 'DAGS_FOLDER/morning-paper.py', '--cfg-path', '/tmp/tmpq137g10d', '--error-file', '/tmp/tmp7c_jhng8']
[2022-12-12 16:26:00,579] {standard_task_runner.py:80} INFO - Job 130: Subtask get_meme_task
[2022-12-12 16:26:00,674] {task_command.py:369} INFO - Running <TaskInstance: daily_paper.get_meme_task manual__2022-12-12T16:25:59.735310+00:00 [running]> on host cbcd6542cb8e
[2022-12-12 16:26:00,761] {taskinstance.py:1571} INFO - Exporting the following env vars:
AIRFLOW_CTX_DAG_EMAIL=akash.khamkar40@gmail.com
AIRFLOW_CTX_DAG_OWNER=akashk
AIRFLOW_CTX_DAG_ID=daily_paper
AIRFLOW_CTX_TASK_ID=get_meme_task
AIRFLOW_CTX_EXECUTION_DATE=2022-12-12T16:25:59.735310+00:00
AIRFLOW_CTX_TRY_NUMBER=1
AIRFLOW_CTX_DAG_RUN_ID=manual__2022-12-12T16:25:59.735310+00:00
[2022-12-12 16:26:01,705] {python.py:173} INFO - Done. Returned value was: https://redd.it/zk2j4g
[2022-12-12 16:26:01,739] {taskinstance.py:1400} INFO - Marking task as SUCCESS. dag_id=daily_paper, task_id=get_meme_task, execution_date=20221212T162559, start_date=20221212T162600, end_date=20221212T162601
[2022-12-12 16:26:01,771] {local_task_job.py:156} INFO - Task exited with return code 0
[2022-12-12 16:26:01,803] {local_task_job.py:273} INFO - 0 downstream tasks scheduled from follow-on schedule check
