[2022-12-12 18:09:06,108] {taskinstance.py:1159} INFO - Dependencies all met for <TaskInstance: daily_paper.get_news_task manual__2022-12-12T18:09:05.229017+00:00 [queued]>
[2022-12-12 18:09:06,114] {taskinstance.py:1159} INFO - Dependencies all met for <TaskInstance: daily_paper.get_news_task manual__2022-12-12T18:09:05.229017+00:00 [queued]>
[2022-12-12 18:09:06,114] {taskinstance.py:1356} INFO - 
--------------------------------------------------------------------------------
[2022-12-12 18:09:06,115] {taskinstance.py:1357} INFO - Starting attempt 1 of 2
[2022-12-12 18:09:06,115] {taskinstance.py:1358} INFO - 
--------------------------------------------------------------------------------
[2022-12-12 18:09:06,123] {taskinstance.py:1377} INFO - Executing <Task(PythonOperator): get_news_task> on 2022-12-12 18:09:05.229017+00:00
[2022-12-12 18:09:06,127] {standard_task_runner.py:52} INFO - Started process 2005 to run task
[2022-12-12 18:09:06,131] {standard_task_runner.py:79} INFO - Running: ['***', 'tasks', 'run', 'daily_paper', 'get_news_task', 'manual__2022-12-12T18:09:05.229017+00:00', '--job-id', '364', '--raw', '--subdir', 'DAGS_FOLDER/morning-paper.py', '--cfg-path', '/tmp/tmpxs28qsfs', '--error-file', '/tmp/tmp6ilwn2xc']
[2022-12-12 18:09:06,133] {standard_task_runner.py:80} INFO - Job 364: Subtask get_news_task
[2022-12-12 18:09:06,218] {task_command.py:369} INFO - Running <TaskInstance: daily_paper.get_news_task manual__2022-12-12T18:09:05.229017+00:00 [running]> on host 6bb81baa0a52
[2022-12-12 18:09:06,315] {taskinstance.py:1571} INFO - Exporting the following env vars:
AIRFLOW_CTX_DAG_EMAIL=akash.khamkar40@gmail.com
AIRFLOW_CTX_DAG_OWNER=akashk
AIRFLOW_CTX_DAG_ID=daily_paper
AIRFLOW_CTX_TASK_ID=get_news_task
AIRFLOW_CTX_EXECUTION_DATE=2022-12-12T18:09:05.229017+00:00
AIRFLOW_CTX_TRY_NUMBER=1
AIRFLOW_CTX_DAG_RUN_ID=manual__2022-12-12T18:09:05.229017+00:00
[2022-12-12 18:09:07,917] {python.py:173} INFO - Done. Returned value was: [{'title': 'Pakistan-Taliabn Tensions Rise As 7 Pakistanis Die In Border Firing, Pakistani PM Condemns Firing', 'published_date': '2022-12-12 17:35:12', 'summary': 'The border incident comes amid rising tensions between the Pakistani government and the Taliban regime in Afghanistan over issues such as Tehreek-e-Taliban-Pakistan (TTP).'}, {'title': 'Madhya Pradesh: High Court cancels House membership of BJP MLA from Ashoknagar', 'published_date': '2022-12-12 17:35:07', 'summary': 'None'}, {'title': 'If China And India Go To War At Sea…', 'published_date': '2022-12-12 17:34:46', 'summary': 'The coming together of the Quad and the Australia-UK-US grouping would be a formidable adversary, moving toward the creation of a ‘thousand ship navy’ that reins in the PLA navy in the Indo-Pacific BY AJAI SHUKLA Last month, navies of the four quadrilateral countries — Australia, India, Japan and the United States of America — […] The post If China And India Go To War At Sea… appeared first on Northlines.'}]
[2022-12-12 18:09:07,975] {taskinstance.py:1400} INFO - Marking task as SUCCESS. dag_id=daily_paper, task_id=get_news_task, execution_date=20221212T180905, start_date=20221212T180906, end_date=20221212T180907
[2022-12-12 18:09:08,012] {local_task_job.py:156} INFO - Task exited with return code 0
[2022-12-12 18:09:08,043] {local_task_job.py:273} INFO - 1 downstream tasks scheduled from follow-on schedule check
