[2022-12-13 07:59:23,550] {taskinstance.py:1159} INFO - Dependencies all met for <TaskInstance: cereal_paper.get_news_task manual__2022-12-13T07:59:22.889269+00:00 [queued]>
[2022-12-13 07:59:23,572] {taskinstance.py:1159} INFO - Dependencies all met for <TaskInstance: cereal_paper.get_news_task manual__2022-12-13T07:59:22.889269+00:00 [queued]>
[2022-12-13 07:59:23,573] {taskinstance.py:1356} INFO - 
--------------------------------------------------------------------------------
[2022-12-13 07:59:23,576] {taskinstance.py:1357} INFO - Starting attempt 1 of 2
[2022-12-13 07:59:23,577] {taskinstance.py:1358} INFO - 
--------------------------------------------------------------------------------
[2022-12-13 07:59:23,604] {taskinstance.py:1377} INFO - Executing <Task(PythonOperator): get_news_task> on 2022-12-13 07:59:22.889269+00:00
[2022-12-13 07:59:23,609] {standard_task_runner.py:52} INFO - Started process 444 to run task
[2022-12-13 07:59:23,614] {standard_task_runner.py:79} INFO - Running: ['***', 'tasks', 'run', 'cereal_paper', 'get_news_task', 'manual__2022-12-13T07:59:22.889269+00:00', '--job-id', '58', '--raw', '--subdir', 'DAGS_FOLDER/cereal-paper.py', '--cfg-path', '/tmp/tmpxgcg7aw8', '--error-file', '/tmp/tmp9mszld_3']
[2022-12-13 07:59:23,618] {standard_task_runner.py:80} INFO - Job 58: Subtask get_news_task
[2022-12-13 07:59:23,767] {task_command.py:369} INFO - Running <TaskInstance: cereal_paper.get_news_task manual__2022-12-13T07:59:22.889269+00:00 [running]> on host 5029e27bd97f
[2022-12-13 07:59:23,952] {taskinstance.py:1571} INFO - Exporting the following env vars:
AIRFLOW_CTX_DAG_EMAIL=akash.khamkar40@gmail.com
AIRFLOW_CTX_DAG_OWNER=akashk
AIRFLOW_CTX_DAG_ID=cereal_paper
AIRFLOW_CTX_TASK_ID=get_news_task
AIRFLOW_CTX_EXECUTION_DATE=2022-12-13T07:59:22.889269+00:00
AIRFLOW_CTX_TRY_NUMBER=1
AIRFLOW_CTX_DAG_RUN_ID=manual__2022-12-13T07:59:22.889269+00:00
[2022-12-13 07:59:25,012] {python.py:173} INFO - Done. Returned value was: [{'title': 'Confident Sofia Frank knew gold would ‘probably’ come after ‘first jump’', 'published_date': '2022-12-13 07:40:20', 'summary': 'Photo from Sofia Frank’s Facebook MANILA, Philippines—Overcoming her initial doubts, Sofia Frank needed only one jump in the short program to know she’d likely finish on top. Frank’s thoughts came to fruition after she recently claimed the gold medal in the Asian Open Figure Skating Championship in Jakarta, Indonesia. “I didn’t think I was going […]'}, {'title': '5 places to see festive lights in Bangkok 2022', 'published_date': '2022-12-13 07:40:10', 'summary': 'The city of angels is once again fully lit up with festive lights. Major shopping malls are going all out with enchanting light displays and celebrations. It’d be a shame not to catch a glimpse while you’re in Bangkok. So, here are the five spots in Bangkok with stunning festive lights which will surely lift your holiday spirits.\xa0 ICONSIAM One location you should not miss is ICONSIAM, the luxury shopping mall by the bank of the Chao Phraya River. The vibrant light extravaganza with the backdrop of the river is truly a sight to behold. The massive golden-lit Christmas tree […] The story 5 places to see festive lights in Bangkok 2022 as seen on Thaiger News.'}]
[2022-12-13 07:59:25,053] {taskinstance.py:1400} INFO - Marking task as SUCCESS. dag_id=cereal_paper, task_id=get_news_task, execution_date=20221213T075922, start_date=20221213T075923, end_date=20221213T075925
[2022-12-13 07:59:25,103] {local_task_job.py:156} INFO - Task exited with return code 0
[2022-12-13 07:59:25,151] {local_task_job.py:273} INFO - 1 downstream tasks scheduled from follow-on schedule check
