[2022-12-12 16:31:30,349] {taskinstance.py:1159} INFO - Dependencies all met for <TaskInstance: daily_paper.get_meme_task manual__2022-12-12T16:31:29.012391+00:00 [queued]>
[2022-12-12 16:31:30,358] {taskinstance.py:1159} INFO - Dependencies all met for <TaskInstance: daily_paper.get_meme_task manual__2022-12-12T16:31:29.012391+00:00 [queued]>
[2022-12-12 16:31:30,358] {taskinstance.py:1356} INFO - 
--------------------------------------------------------------------------------
[2022-12-12 16:31:30,359] {taskinstance.py:1357} INFO - Starting attempt 1 of 2
[2022-12-12 16:31:30,359] {taskinstance.py:1358} INFO - 
--------------------------------------------------------------------------------
[2022-12-12 16:31:30,372] {taskinstance.py:1377} INFO - Executing <Task(PythonOperator): get_meme_task> on 2022-12-12 16:31:29.012391+00:00
[2022-12-12 16:31:30,379] {standard_task_runner.py:52} INFO - Started process 3004 to run task
[2022-12-12 16:31:30,400] {standard_task_runner.py:79} INFO - Running: ['***', 'tasks', 'run', 'daily_paper', 'get_meme_task', 'manual__2022-12-12T16:31:29.012391+00:00', '--job-id', '146', '--raw', '--subdir', 'DAGS_FOLDER/morning-paper.py', '--cfg-path', '/tmp/tmp2t2zd1i7', '--error-file', '/tmp/tmp36p_gvfx']
[2022-12-12 16:31:30,402] {standard_task_runner.py:80} INFO - Job 146: Subtask get_meme_task
[2022-12-12 16:31:30,496] {task_command.py:369} INFO - Running <TaskInstance: daily_paper.get_meme_task manual__2022-12-12T16:31:29.012391+00:00 [running]> on host cbcd6542cb8e
[2022-12-12 16:31:30,554] {taskinstance.py:1571} INFO - Exporting the following env vars:
AIRFLOW_CTX_DAG_EMAIL=akash.khamkar40@gmail.com
AIRFLOW_CTX_DAG_OWNER=akashk
AIRFLOW_CTX_DAG_ID=daily_paper
AIRFLOW_CTX_TASK_ID=get_meme_task
AIRFLOW_CTX_EXECUTION_DATE=2022-12-12T16:31:29.012391+00:00
AIRFLOW_CTX_TRY_NUMBER=1
AIRFLOW_CTX_DAG_RUN_ID=manual__2022-12-12T16:31:29.012391+00:00
[2022-12-12 16:31:31,559] {python.py:173} INFO - Done. Returned value was: https://redd.it/zk319n
[2022-12-12 16:31:31,581] {taskinstance.py:1400} INFO - Marking task as SUCCESS. dag_id=daily_paper, task_id=get_meme_task, execution_date=20221212T163129, start_date=20221212T163130, end_date=20221212T163131
[2022-12-12 16:31:31,602] {local_task_job.py:156} INFO - Task exited with return code 0
[2022-12-12 16:31:31,628] {local_task_job.py:273} INFO - 0 downstream tasks scheduled from follow-on schedule check
