[2022-12-12 16:57:22,370] {taskinstance.py:1159} INFO - Dependencies all met for <TaskInstance: daily_paper.get_meme_task manual__2022-12-12T16:57:21.867274+00:00 [queued]>
[2022-12-12 16:57:22,378] {taskinstance.py:1159} INFO - Dependencies all met for <TaskInstance: daily_paper.get_meme_task manual__2022-12-12T16:57:21.867274+00:00 [queued]>
[2022-12-12 16:57:22,379] {taskinstance.py:1356} INFO - 
--------------------------------------------------------------------------------
[2022-12-12 16:57:22,380] {taskinstance.py:1357} INFO - Starting attempt 1 of 2
[2022-12-12 16:57:22,381] {taskinstance.py:1358} INFO - 
--------------------------------------------------------------------------------
[2022-12-12 16:57:22,393] {taskinstance.py:1377} INFO - Executing <Task(PythonOperator): get_meme_task> on 2022-12-12 16:57:21.867274+00:00
[2022-12-12 16:57:22,397] {standard_task_runner.py:52} INFO - Started process 454 to run task
[2022-12-12 16:57:22,402] {standard_task_runner.py:79} INFO - Running: ['***', 'tasks', 'run', 'daily_paper', 'get_meme_task', 'manual__2022-12-12T16:57:21.867274+00:00', '--job-id', '195', '--raw', '--subdir', 'DAGS_FOLDER/morning-paper.py', '--cfg-path', '/tmp/tmppz5p5bzk', '--error-file', '/tmp/tmpw_xa8v9q']
[2022-12-12 16:57:22,404] {standard_task_runner.py:80} INFO - Job 195: Subtask get_meme_task
[2022-12-12 16:57:22,477] {task_command.py:369} INFO - Running <TaskInstance: daily_paper.get_meme_task manual__2022-12-12T16:57:21.867274+00:00 [running]> on host 6bb81baa0a52
[2022-12-12 16:57:22,553] {taskinstance.py:1571} INFO - Exporting the following env vars:
AIRFLOW_CTX_DAG_EMAIL=akash.khamkar40@gmail.com
AIRFLOW_CTX_DAG_OWNER=akashk
AIRFLOW_CTX_DAG_ID=daily_paper
AIRFLOW_CTX_TASK_ID=get_meme_task
AIRFLOW_CTX_EXECUTION_DATE=2022-12-12T16:57:21.867274+00:00
AIRFLOW_CTX_TRY_NUMBER=1
AIRFLOW_CTX_DAG_RUN_ID=manual__2022-12-12T16:57:21.867274+00:00
[2022-12-12 16:57:23,565] {python.py:173} INFO - Done. Returned value was: https://redd.it/zifpgn
[2022-12-12 16:57:23,584] {taskinstance.py:1400} INFO - Marking task as SUCCESS. dag_id=daily_paper, task_id=get_meme_task, execution_date=20221212T165721, start_date=20221212T165722, end_date=20221212T165723
[2022-12-12 16:57:23,616] {local_task_job.py:156} INFO - Task exited with return code 0
[2022-12-12 16:57:23,642] {local_task_job.py:273} INFO - 0 downstream tasks scheduled from follow-on schedule check
