[2022-12-12 12:11:12,836] {taskinstance.py:1159} INFO - Dependencies all met for <TaskInstance: daily_Paper.get_quote_task manual__2022-12-12T12:11:12.227226+00:00 [queued]>
[2022-12-12 12:11:12,841] {taskinstance.py:1159} INFO - Dependencies all met for <TaskInstance: daily_Paper.get_quote_task manual__2022-12-12T12:11:12.227226+00:00 [queued]>
[2022-12-12 12:11:12,842] {taskinstance.py:1356} INFO - 
--------------------------------------------------------------------------------
[2022-12-12 12:11:12,842] {taskinstance.py:1357} INFO - Starting attempt 1 of 2
[2022-12-12 12:11:12,842] {taskinstance.py:1358} INFO - 
--------------------------------------------------------------------------------
[2022-12-12 12:11:12,850] {taskinstance.py:1377} INFO - Executing <Task(PythonOperator): get_quote_task> on 2022-12-12 12:11:12.227226+00:00
[2022-12-12 12:11:12,854] {standard_task_runner.py:52} INFO - Started process 262 to run task
[2022-12-12 12:11:12,857] {standard_task_runner.py:79} INFO - Running: ['***', 'tasks', 'run', 'daily_Paper', 'get_quote_task', 'manual__2022-12-12T12:11:12.227226+00:00', '--job-id', '9', '--raw', '--subdir', 'DAGS_FOLDER/morning-paper.py', '--cfg-path', '/tmp/tmp9c4g8qxz', '--error-file', '/tmp/tmpmom9znh5']
[2022-12-12 12:11:12,858] {standard_task_runner.py:80} INFO - Job 9: Subtask get_quote_task
[2022-12-12 12:11:12,909] {task_command.py:369} INFO - Running <TaskInstance: daily_Paper.get_quote_task manual__2022-12-12T12:11:12.227226+00:00 [running]> on host cbcd6542cb8e
[2022-12-12 12:11:12,975] {taskinstance.py:1571} INFO - Exporting the following env vars:
AIRFLOW_CTX_DAG_EMAIL=akash.khamkar40@gmail.com
AIRFLOW_CTX_DAG_OWNER=akashk
AIRFLOW_CTX_DAG_ID=daily_Paper
AIRFLOW_CTX_TASK_ID=get_quote_task
AIRFLOW_CTX_EXECUTION_DATE=2022-12-12T12:11:12.227226+00:00
AIRFLOW_CTX_TRY_NUMBER=1
AIRFLOW_CTX_DAG_RUN_ID=manual__2022-12-12T12:11:12.227226+00:00
[2022-12-12 12:11:14,334] {logging_mixin.py:115} INFO - [{'q': 'Most people achieved their greatest success one step beyond what looked like their greatest failure.', 'a': 'Brian Tracy', 'h': '<blockquote>&ldquo;Most people achieved their greatest success one step beyond what looked like their greatest failure.&rdquo; &mdash; <footer>Brian Tracy</footer></blockquote>'}]
[2022-12-12 12:11:14,338] {python.py:173} INFO - Done. Returned value was: Most people achieved their greatest success one step beyond what looked like their greatest failure.
[2022-12-12 12:11:14,389] {taskinstance.py:1400} INFO - Marking task as SUCCESS. dag_id=daily_Paper, task_id=get_quote_task, execution_date=20221212T121112, start_date=20221212T121112, end_date=20221212T121114
[2022-12-12 12:11:14,435] {local_task_job.py:156} INFO - Task exited with return code 0
[2022-12-12 12:11:14,466] {local_task_job.py:273} INFO - 0 downstream tasks scheduled from follow-on schedule check
