[2022-12-12 18:31:46,115] {taskinstance.py:1159} INFO - Dependencies all met for <TaskInstance: daily_paper.get_news_task manual__2022-12-12T18:31:44.875017+00:00 [queued]>
[2022-12-12 18:31:46,120] {taskinstance.py:1159} INFO - Dependencies all met for <TaskInstance: daily_paper.get_news_task manual__2022-12-12T18:31:44.875017+00:00 [queued]>
[2022-12-12 18:31:46,121] {taskinstance.py:1356} INFO - 
--------------------------------------------------------------------------------
[2022-12-12 18:31:46,122] {taskinstance.py:1357} INFO - Starting attempt 1 of 2
[2022-12-12 18:31:46,122] {taskinstance.py:1358} INFO - 
--------------------------------------------------------------------------------
[2022-12-12 18:31:46,132] {taskinstance.py:1377} INFO - Executing <Task(PythonOperator): get_news_task> on 2022-12-12 18:31:44.875017+00:00
[2022-12-12 18:31:46,136] {standard_task_runner.py:52} INFO - Started process 2517 to run task
[2022-12-12 18:31:46,140] {standard_task_runner.py:79} INFO - Running: ['***', 'tasks', 'run', 'daily_paper', 'get_news_task', 'manual__2022-12-12T18:31:44.875017+00:00', '--job-id', '384', '--raw', '--subdir', 'DAGS_FOLDER/morning-paper.py', '--cfg-path', '/tmp/tmp5eqk1jgu', '--error-file', '/tmp/tmp8iwwoj7c']
[2022-12-12 18:31:46,142] {standard_task_runner.py:80} INFO - Job 384: Subtask get_news_task
[2022-12-12 18:31:46,230] {task_command.py:369} INFO - Running <TaskInstance: daily_paper.get_news_task manual__2022-12-12T18:31:44.875017+00:00 [running]> on host 6bb81baa0a52
[2022-12-12 18:31:46,323] {taskinstance.py:1571} INFO - Exporting the following env vars:
AIRFLOW_CTX_DAG_EMAIL=akash.khamkar40@gmail.com
AIRFLOW_CTX_DAG_OWNER=akashk
AIRFLOW_CTX_DAG_ID=daily_paper
AIRFLOW_CTX_TASK_ID=get_news_task
AIRFLOW_CTX_EXECUTION_DATE=2022-12-12T18:31:44.875017+00:00
AIRFLOW_CTX_TRY_NUMBER=1
AIRFLOW_CTX_DAG_RUN_ID=manual__2022-12-12T18:31:44.875017+00:00
[2022-12-12 18:31:47,889] {python.py:173} INFO - Done. Returned value was: [{'title': 'Mamata Banerjee kicks off poll campaign in Meghalaya', 'published_date': '2022-12-12 18:03:32', 'summary': 'Banerjee was accompanied by AITC National General Secretary Abhishek Banerjee, who is visiting the state for the third time. During her two-day visit, she will be attending a series of events accompanied by Meghalaya Trinamool Congress leaders.'}, {'title': 'GOVERNMENT NEW LAW COLLEGE CASE: ABVP demands judicial inquiry', 'published_date': '2022-12-12 18:03:28', 'summary': 'None'}, {'title': 'Lionel Messi, Luka Modric carry Argentina, Croatia into World Cup semis', 'published_date': '2022-12-12 18:03:10', 'summary': "Momentum is building behind Messi's push to cap his career with the biggest prize in the game. The 35-year-old Argentina playmaker has carried his team to the semifinals, almost in the same way Diego Maradona — the man with whom Messi is so often compared — led the South American nation to its second and most recent World Cup title in 1986."}]
[2022-12-12 18:31:47,924] {taskinstance.py:1400} INFO - Marking task as SUCCESS. dag_id=daily_paper, task_id=get_news_task, execution_date=20221212T183144, start_date=20221212T183146, end_date=20221212T183147
[2022-12-12 18:31:47,977] {local_task_job.py:156} INFO - Task exited with return code 0
[2022-12-12 18:31:48,007] {local_task_job.py:273} INFO - 1 downstream tasks scheduled from follow-on schedule check
