[2022-12-12 17:13:12,700] {taskinstance.py:1159} INFO - Dependencies all met for <TaskInstance: daily_paper.get_joke_task manual__2022-12-12T17:13:11.997135+00:00 [queued]>
[2022-12-12 17:13:12,713] {taskinstance.py:1159} INFO - Dependencies all met for <TaskInstance: daily_paper.get_joke_task manual__2022-12-12T17:13:11.997135+00:00 [queued]>
[2022-12-12 17:13:12,714] {taskinstance.py:1356} INFO - 
--------------------------------------------------------------------------------
[2022-12-12 17:13:12,715] {taskinstance.py:1357} INFO - Starting attempt 1 of 2
[2022-12-12 17:13:12,716] {taskinstance.py:1358} INFO - 
--------------------------------------------------------------------------------
[2022-12-12 17:13:12,730] {taskinstance.py:1377} INFO - Executing <Task(PythonOperator): get_joke_task> on 2022-12-12 17:13:11.997135+00:00
[2022-12-12 17:13:12,739] {standard_task_runner.py:52} INFO - Started process 643 to run task
[2022-12-12 17:13:12,745] {standard_task_runner.py:79} INFO - Running: ['***', 'tasks', 'run', 'daily_paper', 'get_joke_task', 'manual__2022-12-12T17:13:11.997135+00:00', '--job-id', '208', '--raw', '--subdir', 'DAGS_FOLDER/morning-paper.py', '--cfg-path', '/tmp/tmp53cot2v_', '--error-file', '/tmp/tmp_wxwgh00']
[2022-12-12 17:13:12,748] {standard_task_runner.py:80} INFO - Job 208: Subtask get_joke_task
[2022-12-12 17:13:12,855] {task_command.py:369} INFO - Running <TaskInstance: daily_paper.get_joke_task manual__2022-12-12T17:13:11.997135+00:00 [running]> on host 6bb81baa0a52
[2022-12-12 17:13:12,946] {taskinstance.py:1571} INFO - Exporting the following env vars:
AIRFLOW_CTX_DAG_EMAIL=akash.khamkar40@gmail.com
AIRFLOW_CTX_DAG_OWNER=akashk
AIRFLOW_CTX_DAG_ID=daily_paper
AIRFLOW_CTX_TASK_ID=get_joke_task
AIRFLOW_CTX_EXECUTION_DATE=2022-12-12T17:13:11.997135+00:00
AIRFLOW_CTX_TRY_NUMBER=1
AIRFLOW_CTX_DAG_RUN_ID=manual__2022-12-12T17:13:11.997135+00:00
[2022-12-12 17:13:13,774] {logging_mixin.py:115} INFO - {'error': False, 'category': 'Pun', 'type': 'single', 'joke': "I bought some shoes from a drug dealer. I don't know what he laced them with, but I was tripping all day!", 'flags': {'nsfw': False, 'religious': False, 'political': False, 'racist': False, 'sexist': False, 'explicit': False}, 'id': 204, 'safe': False, 'lang': 'en'}
[2022-12-12 17:13:13,775] {python.py:173} INFO - Done. Returned value was: I bought some shoes from a drug dealer. I don't know what he laced them with, but I was tripping all day!
[2022-12-12 17:13:13,796] {taskinstance.py:1400} INFO - Marking task as SUCCESS. dag_id=daily_paper, task_id=get_joke_task, execution_date=20221212T171311, start_date=20221212T171312, end_date=20221212T171313
[2022-12-12 17:13:13,818] {local_task_job.py:156} INFO - Task exited with return code 0
[2022-12-12 17:13:13,850] {local_task_job.py:273} INFO - 0 downstream tasks scheduled from follow-on schedule check
