[2022-12-12 13:23:55,817] {taskinstance.py:1159} INFO - Dependencies all met for <TaskInstance: daily_Paper.get_song_task manual__2022-12-12T13:22:52.945532+00:00 [queued]>
[2022-12-12 13:23:55,822] {taskinstance.py:1159} INFO - Dependencies all met for <TaskInstance: daily_Paper.get_song_task manual__2022-12-12T13:22:52.945532+00:00 [queued]>
[2022-12-12 13:23:55,823] {taskinstance.py:1356} INFO - 
--------------------------------------------------------------------------------
[2022-12-12 13:23:55,823] {taskinstance.py:1357} INFO - Starting attempt 2 of 2
[2022-12-12 13:23:55,824] {taskinstance.py:1358} INFO - 
--------------------------------------------------------------------------------
[2022-12-12 13:23:55,832] {taskinstance.py:1377} INFO - Executing <Task(PythonOperator): get_song_task> on 2022-12-12 13:22:52.945532+00:00
[2022-12-12 13:23:55,835] {standard_task_runner.py:52} INFO - Started process 1269 to run task
[2022-12-12 13:23:55,839] {standard_task_runner.py:79} INFO - Running: ['***', 'tasks', 'run', 'daily_Paper', 'get_song_task', 'manual__2022-12-12T13:22:52.945532+00:00', '--job-id', '77', '--raw', '--subdir', 'DAGS_FOLDER/morning-paper.py', '--cfg-path', '/tmp/tmp1j4sbt1i', '--error-file', '/tmp/tmpx94r3ul1']
[2022-12-12 13:23:55,842] {standard_task_runner.py:80} INFO - Job 77: Subtask get_song_task
[2022-12-12 13:23:55,895] {task_command.py:369} INFO - Running <TaskInstance: daily_Paper.get_song_task manual__2022-12-12T13:22:52.945532+00:00 [running]> on host cbcd6542cb8e
[2022-12-12 13:23:55,946] {taskinstance.py:1571} INFO - Exporting the following env vars:
AIRFLOW_CTX_DAG_EMAIL=akash.khamkar40@gmail.com
AIRFLOW_CTX_DAG_OWNER=akashk
AIRFLOW_CTX_DAG_ID=daily_Paper
AIRFLOW_CTX_TASK_ID=get_song_task
AIRFLOW_CTX_EXECUTION_DATE=2022-12-12T13:22:52.945532+00:00
AIRFLOW_CTX_TRY_NUMBER=2
AIRFLOW_CTX_DAG_RUN_ID=manual__2022-12-12T13:22:52.945532+00:00
[2022-12-12 13:23:55,948] {logging_mixin.py:115} INFO - https://api.genius.com/songs/1868634?access_token=aKtb2wbRd1TFLuMoxaekQ1x6yPCu8B9971-rSOvLlnI79U_Ie-RbLsHkLIlphNyu
[2022-12-12 13:23:56,295] {taskinstance.py:1889} ERROR - Task failed with exception
Traceback (most recent call last):
  File "/home/airflow/.local/lib/python3.7/site-packages/airflow/operators/python.py", line 171, in execute
    return_value = self.execute_callable()
  File "/home/airflow/.local/lib/python3.7/site-packages/airflow/operators/python.py", line 189, in execute_callable
    return self.python_callable(*self.op_args, **self.op_kwargs)
  File "/opt/airflow/dags/morning_paper_src/song.py", line 15, in get_song
    print(json.loads(res.text))
  File "/usr/local/lib/python3.7/json/__init__.py", line 348, in loads
    return _default_decoder.decode(s)
  File "/usr/local/lib/python3.7/json/decoder.py", line 337, in decode
    obj, end = self.raw_decode(s, idx=_w(s, 0).end())
  File "/usr/local/lib/python3.7/json/decoder.py", line 355, in raw_decode
    raise JSONDecodeError("Expecting value", s, err.value) from None
json.decoder.JSONDecodeError: Expecting value: line 1 column 1 (char 0)
[2022-12-12 13:23:56,329] {taskinstance.py:1400} INFO - Marking task as FAILED. dag_id=daily_Paper, task_id=get_song_task, execution_date=20221212T132252, start_date=20221212T132355, end_date=20221212T132356
[2022-12-12 13:23:56,342] {standard_task_runner.py:97} ERROR - Failed to execute job 77 for task get_song_task (Expecting value: line 1 column 1 (char 0); 1269)
[2022-12-12 13:23:56,385] {local_task_job.py:156} INFO - Task exited with return code 1
[2022-12-12 13:23:56,425] {local_task_job.py:273} INFO - 0 downstream tasks scheduled from follow-on schedule check
