[2022-12-12 13:19:17,604] {taskinstance.py:1159} INFO - Dependencies all met for <TaskInstance: daily_Paper.combine_articles_task manual__2022-12-12T13:19:06.493404+00:00 [queued]>
[2022-12-12 13:19:17,609] {taskinstance.py:1159} INFO - Dependencies all met for <TaskInstance: daily_Paper.combine_articles_task manual__2022-12-12T13:19:06.493404+00:00 [queued]>
[2022-12-12 13:19:17,610] {taskinstance.py:1356} INFO - 
--------------------------------------------------------------------------------
[2022-12-12 13:19:17,610] {taskinstance.py:1357} INFO - Starting attempt 1 of 2
[2022-12-12 13:19:17,610] {taskinstance.py:1358} INFO - 
--------------------------------------------------------------------------------
[2022-12-12 13:19:17,618] {taskinstance.py:1377} INFO - Executing <Task(PythonOperator): combine_articles_task> on 2022-12-12 13:19:06.493404+00:00
[2022-12-12 13:19:17,620] {standard_task_runner.py:52} INFO - Started process 1214 to run task
[2022-12-12 13:19:17,623] {standard_task_runner.py:79} INFO - Running: ['***', 'tasks', 'run', 'daily_Paper', 'combine_articles_task', 'manual__2022-12-12T13:19:06.493404+00:00', '--job-id', '72', '--raw', '--subdir', 'DAGS_FOLDER/morning-paper.py', '--cfg-path', '/tmp/tmpsj6mur_8', '--error-file', '/tmp/tmph1thvsd2']
[2022-12-12 13:19:17,625] {standard_task_runner.py:80} INFO - Job 72: Subtask combine_articles_task
[2022-12-12 13:19:17,663] {task_command.py:369} INFO - Running <TaskInstance: daily_Paper.combine_articles_task manual__2022-12-12T13:19:06.493404+00:00 [running]> on host cbcd6542cb8e
[2022-12-12 13:19:17,710] {taskinstance.py:1571} INFO - Exporting the following env vars:
AIRFLOW_CTX_DAG_EMAIL=akash.khamkar40@gmail.com
AIRFLOW_CTX_DAG_OWNER=akashk
AIRFLOW_CTX_DAG_ID=daily_Paper
AIRFLOW_CTX_TASK_ID=combine_articles_task
AIRFLOW_CTX_EXECUTION_DATE=2022-12-12T13:19:06.493404+00:00
AIRFLOW_CTX_TRY_NUMBER=1
AIRFLOW_CTX_DAG_RUN_ID=manual__2022-12-12T13:19:06.493404+00:00
[2022-12-12 13:19:17,737] {logging_mixin.py:115} INFO - I have these weird muscle spasms in my gluteus maximus.
I figured out from my doctor that everything was alright:
He said "Weird flex, butt okay." Most people achieved their greatest success one step beyond what looked like their greatest failure. [{'title': 'Annual Income, Budget and Competitor analysis of Teleconsultation Carts Market', 'author': 'Stratagem Market Insights', 'published_date': '2022-12-12 13:18:42', 'published_date_precision': 'timezone unknown', 'link': 'https://www.openpr.com/news/2844690/annual-income-budget-and-competitor-analysis', 'clean_url': 'openpr.com', 'excerpt': 'The Teleconsultation Carts Market research study is a professional report with premium insights into the size of the business current patterns drivers risks potential outcomes and major segments The…', 'summary': "Press release Teleconsultation Carts MarketThe Teleconsultation Carts Market research study is a professional report with premium insights into the size of the business, current patterns, drivers, risks, potential outcomes, and major segments. The Industry Report forecasts the future growth of the market based on precise assumptions. Furthermore, based on input from industry experts, the report provides actionable insights into the Teleconsultation Carts market's future growth to assist readers in developing effective strategies.", 'rights': 'openpr.com', 'rank': 9387, 'topic': 'business', 'country': 'DE', 'language': 'en', 'authors': 'Stratagem Market Insights', 'media': 'https://cdn.openpr.com/V/c/Vc12665055_g.jpg', 'is_opinion': False, 'twitter_account': None, '_score': None, '_id': 'd2d52ee01dbdfc28a1c903ba9832a879'}, {'title': 'Global Prefabricated Building Systems Market 2022 Competitive and Regional Analysis by 2030', 'author': 'The Brainy Insights', 'published_date': '2022-12-12 13:18:37', 'published_date_precision': 'timezone unknown', 'link': 'https://www.openpr.com/news/2844689/global-prefabricated-building-systems-market-2022-competitive', 'clean_url': 'openpr.com', 'excerpt': 'The study on Prefabricated Building Systems Market industry has been declared by The Brainy Insights for a prediction period of 2022 2030 The prime objective of this file is to provide insights into…', 'summary': 'Press release The study on Prefabricated Building Systems Market industry has been declared by The Brainy Insights for a prediction period of 2022-2030. The prime objective of this file is to provide insights into the post-COVID-19 effect, which will assist market participants in this field in evaluating their business strategies. The analytical data and brief points about the global Prefabricated Building Systems market are presented statistically using bar graphs, pie charts, tables, industry attractiveness graphs, and product figures.', 'rights': 'openpr.com', 'rank': 9387, 'topic': 'business', 'country': 'DE', 'language': 'en', 'authors': 'The Brainy Insights', 'media': 'https://cdn.openpr.com/V/c/Vc12958895_g.jpg', 'is_opinion': False, 'twitter_account': None, '_score': None, '_id': '4c0139b59762619d6eca523f50fab8bf'}, {'title': 'Bluegreen Raises Tender Offer Price To $25/shr; Stock Up In Pre-market', 'author': '', 'published_date': '2022-12-12 13:18:33', 'published_date_precision': 'timezone unknown', 'link': 'https://markets.businessinsider.com/news/stocks/bluegreen-raises-tender-offer-price-to-25-shr-stock-up-in-pre-market-1031965084', 'clean_url': 'businessinsider.com', 'excerpt': '(RTTNews) - Bluegreen Vacations Holding Corp. (BVH), a vacation ownership firm, said on Monday that it has raised its previously announced tender ...', 'summary': '(RTTNews) - Bluegreen Vacations Holding Corp. (BVH), a vacation ownership firm, said on Monday that it has raised its previously announced tender offer price to $25 per share, from $22.17 per share in cash to purchase up to 4.5 million Class A shares. The new price is 46.6 percent premium over the closing share price of its Class A common stock of $17.05 on November 2. In connection with the modification, Bluegreen has also extended the expiration time of the tender offer to December 23, from December 9.', 'rights': 'businessinsider.com', 'rank': 106, 'topic': 'finance', 'country': 'US', 'language': 'en', 'authors': '', 'media': 'https://markets.businessinsider.com/apple-touch-icon.png', 'is_opinion': False, 'twitter_account': None, '_score': None, '_id': 'a27330c17baaf92ae2535cf560e3f8e2'}] None
[2022-12-12 13:19:17,738] {python.py:173} INFO - Done. Returned value was: None
[2022-12-12 13:19:17,748] {taskinstance.py:1400} INFO - Marking task as SUCCESS. dag_id=daily_Paper, task_id=combine_articles_task, execution_date=20221212T131906, start_date=20221212T131917, end_date=20221212T131917
[2022-12-12 13:19:17,796] {local_task_job.py:156} INFO - Task exited with return code 0
[2022-12-12 13:19:17,818] {local_task_job.py:273} INFO - 0 downstream tasks scheduled from follow-on schedule check
