[2022-12-13 10:50:56,513] {taskinstance.py:1159} INFO - Dependencies all met for <TaskInstance: cereal_paper.combine_articles_task manual__2022-12-13T10:50:51.721654+00:00 [queued]>
[2022-12-13 10:50:56,520] {taskinstance.py:1159} INFO - Dependencies all met for <TaskInstance: cereal_paper.combine_articles_task manual__2022-12-13T10:50:51.721654+00:00 [queued]>
[2022-12-13 10:50:56,520] {taskinstance.py:1356} INFO - 
--------------------------------------------------------------------------------
[2022-12-13 10:50:56,520] {taskinstance.py:1357} INFO - Starting attempt 1 of 2
[2022-12-13 10:50:56,521] {taskinstance.py:1358} INFO - 
--------------------------------------------------------------------------------
[2022-12-13 10:50:56,529] {taskinstance.py:1377} INFO - Executing <Task(PythonOperator): combine_articles_task> on 2022-12-13 10:50:51.721654+00:00
[2022-12-13 10:50:56,533] {standard_task_runner.py:52} INFO - Started process 316 to run task
[2022-12-13 10:50:56,538] {standard_task_runner.py:79} INFO - Running: ['***', 'tasks', 'run', 'cereal_paper', 'combine_articles_task', 'manual__2022-12-13T10:50:51.721654+00:00', '--job-id', '119', '--raw', '--subdir', 'DAGS_FOLDER/cereal-paper.py', '--cfg-path', '/tmp/tmpzluhh5i_', '--error-file', '/tmp/tmp7xz7zlmw']
[2022-12-13 10:50:56,539] {standard_task_runner.py:80} INFO - Job 119: Subtask combine_articles_task
[2022-12-13 10:50:56,599] {task_command.py:369} INFO - Running <TaskInstance: cereal_paper.combine_articles_task manual__2022-12-13T10:50:51.721654+00:00 [running]> on host 43dbd6b00d73
[2022-12-13 10:50:56,668] {taskinstance.py:1571} INFO - Exporting the following env vars:
AIRFLOW_CTX_DAG_EMAIL=cerealman@akashkhamkar.in
AIRFLOW_CTX_DAG_OWNER=akashk
AIRFLOW_CTX_DAG_ID=cereal_paper
AIRFLOW_CTX_TASK_ID=combine_articles_task
AIRFLOW_CTX_EXECUTION_DATE=2022-12-13T10:50:51.721654+00:00
AIRFLOW_CTX_TRY_NUMBER=1
AIRFLOW_CTX_DAG_RUN_ID=manual__2022-12-13T10:50:51.721654+00:00
[2022-12-13 10:50:56,743] {logging_mixin.py:115} INFO - {'joke': 'To whoever stole my copy of Microsoft Office, I will find you. You have my Word!', 'quote': 'Curiosity is the most powerful thing you own. Imagination is a force that can actually manifest a reality.', 'news': [{'title': 'Harrier CBD Gummies: Is It Safe Or Not? Dolly Parton CBD Gummies Work Exposed, Tyler Perry CBD Gummies Price', 'published_date': '2022-12-13 10:42:42', 'summary': 'Harrier CBD Gummies are very effective gummies which never gives you any side effects and Dolly Parton CBD Gummies is helpful in reducing all the different health issues.'}, {'title': 'WA mum could lose thumb after manicure went wrong', 'published_date': '2022-12-13 10:42:25', 'summary': 'A Western Australian mother could lose her thumb after a simple manicure went horribly wrong.'}, {'title': 'Re-Live The Most Iconic Wedding Moments From These Evergreen Titles On Disney+ Hotstar', 'published_date': '2022-12-13 10:42:17', 'summary': 'From the red wedding in the ‘House Of The Dragon’ to the iconic bridal themes in ‘27 Dresses’, relive these memorable scenes from the best of the titles on Disney+ Hotstar.'}], 'meme': 'https://redd.it/zki98r', 'songs': [['Romeo And Juliet', 'Making Movies', 'Dire Straits'], ['Mellowship Slinky in B Major', 'Blood Sugar Sex Magik (Deluxe Edition)', 'Red Hot Chili Peppers'], ['Just What I Needed', 'The Cars', 'The Cars']]}
[2022-12-13 10:50:56,743] {python.py:173} INFO - Done. Returned value was: {'joke': 'To whoever stole my copy of Microsoft Office, I will find you. You have my Word!', 'quote': 'Curiosity is the most powerful thing you own. Imagination is a force that can actually manifest a reality.', 'news': [{'title': 'Harrier CBD Gummies: Is It Safe Or Not? Dolly Parton CBD Gummies Work Exposed, Tyler Perry CBD Gummies Price', 'published_date': '2022-12-13 10:42:42', 'summary': 'Harrier CBD Gummies are very effective gummies which never gives you any side effects and Dolly Parton CBD Gummies is helpful in reducing all the different health issues.'}, {'title': 'WA mum could lose thumb after manicure went wrong', 'published_date': '2022-12-13 10:42:25', 'summary': 'A Western Australian mother could lose her thumb after a simple manicure went horribly wrong.'}, {'title': 'Re-Live The Most Iconic Wedding Moments From These Evergreen Titles On Disney+ Hotstar', 'published_date': '2022-12-13 10:42:17', 'summary': 'From the red wedding in the ‘House Of The Dragon’ to the iconic bridal themes in ‘27 Dresses’, relive these memorable scenes from the best of the titles on Disney+ Hotstar.'}], 'meme': 'https://redd.it/zki98r', 'songs': [['Romeo And Juliet', 'Making Movies', 'Dire Straits'], ['Mellowship Slinky in B Major', 'Blood Sugar Sex Magik (Deluxe Edition)', 'Red Hot Chili Peppers'], ['Just What I Needed', 'The Cars', 'The Cars']]}
[2022-12-13 10:50:56,851] {taskinstance.py:1400} INFO - Marking task as SUCCESS. dag_id=cereal_paper, task_id=combine_articles_task, execution_date=20221213T105051, start_date=20221213T105056, end_date=20221213T105056
[2022-12-13 10:50:56,914] {local_task_job.py:156} INFO - Task exited with return code 0
[2022-12-13 10:50:56,962] {local_task_job.py:273} INFO - 2 downstream tasks scheduled from follow-on schedule check
