[2022-12-13 11:10:09,574] {taskinstance.py:1159} INFO - Dependencies all met for <TaskInstance: cereal_paper.send_email manual__2022-12-13T11:10:03.509383+00:00 [queued]>
[2022-12-13 11:10:09,581] {taskinstance.py:1159} INFO - Dependencies all met for <TaskInstance: cereal_paper.send_email manual__2022-12-13T11:10:03.509383+00:00 [queued]>
[2022-12-13 11:10:09,582] {taskinstance.py:1356} INFO - 
--------------------------------------------------------------------------------
[2022-12-13 11:10:09,582] {taskinstance.py:1357} INFO - Starting attempt 1 of 2
[2022-12-13 11:10:09,582] {taskinstance.py:1358} INFO - 
--------------------------------------------------------------------------------
[2022-12-13 11:10:09,591] {taskinstance.py:1377} INFO - Executing <Task(EmailOperator): send_email> on 2022-12-13 11:10:03.509383+00:00
[2022-12-13 11:10:09,594] {standard_task_runner.py:52} INFO - Started process 209 to run task
[2022-12-13 11:10:09,597] {standard_task_runner.py:79} INFO - Running: ['***', 'tasks', 'run', 'cereal_paper', 'send_email', 'manual__2022-12-13T11:10:03.509383+00:00', '--job-id', '163', '--raw', '--subdir', 'DAGS_FOLDER/cereal-paper.py', '--cfg-path', '/tmp/tmpic4xmgmv', '--error-file', '/tmp/tmp28v0xoc9']
[2022-12-13 11:10:09,598] {standard_task_runner.py:80} INFO - Job 163: Subtask send_email
[2022-12-13 11:10:09,668] {task_command.py:369} INFO - Running <TaskInstance: cereal_paper.send_email manual__2022-12-13T11:10:03.509383+00:00 [running]> on host 44822d5113ae
[2022-12-13 11:10:09,757] {taskinstance.py:1571} INFO - Exporting the following env vars:
AIRFLOW_CTX_DAG_EMAIL=cerealman@akashkhamkar.in
AIRFLOW_CTX_DAG_OWNER=akashk
AIRFLOW_CTX_DAG_ID=cereal_paper
AIRFLOW_CTX_TASK_ID=send_email
AIRFLOW_CTX_EXECUTION_DATE=2022-12-13T11:10:03.509383+00:00
AIRFLOW_CTX_TRY_NUMBER=1
AIRFLOW_CTX_DAG_RUN_ID=manual__2022-12-13T11:10:03.509383+00:00
[2022-12-13 11:10:09,773] {logging_mixin.py:115} WARNING - /home/***/.local/lib/python3.7/site-packages/***/utils/email.py:115 PendingDeprecationWarning: Fetching SMTP credentials from configuration variables will be deprecated in a future release. Please set credentials using a connection instead.
[2022-12-13 11:10:09,774] {email.py:224} INFO - Email alerting: attempt 1
[2022-12-13 11:10:11,232] {email.py:236} INFO - Sent an alert email to ['akash.khamkar40@gmail.com']
[2022-12-13 11:10:12,520] {taskinstance.py:1400} INFO - Marking task as SUCCESS. dag_id=cereal_paper, task_id=send_email, execution_date=20221213T111003, start_date=20221213T111009, end_date=20221213T111012
[2022-12-13 11:10:12,567] {local_task_job.py:156} INFO - Task exited with return code 0
[2022-12-13 11:10:12,610] {local_task_job.py:273} INFO - 0 downstream tasks scheduled from follow-on schedule check
