[2022-12-12 16:24:18,792] {taskinstance.py:1159} INFO - Dependencies all met for <TaskInstance: daily_paper.get_joke_task manual__2022-12-12T16:24:17.444233+00:00 [queued]>
[2022-12-12 16:24:18,802] {taskinstance.py:1159} INFO - Dependencies all met for <TaskInstance: daily_paper.get_joke_task manual__2022-12-12T16:24:17.444233+00:00 [queued]>
[2022-12-12 16:24:18,803] {taskinstance.py:1356} INFO - 
--------------------------------------------------------------------------------
[2022-12-12 16:24:18,804] {taskinstance.py:1357} INFO - Starting attempt 1 of 2
[2022-12-12 16:24:18,805] {taskinstance.py:1358} INFO - 
--------------------------------------------------------------------------------
[2022-12-12 16:24:18,817] {taskinstance.py:1377} INFO - Executing <Task(PythonOperator): get_joke_task> on 2022-12-12 16:24:17.444233+00:00
[2022-12-12 16:24:18,825] {standard_task_runner.py:52} INFO - Started process 2887 to run task
[2022-12-12 16:24:18,832] {standard_task_runner.py:79} INFO - Running: ['***', 'tasks', 'run', 'daily_paper', 'get_joke_task', 'manual__2022-12-12T16:24:17.444233+00:00', '--job-id', '125', '--raw', '--subdir', 'DAGS_FOLDER/morning-paper.py', '--cfg-path', '/tmp/tmpqr3c0xia', '--error-file', '/tmp/tmppn5yefp4']
[2022-12-12 16:24:18,835] {standard_task_runner.py:80} INFO - Job 125: Subtask get_joke_task
[2022-12-12 16:24:18,930] {task_command.py:369} INFO - Running <TaskInstance: daily_paper.get_joke_task manual__2022-12-12T16:24:17.444233+00:00 [running]> on host cbcd6542cb8e
[2022-12-12 16:24:18,988] {taskinstance.py:1571} INFO - Exporting the following env vars:
AIRFLOW_CTX_DAG_EMAIL=akash.khamkar40@gmail.com
AIRFLOW_CTX_DAG_OWNER=akashk
AIRFLOW_CTX_DAG_ID=daily_paper
AIRFLOW_CTX_TASK_ID=get_joke_task
AIRFLOW_CTX_EXECUTION_DATE=2022-12-12T16:24:17.444233+00:00
AIRFLOW_CTX_TRY_NUMBER=1
AIRFLOW_CTX_DAG_RUN_ID=manual__2022-12-12T16:24:17.444233+00:00
[2022-12-12 16:24:19,794] {logging_mixin.py:115} INFO - {'error': False, 'category': 'Pun', 'type': 'single', 'joke': 'To whoever stole my copy of Microsoft Office, I will find you. You have my Word!', 'flags': {'nsfw': False, 'religious': False, 'political': False, 'racist': False, 'sexist': False, 'explicit': False}, 'id': 191, 'safe': True, 'lang': 'en'}
[2022-12-12 16:24:19,794] {python.py:173} INFO - Done. Returned value was: To whoever stole my copy of Microsoft Office, I will find you. You have my Word!
[2022-12-12 16:24:19,816] {taskinstance.py:1400} INFO - Marking task as SUCCESS. dag_id=daily_paper, task_id=get_joke_task, execution_date=20221212T162417, start_date=20221212T162418, end_date=20221212T162419
[2022-12-12 16:24:19,870] {local_task_job.py:156} INFO - Task exited with return code 0
[2022-12-12 16:24:19,899] {local_task_job.py:273} INFO - 0 downstream tasks scheduled from follow-on schedule check
