[2022-12-12 18:05:25,057] {taskinstance.py:1159} INFO - Dependencies all met for <TaskInstance: daily_paper.combine_articles_task manual__2022-12-12T18:05:22.395190+00:00 [queued]>
[2022-12-12 18:05:25,062] {taskinstance.py:1159} INFO - Dependencies all met for <TaskInstance: daily_paper.combine_articles_task manual__2022-12-12T18:05:22.395190+00:00 [queued]>
[2022-12-12 18:05:25,063] {taskinstance.py:1356} INFO - 
--------------------------------------------------------------------------------
[2022-12-12 18:05:25,063] {taskinstance.py:1357} INFO - Starting attempt 1 of 2
[2022-12-12 18:05:25,063] {taskinstance.py:1358} INFO - 
--------------------------------------------------------------------------------
[2022-12-12 18:05:25,071] {taskinstance.py:1377} INFO - Executing <Task(PythonOperator): combine_articles_task> on 2022-12-12 18:05:22.395190+00:00
[2022-12-12 18:05:25,075] {standard_task_runner.py:52} INFO - Started process 1903 to run task
[2022-12-12 18:05:25,078] {standard_task_runner.py:79} INFO - Running: ['***', 'tasks', 'run', 'daily_paper', 'combine_articles_task', 'manual__2022-12-12T18:05:22.395190+00:00', '--job-id', '361', '--raw', '--subdir', 'DAGS_FOLDER/morning-paper.py', '--cfg-path', '/tmp/tmpt_1nigbn', '--error-file', '/tmp/tmpgekaztrn']
[2022-12-12 18:05:25,079] {standard_task_runner.py:80} INFO - Job 361: Subtask combine_articles_task
[2022-12-12 18:05:25,118] {task_command.py:369} INFO - Running <TaskInstance: daily_paper.combine_articles_task manual__2022-12-12T18:05:22.395190+00:00 [running]> on host 6bb81baa0a52
[2022-12-12 18:05:25,168] {taskinstance.py:1571} INFO - Exporting the following env vars:
AIRFLOW_CTX_DAG_EMAIL=akash.khamkar40@gmail.com
AIRFLOW_CTX_DAG_OWNER=akashk
AIRFLOW_CTX_DAG_ID=daily_paper
AIRFLOW_CTX_TASK_ID=combine_articles_task
AIRFLOW_CTX_EXECUTION_DATE=2022-12-12T18:05:22.395190+00:00
AIRFLOW_CTX_TRY_NUMBER=1
AIRFLOW_CTX_DAG_RUN_ID=manual__2022-12-12T18:05:22.395190+00:00
[2022-12-12 18:05:25,196] {logging_mixin.py:115} INFO - {'joke': 'Two C strings walk into a bar.\nThe bartender asks "What can I get ya?"\nThe first string says "I\'ll have a gin and tonic."\nThe second string thinks for a minute, then says "I\'ll take a tequila sunriseJF()#$JF(#)$(@J#()$@#())!*FNIN!OBN134ufh1ui34hf9813f8h8384h981h3984h5F!##@"\nThe first string apologizes, "You\'ll have to excuse my friend, he\'s not null-terminated."', 'quote': 'Most people achieved their greatest success one step beyond what looked like their greatest failure.', 'news': [{'title': 'Pakistan-Taliabn Tensions Rise As 7 Pakistanis Die In Border Firing, Pakistani PM Condemns Firing', 'published_date': '2022-12-12 17:35:12', 'summary': 'The border incident comes amid rising tensions between the Pakistani government and the Taliban regime in Afghanistan over issues such as Tehreek-e-Taliban-Pakistan (TTP).'}, {'title': 'Madhya Pradesh: High Court cancels House membership of BJP MLA from Ashoknagar', 'published_date': '2022-12-12 17:35:07', 'summary': 'None'}, {'title': 'If China And India Go To War At Sea…', 'published_date': '2022-12-12 17:34:46', 'summary': 'The coming together of the Quad and the Australia-UK-US grouping would be a formidable adversary, moving toward the creation of a ‘thousand ship navy’ that reins in the PLA navy in the Indo-Pacific BY AJAI SHUKLA Last month, navies of the four quadrilateral countries — Australia, India, Japan and the United States of America — […] The post If China And India Go To War At Sea… appeared first on Northlines.'}], 'meme': 'https://redd.it/zju2u6'}
[2022-12-12 18:05:25,197] {python.py:173} INFO - Done. Returned value was: {'joke': 'Two C strings walk into a bar.\nThe bartender asks "What can I get ya?"\nThe first string says "I\'ll have a gin and tonic."\nThe second string thinks for a minute, then says "I\'ll take a tequila sunriseJF()#$JF(#)$(@J#()$@#())!*FNIN!OBN134ufh1ui34hf9813f8h8384h981h3984h5F!##@"\nThe first string apologizes, "You\'ll have to excuse my friend, he\'s not null-terminated."', 'quote': 'Most people achieved their greatest success one step beyond what looked like their greatest failure.', 'news': [{'title': 'Pakistan-Taliabn Tensions Rise As 7 Pakistanis Die In Border Firing, Pakistani PM Condemns Firing', 'published_date': '2022-12-12 17:35:12', 'summary': 'The border incident comes amid rising tensions between the Pakistani government and the Taliban regime in Afghanistan over issues such as Tehreek-e-Taliban-Pakistan (TTP).'}, {'title': 'Madhya Pradesh: High Court cancels House membership of BJP MLA from Ashoknagar', 'published_date': '2022-12-12 17:35:07', 'summary': 'None'}, {'title': 'If China And India Go To War At Sea…', 'published_date': '2022-12-12 17:34:46', 'summary': 'The coming together of the Quad and the Australia-UK-US grouping would be a formidable adversary, moving toward the creation of a ‘thousand ship navy’ that reins in the PLA navy in the Indo-Pacific BY AJAI SHUKLA Last month, navies of the four quadrilateral countries — Australia, India, Japan and the United States of America — […] The post If China And India Go To War At Sea… appeared first on Northlines.'}], 'meme': 'https://redd.it/zju2u6'}
[2022-12-12 18:05:25,216] {taskinstance.py:1400} INFO - Marking task as SUCCESS. dag_id=daily_paper, task_id=combine_articles_task, execution_date=20221212T180522, start_date=20221212T180525, end_date=20221212T180525
[2022-12-12 18:05:25,250] {local_task_job.py:156} INFO - Task exited with return code 0
[2022-12-12 18:05:25,275] {local_task_job.py:273} INFO - 1 downstream tasks scheduled from follow-on schedule check
