[2022-12-12 18:09:06,129] {taskinstance.py:1159} INFO - Dependencies all met for <TaskInstance: daily_paper.get_meme_task manual__2022-12-12T18:09:05.229017+00:00 [queued]>
[2022-12-12 18:09:06,136] {taskinstance.py:1159} INFO - Dependencies all met for <TaskInstance: daily_paper.get_meme_task manual__2022-12-12T18:09:05.229017+00:00 [queued]>
[2022-12-12 18:09:06,137] {taskinstance.py:1356} INFO - 
--------------------------------------------------------------------------------
[2022-12-12 18:09:06,137] {taskinstance.py:1357} INFO - Starting attempt 1 of 2
[2022-12-12 18:09:06,138] {taskinstance.py:1358} INFO - 
--------------------------------------------------------------------------------
[2022-12-12 18:09:06,147] {taskinstance.py:1377} INFO - Executing <Task(PythonOperator): get_meme_task> on 2022-12-12 18:09:05.229017+00:00
[2022-12-12 18:09:06,152] {standard_task_runner.py:52} INFO - Started process 2006 to run task
[2022-12-12 18:09:06,157] {standard_task_runner.py:79} INFO - Running: ['***', 'tasks', 'run', 'daily_paper', 'get_meme_task', 'manual__2022-12-12T18:09:05.229017+00:00', '--job-id', '365', '--raw', '--subdir', 'DAGS_FOLDER/morning-paper.py', '--cfg-path', '/tmp/tmpk9fhx00k', '--error-file', '/tmp/tmpx__l_wcm']
[2022-12-12 18:09:06,160] {standard_task_runner.py:80} INFO - Job 365: Subtask get_meme_task
[2022-12-12 18:09:06,248] {task_command.py:369} INFO - Running <TaskInstance: daily_paper.get_meme_task manual__2022-12-12T18:09:05.229017+00:00 [running]> on host 6bb81baa0a52
[2022-12-12 18:09:06,347] {taskinstance.py:1571} INFO - Exporting the following env vars:
AIRFLOW_CTX_DAG_EMAIL=akash.khamkar40@gmail.com
AIRFLOW_CTX_DAG_OWNER=akashk
AIRFLOW_CTX_DAG_ID=daily_paper
AIRFLOW_CTX_TASK_ID=get_meme_task
AIRFLOW_CTX_EXECUTION_DATE=2022-12-12T18:09:05.229017+00:00
AIRFLOW_CTX_TRY_NUMBER=1
AIRFLOW_CTX_DAG_RUN_ID=manual__2022-12-12T18:09:05.229017+00:00
[2022-12-12 18:09:07,358] {python.py:173} INFO - Done. Returned value was: https://redd.it/zi1iuj
[2022-12-12 18:09:07,401] {taskinstance.py:1400} INFO - Marking task as SUCCESS. dag_id=daily_paper, task_id=get_meme_task, execution_date=20221212T180905, start_date=20221212T180906, end_date=20221212T180907
[2022-12-12 18:09:07,447] {local_task_job.py:156} INFO - Task exited with return code 0
[2022-12-12 18:09:07,479] {local_task_job.py:273} INFO - 0 downstream tasks scheduled from follow-on schedule check
