[2022-12-13 10:50:58,005] {taskinstance.py:1159} INFO - Dependencies all met for <TaskInstance: cereal_paper.create_pdf_task manual__2022-12-13T10:50:51.721654+00:00 [queued]>
[2022-12-13 10:50:58,013] {taskinstance.py:1159} INFO - Dependencies all met for <TaskInstance: cereal_paper.create_pdf_task manual__2022-12-13T10:50:51.721654+00:00 [queued]>
[2022-12-13 10:50:58,013] {taskinstance.py:1356} INFO - 
--------------------------------------------------------------------------------
[2022-12-13 10:50:58,014] {taskinstance.py:1357} INFO - Starting attempt 1 of 2
[2022-12-13 10:50:58,014] {taskinstance.py:1358} INFO - 
--------------------------------------------------------------------------------
[2022-12-13 10:50:58,027] {taskinstance.py:1377} INFO - Executing <Task(PythonOperator): create_pdf_task> on 2022-12-13 10:50:51.721654+00:00
[2022-12-13 10:50:58,033] {standard_task_runner.py:52} INFO - Started process 320 to run task
[2022-12-13 10:50:58,038] {standard_task_runner.py:79} INFO - Running: ['***', 'tasks', 'run', 'cereal_paper', 'create_pdf_task', 'manual__2022-12-13T10:50:51.721654+00:00', '--job-id', '121', '--raw', '--subdir', 'DAGS_FOLDER/cereal-paper.py', '--cfg-path', '/tmp/tmpliywm66v', '--error-file', '/tmp/tmp4meh6pyh']
[2022-12-13 10:50:58,039] {standard_task_runner.py:80} INFO - Job 121: Subtask create_pdf_task
[2022-12-13 10:50:58,131] {task_command.py:369} INFO - Running <TaskInstance: cereal_paper.create_pdf_task manual__2022-12-13T10:50:51.721654+00:00 [running]> on host 43dbd6b00d73
[2022-12-13 10:50:58,220] {taskinstance.py:1571} INFO - Exporting the following env vars:
AIRFLOW_CTX_DAG_EMAIL=cerealman@akashkhamkar.in
AIRFLOW_CTX_DAG_OWNER=akashk
AIRFLOW_CTX_DAG_ID=cereal_paper
AIRFLOW_CTX_TASK_ID=create_pdf_task
AIRFLOW_CTX_EXECUTION_DATE=2022-12-13T10:50:51.721654+00:00
AIRFLOW_CTX_TRY_NUMBER=1
AIRFLOW_CTX_DAG_RUN_ID=manual__2022-12-13T10:50:51.721654+00:00
[2022-12-13 10:50:58,526] {logging_mixin.py:115} WARNING - /home/***/.local/lib/python3.7/site-packages/fpdf/ttfonts.py:831 UserWarning: missing glyph 369
[2022-12-13 10:50:58,527] {logging_mixin.py:115} WARNING - /home/***/.local/lib/python3.7/site-packages/fpdf/ttfonts.py:710 UserWarning: missing glyph 369
[2022-12-13 10:50:58,546] {python.py:173} INFO - Done. Returned value was: None
[2022-12-13 10:50:58,562] {taskinstance.py:1400} INFO - Marking task as SUCCESS. dag_id=cereal_paper, task_id=create_pdf_task, execution_date=20221213T105051, start_date=20221213T105058, end_date=20221213T105058
[2022-12-13 10:50:58,612] {local_task_job.py:156} INFO - Task exited with return code 0
[2022-12-13 10:50:58,657] {local_task_job.py:273} INFO - 1 downstream tasks scheduled from follow-on schedule check
