[2022-12-13 11:36:10,930] {taskinstance.py:1159} INFO - Dependencies all met for <TaskInstance: cereal_paper.get_songs_from_db_task manual__2022-12-13T11:36:10.035671+00:00 [queued]>
[2022-12-13 11:36:10,939] {taskinstance.py:1159} INFO - Dependencies all met for <TaskInstance: cereal_paper.get_songs_from_db_task manual__2022-12-13T11:36:10.035671+00:00 [queued]>
[2022-12-13 11:36:10,940] {taskinstance.py:1356} INFO - 
--------------------------------------------------------------------------------
[2022-12-13 11:36:10,940] {taskinstance.py:1357} INFO - Starting attempt 1 of 2
[2022-12-13 11:36:10,940] {taskinstance.py:1358} INFO - 
--------------------------------------------------------------------------------
[2022-12-13 11:36:10,954] {taskinstance.py:1377} INFO - Executing <Task(PythonOperator): get_songs_from_db_task> on 2022-12-13 11:36:10.035671+00:00
[2022-12-13 11:36:10,959] {standard_task_runner.py:52} INFO - Started process 538 to run task
[2022-12-13 11:36:10,963] {standard_task_runner.py:79} INFO - Running: ['***', 'tasks', 'run', 'cereal_paper', 'get_songs_from_db_task', 'manual__2022-12-13T11:36:10.035671+00:00', '--job-id', '182', '--raw', '--subdir', 'DAGS_FOLDER/cereal-paper.py', '--cfg-path', '/tmp/tmpt4mdzmr9', '--error-file', '/tmp/tmpwnwqjq2a']
[2022-12-13 11:36:10,966] {standard_task_runner.py:80} INFO - Job 182: Subtask get_songs_from_db_task
[2022-12-13 11:36:11,106] {task_command.py:369} INFO - Running <TaskInstance: cereal_paper.get_songs_from_db_task manual__2022-12-13T11:36:10.035671+00:00 [running]> on host 44822d5113ae
[2022-12-13 11:36:11,288] {taskinstance.py:1571} INFO - Exporting the following env vars:
AIRFLOW_CTX_DAG_EMAIL=cerealman@akashkhamkar.in
AIRFLOW_CTX_DAG_OWNER=akashk
AIRFLOW_CTX_DAG_ID=cereal_paper
AIRFLOW_CTX_TASK_ID=get_songs_from_db_task
AIRFLOW_CTX_EXECUTION_DATE=2022-12-13T11:36:10.035671+00:00
AIRFLOW_CTX_TRY_NUMBER=1
AIRFLOW_CTX_DAG_RUN_ID=manual__2022-12-13T11:36:10.035671+00:00
[2022-12-13 11:36:11,293] {base.py:68} INFO - Using connection ID 'my_postgres_default' for task execution.
[2022-12-13 11:36:11,310] {python.py:173} INFO - Done. Returned value was: [("Can't Stop", 'By the Way (Deluxe Edition)', 'Red Hot Chili Peppers'), ('Wherever You Will Go', 'Camino Palmero', 'The Calling'), ('A Face To Call Home', 'Born and Raised', 'John Mayer')]
[2022-12-13 11:36:11,413] {taskinstance.py:1400} INFO - Marking task as SUCCESS. dag_id=cereal_paper, task_id=get_songs_from_db_task, execution_date=20221213T113610, start_date=20221213T113610, end_date=20221213T113611
[2022-12-13 11:36:11,463] {local_task_job.py:156} INFO - Task exited with return code 0
[2022-12-13 11:36:11,510] {local_task_job.py:273} INFO - 0 downstream tasks scheduled from follow-on schedule check
