[2022-12-13 07:52:13,233] {taskinstance.py:1159} INFO - Dependencies all met for <TaskInstance: cereal_paper.get_songs_from_db_task manual__2022-12-13T07:52:11.965299+00:00 [queued]>
[2022-12-13 07:52:13,247] {taskinstance.py:1159} INFO - Dependencies all met for <TaskInstance: cereal_paper.get_songs_from_db_task manual__2022-12-13T07:52:11.965299+00:00 [queued]>
[2022-12-13 07:52:13,248] {taskinstance.py:1356} INFO - 
--------------------------------------------------------------------------------
[2022-12-13 07:52:13,249] {taskinstance.py:1357} INFO - Starting attempt 1 of 2
[2022-12-13 07:52:13,253] {taskinstance.py:1358} INFO - 
--------------------------------------------------------------------------------
[2022-12-13 07:52:13,268] {taskinstance.py:1377} INFO - Executing <Task(PythonOperator): get_songs_from_db_task> on 2022-12-13 07:52:11.965299+00:00
[2022-12-13 07:52:13,278] {standard_task_runner.py:52} INFO - Started process 245 to run task
[2022-12-13 07:52:13,285] {standard_task_runner.py:79} INFO - Running: ['***', 'tasks', 'run', 'cereal_paper', 'get_songs_from_db_task', 'manual__2022-12-13T07:52:11.965299+00:00', '--job-id', '18', '--raw', '--subdir', 'DAGS_FOLDER/cereal-paper.py', '--cfg-path', '/tmp/tmp1kc6kicj', '--error-file', '/tmp/tmpv3zqx7ji']
[2022-12-13 07:52:13,288] {standard_task_runner.py:80} INFO - Job 18: Subtask get_songs_from_db_task
[2022-12-13 07:52:13,437] {task_command.py:369} INFO - Running <TaskInstance: cereal_paper.get_songs_from_db_task manual__2022-12-13T07:52:11.965299+00:00 [running]> on host 5029e27bd97f
[2022-12-13 07:52:13,539] {taskinstance.py:1571} INFO - Exporting the following env vars:
AIRFLOW_CTX_DAG_EMAIL=akash.khamkar40@gmail.com
AIRFLOW_CTX_DAG_OWNER=akashk
AIRFLOW_CTX_DAG_ID=cereal_paper
AIRFLOW_CTX_TASK_ID=get_songs_from_db_task
AIRFLOW_CTX_EXECUTION_DATE=2022-12-13T07:52:11.965299+00:00
AIRFLOW_CTX_TRY_NUMBER=1
AIRFLOW_CTX_DAG_RUN_ID=manual__2022-12-13T07:52:11.965299+00:00
[2022-12-13 07:52:13,543] {base.py:68} INFO - Using connection ID 'my_postgres_default' for task execution.
[2022-12-13 07:52:13,554] {python.py:173} INFO - Done. Returned value was: [('Otherside', 'Californication (Deluxe Edition)', 'Red Hot Chili Peppers'), ("D'yer Mak'er - Remaster", 'Houses of the Holy (Deluxe Edition)', 'Led Zeppelin'), ('She Hates Me', 'Come Clean', 'Puddle Of Mudd')]
[2022-12-13 07:52:13,593] {taskinstance.py:1400} INFO - Marking task as SUCCESS. dag_id=cereal_paper, task_id=get_songs_from_db_task, execution_date=20221213T075211, start_date=20221213T075213, end_date=20221213T075213
[2022-12-13 07:52:13,617] {local_task_job.py:156} INFO - Task exited with return code 0
[2022-12-13 07:52:13,662] {local_task_job.py:273} INFO - 0 downstream tasks scheduled from follow-on schedule check
