[2022-12-12 18:03:44,681] {taskinstance.py:1159} INFO - Dependencies all met for <TaskInstance: daily_paper.get_quote_task manual__2022-12-12T18:03:43.378948+00:00 [queued]>
[2022-12-12 18:03:44,689] {taskinstance.py:1159} INFO - Dependencies all met for <TaskInstance: daily_paper.get_quote_task manual__2022-12-12T18:03:43.378948+00:00 [queued]>
[2022-12-12 18:03:44,690] {taskinstance.py:1356} INFO - 
--------------------------------------------------------------------------------
[2022-12-12 18:03:44,691] {taskinstance.py:1357} INFO - Starting attempt 1 of 2
[2022-12-12 18:03:44,691] {taskinstance.py:1358} INFO - 
--------------------------------------------------------------------------------
[2022-12-12 18:03:44,705] {taskinstance.py:1377} INFO - Executing <Task(PythonOperator): get_quote_task> on 2022-12-12 18:03:43.378948+00:00
[2022-12-12 18:03:44,711] {standard_task_runner.py:52} INFO - Started process 1839 to run task
[2022-12-12 18:03:44,721] {standard_task_runner.py:79} INFO - Running: ['***', 'tasks', 'run', 'daily_paper', 'get_quote_task', 'manual__2022-12-12T18:03:43.378948+00:00', '--job-id', '352', '--raw', '--subdir', 'DAGS_FOLDER/morning-paper.py', '--cfg-path', '/tmp/tmpl6u2vlt9', '--error-file', '/tmp/tmpbyaufux_']
[2022-12-12 18:03:44,732] {standard_task_runner.py:80} INFO - Job 352: Subtask get_quote_task
[2022-12-12 18:03:44,828] {task_command.py:369} INFO - Running <TaskInstance: daily_paper.get_quote_task manual__2022-12-12T18:03:43.378948+00:00 [running]> on host 6bb81baa0a52
[2022-12-12 18:03:44,892] {taskinstance.py:1571} INFO - Exporting the following env vars:
AIRFLOW_CTX_DAG_EMAIL=akash.khamkar40@gmail.com
AIRFLOW_CTX_DAG_OWNER=akashk
AIRFLOW_CTX_DAG_ID=daily_paper
AIRFLOW_CTX_TASK_ID=get_quote_task
AIRFLOW_CTX_EXECUTION_DATE=2022-12-12T18:03:43.378948+00:00
AIRFLOW_CTX_TRY_NUMBER=1
AIRFLOW_CTX_DAG_RUN_ID=manual__2022-12-12T18:03:43.378948+00:00
[2022-12-12 18:03:45,976] {logging_mixin.py:115} INFO - [{'q': 'Most people achieved their greatest success one step beyond what looked like their greatest failure.', 'a': 'Brian Tracy', 'h': '<blockquote>&ldquo;Most people achieved their greatest success one step beyond what looked like their greatest failure.&rdquo; &mdash; <footer>Brian Tracy</footer></blockquote>'}]
[2022-12-12 18:03:45,977] {python.py:173} INFO - Done. Returned value was: Most people achieved their greatest success one step beyond what looked like their greatest failure.
[2022-12-12 18:03:45,997] {taskinstance.py:1400} INFO - Marking task as SUCCESS. dag_id=daily_paper, task_id=get_quote_task, execution_date=20221212T180343, start_date=20221212T180344, end_date=20221212T180345
[2022-12-12 18:03:46,011] {local_task_job.py:156} INFO - Task exited with return code 0
[2022-12-12 18:03:46,037] {local_task_job.py:273} INFO - 0 downstream tasks scheduled from follow-on schedule check
