[2022-12-13 10:56:10,421] {taskinstance.py:1159} INFO - Dependencies all met for <TaskInstance: cereal_paper.combine_articles_task manual__2022-12-13T10:56:06.725838+00:00 [queued]>
[2022-12-13 10:56:10,427] {taskinstance.py:1159} INFO - Dependencies all met for <TaskInstance: cereal_paper.combine_articles_task manual__2022-12-13T10:56:06.725838+00:00 [queued]>
[2022-12-13 10:56:10,428] {taskinstance.py:1356} INFO - 
--------------------------------------------------------------------------------
[2022-12-13 10:56:10,428] {taskinstance.py:1357} INFO - Starting attempt 1 of 2
[2022-12-13 10:56:10,429] {taskinstance.py:1358} INFO - 
--------------------------------------------------------------------------------
[2022-12-13 10:56:10,437] {taskinstance.py:1377} INFO - Executing <Task(PythonOperator): combine_articles_task> on 2022-12-13 10:56:06.725838+00:00
[2022-12-13 10:56:10,440] {standard_task_runner.py:52} INFO - Started process 257 to run task
[2022-12-13 10:56:10,443] {standard_task_runner.py:79} INFO - Running: ['***', 'tasks', 'run', 'cereal_paper', 'combine_articles_task', 'manual__2022-12-13T10:56:06.725838+00:00', '--job-id', '139', '--raw', '--subdir', 'DAGS_FOLDER/cereal-paper.py', '--cfg-path', '/tmp/tmpvl9teai0', '--error-file', '/tmp/tmpkli33v1r']
[2022-12-13 10:56:10,447] {standard_task_runner.py:80} INFO - Job 139: Subtask combine_articles_task
[2022-12-13 10:56:10,509] {task_command.py:369} INFO - Running <TaskInstance: cereal_paper.combine_articles_task manual__2022-12-13T10:56:06.725838+00:00 [running]> on host 5cb924e8b79e
[2022-12-13 10:56:10,594] {taskinstance.py:1571} INFO - Exporting the following env vars:
AIRFLOW_CTX_DAG_EMAIL=cerealman@akashkhamkar.in
AIRFLOW_CTX_DAG_OWNER=akashk
AIRFLOW_CTX_DAG_ID=cereal_paper
AIRFLOW_CTX_TASK_ID=combine_articles_task
AIRFLOW_CTX_EXECUTION_DATE=2022-12-13T10:56:06.725838+00:00
AIRFLOW_CTX_TRY_NUMBER=1
AIRFLOW_CTX_DAG_RUN_ID=manual__2022-12-13T10:56:06.725838+00:00
[2022-12-13 10:56:10,663] {logging_mixin.py:115} INFO - {'joke': 'Four engineers get into a car. The car won\'t start.\nThe Mechanical engineer says "It\'s a broken starter".\nThe Electrical engineer says "Dead battery".\nThe Chemical engineer says "Impurities in the gasoline".\nThe IT engineer says "Hey guys, I have an idea: How about we all get out of the car and get back in".', 'quote': 'Curiosity is the most powerful thing you own. Imagination is a force that can actually manifest a reality.', 'news': [{'title': 'India Women vs Australia Women Third T20I Live Streaming: When and Where to Watch India Women vs Australia Women Live', 'published_date': '2022-12-13 10:44:47', 'summary': 'Know when and where to watch the live streaming online of the 3rd T20I between India Women vs Australia Women'}, {'title': 'Cyberpunk 2077: Phantom Liberty laut Elba mit „tiefgründigster Erzählung aller Zeiten“', 'published_date': '2022-12-13 10:43:37', 'summary': 'Bei den Game Awards 2022, die in der Nacht vom 8. auf den 9. Dezember ausgestrahlt wurden, gab es auch […] Quelle'}, {'title': 'Govinda Naam Mera to The Recruit: OTT movies this Week', 'published_date': '2022-12-13 10:42:52', 'summary': '<p>New Delhi: Bored already and thinking how to spend the rest of the days? Then we have some plans for you. From Govinda Naam Mera to Parineeti Chopra’s Code Name: Tiranga, this week the OTT platforms have a lot to serve us with action thrillers to rom-coms. Here is a list of the movies that […]</p> <p>The post <a rel="nofollow" href="https://news24online.com/entertainment/govinda-naam-mera-to-the-recruit-ott-movies-this-week/70271/">Govinda Naam Mera to The Recruit: OTT movies this Week</a> appeared first on <a rel="nofollow" href="https://news24online.com">News24 English</a>.</p>'}], 'meme': 'https://redd.it/zkjg55', 'songs': [['Never on the Day You Leave', 'The Search for Everything', 'John Mayer'], ["Whatchu Thinkin'", 'Unlimited Love', 'Red Hot Chili Peppers']]}
[2022-12-13 10:56:10,664] {python.py:173} INFO - Done. Returned value was: {'joke': 'Four engineers get into a car. The car won\'t start.\nThe Mechanical engineer says "It\'s a broken starter".\nThe Electrical engineer says "Dead battery".\nThe Chemical engineer says "Impurities in the gasoline".\nThe IT engineer says "Hey guys, I have an idea: How about we all get out of the car and get back in".', 'quote': 'Curiosity is the most powerful thing you own. Imagination is a force that can actually manifest a reality.', 'news': [{'title': 'India Women vs Australia Women Third T20I Live Streaming: When and Where to Watch India Women vs Australia Women Live', 'published_date': '2022-12-13 10:44:47', 'summary': 'Know when and where to watch the live streaming online of the 3rd T20I between India Women vs Australia Women'}, {'title': 'Cyberpunk 2077: Phantom Liberty laut Elba mit „tiefgründigster Erzählung aller Zeiten“', 'published_date': '2022-12-13 10:43:37', 'summary': 'Bei den Game Awards 2022, die in der Nacht vom 8. auf den 9. Dezember ausgestrahlt wurden, gab es auch […] Quelle'}, {'title': 'Govinda Naam Mera to The Recruit: OTT movies this Week', 'published_date': '2022-12-13 10:42:52', 'summary': '<p>New Delhi: Bored already and thinking how to spend the rest of the days? Then we have some plans for you. From Govinda Naam Mera to Parineeti Chopra’s Code Name: Tiranga, this week the OTT platforms have a lot to serve us with action thrillers to rom-coms. Here is a list of the movies that […]</p> <p>The post <a rel="nofollow" href="https://news24online.com/entertainment/govinda-naam-mera-to-the-recruit-ott-movies-this-week/70271/">Govinda Naam Mera to The Recruit: OTT movies this Week</a> appeared first on <a rel="nofollow" href="https://news24online.com">News24 English</a>.</p>'}], 'meme': 'https://redd.it/zkjg55', 'songs': [['Never on the Day You Leave', 'The Search for Everything', 'John Mayer'], ["Whatchu Thinkin'", 'Unlimited Love', 'Red Hot Chili Peppers']]}
[2022-12-13 10:56:10,702] {taskinstance.py:1400} INFO - Marking task as SUCCESS. dag_id=cereal_paper, task_id=combine_articles_task, execution_date=20221213T105606, start_date=20221213T105610, end_date=20221213T105610
[2022-12-13 10:56:10,825] {local_task_job.py:156} INFO - Task exited with return code 0
[2022-12-13 10:56:10,872] {local_task_job.py:273} INFO - 2 downstream tasks scheduled from follow-on schedule check
