[2022-12-12 18:03:47,305] {taskinstance.py:1159} INFO - Dependencies all met for <TaskInstance: daily_paper.create_pdf_task manual__2022-12-12T18:03:43.378948+00:00 [queued]>
[2022-12-12 18:03:47,310] {taskinstance.py:1159} INFO - Dependencies all met for <TaskInstance: daily_paper.create_pdf_task manual__2022-12-12T18:03:43.378948+00:00 [queued]>
[2022-12-12 18:03:47,311] {taskinstance.py:1356} INFO - 
--------------------------------------------------------------------------------
[2022-12-12 18:03:47,311] {taskinstance.py:1357} INFO - Starting attempt 1 of 2
[2022-12-12 18:03:47,311] {taskinstance.py:1358} INFO - 
--------------------------------------------------------------------------------
[2022-12-12 18:03:47,319] {taskinstance.py:1377} INFO - Executing <Task(PythonOperator): create_pdf_task> on 2022-12-12 18:03:43.378948+00:00
[2022-12-12 18:03:47,322] {standard_task_runner.py:52} INFO - Started process 1843 to run task
[2022-12-12 18:03:47,326] {standard_task_runner.py:79} INFO - Running: ['***', 'tasks', 'run', 'daily_paper', 'create_pdf_task', 'manual__2022-12-12T18:03:43.378948+00:00', '--job-id', '356', '--raw', '--subdir', 'DAGS_FOLDER/morning-paper.py', '--cfg-path', '/tmp/tmpgd2vpsrl', '--error-file', '/tmp/tmpx3jhrjht']
[2022-12-12 18:03:47,328] {standard_task_runner.py:80} INFO - Job 356: Subtask create_pdf_task
[2022-12-12 18:03:47,368] {task_command.py:369} INFO - Running <TaskInstance: daily_paper.create_pdf_task manual__2022-12-12T18:03:43.378948+00:00 [running]> on host 6bb81baa0a52
[2022-12-12 18:03:47,414] {taskinstance.py:1571} INFO - Exporting the following env vars:
AIRFLOW_CTX_DAG_EMAIL=akash.khamkar40@gmail.com
AIRFLOW_CTX_DAG_OWNER=akashk
AIRFLOW_CTX_DAG_ID=daily_paper
AIRFLOW_CTX_TASK_ID=create_pdf_task
AIRFLOW_CTX_EXECUTION_DATE=2022-12-12T18:03:43.378948+00:00
AIRFLOW_CTX_TRY_NUMBER=1
AIRFLOW_CTX_DAG_RUN_ID=manual__2022-12-12T18:03:43.378948+00:00
[2022-12-12 18:03:47,433] {logging_mixin.py:115} WARNING - /home/***/.local/lib/python3.7/site-packages/fpdf/ttfonts.py:831 UserWarning: missing glyph 369
[2022-12-12 18:03:47,434] {logging_mixin.py:115} WARNING - /home/***/.local/lib/python3.7/site-packages/fpdf/ttfonts.py:710 UserWarning: missing glyph 369
[2022-12-12 18:03:47,452] {python.py:173} INFO - Done. Returned value was: None
[2022-12-12 18:03:47,461] {taskinstance.py:1400} INFO - Marking task as SUCCESS. dag_id=daily_paper, task_id=create_pdf_task, execution_date=20221212T180343, start_date=20221212T180347, end_date=20221212T180347
[2022-12-12 18:03:47,502] {local_task_job.py:156} INFO - Task exited with return code 0
[2022-12-12 18:03:47,524] {local_task_job.py:273} INFO - 0 downstream tasks scheduled from follow-on schedule check
