[2022-12-12 14:07:45,959] {taskinstance.py:1159} INFO - Dependencies all met for <TaskInstance: daily_Paper.get_joke_task manual__2022-12-12T14:07:45.088001+00:00 [queued]>
[2022-12-12 14:07:45,966] {taskinstance.py:1159} INFO - Dependencies all met for <TaskInstance: daily_Paper.get_joke_task manual__2022-12-12T14:07:45.088001+00:00 [queued]>
[2022-12-12 14:07:45,966] {taskinstance.py:1356} INFO - 
--------------------------------------------------------------------------------
[2022-12-12 14:07:45,967] {taskinstance.py:1357} INFO - Starting attempt 1 of 2
[2022-12-12 14:07:45,967] {taskinstance.py:1358} INFO - 
--------------------------------------------------------------------------------
[2022-12-12 14:07:45,979] {taskinstance.py:1377} INFO - Executing <Task(PythonOperator): get_joke_task> on 2022-12-12 14:07:45.088001+00:00
[2022-12-12 14:07:45,983] {standard_task_runner.py:52} INFO - Started process 1569 to run task
[2022-12-12 14:07:45,987] {standard_task_runner.py:79} INFO - Running: ['***', 'tasks', 'run', 'daily_Paper', 'get_joke_task', 'manual__2022-12-12T14:07:45.088001+00:00', '--job-id', '89', '--raw', '--subdir', 'DAGS_FOLDER/morning-paper.py', '--cfg-path', '/tmp/tmpijafup_s', '--error-file', '/tmp/tmp6sncgf6j']
[2022-12-12 14:07:45,989] {standard_task_runner.py:80} INFO - Job 89: Subtask get_joke_task
[2022-12-12 14:07:46,076] {task_command.py:369} INFO - Running <TaskInstance: daily_Paper.get_joke_task manual__2022-12-12T14:07:45.088001+00:00 [running]> on host cbcd6542cb8e
[2022-12-12 14:07:46,160] {taskinstance.py:1571} INFO - Exporting the following env vars:
AIRFLOW_CTX_DAG_EMAIL=akash.khamkar40@gmail.com
AIRFLOW_CTX_DAG_OWNER=akashk
AIRFLOW_CTX_DAG_ID=daily_Paper
AIRFLOW_CTX_TASK_ID=get_joke_task
AIRFLOW_CTX_EXECUTION_DATE=2022-12-12T14:07:45.088001+00:00
AIRFLOW_CTX_TRY_NUMBER=1
AIRFLOW_CTX_DAG_RUN_ID=manual__2022-12-12T14:07:45.088001+00:00
[2022-12-12 14:07:47,553] {logging_mixin.py:115} INFO - {'error': False, 'category': 'Dark', 'type': 'single', 'joke': "My grandfather says I'm too reliant on technology.\nI called him a hypocrite and unplugged his life support.", 'flags': {'nsfw': False, 'religious': False, 'political': False, 'racist': False, 'sexist': False, 'explicit': False}, 'id': 178, 'safe': False, 'lang': 'en'}
[2022-12-12 14:07:47,558] {python.py:173} INFO - Done. Returned value was: My grandfather says I'm too reliant on technology.
I called him a hypocrite and unplugged his life support.
[2022-12-12 14:07:47,605] {taskinstance.py:1400} INFO - Marking task as SUCCESS. dag_id=daily_Paper, task_id=get_joke_task, execution_date=20221212T140745, start_date=20221212T140745, end_date=20221212T140747
[2022-12-12 14:07:47,622] {local_task_job.py:156} INFO - Task exited with return code 0
[2022-12-12 14:07:47,651] {local_task_job.py:273} INFO - 0 downstream tasks scheduled from follow-on schedule check
