[2022-12-12 13:09:37,615] {taskinstance.py:1159} INFO - Dependencies all met for <TaskInstance: daily_Paper.combine_articles_task manual__2022-12-12T13:09:34.837094+00:00 [queued]>
[2022-12-12 13:09:37,619] {taskinstance.py:1159} INFO - Dependencies all met for <TaskInstance: daily_Paper.combine_articles_task manual__2022-12-12T13:09:34.837094+00:00 [queued]>
[2022-12-12 13:09:37,620] {taskinstance.py:1356} INFO - 
--------------------------------------------------------------------------------
[2022-12-12 13:09:37,620] {taskinstance.py:1357} INFO - Starting attempt 1 of 2
[2022-12-12 13:09:37,621] {taskinstance.py:1358} INFO - 
--------------------------------------------------------------------------------
[2022-12-12 13:09:37,627] {taskinstance.py:1377} INFO - Executing <Task(PythonOperator): combine_articles_task> on 2022-12-12 13:09:34.837094+00:00
[2022-12-12 13:09:37,630] {standard_task_runner.py:52} INFO - Started process 1079 to run task
[2022-12-12 13:09:37,633] {standard_task_runner.py:79} INFO - Running: ['***', 'tasks', 'run', 'daily_Paper', 'combine_articles_task', 'manual__2022-12-12T13:09:34.837094+00:00', '--job-id', '52', '--raw', '--subdir', 'DAGS_FOLDER/morning-paper.py', '--cfg-path', '/tmp/tmps1fra426', '--error-file', '/tmp/tmp4o2907p4']
[2022-12-12 13:09:37,634] {standard_task_runner.py:80} INFO - Job 52: Subtask combine_articles_task
[2022-12-12 13:09:37,672] {task_command.py:369} INFO - Running <TaskInstance: daily_Paper.combine_articles_task manual__2022-12-12T13:09:34.837094+00:00 [running]> on host cbcd6542cb8e
[2022-12-12 13:09:37,718] {taskinstance.py:1571} INFO - Exporting the following env vars:
AIRFLOW_CTX_DAG_EMAIL=akash.khamkar40@gmail.com
AIRFLOW_CTX_DAG_OWNER=akashk
AIRFLOW_CTX_DAG_ID=daily_Paper
AIRFLOW_CTX_TASK_ID=combine_articles_task
AIRFLOW_CTX_EXECUTION_DATE=2022-12-12T13:09:34.837094+00:00
AIRFLOW_CTX_TRY_NUMBER=1
AIRFLOW_CTX_DAG_RUN_ID=manual__2022-12-12T13:09:34.837094+00:00
[2022-12-12 13:09:37,739] {logging_mixin.py:115} INFO - I have a joke about trickle down economics, but 99% of you will never get it. Most people achieved their greatest success one step beyond what looked like their greatest failure. [{'title': 'Aircraft Propulsion System Market Size, Share, by Air-Breathing Engine, Application, Regions and Forecast to 2029', 'author': 'Allied Market Research', 'published_date': '2022-12-12 13:09:27', 'published_date_precision': 'timezone unknown', 'link': 'https://www.openpr.com/news/2844655/aircraft-propulsion-system-market-size-share', 'clean_url': 'openpr.com', 'excerpt': 'Propulsion system is a machine used to move the aircraft forward and help in its flight It consists of an engine and a propeller along with other sub components the engine creates motion of the…', 'summary': 'Aircraft Propulsion System Market Size, Share, by Air-Breathing Engine, Application, Regions and Forecast to 2029\n\nhttps://www.alliedmarketresearch.com/request-toc-and-sample/6589\n\nhttps://www.alliedmarketresearch.com/request-for-customization/6589\n\nhttps://www.alliedmarketresearch.com/purchase-enquiry/6589\n\nhttp://www.alliedmarketresearch.com\n\nhttps://blog.alliedmarketresearch.com\n\nPropulsion system is a machine used to move the aircraft forward and help in its flight. It consists of an engine and a propeller along with other sub-components, the engine creates motion of the propeller and generates thrust pushing the aircraft forward.', 'rights': 'openpr.com', 'rank': 9387, 'topic': 'news', 'country': 'DE', 'language': 'en', 'authors': 'Allied Market Research', 'media': None, 'is_opinion': False, 'twitter_account': None, '_score': None, '_id': '74d5b235f9fe6398f70de533232b1b2e'}, {'title': "EQS-News                    Oriole Resources delivers 'first-ever JORC mineral resource estimate for orogenic gold in Cameroon'", 'author': 'EQS Group AG', 'published_date': '2022-12-12 13:09:21', 'published_date_precision': 'timezone unknown', 'link': 'https://www.wallstreet-online.de/nachricht/16315492-eqs-news-oriole-resources-delivers-first-ever-jorc-mineral-resource-estimate-for-orogenic-gold-cameroon', 'clean_url': 'wallstreet-online.de', 'excerpt': "EQS-News: Oriole Resources PLC Oriole Resources delivers 'first-ever JORC mineral resource estimate for orogenic gold in Cameroon' 12.12.2022 / 13:09 CET/CEST The issuer is solely responsible for the…", 'summary': "EQS-News: Oriole Resources PLC\n Oriole Resources delivers 'first-ever JORC mineral resource estimate for orogenic gold in Cameroon'\n\n 12.12.2022 / 13:09 CET/CEST\n The issuer is solely responsible for the content of this announcement.\n\n\n\n Proactive UK Ltd\n \n\n +44 20 7989 0813\n\n\nuk@proactiveinvestors.com\n\n\n 12.12.2022 CET/CEST Dissemination of a Corporate News, transmitted by EQS News - a service of EQS Group AG.\n The issuer is solely responsible for the content of this announcement.\n\n The EQS Distribution Services include Regulatory Announcements, Financial/Corporate News and Press Releases.", 'rights': 'wallstreet-online.de', 'rank': 17657, 'topic': 'finance', 'country': 'DE', 'language': 'en', 'authors': 'EQS Group AG', 'media': 'https://assets.wallstreet-online.de/_media/6/source1280/size_645/eqs-group-1280.png', 'is_opinion': False, 'twitter_account': '@wotwitt', '_score': None, '_id': '56a720665d6d8f44740910a13604f578'}, {'title': 'Diesel Gensets Market Trends, Market Demands, Top Manufactures, Industry Growth Analysis and Forecast to 2030', 'author': 'Acumen Research', 'published_date': '2022-12-12 13:09:13', 'published_date_precision': 'timezone unknown', 'link': 'https://www.openpr.com/news/2844654/diesel-gensets-market-trends-market-demands-top', 'clean_url': 'openpr.com', 'excerpt': 'The most recent study offered by Acumen Research and Consulting focuses Diesel Gensets Market size share growth rate and market trends as well as the parameters and factors influencing it in both the…', 'summary': 'Diesel Gensets Market Trends, Market Demands, Top Manufactures, Industry Growth Analysis and Forecast to 2030\n\nhttps://www.acumenresearchandconsulting.com/request-sample/1149\n\nhttps://www.acumenresearchandconsulting.com/request-customization/1149\n\nhttps://www.acumenresearchandconsulting.com/table-of-content/diesel-gensets-market\n\nhttps://www.acumenresearchandconsulting.com/buy-now/0/1149\n\nhttps://www.acumenresearchandconsulting.com/press-releases\n\nThe most recent study offered by Acumen Research and Consulting focuses Diesel Gensets Market size, share, growth rate, and market trends, as well as the parameters and factors influencing it in both the long term and short term.', 'rights': 'openpr.com', 'rank': 9387, 'topic': 'news', 'country': 'DE', 'language': 'en', 'authors': 'Acumen Research,Consulting', 'media': 'https://cdn.openpr.com/V/c/Vc12390710_g.jpg', 'is_opinion': False, 'twitter_account': None, '_score': None, '_id': 'b65db3d7595821bb02ede5aa2370330f'}]
[2022-12-12 13:09:37,740] {python.py:173} INFO - Done. Returned value was: None
[2022-12-12 13:09:37,750] {taskinstance.py:1400} INFO - Marking task as SUCCESS. dag_id=daily_Paper, task_id=combine_articles_task, execution_date=20221212T130934, start_date=20221212T130937, end_date=20221212T130937
[2022-12-12 13:09:37,765] {local_task_job.py:156} INFO - Task exited with return code 0
[2022-12-12 13:09:37,787] {local_task_job.py:273} INFO - 0 downstream tasks scheduled from follow-on schedule check
