[2022-12-13 10:44:38,026] {taskinstance.py:1159} INFO - Dependencies all met for <TaskInstance: cereal_paper.get_songs_from_db_task manual__2022-12-13T10:44:37.350819+00:00 [queued]>
[2022-12-13 10:44:38,037] {taskinstance.py:1159} INFO - Dependencies all met for <TaskInstance: cereal_paper.get_songs_from_db_task manual__2022-12-13T10:44:37.350819+00:00 [queued]>
[2022-12-13 10:44:38,038] {taskinstance.py:1356} INFO - 
--------------------------------------------------------------------------------
[2022-12-13 10:44:38,038] {taskinstance.py:1357} INFO - Starting attempt 1 of 2
[2022-12-13 10:44:38,039] {taskinstance.py:1358} INFO - 
--------------------------------------------------------------------------------
[2022-12-13 10:44:38,050] {taskinstance.py:1377} INFO - Executing <Task(PythonOperator): get_songs_from_db_task> on 2022-12-13 10:44:37.350819+00:00
[2022-12-13 10:44:38,054] {standard_task_runner.py:52} INFO - Started process 199 to run task
[2022-12-13 10:44:38,060] {standard_task_runner.py:79} INFO - Running: ['***', 'tasks', 'run', 'cereal_paper', 'get_songs_from_db_task', 'manual__2022-12-13T10:44:37.350819+00:00', '--job-id', '97', '--raw', '--subdir', 'DAGS_FOLDER/cereal-paper.py', '--cfg-path', '/tmp/tmplnufrdlx', '--error-file', '/tmp/tmpaasv8sd4']
[2022-12-13 10:44:38,062] {standard_task_runner.py:80} INFO - Job 97: Subtask get_songs_from_db_task
[2022-12-13 10:44:38,205] {task_command.py:369} INFO - Running <TaskInstance: cereal_paper.get_songs_from_db_task manual__2022-12-13T10:44:37.350819+00:00 [running]> on host 43dbd6b00d73
[2022-12-13 10:44:38,383] {taskinstance.py:1571} INFO - Exporting the following env vars:
AIRFLOW_CTX_DAG_EMAIL=akash.khamkar40@gmail.com
AIRFLOW_CTX_DAG_OWNER=akashk
AIRFLOW_CTX_DAG_ID=cereal_paper
AIRFLOW_CTX_TASK_ID=get_songs_from_db_task
AIRFLOW_CTX_EXECUTION_DATE=2022-12-13T10:44:37.350819+00:00
AIRFLOW_CTX_TRY_NUMBER=1
AIRFLOW_CTX_DAG_RUN_ID=manual__2022-12-13T10:44:37.350819+00:00
[2022-12-13 10:44:38,388] {base.py:68} INFO - Using connection ID 'my_postgres_default' for task execution.
[2022-12-13 10:44:38,408] {python.py:173} INFO - Done. Returned value was: [('Never on the Day You Leave', 'The Search for Everything', 'John Mayer'), ('Saadda Haq', 'Rockstar', 'Mohit Chauhan'), ("Ain't No Sunshine", 'Texas Cannonball', 'Freddie King')]
[2022-12-13 10:44:38,510] {taskinstance.py:1400} INFO - Marking task as SUCCESS. dag_id=cereal_paper, task_id=get_songs_from_db_task, execution_date=20221213T104437, start_date=20221213T104438, end_date=20221213T104438
[2022-12-13 10:44:38,563] {local_task_job.py:156} INFO - Task exited with return code 0
[2022-12-13 10:44:38,613] {local_task_job.py:273} INFO - 0 downstream tasks scheduled from follow-on schedule check
