[2022-12-12 14:19:33,913] {taskinstance.py:1159} INFO - Dependencies all met for <TaskInstance: daily_paper.get_news_task scheduled__2022-12-11T00:00:00+00:00 [queued]>
[2022-12-12 14:19:33,934] {taskinstance.py:1159} INFO - Dependencies all met for <TaskInstance: daily_paper.get_news_task scheduled__2022-12-11T00:00:00+00:00 [queued]>
[2022-12-12 14:19:33,935] {taskinstance.py:1356} INFO - 
--------------------------------------------------------------------------------
[2022-12-12 14:19:33,935] {taskinstance.py:1357} INFO - Starting attempt 1 of 2
[2022-12-12 14:19:33,936] {taskinstance.py:1358} INFO - 
--------------------------------------------------------------------------------
[2022-12-12 14:19:33,952] {taskinstance.py:1377} INFO - Executing <Task(PythonOperator): get_news_task> on 2022-12-11 00:00:00+00:00
[2022-12-12 14:19:33,961] {standard_task_runner.py:52} INFO - Started process 1718 to run task
[2022-12-12 14:19:33,974] {standard_task_runner.py:79} INFO - Running: ['***', 'tasks', 'run', 'daily_paper', 'get_news_task', 'scheduled__2022-12-11T00:00:00+00:00', '--job-id', '105', '--raw', '--subdir', 'DAGS_FOLDER/morning-paper.py', '--cfg-path', '/tmp/tmp1yv_8kxi', '--error-file', '/tmp/tmp_z9gean9']
[2022-12-12 14:19:33,976] {standard_task_runner.py:80} INFO - Job 105: Subtask get_news_task
[2022-12-12 14:19:34,121] {task_command.py:369} INFO - Running <TaskInstance: daily_paper.get_news_task scheduled__2022-12-11T00:00:00+00:00 [running]> on host cbcd6542cb8e
[2022-12-12 14:19:34,211] {taskinstance.py:1571} INFO - Exporting the following env vars:
AIRFLOW_CTX_DAG_EMAIL=akash.khamkar40@gmail.com
AIRFLOW_CTX_DAG_OWNER=akashk
AIRFLOW_CTX_DAG_ID=daily_paper
AIRFLOW_CTX_TASK_ID=get_news_task
AIRFLOW_CTX_EXECUTION_DATE=2022-12-11T00:00:00+00:00
AIRFLOW_CTX_TRY_NUMBER=1
AIRFLOW_CTX_DAG_RUN_ID=scheduled__2022-12-11T00:00:00+00:00
[2022-12-12 14:19:35,109] {python.py:173} INFO - Done. Returned value was: News api failed with response code 429 .
[2022-12-12 14:19:35,170] {taskinstance.py:1400} INFO - Marking task as SUCCESS. dag_id=daily_paper, task_id=get_news_task, execution_date=20221211T000000, start_date=20221212T141933, end_date=20221212T141935
[2022-12-12 14:19:35,229] {local_task_job.py:156} INFO - Task exited with return code 0
[2022-12-12 14:19:35,260] {local_task_job.py:273} INFO - 0 downstream tasks scheduled from follow-on schedule check
