[2022-12-13 11:33:08,841] {taskinstance.py:1159} INFO - Dependencies all met for <TaskInstance: cereal_paper.get_news_task manual__2022-12-13T11:33:08.108064+00:00 [queued]>
[2022-12-13 11:33:08,853] {taskinstance.py:1159} INFO - Dependencies all met for <TaskInstance: cereal_paper.get_news_task manual__2022-12-13T11:33:08.108064+00:00 [queued]>
[2022-12-13 11:33:08,853] {taskinstance.py:1356} INFO - 
--------------------------------------------------------------------------------
[2022-12-13 11:33:08,853] {taskinstance.py:1357} INFO - Starting attempt 1 of 2
[2022-12-13 11:33:08,854] {taskinstance.py:1358} INFO - 
--------------------------------------------------------------------------------
[2022-12-13 11:33:08,862] {taskinstance.py:1377} INFO - Executing <Task(PythonOperator): get_news_task> on 2022-12-13 11:33:08.108064+00:00
[2022-12-13 11:33:08,866] {standard_task_runner.py:52} INFO - Started process 460 to run task
[2022-12-13 11:33:08,871] {standard_task_runner.py:79} INFO - Running: ['***', 'tasks', 'run', 'cereal_paper', 'get_news_task', 'manual__2022-12-13T11:33:08.108064+00:00', '--job-id', '166', '--raw', '--subdir', 'DAGS_FOLDER/cereal-paper.py', '--cfg-path', '/tmp/tmp64ah72k5', '--error-file', '/tmp/tmpvu1a1jz_']
[2022-12-13 11:33:08,891] {standard_task_runner.py:80} INFO - Job 166: Subtask get_news_task
[2022-12-13 11:33:09,040] {task_command.py:369} INFO - Running <TaskInstance: cereal_paper.get_news_task manual__2022-12-13T11:33:08.108064+00:00 [running]> on host 44822d5113ae
[2022-12-13 11:33:09,307] {taskinstance.py:1571} INFO - Exporting the following env vars:
AIRFLOW_CTX_DAG_EMAIL=cerealman@akashkhamkar.in
AIRFLOW_CTX_DAG_OWNER=akashk
AIRFLOW_CTX_DAG_ID=cereal_paper
AIRFLOW_CTX_TASK_ID=get_news_task
AIRFLOW_CTX_EXECUTION_DATE=2022-12-13T11:33:08.108064+00:00
AIRFLOW_CTX_TRY_NUMBER=1
AIRFLOW_CTX_DAG_RUN_ID=manual__2022-12-13T11:33:08.108064+00:00
[2022-12-13 11:33:19,412] {python.py:173} INFO - Done. Returned value was: [{'title': "Marathi Actress Jui Gadkari's Adorable Gift For Tharla Tar Mag Sachin Gokhale Director", 'published_date': '2022-12-13 11:12:46', 'summary': 'The cast of Tharla Ter Mag are shooting twelve to thirteen hours a day, a behind the scene look of which was shared by Jui two days back'}, {'title': 'Secret of Garlic Pickle: Beneficial for both Men, Women', 'published_date': '2022-12-13 11:11:54', 'summary': '<p>New Delhi: Garlic pickle is used a lot during winter season. Being hot, Garlic gives many benefits to the body, so it is advisable to consume garlic in winter. Garlic improves the taste of your food. Not only does it make you healthy, but it also keeps you healthy. Today we are going to tell […]</p> <p>The post <a rel="nofollow" href="https://news24online.com/lifestyle/secret-of-garlic-pickle-beneficial-for-both-men-women/70429/">Secret of Garlic Pickle: Beneficial for both Men, Women</a> appeared first on <a rel="nofollow" href="https://news24online.com">News24 English</a>.</p>'}, {'title': "In 'Taaza Khabar', Bhuvan Bam Plays Man Gifted With Cracking News Before It Breaks", 'published_date': '2022-12-13 11:11:44', 'summary': "Popular YouTuber Bhuvan Bam is taking his digital game to the next level with his upcoming webseries 'Taaza Khabar', the trailer of which was unveiled on Tuesday."}]
[2022-12-13 11:33:19,492] {taskinstance.py:1400} INFO - Marking task as SUCCESS. dag_id=cereal_paper, task_id=get_news_task, execution_date=20221213T113308, start_date=20221213T113308, end_date=20221213T113319
[2022-12-13 11:33:19,512] {local_task_job.py:156} INFO - Task exited with return code 0
[2022-12-13 11:33:19,555] {local_task_job.py:273} INFO - 1 downstream tasks scheduled from follow-on schedule check
