[2022-12-12 17:39:06,399] {taskinstance.py:1159} INFO - Dependencies all met for <TaskInstance: daily_paper.get_joke_task manual__2022-12-12T17:39:05.538894+00:00 [queued]>
[2022-12-12 17:39:06,406] {taskinstance.py:1159} INFO - Dependencies all met for <TaskInstance: daily_paper.get_joke_task manual__2022-12-12T17:39:05.538894+00:00 [queued]>
[2022-12-12 17:39:06,407] {taskinstance.py:1356} INFO - 
--------------------------------------------------------------------------------
[2022-12-12 17:39:06,407] {taskinstance.py:1357} INFO - Starting attempt 1 of 2
[2022-12-12 17:39:06,408] {taskinstance.py:1358} INFO - 
--------------------------------------------------------------------------------
[2022-12-12 17:39:06,418] {taskinstance.py:1377} INFO - Executing <Task(PythonOperator): get_joke_task> on 2022-12-12 17:39:05.538894+00:00
[2022-12-12 17:39:06,422] {standard_task_runner.py:52} INFO - Started process 1163 to run task
[2022-12-12 17:39:06,428] {standard_task_runner.py:79} INFO - Running: ['***', 'tasks', 'run', 'daily_paper', 'get_joke_task', 'manual__2022-12-12T17:39:05.538894+00:00', '--job-id', '280', '--raw', '--subdir', 'DAGS_FOLDER/morning-paper.py', '--cfg-path', '/tmp/tmpu64eiywv', '--error-file', '/tmp/tmps5r0siab']
[2022-12-12 17:39:06,430] {standard_task_runner.py:80} INFO - Job 280: Subtask get_joke_task
[2022-12-12 17:39:06,512] {task_command.py:369} INFO - Running <TaskInstance: daily_paper.get_joke_task manual__2022-12-12T17:39:05.538894+00:00 [running]> on host 6bb81baa0a52
[2022-12-12 17:39:06,598] {taskinstance.py:1571} INFO - Exporting the following env vars:
AIRFLOW_CTX_DAG_EMAIL=akash.khamkar40@gmail.com
AIRFLOW_CTX_DAG_OWNER=akashk
AIRFLOW_CTX_DAG_ID=daily_paper
AIRFLOW_CTX_TASK_ID=get_joke_task
AIRFLOW_CTX_EXECUTION_DATE=2022-12-12T17:39:05.538894+00:00
AIRFLOW_CTX_TRY_NUMBER=1
AIRFLOW_CTX_DAG_RUN_ID=manual__2022-12-12T17:39:05.538894+00:00
[2022-12-12 17:39:07,172] {logging_mixin.py:115} INFO - {'error': False, 'category': 'Programming', 'type': 'single', 'joke': 'Today I learned that changing random stuff until your program works is "hacky" and a "bad coding practice" but if you do it fast enough it\'s "Machine Learning" and pays 4x your current salary.', 'flags': {'nsfw': False, 'religious': False, 'political': False, 'racist': False, 'sexist': False, 'explicit': False}, 'id': 33, 'safe': True, 'lang': 'en'}
[2022-12-12 17:39:07,175] {python.py:173} INFO - Done. Returned value was: Today I learned that changing random stuff until your program works is "hacky" and a "bad coding practice" but if you do it fast enough it's "Machine Learning" and pays 4x your current salary.
[2022-12-12 17:39:07,228] {taskinstance.py:1400} INFO - Marking task as SUCCESS. dag_id=daily_paper, task_id=get_joke_task, execution_date=20221212T173905, start_date=20221212T173906, end_date=20221212T173907
[2022-12-12 17:39:07,255] {local_task_job.py:156} INFO - Task exited with return code 0
[2022-12-12 17:39:07,285] {local_task_job.py:273} INFO - 0 downstream tasks scheduled from follow-on schedule check
