[2022-12-12 17:13:14,613] {taskinstance.py:1159} INFO - Dependencies all met for <TaskInstance: daily_paper.combine_articles_task manual__2022-12-12T17:13:11.997135+00:00 [queued]>
[2022-12-12 17:13:14,618] {taskinstance.py:1159} INFO - Dependencies all met for <TaskInstance: daily_paper.combine_articles_task manual__2022-12-12T17:13:11.997135+00:00 [queued]>
[2022-12-12 17:13:14,619] {taskinstance.py:1356} INFO - 
--------------------------------------------------------------------------------
[2022-12-12 17:13:14,619] {taskinstance.py:1357} INFO - Starting attempt 1 of 2
[2022-12-12 17:13:14,619] {taskinstance.py:1358} INFO - 
--------------------------------------------------------------------------------
[2022-12-12 17:13:14,627] {taskinstance.py:1377} INFO - Executing <Task(PythonOperator): combine_articles_task> on 2022-12-12 17:13:11.997135+00:00
[2022-12-12 17:13:14,630] {standard_task_runner.py:52} INFO - Started process 645 to run task
[2022-12-12 17:13:14,633] {standard_task_runner.py:79} INFO - Running: ['***', 'tasks', 'run', 'daily_paper', 'combine_articles_task', 'manual__2022-12-12T17:13:11.997135+00:00', '--job-id', '212', '--raw', '--subdir', 'DAGS_FOLDER/morning-paper.py', '--cfg-path', '/tmp/tmp60a8vzka', '--error-file', '/tmp/tmp4_tlvz2d']
[2022-12-12 17:13:14,634] {standard_task_runner.py:80} INFO - Job 212: Subtask combine_articles_task
[2022-12-12 17:13:14,673] {task_command.py:369} INFO - Running <TaskInstance: daily_paper.combine_articles_task manual__2022-12-12T17:13:11.997135+00:00 [running]> on host 6bb81baa0a52
[2022-12-12 17:13:14,719] {taskinstance.py:1571} INFO - Exporting the following env vars:
AIRFLOW_CTX_DAG_EMAIL=akash.khamkar40@gmail.com
AIRFLOW_CTX_DAG_OWNER=akashk
AIRFLOW_CTX_DAG_ID=daily_paper
AIRFLOW_CTX_TASK_ID=combine_articles_task
AIRFLOW_CTX_EXECUTION_DATE=2022-12-12T17:13:11.997135+00:00
AIRFLOW_CTX_TRY_NUMBER=1
AIRFLOW_CTX_DAG_RUN_ID=manual__2022-12-12T17:13:11.997135+00:00
[2022-12-12 17:13:14,748] {logging_mixin.py:115} INFO - {'joke': "I bought some shoes from a drug dealer. I don't know what he laced them with, but I was tripping all day!", 'quote': 'Most people achieved their greatest success one step beyond what looked like their greatest failure.', 'news': [{'title': 'Metal Powders Additive Manufacturing Market to Register Explosive Growth and Detailed Analysis', 'published_date': '2022-12-12 17:13:09', 'summary': 'Metal Powders Additive Manufacturing Market to Register Explosive Growth and Detailed Analysis\n\nMetal Powders Additive Manufacturing Market\n\nhttps://www.transparencymarketresearch.com/sample/sample.php?flag=S&rep_id=33197\n\nhttps://www.transparencymarketresearch.com/sample/sample.php?flag=EB&rep_id=33197\n\nhttps://tmrblog.com\n\nThis market intelligence report by TMR closely evaluates various parameters and attributes that pose an influential degree of effect on the Metal Powders Additive Manufacturing market in coming years.'}, {'title': 'Fraport boss Schulte calls for more immigration – •', 'published_date': '2022-12-12 17:12:57', 'summary': "Frankfurt Airport boss Stefan Schulte is in favor of increased immigration, including of low-skilled workers from abroad, in order to avoid problems with the security of supply in Germany.\nThe daily mirror app The latest news, background information and analyzes straight to your smartphone. Plus the digital newspaper. Download here for free.\n'We have to be open to an immigration culture, specifically to an immigration law,' said Schulte 'Tagesspiegel Background Verkehr & Smart Mobility'. Above all, immigration from non-EU countries must be simplified."}, {'title': 'Metal Casting Market 2023  Worth US$ 236.7 Billion by 2028  Growth Rate (CAGR) of 7.4%', 'published_date': '2022-12-12 17:12:35', 'summary': 'Metal Casting Market 2023 | Worth US$ 236.7 Billion by 2028 | Growth Rate (CAGR) of 7.4% | IMARC Group\n\nMetal Casting Market\n\nhttps://www.imarcgroup.com/metal-casting-market/requestsample\n\nhttps://www.imarcgroup.com/metal-casting-market\n\nhttps://www.imarcgroup.com/actuators-market\n\nhttps://www.imarcgroup.com/electronic-design-automation-market\n\nhttps://www.imarcgroup.com/hard-seltzer-market\n\nhttps://www.imarcgroup.com/tuberculosis-diagnostics-market\n\nhttps://www.imarcgroup.com/reclaimed-lumber-market\n\nhttps://www.'}], 'meme': 'https://redd.it/zjsfz5'}
[2022-12-12 17:13:14,749] {python.py:173} INFO - Done. Returned value was: {'joke': "I bought some shoes from a drug dealer. I don't know what he laced them with, but I was tripping all day!", 'quote': 'Most people achieved their greatest success one step beyond what looked like their greatest failure.', 'news': [{'title': 'Metal Powders Additive Manufacturing Market to Register Explosive Growth and Detailed Analysis', 'published_date': '2022-12-12 17:13:09', 'summary': 'Metal Powders Additive Manufacturing Market to Register Explosive Growth and Detailed Analysis\n\nMetal Powders Additive Manufacturing Market\n\nhttps://www.transparencymarketresearch.com/sample/sample.php?flag=S&rep_id=33197\n\nhttps://www.transparencymarketresearch.com/sample/sample.php?flag=EB&rep_id=33197\n\nhttps://tmrblog.com\n\nThis market intelligence report by TMR closely evaluates various parameters and attributes that pose an influential degree of effect on the Metal Powders Additive Manufacturing market in coming years.'}, {'title': 'Fraport boss Schulte calls for more immigration – •', 'published_date': '2022-12-12 17:12:57', 'summary': "Frankfurt Airport boss Stefan Schulte is in favor of increased immigration, including of low-skilled workers from abroad, in order to avoid problems with the security of supply in Germany.\nThe daily mirror app The latest news, background information and analyzes straight to your smartphone. Plus the digital newspaper. Download here for free.\n'We have to be open to an immigration culture, specifically to an immigration law,' said Schulte 'Tagesspiegel Background Verkehr & Smart Mobility'. Above all, immigration from non-EU countries must be simplified."}, {'title': 'Metal Casting Market 2023  Worth US$ 236.7 Billion by 2028  Growth Rate (CAGR) of 7.4%', 'published_date': '2022-12-12 17:12:35', 'summary': 'Metal Casting Market 2023 | Worth US$ 236.7 Billion by 2028 | Growth Rate (CAGR) of 7.4% | IMARC Group\n\nMetal Casting Market\n\nhttps://www.imarcgroup.com/metal-casting-market/requestsample\n\nhttps://www.imarcgroup.com/metal-casting-market\n\nhttps://www.imarcgroup.com/actuators-market\n\nhttps://www.imarcgroup.com/electronic-design-automation-market\n\nhttps://www.imarcgroup.com/hard-seltzer-market\n\nhttps://www.imarcgroup.com/tuberculosis-diagnostics-market\n\nhttps://www.imarcgroup.com/reclaimed-lumber-market\n\nhttps://www.'}], 'meme': 'https://redd.it/zjsfz5'}
[2022-12-12 17:13:14,767] {taskinstance.py:1400} INFO - Marking task as SUCCESS. dag_id=daily_paper, task_id=combine_articles_task, execution_date=20221212T171311, start_date=20221212T171314, end_date=20221212T171314
[2022-12-12 17:13:14,808] {local_task_job.py:156} INFO - Task exited with return code 0
[2022-12-12 17:13:14,832] {local_task_job.py:273} INFO - 1 downstream tasks scheduled from follow-on schedule check
