[2022-12-13 11:06:52,145] {taskinstance.py:1159} INFO - Dependencies all met for <TaskInstance: cereal_paper.combine_articles_task manual__2022-12-13T11:06:48.177547+00:00 [queued]>
[2022-12-13 11:06:52,151] {taskinstance.py:1159} INFO - Dependencies all met for <TaskInstance: cereal_paper.combine_articles_task manual__2022-12-13T11:06:48.177547+00:00 [queued]>
[2022-12-13 11:06:52,152] {taskinstance.py:1356} INFO - 
--------------------------------------------------------------------------------
[2022-12-13 11:06:52,152] {taskinstance.py:1357} INFO - Starting attempt 1 of 2
[2022-12-13 11:06:52,153] {taskinstance.py:1358} INFO - 
--------------------------------------------------------------------------------
[2022-12-13 11:06:52,160] {taskinstance.py:1377} INFO - Executing <Task(PythonOperator): combine_articles_task> on 2022-12-13 11:06:48.177547+00:00
[2022-12-13 11:06:52,163] {standard_task_runner.py:52} INFO - Started process 199 to run task
[2022-12-13 11:06:52,166] {standard_task_runner.py:79} INFO - Running: ['***', 'tasks', 'run', 'cereal_paper', 'combine_articles_task', 'manual__2022-12-13T11:06:48.177547+00:00', '--job-id', '150', '--raw', '--subdir', 'DAGS_FOLDER/cereal-paper.py', '--cfg-path', '/tmp/tmpjlctmst8', '--error-file', '/tmp/tmpm0i36c_n']
[2022-12-13 11:06:52,168] {standard_task_runner.py:80} INFO - Job 150: Subtask combine_articles_task
[2022-12-13 11:06:52,236] {task_command.py:369} INFO - Running <TaskInstance: cereal_paper.combine_articles_task manual__2022-12-13T11:06:48.177547+00:00 [running]> on host b1ba50e012c2
[2022-12-13 11:06:52,307] {taskinstance.py:1571} INFO - Exporting the following env vars:
AIRFLOW_CTX_DAG_EMAIL=cerealman@akashkhamkar.in
AIRFLOW_CTX_DAG_OWNER=akashk
AIRFLOW_CTX_DAG_ID=cereal_paper
AIRFLOW_CTX_TASK_ID=combine_articles_task
AIRFLOW_CTX_EXECUTION_DATE=2022-12-13T11:06:48.177547+00:00
AIRFLOW_CTX_TRY_NUMBER=1
AIRFLOW_CTX_DAG_RUN_ID=manual__2022-12-13T11:06:48.177547+00:00
[2022-12-13 11:06:52,400] {logging_mixin.py:115} INFO - {'joke': 'I have a fish that can breakdance! Only for 20 seconds though, and only once.', 'quote': 'Curiosity is the most powerful thing you own. Imagination is a force that can actually manifest a reality.', 'news': [{'title': "Report finds 'widespread failure' to label ads by social media influencers", 'published_date': '2022-12-13 10:46:18', 'summary': 'Nearly half of commercial content posted by influencers is not labelled as advertising, a new review has found. The Competition and Consumer Protection Commission (CCPC) has published its report on social media influencers. The report found that 48.4% of the commercial content reviewed by the CCPC'}, {'title': "Men's mental health advocates urge people to look for signs someone needs support", 'published_date': '2022-12-13 10:46:06', 'summary': 'Many people are worried about money right now – and for some, it could be taking a toll on their mental health. For men in particular, the psychological impact of facing financial difficulties can hit hard. “Lots of people are feeling extra pressure at the moment because of the increase in the cost'}, {'title': 'Kian Egan makes sweet gesture to Westlife fan who fell ill before concert', 'published_date': '2022-12-13 10:45:56', 'summary': 'After a fan fell ill after queuing for a Westlife concert in Nottingham, she shared her disappointment on social media - Kian reached out with a generous and thoughtful offer'}], 'meme': 'https://redd.it/zkpv85', 'songs': [["Waitin' On The Day", 'Paradise Valley', 'John Mayer'], ['Go Easy On Me', 'The Complete 2012 Performances Collection', 'John Mayer'], ['Just What I Needed', 'The Cars', 'The Cars']]}
[2022-12-13 11:06:52,400] {python.py:173} INFO - Done. Returned value was: {'joke': 'I have a fish that can breakdance! Only for 20 seconds though, and only once.', 'quote': 'Curiosity is the most powerful thing you own. Imagination is a force that can actually manifest a reality.', 'news': [{'title': "Report finds 'widespread failure' to label ads by social media influencers", 'published_date': '2022-12-13 10:46:18', 'summary': 'Nearly half of commercial content posted by influencers is not labelled as advertising, a new review has found. The Competition and Consumer Protection Commission (CCPC) has published its report on social media influencers. The report found that 48.4% of the commercial content reviewed by the CCPC'}, {'title': "Men's mental health advocates urge people to look for signs someone needs support", 'published_date': '2022-12-13 10:46:06', 'summary': 'Many people are worried about money right now – and for some, it could be taking a toll on their mental health. For men in particular, the psychological impact of facing financial difficulties can hit hard. “Lots of people are feeling extra pressure at the moment because of the increase in the cost'}, {'title': 'Kian Egan makes sweet gesture to Westlife fan who fell ill before concert', 'published_date': '2022-12-13 10:45:56', 'summary': 'After a fan fell ill after queuing for a Westlife concert in Nottingham, she shared her disappointment on social media - Kian reached out with a generous and thoughtful offer'}], 'meme': 'https://redd.it/zkpv85', 'songs': [["Waitin' On The Day", 'Paradise Valley', 'John Mayer'], ['Go Easy On Me', 'The Complete 2012 Performances Collection', 'John Mayer'], ['Just What I Needed', 'The Cars', 'The Cars']]}
[2022-12-13 11:06:52,437] {taskinstance.py:1400} INFO - Marking task as SUCCESS. dag_id=cereal_paper, task_id=combine_articles_task, execution_date=20221213T110648, start_date=20221213T110652, end_date=20221213T110652
[2022-12-13 11:06:52,582] {local_task_job.py:156} INFO - Task exited with return code 0
[2022-12-13 11:06:52,649] {local_task_job.py:273} INFO - 2 downstream tasks scheduled from follow-on schedule check
