[2022-12-12 12:44:37,781] {taskinstance.py:1159} INFO - Dependencies all met for <TaskInstance: daily_Paper.combine_articles_task manual__2022-12-12T12:44:34.656800+00:00 [queued]>
[2022-12-12 12:44:37,789] {taskinstance.py:1159} INFO - Dependencies all met for <TaskInstance: daily_Paper.combine_articles_task manual__2022-12-12T12:44:34.656800+00:00 [queued]>
[2022-12-12 12:44:37,790] {taskinstance.py:1356} INFO - 
--------------------------------------------------------------------------------
[2022-12-12 12:44:37,790] {taskinstance.py:1357} INFO - Starting attempt 1 of 2
[2022-12-12 12:44:37,791] {taskinstance.py:1358} INFO - 
--------------------------------------------------------------------------------
[2022-12-12 12:44:37,801] {taskinstance.py:1377} INFO - Executing <Task(PythonOperator): combine_articles_task> on 2022-12-12 12:44:34.656800+00:00
[2022-12-12 12:44:37,805] {standard_task_runner.py:52} INFO - Started process 772 to run task
[2022-12-12 12:44:37,808] {standard_task_runner.py:79} INFO - Running: ['***', 'tasks', 'run', 'daily_Paper', 'combine_articles_task', 'manual__2022-12-12T12:44:34.656800+00:00', '--job-id', '36', '--raw', '--subdir', 'DAGS_FOLDER/morning-paper.py', '--cfg-path', '/tmp/tmp04xnx_l5', '--error-file', '/tmp/tmp59dd4uwb']
[2022-12-12 12:44:37,810] {standard_task_runner.py:80} INFO - Job 36: Subtask combine_articles_task
[2022-12-12 12:44:37,854] {task_command.py:369} INFO - Running <TaskInstance: daily_Paper.combine_articles_task manual__2022-12-12T12:44:34.656800+00:00 [running]> on host cbcd6542cb8e
[2022-12-12 12:44:37,908] {taskinstance.py:1571} INFO - Exporting the following env vars:
AIRFLOW_CTX_DAG_EMAIL=akash.khamkar40@gmail.com
AIRFLOW_CTX_DAG_OWNER=akashk
AIRFLOW_CTX_DAG_ID=daily_Paper
AIRFLOW_CTX_TASK_ID=combine_articles_task
AIRFLOW_CTX_EXECUTION_DATE=2022-12-12T12:44:34.656800+00:00
AIRFLOW_CTX_TRY_NUMBER=1
AIRFLOW_CTX_DAG_RUN_ID=manual__2022-12-12T12:44:34.656800+00:00
[2022-12-12 12:44:37,930] {logging_mixin.py:115} INFO - A neutron walks into a bar and asks for a price on a drink.
The barkeeper says: "For you... no charge!" [{'title': 'Smartwatch Market to Register Highest CAGR Growth of 21.00% by 2028: Analysis by Segmentation, Competitors Analysis, Product Research and Future Trends', 'author': 'Data Bridge Market Research', 'published_date': '2022-12-12 12:44:34', 'published_date_precision': 'timezone unknown', 'link': 'https://www.openpr.com/news/2844568/smartwatch-market-to-register-highest-cagr-growth-of-21-00', 'clean_url': 'openpr.com', 'excerpt': 'Data Bridge Market research has recently released expansive research titled Global Smartwatch Market guarantees you will remain better informed than your competition This study provides the broader…', 'summary': 'Smartwatch Market to Register Highest CAGR Growth of 21.00% by 2028: Analysis by Segmentation, Competitors Analysis, Product Research and Future Trends\n\nSmartwatch Market\n\nhttps://www.databridgemarketresearch.com/request-a-sample/?dbmr=global-smartwatch-market\n\nhttps://www.databridgemarketresearch.com/reports/global-smartwatch-market\n\nhttps://www.databridgemarketresearch.com/reports/global-smartwatch-market\n\nhttps://www.databridgemarketresearch.com/toc/?dbmr=global-smartwatch-market\n\nhttps://www.', 'rights': 'openpr.com', 'rank': 9387, 'topic': 'news', 'country': 'DE', 'language': 'en', 'authors': 'Data Bridge Market Research', 'media': 'https://cdn.openpr.com/V/c/Vc12715919_g.jpg', 'is_opinion': False, 'twitter_account': None, '_score': None, '_id': '0372f67f82bbb66633d5b2a0a0db91bd'}, {'title': 'Medical Flexible Packaging Market Future Set to Significant Growth with High CAGR value 2022', 'author': 't Hive Research', 'published_date': '2022-12-12 12:44:28', 'published_date_precision': 'timezone unknown', 'link': 'https://www.openpr.com/news/2844567/medical-flexible-packaging-market-future-set-to-significant', 'clean_url': 'openpr.com', 'excerpt': 'The Report Hive Research has added a new statistical market report to its repository titled as Medical Flexible Packaging Market It provides the industry overview with market growth analysis with a…', 'summary': 'Medical Flexible Packaging Market Future Set to Significant Growth with High CAGR value 2022 | Amcor, Amcor, Aptar\n\nhttps://www.reporthive.com/request_sample/3083624\n\nhttps://www.reporthive.com/checkout?currency=single-user-licence&reportid=3083624\n\nhttps://www.reporthive.com/request_customization/3083624\n\nThe Report Hive Research has added a new statistical market report to its repository titled as, Medical Flexible Packaging Market. It provides the industry overview with market growth analysis with a historical & futuristic perspective for the following parameters; cost, revenue, demands, and supply data (as applicable).', 'rights': 'openpr.com', 'rank': 9387, 'topic': 'news', 'country': 'DE', 'language': 'en', 'authors': 't Hive Research', 'media': 'https://cdn.openpr.com/V/c/Vc12529487_g.jpg', 'is_opinion': False, 'twitter_account': None, '_score': None, '_id': 'd712ba8cb40b69368ee9f6814dcf6caf'}, {'title': 'Future Growth: SVOD (Subscription Video On Demand) Market Sees Promising Growth in 2022 Crackle, HBO, Hulu, Clro Video, Globo Play, Netflix', 'author': 'SMI', 'published_date': '2022-12-12 12:44:28', 'published_date_precision': 'timezone unknown', 'link': 'https://www.openpr.com/news/2844566/future-growth-svod-subscription-video-on-demand-market-sees', 'clean_url': 'openpr.com', 'excerpt': 'Worldwide SVOD Subscription Video On Demand Market 2022 Research Report presents a professional and complete analysis of the Global SVOD Subscription Video On Demand Market in the current situation…', 'summary': 'Future Growth: SVOD (Subscription Video On Demand) Market Sees Promising Growth in 2022 Crackle, HBO, Hulu, Clro Video, Globo Play, Netflix\n\nSVOD (Subscription Video On Demand) Market\n\nhttps://www.stratagemmarketinsights.com/sample/173806\n\nhttps://www.stratagemmarketinsights.com/sample/173806\n\nhttps://www.stratagemmarketinsights.com/quiry/173806\n\nhttps://www.stratagemmarketinsights.com/promobuy/173806\n\nhttps://www.stratagemmarketinsights.com/\n\nWorldwide "SVOD (Subscription Video On Demand) Market" 2022 Research Report presents a professional and complete analysis of the Global SVOD (Subscription Video On Demand) Market in the current situation.', 'rights': 'openpr.com', 'rank': 9387, 'topic': 'news', 'country': 'DE', 'language': 'en', 'authors': 'SMI', 'media': 'https://cdn.openpr.com/V/c/Vc12866210_g.jpg', 'is_opinion': False, 'twitter_account': None, '_score': None, '_id': 'b33ec328936d613009e9609498c191a4'}]
[2022-12-12 12:44:37,931] {python.py:173} INFO - Done. Returned value was: None
[2022-12-12 12:44:37,941] {taskinstance.py:1400} INFO - Marking task as SUCCESS. dag_id=daily_Paper, task_id=combine_articles_task, execution_date=20221212T124434, start_date=20221212T124437, end_date=20221212T124437
[2022-12-12 12:44:37,982] {local_task_job.py:156} INFO - Task exited with return code 0
[2022-12-12 12:44:38,005] {local_task_job.py:273} INFO - 0 downstream tasks scheduled from follow-on schedule check
