[2022-12-13 10:50:53,334] {taskinstance.py:1159} INFO - Dependencies all met for <TaskInstance: cereal_paper.get_meme_task manual__2022-12-13T10:50:51.721654+00:00 [queued]>
[2022-12-13 10:50:53,350] {taskinstance.py:1159} INFO - Dependencies all met for <TaskInstance: cereal_paper.get_meme_task manual__2022-12-13T10:50:51.721654+00:00 [queued]>
[2022-12-13 10:50:53,353] {taskinstance.py:1356} INFO - 
--------------------------------------------------------------------------------
[2022-12-13 10:50:53,353] {taskinstance.py:1357} INFO - Starting attempt 1 of 2
[2022-12-13 10:50:53,354] {taskinstance.py:1358} INFO - 
--------------------------------------------------------------------------------
[2022-12-13 10:50:53,368] {taskinstance.py:1377} INFO - Executing <Task(PythonOperator): get_meme_task> on 2022-12-13 10:50:51.721654+00:00
[2022-12-13 10:50:53,373] {standard_task_runner.py:52} INFO - Started process 314 to run task
[2022-12-13 10:50:53,380] {standard_task_runner.py:79} INFO - Running: ['***', 'tasks', 'run', 'cereal_paper', 'get_meme_task', 'manual__2022-12-13T10:50:51.721654+00:00', '--job-id', '114', '--raw', '--subdir', 'DAGS_FOLDER/cereal-paper.py', '--cfg-path', '/tmp/tmpq5xaecvk', '--error-file', '/tmp/tmpk3i8grkg']
[2022-12-13 10:50:53,383] {standard_task_runner.py:80} INFO - Job 114: Subtask get_meme_task
[2022-12-13 10:50:53,530] {task_command.py:369} INFO - Running <TaskInstance: cereal_paper.get_meme_task manual__2022-12-13T10:50:51.721654+00:00 [running]> on host 43dbd6b00d73
[2022-12-13 10:50:53,674] {taskinstance.py:1571} INFO - Exporting the following env vars:
AIRFLOW_CTX_DAG_EMAIL=cerealman@akashkhamkar.in
AIRFLOW_CTX_DAG_OWNER=akashk
AIRFLOW_CTX_DAG_ID=cereal_paper
AIRFLOW_CTX_TASK_ID=get_meme_task
AIRFLOW_CTX_EXECUTION_DATE=2022-12-13T10:50:51.721654+00:00
AIRFLOW_CTX_TRY_NUMBER=1
AIRFLOW_CTX_DAG_RUN_ID=manual__2022-12-13T10:50:51.721654+00:00
[2022-12-13 10:50:54,554] {python.py:173} INFO - Done. Returned value was: https://redd.it/zki98r
[2022-12-13 10:50:54,680] {taskinstance.py:1400} INFO - Marking task as SUCCESS. dag_id=cereal_paper, task_id=get_meme_task, execution_date=20221213T105051, start_date=20221213T105053, end_date=20221213T105054
[2022-12-13 10:50:54,823] {local_task_job.py:156} INFO - Task exited with return code 0
[2022-12-13 10:50:54,906] {local_task_job.py:273} INFO - 0 downstream tasks scheduled from follow-on schedule check
