[2022-12-12 18:44:28,404] {taskinstance.py:1159} INFO - Dependencies all met for <TaskInstance: daily_paper.get_joke_task manual__2022-12-12T18:44:27.286343+00:00 [queued]>
[2022-12-12 18:44:28,416] {taskinstance.py:1159} INFO - Dependencies all met for <TaskInstance: daily_paper.get_joke_task manual__2022-12-12T18:44:27.286343+00:00 [queued]>
[2022-12-12 18:44:28,416] {taskinstance.py:1356} INFO - 
--------------------------------------------------------------------------------
[2022-12-12 18:44:28,417] {taskinstance.py:1357} INFO - Starting attempt 1 of 2
[2022-12-12 18:44:28,417] {taskinstance.py:1358} INFO - 
--------------------------------------------------------------------------------
[2022-12-12 18:44:28,434] {taskinstance.py:1377} INFO - Executing <Task(PythonOperator): get_joke_task> on 2022-12-12 18:44:27.286343+00:00
[2022-12-12 18:44:28,444] {standard_task_runner.py:52} INFO - Started process 2987 to run task
[2022-12-12 18:44:28,461] {standard_task_runner.py:79} INFO - Running: ['***', 'tasks', 'run', 'daily_paper', 'get_joke_task', 'manual__2022-12-12T18:44:27.286343+00:00', '--job-id', '464', '--raw', '--subdir', 'DAGS_FOLDER/morning-paper.py', '--cfg-path', '/tmp/tmpogizzzz6', '--error-file', '/tmp/tmpx5a5inqo']
[2022-12-12 18:44:28,463] {standard_task_runner.py:80} INFO - Job 464: Subtask get_joke_task
[2022-12-12 18:44:28,546] {task_command.py:369} INFO - Running <TaskInstance: daily_paper.get_joke_task manual__2022-12-12T18:44:27.286343+00:00 [running]> on host 6bb81baa0a52
[2022-12-12 18:44:28,629] {taskinstance.py:1571} INFO - Exporting the following env vars:
AIRFLOW_CTX_DAG_EMAIL=akash.khamkar40@gmail.com
AIRFLOW_CTX_DAG_OWNER=akashk
AIRFLOW_CTX_DAG_ID=daily_paper
AIRFLOW_CTX_TASK_ID=get_joke_task
AIRFLOW_CTX_EXECUTION_DATE=2022-12-12T18:44:27.286343+00:00
AIRFLOW_CTX_TRY_NUMBER=1
AIRFLOW_CTX_DAG_RUN_ID=manual__2022-12-12T18:44:27.286343+00:00
[2022-12-12 18:44:29,428] {logging_mixin.py:115} INFO - {'error': False, 'category': 'Pun', 'type': 'single', 'joke': 'To whoever stole my copy of Microsoft Office, I will find you. You have my Word!', 'flags': {'nsfw': False, 'religious': False, 'political': False, 'racist': False, 'sexist': False, 'explicit': False}, 'id': 191, 'safe': True, 'lang': 'en'}
[2022-12-12 18:44:29,428] {python.py:173} INFO - Done. Returned value was: To whoever stole my copy of Microsoft Office, I will find you. You have my Word!
[2022-12-12 18:44:29,455] {taskinstance.py:1400} INFO - Marking task as SUCCESS. dag_id=daily_paper, task_id=get_joke_task, execution_date=20221212T184427, start_date=20221212T184428, end_date=20221212T184429
[2022-12-12 18:44:29,486] {local_task_job.py:156} INFO - Task exited with return code 0
[2022-12-12 18:44:29,513] {local_task_job.py:273} INFO - 0 downstream tasks scheduled from follow-on schedule check
