[2022-12-12 16:19:53,531] {taskinstance.py:1159} INFO - Dependencies all met for <TaskInstance: daily_paper.get_joke_task manual__2022-12-12T16:19:52.279021+00:00 [queued]>
[2022-12-12 16:19:53,541] {taskinstance.py:1159} INFO - Dependencies all met for <TaskInstance: daily_paper.get_joke_task manual__2022-12-12T16:19:52.279021+00:00 [queued]>
[2022-12-12 16:19:53,542] {taskinstance.py:1356} INFO - 
--------------------------------------------------------------------------------
[2022-12-12 16:19:53,542] {taskinstance.py:1357} INFO - Starting attempt 1 of 2
[2022-12-12 16:19:53,543] {taskinstance.py:1358} INFO - 
--------------------------------------------------------------------------------
[2022-12-12 16:19:53,564] {taskinstance.py:1377} INFO - Executing <Task(PythonOperator): get_joke_task> on 2022-12-12 16:19:52.279021+00:00
[2022-12-12 16:19:53,573] {standard_task_runner.py:52} INFO - Started process 2745 to run task
[2022-12-12 16:19:53,581] {standard_task_runner.py:79} INFO - Running: ['***', 'tasks', 'run', 'daily_paper', 'get_joke_task', 'manual__2022-12-12T16:19:52.279021+00:00', '--job-id', '108', '--raw', '--subdir', 'DAGS_FOLDER/morning-paper.py', '--cfg-path', '/tmp/tmpiei6yv1u', '--error-file', '/tmp/tmpeht0gykn']
[2022-12-12 16:19:53,583] {standard_task_runner.py:80} INFO - Job 108: Subtask get_joke_task
[2022-12-12 16:19:53,657] {task_command.py:369} INFO - Running <TaskInstance: daily_paper.get_joke_task manual__2022-12-12T16:19:52.279021+00:00 [running]> on host cbcd6542cb8e
[2022-12-12 16:19:53,709] {taskinstance.py:1571} INFO - Exporting the following env vars:
AIRFLOW_CTX_DAG_EMAIL=akash.khamkar40@gmail.com
AIRFLOW_CTX_DAG_OWNER=akashk
AIRFLOW_CTX_DAG_ID=daily_paper
AIRFLOW_CTX_TASK_ID=get_joke_task
AIRFLOW_CTX_EXECUTION_DATE=2022-12-12T16:19:52.279021+00:00
AIRFLOW_CTX_TRY_NUMBER=1
AIRFLOW_CTX_DAG_RUN_ID=manual__2022-12-12T16:19:52.279021+00:00
[2022-12-12 16:19:54,562] {logging_mixin.py:115} INFO - {'error': False, 'category': 'Programming', 'type': 'single', 'joke': "I have a joke about Stack Overflow, but you would say it's a duplicate.", 'flags': {'nsfw': False, 'religious': False, 'political': False, 'racist': False, 'sexist': False, 'explicit': False}, 'safe': True, 'id': 301, 'lang': 'en'}
[2022-12-12 16:19:54,563] {python.py:173} INFO - Done. Returned value was: I have a joke about Stack Overflow, but you would say it's a duplicate.
[2022-12-12 16:19:54,585] {taskinstance.py:1400} INFO - Marking task as SUCCESS. dag_id=daily_paper, task_id=get_joke_task, execution_date=20221212T161952, start_date=20221212T161953, end_date=20221212T161954
[2022-12-12 16:19:54,615] {local_task_job.py:156} INFO - Task exited with return code 0
[2022-12-12 16:19:54,642] {local_task_job.py:273} INFO - 0 downstream tasks scheduled from follow-on schedule check
