[2022-12-12 17:58:08,261] {taskinstance.py:1159} INFO - Dependencies all met for <TaskInstance: daily_paper.get_joke_task manual__2022-12-12T17:58:07.147992+00:00 [queued]>
[2022-12-12 17:58:08,268] {taskinstance.py:1159} INFO - Dependencies all met for <TaskInstance: daily_paper.get_joke_task manual__2022-12-12T17:58:07.147992+00:00 [queued]>
[2022-12-12 17:58:08,269] {taskinstance.py:1356} INFO - 
--------------------------------------------------------------------------------
[2022-12-12 17:58:08,270] {taskinstance.py:1357} INFO - Starting attempt 1 of 2
[2022-12-12 17:58:08,270] {taskinstance.py:1358} INFO - 
--------------------------------------------------------------------------------
[2022-12-12 17:58:08,286] {taskinstance.py:1377} INFO - Executing <Task(PythonOperator): get_joke_task> on 2022-12-12 17:58:07.147992+00:00
[2022-12-12 17:58:08,290] {standard_task_runner.py:52} INFO - Started process 1641 to run task
[2022-12-12 17:58:08,297] {standard_task_runner.py:79} INFO - Running: ['***', 'tasks', 'run', 'daily_paper', 'get_joke_task', 'manual__2022-12-12T17:58:07.147992+00:00', '--job-id', '321', '--raw', '--subdir', 'DAGS_FOLDER/morning-paper.py', '--cfg-path', '/tmp/tmpzhkfrsu5', '--error-file', '/tmp/tmpvdglbu2j']
[2022-12-12 17:58:08,299] {standard_task_runner.py:80} INFO - Job 321: Subtask get_joke_task
[2022-12-12 17:58:08,375] {task_command.py:369} INFO - Running <TaskInstance: daily_paper.get_joke_task manual__2022-12-12T17:58:07.147992+00:00 [running]> on host 6bb81baa0a52
[2022-12-12 17:58:08,457] {taskinstance.py:1571} INFO - Exporting the following env vars:
AIRFLOW_CTX_DAG_EMAIL=akash.khamkar40@gmail.com
AIRFLOW_CTX_DAG_OWNER=akashk
AIRFLOW_CTX_DAG_ID=daily_paper
AIRFLOW_CTX_TASK_ID=get_joke_task
AIRFLOW_CTX_EXECUTION_DATE=2022-12-12T17:58:07.147992+00:00
AIRFLOW_CTX_TRY_NUMBER=1
AIRFLOW_CTX_DAG_RUN_ID=manual__2022-12-12T17:58:07.147992+00:00
[2022-12-12 17:58:09,244] {logging_mixin.py:115} INFO - {'error': False, 'category': 'Programming', 'type': 'single', 'joke': "I'd tell you a joke about NAT but I would have to translate.", 'flags': {'nsfw': False, 'religious': False, 'political': False, 'racist': False, 'sexist': False, 'explicit': False}, 'safe': True, 'id': 319, 'lang': 'en'}
[2022-12-12 17:58:09,245] {python.py:173} INFO - Done. Returned value was: I'd tell you a joke about NAT but I would have to translate.
[2022-12-12 17:58:09,265] {taskinstance.py:1400} INFO - Marking task as SUCCESS. dag_id=daily_paper, task_id=get_joke_task, execution_date=20221212T175807, start_date=20221212T175808, end_date=20221212T175809
[2022-12-12 17:58:09,293] {local_task_job.py:156} INFO - Task exited with return code 0
[2022-12-12 17:58:09,319] {local_task_job.py:273} INFO - 0 downstream tasks scheduled from follow-on schedule check
