[2022-12-13 11:40:17,522] {taskinstance.py:1159} INFO - Dependencies all met for <TaskInstance: cereal_paper.create_pdf_task manual__2022-12-13T11:40:03.093088+00:00 [queued]>
[2022-12-13 11:40:17,529] {taskinstance.py:1159} INFO - Dependencies all met for <TaskInstance: cereal_paper.create_pdf_task manual__2022-12-13T11:40:03.093088+00:00 [queued]>
[2022-12-13 11:40:17,529] {taskinstance.py:1356} INFO - 
--------------------------------------------------------------------------------
[2022-12-13 11:40:17,529] {taskinstance.py:1357} INFO - Starting attempt 1 of 2
[2022-12-13 11:40:17,530] {taskinstance.py:1358} INFO - 
--------------------------------------------------------------------------------
[2022-12-13 11:40:17,538] {taskinstance.py:1377} INFO - Executing <Task(PythonOperator): create_pdf_task> on 2022-12-13 11:40:03.093088+00:00
[2022-12-13 11:40:17,541] {standard_task_runner.py:52} INFO - Started process 617 to run task
[2022-12-13 11:40:17,544] {standard_task_runner.py:79} INFO - Running: ['***', 'tasks', 'run', 'cereal_paper', 'create_pdf_task', 'manual__2022-12-13T11:40:03.093088+00:00', '--job-id', '197', '--raw', '--subdir', 'DAGS_FOLDER/cereal-paper.py', '--cfg-path', '/tmp/tmp8hnm7fip', '--error-file', '/tmp/tmphgb4tcoo']
[2022-12-13 11:40:17,545] {standard_task_runner.py:80} INFO - Job 197: Subtask create_pdf_task
[2022-12-13 11:40:17,611] {task_command.py:369} INFO - Running <TaskInstance: cereal_paper.create_pdf_task manual__2022-12-13T11:40:03.093088+00:00 [running]> on host 44822d5113ae
[2022-12-13 11:40:17,694] {taskinstance.py:1571} INFO - Exporting the following env vars:
AIRFLOW_CTX_DAG_EMAIL=cerealman@akashkhamkar.in
AIRFLOW_CTX_DAG_OWNER=akashk
AIRFLOW_CTX_DAG_ID=cereal_paper
AIRFLOW_CTX_TASK_ID=create_pdf_task
AIRFLOW_CTX_EXECUTION_DATE=2022-12-13T11:40:03.093088+00:00
AIRFLOW_CTX_TRY_NUMBER=1
AIRFLOW_CTX_DAG_RUN_ID=manual__2022-12-13T11:40:03.093088+00:00
[2022-12-13 11:40:17,961] {python.py:173} INFO - Done. Returned value was: ./temp/cereal_letterb7f1ca29-a86d-4e40-b277-91849fbc134c.pdf
[2022-12-13 11:40:18,073] {taskinstance.py:1400} INFO - Marking task as SUCCESS. dag_id=cereal_paper, task_id=create_pdf_task, execution_date=20221213T114003, start_date=20221213T114017, end_date=20221213T114018
[2022-12-13 11:40:18,119] {local_task_job.py:156} INFO - Task exited with return code 0
[2022-12-13 11:40:18,161] {local_task_job.py:273} INFO - 1 downstream tasks scheduled from follow-on schedule check
