[2022-12-12 12:44:59,838] {taskinstance.py:1159} INFO - Dependencies all met for <TaskInstance: daily_Paper.combine_articles_task manual__2022-12-12T12:43:56.398057+00:00 [queued]>
[2022-12-12 12:44:59,843] {taskinstance.py:1159} INFO - Dependencies all met for <TaskInstance: daily_Paper.combine_articles_task manual__2022-12-12T12:43:56.398057+00:00 [queued]>
[2022-12-12 12:44:59,844] {taskinstance.py:1356} INFO - 
--------------------------------------------------------------------------------
[2022-12-12 12:44:59,844] {taskinstance.py:1357} INFO - Starting attempt 1 of 2
[2022-12-12 12:44:59,844] {taskinstance.py:1358} INFO - 
--------------------------------------------------------------------------------
[2022-12-12 12:44:59,851] {taskinstance.py:1377} INFO - Executing <Task(PythonOperator): combine_articles_task> on 2022-12-12 12:43:56.398057+00:00
[2022-12-12 12:44:59,854] {standard_task_runner.py:52} INFO - Started process 781 to run task
[2022-12-12 12:44:59,857] {standard_task_runner.py:79} INFO - Running: ['***', 'tasks', 'run', 'daily_Paper', 'combine_articles_task', 'manual__2022-12-12T12:43:56.398057+00:00', '--job-id', '38', '--raw', '--subdir', 'DAGS_FOLDER/morning-paper.py', '--cfg-path', '/tmp/tmpbr063_xd', '--error-file', '/tmp/tmpsc9u2loq']
[2022-12-12 12:44:59,858] {standard_task_runner.py:80} INFO - Job 38: Subtask combine_articles_task
[2022-12-12 12:44:59,896] {task_command.py:369} INFO - Running <TaskInstance: daily_Paper.combine_articles_task manual__2022-12-12T12:43:56.398057+00:00 [running]> on host cbcd6542cb8e
[2022-12-12 12:44:59,941] {taskinstance.py:1571} INFO - Exporting the following env vars:
AIRFLOW_CTX_DAG_EMAIL=akash.khamkar40@gmail.com
AIRFLOW_CTX_DAG_OWNER=akashk
AIRFLOW_CTX_DAG_ID=daily_Paper
AIRFLOW_CTX_TASK_ID=combine_articles_task
AIRFLOW_CTX_EXECUTION_DATE=2022-12-12T12:43:56.398057+00:00
AIRFLOW_CTX_TRY_NUMBER=1
AIRFLOW_CTX_DAG_RUN_ID=manual__2022-12-12T12:43:56.398057+00:00
[2022-12-12 12:44:59,962] {logging_mixin.py:115} INFO - The glass is neither half-full nor half-empty, the glass is twice as big as it needs to be. [{'title': 'Electronic Components Market Is Likely to Grasp the Value of USD 595,148.34 billion by 2029, Size, Share, Key Growth Drivers, Trends, Challenges and Competitive Landscape', 'author': 'Databridge Market Research', 'published_date': '2022-12-12 12:44:59', 'published_date_precision': 'timezone unknown', 'link': 'https://www.openpr.com/news/2844570/electronic-components-market-is-likely-to-grasp-the-value-of-usd', 'clean_url': 'openpr.com', 'excerpt': 'With the use of expert solutions and proficient capabilities Electronic Components market research report has been generated for the company DBMR team has excellent resources in research data…', 'summary': 'Electronic Components Market Is Likely to Grasp the Value of USD 595,148.34 billion by 2029, Size, Share, Key Growth Drivers, Trends, Challenges and Competitive Landscape\n\nElectronic Components\n\nhttps://www.databridgemarketresearch.com/request-a-sample/?dbmr=global-electronic-components-market\n\nhttps://www.databridgemarketresearch.com/checkout/buy/enterprise/global-electronic-components-market\n\nhttps://www.databridgemarketresearch.com/reports/global-electronic-components-market\n\nhttps://www.databridgemarketresearch.', 'rights': 'openpr.com', 'rank': 9387, 'topic': 'news', 'country': 'DE', 'language': 'en', 'authors': 'Databridge Market Research', 'media': 'https://cdn.openpr.com/V/c/Vc12555130_g.jpg', 'is_opinion': False, 'twitter_account': None, '_score': None, '_id': '571332d2f2c2513220ebdf3154de8009'}, {'title': 'Poultry Probiotic Ingredients Market value is set to grow by USD 197.3 Billion from 2022 to 2030', 'author': 'Acumen Research', 'published_date': '2022-12-12 12:44:41', 'published_date_precision': 'timezone unknown', 'link': 'https://www.openpr.com/news/2844569/poultry-probiotic-ingredients-market-value-is-set-to-grow-by-usd', 'clean_url': 'openpr.com', 'excerpt': 'The worldwide poultry probiotic ingredients market present value is around USD 80 million in 2018 The industry is anticipated to reach over USD 197 3 million by 2030 Expanding consumer demand for meat…', 'summary': 'Poultry Probiotic Ingredients Market value is set to grow by USD 197.3 Billion from 2022 to 2030\n\nhttps://www.acumenresearchandconsulting.com/request-sample/1129\n\nhttps://www.acumenresearchandconsulting.com/poultry-probiotic-ingredients-market\n\nhttps://www.acumenresearchandconsulting.com/press-releases\n\nhttps://www.acumenresearchandconsulting.com/blogs\n\nhttps://www.acumenresearchandconsulting.com/inquiry-before-buying/1129\n\nhttps://www.acumenresearchandconsulting.com/buy-now/0/1129\n\nThe worldwide poultry probiotic ingredients market present value is around USD 80 million in 2018.', 'rights': 'openpr.com', 'rank': 9387, 'topic': 'news', 'country': 'DE', 'language': 'en', 'authors': 'Acumen Research,Consulting', 'media': 'https://cdn.openpr.com/V/c/Vc12111440_g.jpg', 'is_opinion': False, 'twitter_account': None, '_score': None, '_id': '3fcf09c75d9252816dc967aede82a29c'}, {'title': 'Smartwatch Market to Register Highest CAGR Growth of 21.00% by 2028: Analysis by Segmentation, Competitors Analysis, Product Research and Future Trends', 'author': 'Data Bridge Market Research', 'published_date': '2022-12-12 12:44:34', 'published_date_precision': 'timezone unknown', 'link': 'https://www.openpr.com/news/2844568/smartwatch-market-to-register-highest-cagr-growth-of-21-00', 'clean_url': 'openpr.com', 'excerpt': 'Data Bridge Market research has recently released expansive research titled Global Smartwatch Market guarantees you will remain better informed than your competition This study provides the broader…', 'summary': 'Smartwatch Market to Register Highest CAGR Growth of 21.00% by 2028: Analysis by Segmentation, Competitors Analysis, Product Research and Future Trends\n\nSmartwatch Market\n\nhttps://www.databridgemarketresearch.com/request-a-sample/?dbmr=global-smartwatch-market\n\nhttps://www.databridgemarketresearch.com/reports/global-smartwatch-market\n\nhttps://www.databridgemarketresearch.com/reports/global-smartwatch-market\n\nhttps://www.databridgemarketresearch.com/toc/?dbmr=global-smartwatch-market\n\nhttps://www.', 'rights': 'openpr.com', 'rank': 9387, 'topic': 'news', 'country': 'DE', 'language': 'en', 'authors': 'Data Bridge Market Research', 'media': 'https://cdn.openpr.com/V/c/Vc12715919_g.jpg', 'is_opinion': False, 'twitter_account': None, '_score': None, '_id': '0372f67f82bbb66633d5b2a0a0db91bd'}]
[2022-12-12 12:44:59,964] {python.py:173} INFO - Done. Returned value was: None
[2022-12-12 12:44:59,973] {taskinstance.py:1400} INFO - Marking task as SUCCESS. dag_id=daily_Paper, task_id=combine_articles_task, execution_date=20221212T124356, start_date=20221212T124459, end_date=20221212T124459
[2022-12-12 12:44:59,988] {local_task_job.py:156} INFO - Task exited with return code 0
[2022-12-12 12:45:00,010] {local_task_job.py:273} INFO - 0 downstream tasks scheduled from follow-on schedule check
