[2022-12-12 13:09:35,633] {taskinstance.py:1159} INFO - Dependencies all met for <TaskInstance: daily_Paper.get_joke_task manual__2022-12-12T13:09:34.837094+00:00 [queued]>
[2022-12-12 13:09:35,640] {taskinstance.py:1159} INFO - Dependencies all met for <TaskInstance: daily_Paper.get_joke_task manual__2022-12-12T13:09:34.837094+00:00 [queued]>
[2022-12-12 13:09:35,642] {taskinstance.py:1356} INFO - 
--------------------------------------------------------------------------------
[2022-12-12 13:09:35,642] {taskinstance.py:1357} INFO - Starting attempt 1 of 2
[2022-12-12 13:09:35,643] {taskinstance.py:1358} INFO - 
--------------------------------------------------------------------------------
[2022-12-12 13:09:35,664] {taskinstance.py:1377} INFO - Executing <Task(PythonOperator): get_joke_task> on 2022-12-12 13:09:34.837094+00:00
[2022-12-12 13:09:35,671] {standard_task_runner.py:52} INFO - Started process 1071 to run task
[2022-12-12 13:09:35,687] {standard_task_runner.py:79} INFO - Running: ['***', 'tasks', 'run', 'daily_Paper', 'get_joke_task', 'manual__2022-12-12T13:09:34.837094+00:00', '--job-id', '50', '--raw', '--subdir', 'DAGS_FOLDER/morning-paper.py', '--cfg-path', '/tmp/tmpb73kevq8', '--error-file', '/tmp/tmp8lqe28tg']
[2022-12-12 13:09:35,689] {standard_task_runner.py:80} INFO - Job 50: Subtask get_joke_task
[2022-12-12 13:09:35,773] {task_command.py:369} INFO - Running <TaskInstance: daily_Paper.get_joke_task manual__2022-12-12T13:09:34.837094+00:00 [running]> on host cbcd6542cb8e
[2022-12-12 13:09:35,842] {taskinstance.py:1571} INFO - Exporting the following env vars:
AIRFLOW_CTX_DAG_EMAIL=akash.khamkar40@gmail.com
AIRFLOW_CTX_DAG_OWNER=akashk
AIRFLOW_CTX_DAG_ID=daily_Paper
AIRFLOW_CTX_TASK_ID=get_joke_task
AIRFLOW_CTX_EXECUTION_DATE=2022-12-12T13:09:34.837094+00:00
AIRFLOW_CTX_TRY_NUMBER=1
AIRFLOW_CTX_DAG_RUN_ID=manual__2022-12-12T13:09:34.837094+00:00
[2022-12-12 13:09:37,193] {logging_mixin.py:115} INFO - {'error': False, 'category': 'Pun', 'type': 'single', 'joke': 'I have a joke about trickle down economics, but 99% of you will never get it.', 'flags': {'nsfw': False, 'religious': False, 'political': False, 'racist': False, 'sexist': False, 'explicit': False}, 'id': 238, 'safe': True, 'lang': 'en'}
[2022-12-12 13:09:37,194] {python.py:173} INFO - Done. Returned value was: I have a joke about trickle down economics, but 99% of you will never get it.
[2022-12-12 13:09:37,219] {taskinstance.py:1400} INFO - Marking task as SUCCESS. dag_id=daily_Paper, task_id=get_joke_task, execution_date=20221212T130934, start_date=20221212T130935, end_date=20221212T130937
[2022-12-12 13:09:37,247] {local_task_job.py:156} INFO - Task exited with return code 0
[2022-12-12 13:09:37,272] {local_task_job.py:273} INFO - 1 downstream tasks scheduled from follow-on schedule check
