[2022-12-12 17:54:30,580] {taskinstance.py:1159} INFO - Dependencies all met for <TaskInstance: daily_paper.get_quote_task manual__2022-12-12T17:54:29.414620+00:00 [queued]>
[2022-12-12 17:54:30,592] {taskinstance.py:1159} INFO - Dependencies all met for <TaskInstance: daily_paper.get_quote_task manual__2022-12-12T17:54:29.414620+00:00 [queued]>
[2022-12-12 17:54:30,593] {taskinstance.py:1356} INFO - 
--------------------------------------------------------------------------------
[2022-12-12 17:54:30,593] {taskinstance.py:1357} INFO - Starting attempt 1 of 2
[2022-12-12 17:54:30,594] {taskinstance.py:1358} INFO - 
--------------------------------------------------------------------------------
[2022-12-12 17:54:30,604] {taskinstance.py:1377} INFO - Executing <Task(PythonOperator): get_quote_task> on 2022-12-12 17:54:29.414620+00:00
[2022-12-12 17:54:30,610] {standard_task_runner.py:52} INFO - Started process 1525 to run task
[2022-12-12 17:54:30,614] {standard_task_runner.py:79} INFO - Running: ['***', 'tasks', 'run', 'daily_paper', 'get_quote_task', 'manual__2022-12-12T17:54:29.414620+00:00', '--job-id', '305', '--raw', '--subdir', 'DAGS_FOLDER/morning-paper.py', '--cfg-path', '/tmp/tmpwgl1r4ro', '--error-file', '/tmp/tmp2ems79ju']
[2022-12-12 17:54:30,616] {standard_task_runner.py:80} INFO - Job 305: Subtask get_quote_task
[2022-12-12 17:54:30,824] {task_command.py:369} INFO - Running <TaskInstance: daily_paper.get_quote_task manual__2022-12-12T17:54:29.414620+00:00 [running]> on host 6bb81baa0a52
[2022-12-12 17:54:30,933] {taskinstance.py:1571} INFO - Exporting the following env vars:
AIRFLOW_CTX_DAG_EMAIL=akash.khamkar40@gmail.com
AIRFLOW_CTX_DAG_OWNER=akashk
AIRFLOW_CTX_DAG_ID=daily_paper
AIRFLOW_CTX_TASK_ID=get_quote_task
AIRFLOW_CTX_EXECUTION_DATE=2022-12-12T17:54:29.414620+00:00
AIRFLOW_CTX_TRY_NUMBER=1
AIRFLOW_CTX_DAG_RUN_ID=manual__2022-12-12T17:54:29.414620+00:00
[2022-12-12 17:54:32,028] {logging_mixin.py:115} INFO - [{'q': 'Most people achieved their greatest success one step beyond what looked like their greatest failure.', 'a': 'Brian Tracy', 'h': '<blockquote>&ldquo;Most people achieved their greatest success one step beyond what looked like their greatest failure.&rdquo; &mdash; <footer>Brian Tracy</footer></blockquote>'}]
[2022-12-12 17:54:32,029] {python.py:173} INFO - Done. Returned value was: Most people achieved their greatest success one step beyond what looked like their greatest failure.
[2022-12-12 17:54:32,048] {taskinstance.py:1400} INFO - Marking task as SUCCESS. dag_id=daily_paper, task_id=get_quote_task, execution_date=20221212T175429, start_date=20221212T175430, end_date=20221212T175432
[2022-12-12 17:54:32,062] {local_task_job.py:156} INFO - Task exited with return code 0
[2022-12-12 17:54:32,089] {local_task_job.py:273} INFO - 0 downstream tasks scheduled from follow-on schedule check
