[2022-12-12 18:00:11,806] {taskinstance.py:1159} INFO - Dependencies all met for <TaskInstance: daily_paper.get_joke_task manual__2022-12-12T18:00:11.026032+00:00 [queued]>
[2022-12-12 18:00:11,812] {taskinstance.py:1159} INFO - Dependencies all met for <TaskInstance: daily_paper.get_joke_task manual__2022-12-12T18:00:11.026032+00:00 [queued]>
[2022-12-12 18:00:11,812] {taskinstance.py:1356} INFO - 
--------------------------------------------------------------------------------
[2022-12-12 18:00:11,813] {taskinstance.py:1357} INFO - Starting attempt 1 of 2
[2022-12-12 18:00:11,813] {taskinstance.py:1358} INFO - 
--------------------------------------------------------------------------------
[2022-12-12 18:00:11,821] {taskinstance.py:1377} INFO - Executing <Task(PythonOperator): get_joke_task> on 2022-12-12 18:00:11.026032+00:00
[2022-12-12 18:00:11,831] {standard_task_runner.py:52} INFO - Started process 1697 to run task
[2022-12-12 18:00:11,841] {standard_task_runner.py:79} INFO - Running: ['***', 'tasks', 'run', 'daily_paper', 'get_joke_task', 'manual__2022-12-12T18:00:11.026032+00:00', '--job-id', '326', '--raw', '--subdir', 'DAGS_FOLDER/morning-paper.py', '--cfg-path', '/tmp/tmpxt08a9x0', '--error-file', '/tmp/tmp4xbrws4k']
[2022-12-12 18:00:11,842] {standard_task_runner.py:80} INFO - Job 326: Subtask get_joke_task
[2022-12-12 18:00:11,915] {task_command.py:369} INFO - Running <TaskInstance: daily_paper.get_joke_task manual__2022-12-12T18:00:11.026032+00:00 [running]> on host 6bb81baa0a52
[2022-12-12 18:00:12,012] {taskinstance.py:1571} INFO - Exporting the following env vars:
AIRFLOW_CTX_DAG_EMAIL=akash.khamkar40@gmail.com
AIRFLOW_CTX_DAG_OWNER=akashk
AIRFLOW_CTX_DAG_ID=daily_paper
AIRFLOW_CTX_TASK_ID=get_joke_task
AIRFLOW_CTX_EXECUTION_DATE=2022-12-12T18:00:11.026032+00:00
AIRFLOW_CTX_TRY_NUMBER=1
AIRFLOW_CTX_DAG_RUN_ID=manual__2022-12-12T18:00:11.026032+00:00
[2022-12-12 18:00:12,939] {logging_mixin.py:115} INFO - {'error': False, 'category': 'Programming', 'type': 'single', 'joke': 'The generation of random numbers is too important to be left to chance.', 'flags': {'nsfw': False, 'religious': False, 'political': False, 'racist': False, 'sexist': False, 'explicit': False}, 'id': 39, 'safe': True, 'lang': 'en'}
[2022-12-12 18:00:12,942] {python.py:173} INFO - Done. Returned value was: The generation of random numbers is too important to be left to chance.
[2022-12-12 18:00:13,001] {taskinstance.py:1400} INFO - Marking task as SUCCESS. dag_id=daily_paper, task_id=get_joke_task, execution_date=20221212T180011, start_date=20221212T180011, end_date=20221212T180013
[2022-12-12 18:00:13,044] {local_task_job.py:156} INFO - Task exited with return code 0
[2022-12-12 18:00:13,074] {local_task_job.py:273} INFO - 0 downstream tasks scheduled from follow-on schedule check
