[2022-12-13 11:06:53,287] {taskinstance.py:1159} INFO - Dependencies all met for <TaskInstance: cereal_paper.create_pdf_task manual__2022-12-13T11:06:48.177547+00:00 [queued]>
[2022-12-13 11:06:53,294] {taskinstance.py:1159} INFO - Dependencies all met for <TaskInstance: cereal_paper.create_pdf_task manual__2022-12-13T11:06:48.177547+00:00 [queued]>
[2022-12-13 11:06:53,295] {taskinstance.py:1356} INFO - 
--------------------------------------------------------------------------------
[2022-12-13 11:06:53,295] {taskinstance.py:1357} INFO - Starting attempt 1 of 2
[2022-12-13 11:06:53,296] {taskinstance.py:1358} INFO - 
--------------------------------------------------------------------------------
[2022-12-13 11:06:53,306] {taskinstance.py:1377} INFO - Executing <Task(PythonOperator): create_pdf_task> on 2022-12-13 11:06:48.177547+00:00
[2022-12-13 11:06:53,309] {standard_task_runner.py:52} INFO - Started process 203 to run task
[2022-12-13 11:06:53,313] {standard_task_runner.py:79} INFO - Running: ['***', 'tasks', 'run', 'cereal_paper', 'create_pdf_task', 'manual__2022-12-13T11:06:48.177547+00:00', '--job-id', '151', '--raw', '--subdir', 'DAGS_FOLDER/cereal-paper.py', '--cfg-path', '/tmp/tmpudvf4ham', '--error-file', '/tmp/tmp55ciauhc']
[2022-12-13 11:06:53,314] {standard_task_runner.py:80} INFO - Job 151: Subtask create_pdf_task
[2022-12-13 11:06:53,398] {task_command.py:369} INFO - Running <TaskInstance: cereal_paper.create_pdf_task manual__2022-12-13T11:06:48.177547+00:00 [running]> on host b1ba50e012c2
[2022-12-13 11:06:53,487] {taskinstance.py:1571} INFO - Exporting the following env vars:
AIRFLOW_CTX_DAG_EMAIL=cerealman@akashkhamkar.in
AIRFLOW_CTX_DAG_OWNER=akashk
AIRFLOW_CTX_DAG_ID=cereal_paper
AIRFLOW_CTX_TASK_ID=create_pdf_task
AIRFLOW_CTX_EXECUTION_DATE=2022-12-13T11:06:48.177547+00:00
AIRFLOW_CTX_TRY_NUMBER=1
AIRFLOW_CTX_DAG_RUN_ID=manual__2022-12-13T11:06:48.177547+00:00
[2022-12-13 11:06:53,802] {logging_mixin.py:115} WARNING - /home/***/.local/lib/python3.7/site-packages/fpdf/ttfonts.py:831 UserWarning: missing glyph 369
[2022-12-13 11:06:53,803] {logging_mixin.py:115} WARNING - /home/***/.local/lib/python3.7/site-packages/fpdf/ttfonts.py:710 UserWarning: missing glyph 369
[2022-12-13 11:06:53,823] {python.py:173} INFO - Done. Returned value was: None
[2022-12-13 11:06:53,842] {taskinstance.py:1400} INFO - Marking task as SUCCESS. dag_id=cereal_paper, task_id=create_pdf_task, execution_date=20221213T110648, start_date=20221213T110653, end_date=20221213T110653
[2022-12-13 11:06:53,894] {local_task_job.py:156} INFO - Task exited with return code 0
[2022-12-13 11:06:53,936] {local_task_job.py:273} INFO - 1 downstream tasks scheduled from follow-on schedule check
