[2022-12-12 16:56:08,934] {taskinstance.py:1159} INFO - Dependencies all met for <TaskInstance: daily_paper.combine_articles_task manual__2022-12-12T16:56:06.714942+00:00 [queued]>
[2022-12-12 16:56:08,939] {taskinstance.py:1159} INFO - Dependencies all met for <TaskInstance: daily_paper.combine_articles_task manual__2022-12-12T16:56:06.714942+00:00 [queued]>
[2022-12-12 16:56:08,940] {taskinstance.py:1356} INFO - 
--------------------------------------------------------------------------------
[2022-12-12 16:56:08,940] {taskinstance.py:1357} INFO - Starting attempt 1 of 2
[2022-12-12 16:56:08,940] {taskinstance.py:1358} INFO - 
--------------------------------------------------------------------------------
[2022-12-12 16:56:08,948] {taskinstance.py:1377} INFO - Executing <Task(PythonOperator): combine_articles_task> on 2022-12-12 16:56:06.714942+00:00
[2022-12-12 16:56:08,951] {standard_task_runner.py:52} INFO - Started process 435 to run task
[2022-12-12 16:56:08,954] {standard_task_runner.py:79} INFO - Running: ['***', 'tasks', 'run', 'daily_paper', 'combine_articles_task', 'manual__2022-12-12T16:56:06.714942+00:00', '--job-id', '192', '--raw', '--subdir', 'DAGS_FOLDER/morning-paper.py', '--cfg-path', '/tmp/tmpyt5ppwsn', '--error-file', '/tmp/tmpmeviv16q']
[2022-12-12 16:56:08,955] {standard_task_runner.py:80} INFO - Job 192: Subtask combine_articles_task
[2022-12-12 16:56:08,997] {task_command.py:369} INFO - Running <TaskInstance: daily_paper.combine_articles_task manual__2022-12-12T16:56:06.714942+00:00 [running]> on host 6bb81baa0a52
[2022-12-12 16:56:09,040] {taskinstance.py:1571} INFO - Exporting the following env vars:
AIRFLOW_CTX_DAG_EMAIL=akash.khamkar40@gmail.com
AIRFLOW_CTX_DAG_OWNER=akashk
AIRFLOW_CTX_DAG_ID=daily_paper
AIRFLOW_CTX_TASK_ID=combine_articles_task
AIRFLOW_CTX_EXECUTION_DATE=2022-12-12T16:56:06.714942+00:00
AIRFLOW_CTX_TRY_NUMBER=1
AIRFLOW_CTX_DAG_RUN_ID=manual__2022-12-12T16:56:06.714942+00:00
[2022-12-12 16:56:09,067] {logging_mixin.py:115} INFO - {'joke': 'The generation of random numbers is too important to be left to chance.', 'quote': 'Most people achieved their greatest success one step beyond what looked like their greatest failure.', 'news': [{'title': 'Textile Colors Market is expected to witness Incredible Growth during 2022-2031', 'published_date': '2022-12-12 16:55:49', 'summary': 'Textile Colors Market is expected to witness Incredible Growth during 2022-2031 | Huntsman Corporation, Kiri Industries Ltd., Atul Ltd., LANXESS AG, Zhejiang Longsheng Group Co. Ltd.\n\nhttps://www.globalinsightservices.com/reports/textile-colors-market/\n\nhttps://www.globalinsightservices.com/request-sample/GIS23207/\n\nhttps://www.globalinsightservices.com/request-customization/GIS23207/\n\nhttps://www.globalinsightservices.com/checkout/single_user/GIS23207/\n\nhttps://www.globalinsightservices.com/\n\nNew York, Global Textile Colors Market report from Global Insight Services is the single authoritative source of intelligence on Textile Colors Market.'}, {'title': "Consensus group crucial in effort to claim Sabah's rights", 'published_date': '2022-12-12 16:55:00', 'summary': "KOTA KINABALU, Dec 12\xa0(Bernama) --\xa0Entrepreneur Development and Cooperatives Minister Datuk Ewon Benedick\xa0said that the proposed consensus group among federal ministers and deputy ministers from Sabah is\xa0crucial, especially in the effort to claim the state's rights as enshrined in the Federal Constitution and Malaysia Agreement 1963. He said through the group, discussions can be held on various matters to develop Sabah, in addition to the state's\xa0rights that have not been restored by the federal government."}, {'title': 'Wake Forest Bancshares, Inc. Announces Year End Results', 'published_date': '2022-12-12 16:55:00', 'summary': "WAKE FOREST, N.C., Dec. 12, 2022 (GLOBE NEWSWIRE) -- Wake Forest Bancshares, Inc., (OTC: WAKE) parent company of Wake Forest Federal Savings and Loan Association, announced today that the Company\n reported earnings of $1,395,000 or $1.30 per share for its fiscal year ended September 30, 2022. The Company's earnings for the prior fiscal year were $1,235,550 or $1.13 per share. Earnings for\n the current quarter were reported at $397,400 or $0.37 per share versus $325,400 or $0.30 per share for the quarter ended September 30, 2021."}], 'meme': 'https://redd.it/zj9yfv'}
[2022-12-12 16:56:09,068] {python.py:173} INFO - Done. Returned value was: {'joke': 'The generation of random numbers is too important to be left to chance.', 'quote': 'Most people achieved their greatest success one step beyond what looked like their greatest failure.', 'news': [{'title': 'Textile Colors Market is expected to witness Incredible Growth during 2022-2031', 'published_date': '2022-12-12 16:55:49', 'summary': 'Textile Colors Market is expected to witness Incredible Growth during 2022-2031 | Huntsman Corporation, Kiri Industries Ltd., Atul Ltd., LANXESS AG, Zhejiang Longsheng Group Co. Ltd.\n\nhttps://www.globalinsightservices.com/reports/textile-colors-market/\n\nhttps://www.globalinsightservices.com/request-sample/GIS23207/\n\nhttps://www.globalinsightservices.com/request-customization/GIS23207/\n\nhttps://www.globalinsightservices.com/checkout/single_user/GIS23207/\n\nhttps://www.globalinsightservices.com/\n\nNew York, Global Textile Colors Market report from Global Insight Services is the single authoritative source of intelligence on Textile Colors Market.'}, {'title': "Consensus group crucial in effort to claim Sabah's rights", 'published_date': '2022-12-12 16:55:00', 'summary': "KOTA KINABALU, Dec 12\xa0(Bernama) --\xa0Entrepreneur Development and Cooperatives Minister Datuk Ewon Benedick\xa0said that the proposed consensus group among federal ministers and deputy ministers from Sabah is\xa0crucial, especially in the effort to claim the state's rights as enshrined in the Federal Constitution and Malaysia Agreement 1963. He said through the group, discussions can be held on various matters to develop Sabah, in addition to the state's\xa0rights that have not been restored by the federal government."}, {'title': 'Wake Forest Bancshares, Inc. Announces Year End Results', 'published_date': '2022-12-12 16:55:00', 'summary': "WAKE FOREST, N.C., Dec. 12, 2022 (GLOBE NEWSWIRE) -- Wake Forest Bancshares, Inc., (OTC: WAKE) parent company of Wake Forest Federal Savings and Loan Association, announced today that the Company\n reported earnings of $1,395,000 or $1.30 per share for its fiscal year ended September 30, 2022. The Company's earnings for the prior fiscal year were $1,235,550 or $1.13 per share. Earnings for\n the current quarter were reported at $397,400 or $0.37 per share versus $325,400 or $0.30 per share for the quarter ended September 30, 2021."}], 'meme': 'https://redd.it/zj9yfv'}
[2022-12-12 16:56:09,087] {taskinstance.py:1400} INFO - Marking task as SUCCESS. dag_id=daily_paper, task_id=combine_articles_task, execution_date=20221212T165606, start_date=20221212T165608, end_date=20221212T165609
[2022-12-12 16:56:09,126] {local_task_job.py:156} INFO - Task exited with return code 0
[2022-12-12 16:56:09,151] {local_task_job.py:273} INFO - 1 downstream tasks scheduled from follow-on schedule check
