[2022-12-12 16:24:18,721] {taskinstance.py:1159} INFO - Dependencies all met for <TaskInstance: daily_paper.get_news_task manual__2022-12-12T16:24:17.444233+00:00 [queued]>
[2022-12-12 16:24:18,726] {taskinstance.py:1159} INFO - Dependencies all met for <TaskInstance: daily_paper.get_news_task manual__2022-12-12T16:24:17.444233+00:00 [queued]>
[2022-12-12 16:24:18,727] {taskinstance.py:1356} INFO - 
--------------------------------------------------------------------------------
[2022-12-12 16:24:18,727] {taskinstance.py:1357} INFO - Starting attempt 1 of 2
[2022-12-12 16:24:18,728] {taskinstance.py:1358} INFO - 
--------------------------------------------------------------------------------
[2022-12-12 16:24:18,735] {taskinstance.py:1377} INFO - Executing <Task(PythonOperator): get_news_task> on 2022-12-12 16:24:17.444233+00:00
[2022-12-12 16:24:18,740] {standard_task_runner.py:52} INFO - Started process 2884 to run task
[2022-12-12 16:24:18,743] {standard_task_runner.py:79} INFO - Running: ['***', 'tasks', 'run', 'daily_paper', 'get_news_task', 'manual__2022-12-12T16:24:17.444233+00:00', '--job-id', '124', '--raw', '--subdir', 'DAGS_FOLDER/morning-paper.py', '--cfg-path', '/tmp/tmpg94sup86', '--error-file', '/tmp/tmpkydlsku2']
[2022-12-12 16:24:18,745] {standard_task_runner.py:80} INFO - Job 124: Subtask get_news_task
[2022-12-12 16:24:18,828] {task_command.py:369} INFO - Running <TaskInstance: daily_paper.get_news_task manual__2022-12-12T16:24:17.444233+00:00 [running]> on host cbcd6542cb8e
[2022-12-12 16:24:18,927] {taskinstance.py:1571} INFO - Exporting the following env vars:
AIRFLOW_CTX_DAG_EMAIL=akash.khamkar40@gmail.com
AIRFLOW_CTX_DAG_OWNER=akashk
AIRFLOW_CTX_DAG_ID=daily_paper
AIRFLOW_CTX_TASK_ID=get_news_task
AIRFLOW_CTX_EXECUTION_DATE=2022-12-12T16:24:17.444233+00:00
AIRFLOW_CTX_TRY_NUMBER=1
AIRFLOW_CTX_DAG_RUN_ID=manual__2022-12-12T16:24:17.444233+00:00
[2022-12-12 16:24:19,649] {python.py:173} INFO - Done. Returned value was: [{'title': 'The Market For Cloud-Based Cross Border E-Commerce Software Is Poised To Register A Value CAGR Of 15.1% From 2022 To 2032', 'published_date': '2022-12-12 16:23:07', 'summary': 'Press release Cross Border E-Commerce Software MarketThis research report on the worldwide Cross Border E-Commerce Software market analyses the market conditions and attain prominent aspects such as industry dynamics, key players, product segments, and leading applications. Besides this report presents insights into the global trends in the Cross Border E-Commerce Software market and recent developments in the market globally. The research is done keeping eye on the revenue potential and Cross Border E-Commerce Software market share.'}, {'title': 'Hwange launches Jazz festival', 'published_date': '2022-12-12 16:22:16', 'summary': 'Artists on stage at the Hwange Jazz Jam and Jive Festival\n\nThe Chronicle Leonard Ncube, Victoria Falls Reporter\nMUSIC lovers in Hwange were given a rare musical treat when Benzuma Arts, a local based group organised the inaugural Jazz Jam and Jive Festival in the coal mining town.\nScores of fun lovers and stakeholders from Hwange and Victoria Falls thronged Insomnia Pub and Grill where the event was held recently.\nIndividual and group performers were drawn from Hwange and Victoria Falls.\nThe organisers of the event said the idea came after a realisation that Hwange and Victoria Falls have talent that is rarely given exposure despite the district being a cultural melting pot.'}, {'title': 'Number of Korean newlyweds falls at its sharpest rate yet', 'published_date': '2022-12-12 16:22:00', 'summary': 'A shopper walks by a wedding dress shop in Ahyeon-dong, Mapo District, western Seoul, on March 17, 2022. [YONHAP] The total number of newlyweds in Korea last year dropped 7 percent on year, the sharpest decline since related data began to be complied in 2016. Covid-19 was considered to be the biggest factor behind the sharp decline, though the changing social perception of marriage was also considered to play a significant role. According to Statistics Korea on Monday, last year there were 1.1 million newlyweds, defined as couples that have been married five years or less and in which at least one person is a Korean.'}]
[2022-12-12 16:24:19,689] {taskinstance.py:1400} INFO - Marking task as SUCCESS. dag_id=daily_paper, task_id=get_news_task, execution_date=20221212T162417, start_date=20221212T162418, end_date=20221212T162419
[2022-12-12 16:24:19,733] {local_task_job.py:156} INFO - Task exited with return code 0
[2022-12-12 16:24:19,763] {local_task_job.py:273} INFO - 0 downstream tasks scheduled from follow-on schedule check
