[2022-12-13 07:51:28,581] {taskinstance.py:1159} INFO - Dependencies all met for <TaskInstance: cereal_paper.get_joke_task scheduled__2022-12-12T00:00:00+00:00 [queued]>
[2022-12-13 07:51:28,592] {taskinstance.py:1159} INFO - Dependencies all met for <TaskInstance: cereal_paper.get_joke_task scheduled__2022-12-12T00:00:00+00:00 [queued]>
[2022-12-13 07:51:28,593] {taskinstance.py:1356} INFO - 
--------------------------------------------------------------------------------
[2022-12-13 07:51:28,594] {taskinstance.py:1357} INFO - Starting attempt 1 of 2
[2022-12-13 07:51:28,594] {taskinstance.py:1358} INFO - 
--------------------------------------------------------------------------------
[2022-12-13 07:51:28,609] {taskinstance.py:1377} INFO - Executing <Task(PythonOperator): get_joke_task> on 2022-12-12 00:00:00+00:00
[2022-12-13 07:51:28,616] {standard_task_runner.py:52} INFO - Started process 205 to run task
[2022-12-13 07:51:28,622] {standard_task_runner.py:79} INFO - Running: ['***', 'tasks', 'run', 'cereal_paper', 'get_joke_task', 'scheduled__2022-12-12T00:00:00+00:00', '--job-id', '7', '--raw', '--subdir', 'DAGS_FOLDER/cereal-paper.py', '--cfg-path', '/tmp/tmpsf3cruo8', '--error-file', '/tmp/tmp2fmez98x']
[2022-12-13 07:51:28,624] {standard_task_runner.py:80} INFO - Job 7: Subtask get_joke_task
[2022-12-13 07:51:28,910] {task_command.py:369} INFO - Running <TaskInstance: cereal_paper.get_joke_task scheduled__2022-12-12T00:00:00+00:00 [running]> on host 5029e27bd97f
[2022-12-13 07:51:29,288] {taskinstance.py:1571} INFO - Exporting the following env vars:
AIRFLOW_CTX_DAG_EMAIL=akash.khamkar40@gmail.com
AIRFLOW_CTX_DAG_OWNER=akashk
AIRFLOW_CTX_DAG_ID=cereal_paper
AIRFLOW_CTX_TASK_ID=get_joke_task
AIRFLOW_CTX_EXECUTION_DATE=2022-12-12T00:00:00+00:00
AIRFLOW_CTX_TRY_NUMBER=1
AIRFLOW_CTX_DAG_RUN_ID=scheduled__2022-12-12T00:00:00+00:00
[2022-12-13 07:51:30,291] {logging_mixin.py:115} INFO - {'error': False, 'category': 'Misc', 'type': 'single', 'joke': "Two reasons I don't give money to homeless people.\n1) They are going to spend it all on drugs and alcohol\n2) I am going to spend it all on drugs and alcohol.", 'flags': {'nsfw': False, 'religious': False, 'political': False, 'racist': False, 'sexist': False, 'explicit': False}, 'id': 72, 'safe': False, 'lang': 'en'}
[2022-12-13 07:51:30,292] {python.py:173} INFO - Done. Returned value was: Two reasons I don't give money to homeless people.
1) They are going to spend it all on drugs and alcohol
2) I am going to spend it all on drugs and alcohol.
[2022-12-13 07:51:30,363] {taskinstance.py:1400} INFO - Marking task as SUCCESS. dag_id=cereal_paper, task_id=get_joke_task, execution_date=20221212T000000, start_date=20221213T075128, end_date=20221213T075130
[2022-12-13 07:51:30,426] {local_task_job.py:156} INFO - Task exited with return code 0
[2022-12-13 07:51:30,558] {local_task_job.py:273} INFO - 0 downstream tasks scheduled from follow-on schedule check
