[2022-12-12 13:25:17,547] {taskinstance.py:1159} INFO - Dependencies all met for <TaskInstance: daily_Paper.combine_articles_task manual__2022-12-12T13:25:15.444872+00:00 [queued]>
[2022-12-12 13:25:17,552] {taskinstance.py:1159} INFO - Dependencies all met for <TaskInstance: daily_Paper.combine_articles_task manual__2022-12-12T13:25:15.444872+00:00 [queued]>
[2022-12-12 13:25:17,552] {taskinstance.py:1356} INFO - 
--------------------------------------------------------------------------------
[2022-12-12 13:25:17,552] {taskinstance.py:1357} INFO - Starting attempt 1 of 2
[2022-12-12 13:25:17,553] {taskinstance.py:1358} INFO - 
--------------------------------------------------------------------------------
[2022-12-12 13:25:17,560] {taskinstance.py:1377} INFO - Executing <Task(PythonOperator): combine_articles_task> on 2022-12-12 13:25:15.444872+00:00
[2022-12-12 13:25:17,563] {standard_task_runner.py:52} INFO - Started process 1294 to run task
[2022-12-12 13:25:17,565] {standard_task_runner.py:79} INFO - Running: ['***', 'tasks', 'run', 'daily_Paper', 'combine_articles_task', 'manual__2022-12-12T13:25:15.444872+00:00', '--job-id', '82', '--raw', '--subdir', 'DAGS_FOLDER/morning-paper.py', '--cfg-path', '/tmp/tmpnscg7i4_', '--error-file', '/tmp/tmpvo6_xqlf']
[2022-12-12 13:25:17,567] {standard_task_runner.py:80} INFO - Job 82: Subtask combine_articles_task
[2022-12-12 13:25:17,605] {task_command.py:369} INFO - Running <TaskInstance: daily_Paper.combine_articles_task manual__2022-12-12T13:25:15.444872+00:00 [running]> on host cbcd6542cb8e
[2022-12-12 13:25:17,650] {taskinstance.py:1571} INFO - Exporting the following env vars:
AIRFLOW_CTX_DAG_EMAIL=akash.khamkar40@gmail.com
AIRFLOW_CTX_DAG_OWNER=akashk
AIRFLOW_CTX_DAG_ID=daily_Paper
AIRFLOW_CTX_TASK_ID=combine_articles_task
AIRFLOW_CTX_EXECUTION_DATE=2022-12-12T13:25:15.444872+00:00
AIRFLOW_CTX_TRY_NUMBER=1
AIRFLOW_CTX_DAG_RUN_ID=manual__2022-12-12T13:25:15.444872+00:00
[2022-12-12 13:25:17,677] {logging_mixin.py:115} INFO - Schrödinger's cat walks into a bar and doesn't. Most people achieved their greatest success one step beyond what looked like their greatest failure. [{'title': 'Seasoning and Spices 2022 Strategy, Outlook and Product Development and COVID-19 Impact Analysis 2028', 'author': 'MarketsandResearch.biz', 'published_date': '2022-12-12 13:25:16', 'published_date_precision': 'timezone unknown', 'link': 'https://www.openpr.com/news/2844722/seasoning-and-spices-2022-strategy-outlook-and-product', 'clean_url': 'openpr.com', 'excerpt': 'The latest investigation report distributed by MarketsandResearch biz the Global Seasoning and Spices Market is needed to note huge advancement throughout the fundamental quantity 2022 to 2028 The…', 'summary': 'Seasoning and Spices 2022 Strategy, Outlook and Product Development and COVID-19 Impact Analysis 2028\n\nhttps://www.marketsandresearch.biz/sample-request/306691\n\nhttps://www.marketsandresearch.biz/report/306691/global-seasoning-and-spices-market-2022-by-manufacturers-regions-type-and-application-forecast-to-2028\n\nwww.marketsandresearch.biz\n\nThe latest investigation report distributed by MarketsandResearch.biz, the Global Seasoning and Spices Market is needed to note huge advancement throughout the fundamental quantity 2022 to 2028.', 'rights': 'openpr.com', 'rank': 9387, 'topic': 'news', 'country': 'DE', 'language': 'en', 'authors': 'MarketsandResearch.biz', 'media': 'https://cdn.openpr.com/V/c/Vc12145382_g.jpg', 'is_opinion': False, 'twitter_account': None, '_score': None, '_id': 'b4bae630d5e727146a46ee3ada3d2895'}, {'title': 'Jet Bridge Market Acquisitions, Drivers, Restraints, by Product, and Industry Forecast, 2022-2029', 'author': 'Allied Market Research', 'published_date': '2022-12-12 13:25:08', 'published_date_precision': 'timezone unknown', 'link': 'https://www.openpr.com/news/2844721/jet-bridge-market-acquisitions-drivers-restraints', 'clean_url': 'openpr.com', 'excerpt': 'A jet bridge also termed as jetway air gate skybridge airbridge or passenger boarding bridge PBB is an enclosed movable connector which majorly extends from an airport terminal gate to an airplane and…', 'summary': 'Jet Bridge Market Acquisitions, Drivers, Restraints, by Product, and Industry Forecast, 2022-2029\n\nhttps://www.alliedmarketresearch.com/request-toc-and-sample/6596\n\nhttps://www.alliedmarketresearch.com/request-for-customization/6596\n\nhttps://www.alliedmarketresearch.com/purchase-enquiry/6596\n\nhttp://www.alliedmarketresearch.com\n\nhttps://blog.alliedmarketresearch.com\n\nA jet bridge also termed as jetway, air gate, skybridge, airbridge, or passenger boarding bridge (PBB) is an enclosed, movable connector, which majorly extends from an airport terminal gate to an airplane, and in some instances from a port to a boat or ship, allowing passengers to go on board without going outside and being exposed to the elements.', 'rights': 'openpr.com', 'rank': 9387, 'topic': 'news', 'country': 'DE', 'language': 'en', 'authors': 'Allied Market Research', 'media': None, 'is_opinion': False, 'twitter_account': None, '_score': None, '_id': 'cb721e2b152441b9a63eadecce69353c'}, {'title': 'Europe Weight Management Market 2022: Industry Insight, Drivers, Top Trends, Analysis and Forecast by 2027', 'author': 'Imarc Group', 'published_date': '2022-12-12 13:25:00', 'published_date_precision': 'timezone unknown', 'link': 'https://www.openpr.com/news/2844720/europe-weight-management-market-2022-industry-insight', 'clean_url': 'openpr.com', 'excerpt': 'According to IMARC Group latest report titled Europe Weight Management Market Industry Trends Share Size Growth Opportunity and Forecast 2022 2027 offers a comprehensive analysis of the industry which…', 'summary': 'Europe Weight Management Market 2022: Industry Insight, Drivers, Top Trends, Analysis and Forecast by 2027\n\nEurope Weight Management Market\n\nhttps://www.imarcgroup.com/europe-weight-management-market/requestsample\n\nhttps://www.imarcgroup.com/europe-weight-management-market\n\nAccording to IMARC Group latest report titled" Europe Weight Management Market: Industry Trends, Share, Size, Growth, Opportunity and Forecast 2022-2027", offers a comprehensive analysis of the industry, which comprises insights on Europe weight management market.', 'rights': 'openpr.com', 'rank': 9387, 'topic': 'news', 'country': 'DE', 'language': 'en', 'authors': 'IMARC Group', 'media': 'https://cdn.openpr.com/V/c/Vc12265159_g.jpg', 'is_opinion': False, 'twitter_account': None, '_score': None, '_id': '7d3660ee9064581c0551ae719059a7fc'}] None
[2022-12-12 13:25:17,678] {python.py:173} INFO - Done. Returned value was: None
[2022-12-12 13:25:17,688] {taskinstance.py:1400} INFO - Marking task as SUCCESS. dag_id=daily_Paper, task_id=combine_articles_task, execution_date=20221212T132515, start_date=20221212T132517, end_date=20221212T132517
[2022-12-12 13:25:17,737] {local_task_job.py:156} INFO - Task exited with return code 0
[2022-12-12 13:25:17,760] {local_task_job.py:273} INFO - 0 downstream tasks scheduled from follow-on schedule check
