[2022-12-13 08:00:34,416] {taskinstance.py:1159} INFO - Dependencies all met for <TaskInstance: cereal_paper.create_pdf_task manual__2022-12-13T08:00:30.931097+00:00 [queued]>
[2022-12-13 08:00:34,423] {taskinstance.py:1159} INFO - Dependencies all met for <TaskInstance: cereal_paper.create_pdf_task manual__2022-12-13T08:00:30.931097+00:00 [queued]>
[2022-12-13 08:00:34,423] {taskinstance.py:1356} INFO - 
--------------------------------------------------------------------------------
[2022-12-13 08:00:34,423] {taskinstance.py:1357} INFO - Starting attempt 1 of 2
[2022-12-13 08:00:34,424] {taskinstance.py:1358} INFO - 
--------------------------------------------------------------------------------
[2022-12-13 08:00:34,432] {taskinstance.py:1377} INFO - Executing <Task(PythonOperator): create_pdf_task> on 2022-12-13 08:00:30.931097+00:00
[2022-12-13 08:00:34,435] {standard_task_runner.py:52} INFO - Started process 487 to run task
[2022-12-13 08:00:34,438] {standard_task_runner.py:79} INFO - Running: ['***', 'tasks', 'run', 'cereal_paper', 'create_pdf_task', 'manual__2022-12-13T08:00:30.931097+00:00', '--job-id', '76', '--raw', '--subdir', 'DAGS_FOLDER/cereal-paper.py', '--cfg-path', '/tmp/tmpdp1n_bgo', '--error-file', '/tmp/tmpwo3uttz3']
[2022-12-13 08:00:34,440] {standard_task_runner.py:80} INFO - Job 76: Subtask create_pdf_task
[2022-12-13 08:00:34,503] {task_command.py:369} INFO - Running <TaskInstance: cereal_paper.create_pdf_task manual__2022-12-13T08:00:30.931097+00:00 [running]> on host 5029e27bd97f
[2022-12-13 08:00:34,578] {taskinstance.py:1571} INFO - Exporting the following env vars:
AIRFLOW_CTX_DAG_EMAIL=akash.khamkar40@gmail.com
AIRFLOW_CTX_DAG_OWNER=akashk
AIRFLOW_CTX_DAG_ID=cereal_paper
AIRFLOW_CTX_TASK_ID=create_pdf_task
AIRFLOW_CTX_EXECUTION_DATE=2022-12-13T08:00:30.931097+00:00
AIRFLOW_CTX_TRY_NUMBER=1
AIRFLOW_CTX_DAG_RUN_ID=manual__2022-12-13T08:00:30.931097+00:00
[2022-12-13 08:00:34,804] {logging_mixin.py:115} WARNING - /home/***/.local/lib/python3.7/site-packages/fpdf/ttfonts.py:831 UserWarning: missing glyph 369
[2022-12-13 08:00:34,805] {logging_mixin.py:115} WARNING - /home/***/.local/lib/python3.7/site-packages/fpdf/ttfonts.py:710 UserWarning: missing glyph 369
[2022-12-13 08:00:34,825] {python.py:173} INFO - Done. Returned value was: None
[2022-12-13 08:00:34,842] {taskinstance.py:1400} INFO - Marking task as SUCCESS. dag_id=cereal_paper, task_id=create_pdf_task, execution_date=20221213T080030, start_date=20221213T080034, end_date=20221213T080034
[2022-12-13 08:00:34,858] {local_task_job.py:156} INFO - Task exited with return code 0
[2022-12-13 08:00:34,903] {local_task_job.py:273} INFO - 0 downstream tasks scheduled from follow-on schedule check
