[2022-12-12 16:56:07,224] {taskinstance.py:1159} INFO - Dependencies all met for <TaskInstance: daily_paper.get_meme_task manual__2022-12-12T16:56:06.714942+00:00 [queued]>
[2022-12-12 16:56:07,231] {taskinstance.py:1159} INFO - Dependencies all met for <TaskInstance: daily_paper.get_meme_task manual__2022-12-12T16:56:06.714942+00:00 [queued]>
[2022-12-12 16:56:07,232] {taskinstance.py:1356} INFO - 
--------------------------------------------------------------------------------
[2022-12-12 16:56:07,233] {taskinstance.py:1357} INFO - Starting attempt 1 of 2
[2022-12-12 16:56:07,233] {taskinstance.py:1358} INFO - 
--------------------------------------------------------------------------------
[2022-12-12 16:56:07,243] {taskinstance.py:1377} INFO - Executing <Task(PythonOperator): get_meme_task> on 2022-12-12 16:56:06.714942+00:00
[2022-12-12 16:56:07,249] {standard_task_runner.py:52} INFO - Started process 432 to run task
[2022-12-12 16:56:07,255] {standard_task_runner.py:79} INFO - Running: ['***', 'tasks', 'run', 'daily_paper', 'get_meme_task', 'manual__2022-12-12T16:56:06.714942+00:00', '--job-id', '188', '--raw', '--subdir', 'DAGS_FOLDER/morning-paper.py', '--cfg-path', '/tmp/tmpj4hra0qz', '--error-file', '/tmp/tmpvqyn48xe']
[2022-12-12 16:56:07,258] {standard_task_runner.py:80} INFO - Job 188: Subtask get_meme_task
[2022-12-12 16:56:07,335] {task_command.py:369} INFO - Running <TaskInstance: daily_paper.get_meme_task manual__2022-12-12T16:56:06.714942+00:00 [running]> on host 6bb81baa0a52
[2022-12-12 16:56:07,424] {taskinstance.py:1571} INFO - Exporting the following env vars:
AIRFLOW_CTX_DAG_EMAIL=akash.khamkar40@gmail.com
AIRFLOW_CTX_DAG_OWNER=akashk
AIRFLOW_CTX_DAG_ID=daily_paper
AIRFLOW_CTX_TASK_ID=get_meme_task
AIRFLOW_CTX_EXECUTION_DATE=2022-12-12T16:56:06.714942+00:00
AIRFLOW_CTX_TRY_NUMBER=1
AIRFLOW_CTX_DAG_RUN_ID=manual__2022-12-12T16:56:06.714942+00:00
[2022-12-12 16:56:08,303] {python.py:173} INFO - Done. Returned value was: https://redd.it/zj9yfv
[2022-12-12 16:56:08,326] {taskinstance.py:1400} INFO - Marking task as SUCCESS. dag_id=daily_paper, task_id=get_meme_task, execution_date=20221212T165606, start_date=20221212T165607, end_date=20221212T165608
[2022-12-12 16:56:08,346] {local_task_job.py:156} INFO - Task exited with return code 0
[2022-12-12 16:56:08,372] {local_task_job.py:273} INFO - 0 downstream tasks scheduled from follow-on schedule check
