[2022-12-12 18:38:52,527] {taskinstance.py:1159} INFO - Dependencies all met for <TaskInstance: daily_paper.combine_articles_task manual__2022-12-12T18:38:49.714284+00:00 [queued]>
[2022-12-12 18:38:52,532] {taskinstance.py:1159} INFO - Dependencies all met for <TaskInstance: daily_paper.combine_articles_task manual__2022-12-12T18:38:49.714284+00:00 [queued]>
[2022-12-12 18:38:52,532] {taskinstance.py:1356} INFO - 
--------------------------------------------------------------------------------
[2022-12-12 18:38:52,533] {taskinstance.py:1357} INFO - Starting attempt 1 of 2
[2022-12-12 18:38:52,533] {taskinstance.py:1358} INFO - 
--------------------------------------------------------------------------------
[2022-12-12 18:38:52,540] {taskinstance.py:1377} INFO - Executing <Task(PythonOperator): combine_articles_task> on 2022-12-12 18:38:49.714284+00:00
[2022-12-12 18:38:52,543] {standard_task_runner.py:52} INFO - Started process 2732 to run task
[2022-12-12 18:38:52,546] {standard_task_runner.py:79} INFO - Running: ['***', 'tasks', 'run', 'daily_paper', 'combine_articles_task', 'manual__2022-12-12T18:38:49.714284+00:00', '--job-id', '413', '--raw', '--subdir', 'DAGS_FOLDER/morning-paper.py', '--cfg-path', '/tmp/tmpdug2k0tb', '--error-file', '/tmp/tmpr81zlfds']
[2022-12-12 18:38:52,547] {standard_task_runner.py:80} INFO - Job 413: Subtask combine_articles_task
[2022-12-12 18:38:52,585] {task_command.py:369} INFO - Running <TaskInstance: daily_paper.combine_articles_task manual__2022-12-12T18:38:49.714284+00:00 [running]> on host 6bb81baa0a52
[2022-12-12 18:38:52,631] {taskinstance.py:1571} INFO - Exporting the following env vars:
AIRFLOW_CTX_DAG_EMAIL=akash.khamkar40@gmail.com
AIRFLOW_CTX_DAG_OWNER=akashk
AIRFLOW_CTX_DAG_ID=daily_paper
AIRFLOW_CTX_TASK_ID=combine_articles_task
AIRFLOW_CTX_EXECUTION_DATE=2022-12-12T18:38:49.714284+00:00
AIRFLOW_CTX_TRY_NUMBER=1
AIRFLOW_CTX_DAG_RUN_ID=manual__2022-12-12T18:38:49.714284+00:00
[2022-12-12 18:38:52,659] {logging_mixin.py:115} INFO - {'joke': "My ex had an accident. I told the paramedics the wrong blood type for her. She'll finally experience what rejection is really like.", 'quote': 'Most people achieved their greatest success one step beyond what looked like their greatest failure.', 'news': [{'title': 'Indore: ‘Power supply-related complaints decline by 60% in three months’', 'published_date': '2022-12-12 18:06:11', 'summary': 'None'}, {'title': 'Telangana: Medicos queue up for law course', 'published_date': '2022-12-12 18:05:18', 'summary': 'Several engineering graduates are also looking at law as an alternative profession'}, {'title': 'Mamata Banerjee kicks off poll campaign in Meghalaya', 'published_date': '2022-12-12 18:03:32', 'summary': 'Banerjee was accompanied by AITC National General Secretary Abhishek Banerjee, who is visiting the state for the third time. During her two-day visit, she will be attending a series of events accompanied by Meghalaya Trinamool Congress leaders.'}], 'meme': 'https://redd.it/zjwqy6'}
[2022-12-12 18:38:52,660] {python.py:173} INFO - Done. Returned value was: {'joke': "My ex had an accident. I told the paramedics the wrong blood type for her. She'll finally experience what rejection is really like.", 'quote': 'Most people achieved their greatest success one step beyond what looked like their greatest failure.', 'news': [{'title': 'Indore: ‘Power supply-related complaints decline by 60% in three months’', 'published_date': '2022-12-12 18:06:11', 'summary': 'None'}, {'title': 'Telangana: Medicos queue up for law course', 'published_date': '2022-12-12 18:05:18', 'summary': 'Several engineering graduates are also looking at law as an alternative profession'}, {'title': 'Mamata Banerjee kicks off poll campaign in Meghalaya', 'published_date': '2022-12-12 18:03:32', 'summary': 'Banerjee was accompanied by AITC National General Secretary Abhishek Banerjee, who is visiting the state for the third time. During her two-day visit, she will be attending a series of events accompanied by Meghalaya Trinamool Congress leaders.'}], 'meme': 'https://redd.it/zjwqy6'}
[2022-12-12 18:38:52,679] {taskinstance.py:1400} INFO - Marking task as SUCCESS. dag_id=daily_paper, task_id=combine_articles_task, execution_date=20221212T183849, start_date=20221212T183852, end_date=20221212T183852
[2022-12-12 18:38:52,718] {local_task_job.py:156} INFO - Task exited with return code 0
[2022-12-12 18:38:52,744] {local_task_job.py:273} INFO - 1 downstream tasks scheduled from follow-on schedule check
