[2022-12-12 18:43:15,768] {taskinstance.py:1159} INFO - Dependencies all met for <TaskInstance: daily_paper.get_joke_task manual__2022-12-12T18:43:15.256519+00:00 [queued]>
[2022-12-12 18:43:15,775] {taskinstance.py:1159} INFO - Dependencies all met for <TaskInstance: daily_paper.get_joke_task manual__2022-12-12T18:43:15.256519+00:00 [queued]>
[2022-12-12 18:43:15,778] {taskinstance.py:1356} INFO - 
--------------------------------------------------------------------------------
[2022-12-12 18:43:15,779] {taskinstance.py:1357} INFO - Starting attempt 1 of 2
[2022-12-12 18:43:15,779] {taskinstance.py:1358} INFO - 
--------------------------------------------------------------------------------
[2022-12-12 18:43:15,795] {taskinstance.py:1377} INFO - Executing <Task(PythonOperator): get_joke_task> on 2022-12-12 18:43:15.256519+00:00
[2022-12-12 18:43:15,800] {standard_task_runner.py:52} INFO - Started process 2909 to run task
[2022-12-12 18:43:15,807] {standard_task_runner.py:79} INFO - Running: ['***', 'tasks', 'run', 'daily_paper', 'get_joke_task', 'manual__2022-12-12T18:43:15.256519+00:00', '--job-id', '439', '--raw', '--subdir', 'DAGS_FOLDER/morning-paper.py', '--cfg-path', '/tmp/tmpp7nz7b72', '--error-file', '/tmp/tmp896wm5_w']
[2022-12-12 18:43:15,811] {standard_task_runner.py:80} INFO - Job 439: Subtask get_joke_task
[2022-12-12 18:43:15,888] {task_command.py:369} INFO - Running <TaskInstance: daily_paper.get_joke_task manual__2022-12-12T18:43:15.256519+00:00 [running]> on host 6bb81baa0a52
[2022-12-12 18:43:15,964] {taskinstance.py:1571} INFO - Exporting the following env vars:
AIRFLOW_CTX_DAG_EMAIL=akash.khamkar40@gmail.com
AIRFLOW_CTX_DAG_OWNER=akashk
AIRFLOW_CTX_DAG_ID=daily_paper
AIRFLOW_CTX_TASK_ID=get_joke_task
AIRFLOW_CTX_EXECUTION_DATE=2022-12-12T18:43:15.256519+00:00
AIRFLOW_CTX_TRY_NUMBER=1
AIRFLOW_CTX_DAG_RUN_ID=manual__2022-12-12T18:43:15.256519+00:00
[2022-12-12 18:43:16,817] {logging_mixin.py:115} INFO - {'error': False, 'category': 'Misc', 'type': 'single', 'joke': 'I visited my friend at his new house. He told me to make myself at home. So I threw him out. I hate having visitors.', 'flags': {'nsfw': False, 'religious': False, 'political': False, 'racist': False, 'sexist': False, 'explicit': False}, 'safe': True, 'id': 304, 'lang': 'en'}
[2022-12-12 18:43:16,820] {python.py:173} INFO - Done. Returned value was: I visited my friend at his new house. He told me to make myself at home. So I threw him out. I hate having visitors.
[2022-12-12 18:43:16,871] {taskinstance.py:1400} INFO - Marking task as SUCCESS. dag_id=daily_paper, task_id=get_joke_task, execution_date=20221212T184315, start_date=20221212T184315, end_date=20221212T184316
[2022-12-12 18:43:16,936] {local_task_job.py:156} INFO - Task exited with return code 0
[2022-12-12 18:43:16,972] {local_task_job.py:273} INFO - 0 downstream tasks scheduled from follow-on schedule check
