[2022-12-13 07:53:24,905] {taskinstance.py:1159} INFO - Dependencies all met for <TaskInstance: cereal_paper.get_joke_task manual__2022-12-13T07:53:23.430067+00:00 [queued]>
[2022-12-13 07:53:24,916] {taskinstance.py:1159} INFO - Dependencies all met for <TaskInstance: cereal_paper.get_joke_task manual__2022-12-13T07:53:23.430067+00:00 [queued]>
[2022-12-13 07:53:24,917] {taskinstance.py:1356} INFO - 
--------------------------------------------------------------------------------
[2022-12-13 07:53:24,917] {taskinstance.py:1357} INFO - Starting attempt 1 of 2
[2022-12-13 07:53:24,918] {taskinstance.py:1358} INFO - 
--------------------------------------------------------------------------------
[2022-12-13 07:53:24,932] {taskinstance.py:1377} INFO - Executing <Task(PythonOperator): get_joke_task> on 2022-12-13 07:53:23.430067+00:00
[2022-12-13 07:53:24,939] {standard_task_runner.py:52} INFO - Started process 299 to run task
[2022-12-13 07:53:24,945] {standard_task_runner.py:79} INFO - Running: ['***', 'tasks', 'run', 'cereal_paper', 'get_joke_task', 'manual__2022-12-13T07:53:23.430067+00:00', '--job-id', '30', '--raw', '--subdir', 'DAGS_FOLDER/cereal-paper.py', '--cfg-path', '/tmp/tmpx2mtmvcw', '--error-file', '/tmp/tmp1tsy8qxw']
[2022-12-13 07:53:24,952] {standard_task_runner.py:80} INFO - Job 30: Subtask get_joke_task
[2022-12-13 07:53:25,110] {task_command.py:369} INFO - Running <TaskInstance: cereal_paper.get_joke_task manual__2022-12-13T07:53:23.430067+00:00 [running]> on host 5029e27bd97f
[2022-12-13 07:53:25,262] {taskinstance.py:1571} INFO - Exporting the following env vars:
AIRFLOW_CTX_DAG_EMAIL=akash.khamkar40@gmail.com
AIRFLOW_CTX_DAG_OWNER=akashk
AIRFLOW_CTX_DAG_ID=cereal_paper
AIRFLOW_CTX_TASK_ID=get_joke_task
AIRFLOW_CTX_EXECUTION_DATE=2022-12-13T07:53:23.430067+00:00
AIRFLOW_CTX_TRY_NUMBER=1
AIRFLOW_CTX_DAG_RUN_ID=manual__2022-12-13T07:53:23.430067+00:00
[2022-12-13 07:53:26,083] {logging_mixin.py:115} INFO - {'error': False, 'category': 'Misc', 'type': 'single', 'joke': 'Stop being homophobic and rude to the LGBTQ+ community. You should be thanking them for saving us plenty of room in heaven.', 'flags': {'nsfw': False, 'religious': True, 'political': False, 'racist': False, 'sexist': False, 'explicit': False}, 'id': 114, 'safe': False, 'lang': 'en'}
[2022-12-13 07:53:26,083] {python.py:173} INFO - Done. Returned value was: Stop being homophobic and rude to the LGBTQ+ community. You should be thanking them for saving us plenty of room in heaven.
[2022-12-13 07:53:26,121] {taskinstance.py:1400} INFO - Marking task as SUCCESS. dag_id=cereal_paper, task_id=get_joke_task, execution_date=20221213T075323, start_date=20221213T075324, end_date=20221213T075326
[2022-12-13 07:53:26,151] {local_task_job.py:156} INFO - Task exited with return code 0
[2022-12-13 07:53:26,196] {local_task_job.py:273} INFO - 0 downstream tasks scheduled from follow-on schedule check
