[2022-12-12 18:29:47,684] {taskinstance.py:1159} INFO - Dependencies all met for <TaskInstance: daily_paper.get_joke_task manual__2022-12-12T18:29:46.533674+00:00 [queued]>
[2022-12-12 18:29:47,691] {taskinstance.py:1159} INFO - Dependencies all met for <TaskInstance: daily_paper.get_joke_task manual__2022-12-12T18:29:46.533674+00:00 [queued]>
[2022-12-12 18:29:47,691] {taskinstance.py:1356} INFO - 
--------------------------------------------------------------------------------
[2022-12-12 18:29:47,692] {taskinstance.py:1357} INFO - Starting attempt 1 of 2
[2022-12-12 18:29:47,693] {taskinstance.py:1358} INFO - 
--------------------------------------------------------------------------------
[2022-12-12 18:29:47,704] {taskinstance.py:1377} INFO - Executing <Task(PythonOperator): get_joke_task> on 2022-12-12 18:29:46.533674+00:00
[2022-12-12 18:29:47,711] {standard_task_runner.py:52} INFO - Started process 2441 to run task
[2022-12-12 18:29:47,720] {standard_task_runner.py:79} INFO - Running: ['***', 'tasks', 'run', 'daily_paper', 'get_joke_task', 'manual__2022-12-12T18:29:46.533674+00:00', '--job-id', '373', '--raw', '--subdir', 'DAGS_FOLDER/morning-paper.py', '--cfg-path', '/tmp/tmpmvon5lsf', '--error-file', '/tmp/tmpgvkii7ts']
[2022-12-12 18:29:47,722] {standard_task_runner.py:80} INFO - Job 373: Subtask get_joke_task
[2022-12-12 18:29:47,799] {task_command.py:369} INFO - Running <TaskInstance: daily_paper.get_joke_task manual__2022-12-12T18:29:46.533674+00:00 [running]> on host 6bb81baa0a52
[2022-12-12 18:29:47,880] {taskinstance.py:1571} INFO - Exporting the following env vars:
AIRFLOW_CTX_DAG_EMAIL=akash.khamkar40@gmail.com
AIRFLOW_CTX_DAG_OWNER=akashk
AIRFLOW_CTX_DAG_ID=daily_paper
AIRFLOW_CTX_TASK_ID=get_joke_task
AIRFLOW_CTX_EXECUTION_DATE=2022-12-12T18:29:46.533674+00:00
AIRFLOW_CTX_TRY_NUMBER=1
AIRFLOW_CTX_DAG_RUN_ID=manual__2022-12-12T18:29:46.533674+00:00
[2022-12-12 18:29:48,823] {logging_mixin.py:115} INFO - {'error': False, 'category': 'Misc', 'type': 'single', 'joke': "Relationship Status: just tried to reach for my dog's paw and he pulled it away so I pretended I was reaching for the remote.", 'flags': {'nsfw': False, 'religious': False, 'racist': False, 'sexist': False, 'political': False, 'explicit': False}, 'id': 195, 'safe': True, 'lang': 'en'}
[2022-12-12 18:29:48,824] {python.py:173} INFO - Done. Returned value was: Relationship Status: just tried to reach for my dog's paw and he pulled it away so I pretended I was reaching for the remote.
[2022-12-12 18:29:48,849] {taskinstance.py:1400} INFO - Marking task as SUCCESS. dag_id=daily_paper, task_id=get_joke_task, execution_date=20221212T182946, start_date=20221212T182947, end_date=20221212T182948
[2022-12-12 18:29:48,881] {local_task_job.py:156} INFO - Task exited with return code 0
[2022-12-12 18:29:48,914] {local_task_job.py:273} INFO - 0 downstream tasks scheduled from follow-on schedule check
