[2022-12-13 07:52:13,129] {taskinstance.py:1159} INFO - Dependencies all met for <TaskInstance: cereal_paper.get_joke_task manual__2022-12-13T07:52:11.965299+00:00 [queued]>
[2022-12-13 07:52:13,137] {taskinstance.py:1159} INFO - Dependencies all met for <TaskInstance: cereal_paper.get_joke_task manual__2022-12-13T07:52:11.965299+00:00 [queued]>
[2022-12-13 07:52:13,138] {taskinstance.py:1356} INFO - 
--------------------------------------------------------------------------------
[2022-12-13 07:52:13,138] {taskinstance.py:1357} INFO - Starting attempt 1 of 2
[2022-12-13 07:52:13,139] {taskinstance.py:1358} INFO - 
--------------------------------------------------------------------------------
[2022-12-13 07:52:13,151] {taskinstance.py:1377} INFO - Executing <Task(PythonOperator): get_joke_task> on 2022-12-13 07:52:11.965299+00:00
[2022-12-13 07:52:13,155] {standard_task_runner.py:52} INFO - Started process 242 to run task
[2022-12-13 07:52:13,159] {standard_task_runner.py:79} INFO - Running: ['***', 'tasks', 'run', 'cereal_paper', 'get_joke_task', 'manual__2022-12-13T07:52:11.965299+00:00', '--job-id', '20', '--raw', '--subdir', 'DAGS_FOLDER/cereal-paper.py', '--cfg-path', '/tmp/tmpgc908i0j', '--error-file', '/tmp/tmp4kji8_mg']
[2022-12-13 07:52:13,160] {standard_task_runner.py:80} INFO - Job 20: Subtask get_joke_task
[2022-12-13 07:52:13,281] {task_command.py:369} INFO - Running <TaskInstance: cereal_paper.get_joke_task manual__2022-12-13T07:52:11.965299+00:00 [running]> on host 5029e27bd97f
[2022-12-13 07:52:13,452] {taskinstance.py:1571} INFO - Exporting the following env vars:
AIRFLOW_CTX_DAG_EMAIL=akash.khamkar40@gmail.com
AIRFLOW_CTX_DAG_OWNER=akashk
AIRFLOW_CTX_DAG_ID=cereal_paper
AIRFLOW_CTX_TASK_ID=get_joke_task
AIRFLOW_CTX_EXECUTION_DATE=2022-12-13T07:52:11.965299+00:00
AIRFLOW_CTX_TRY_NUMBER=1
AIRFLOW_CTX_DAG_RUN_ID=manual__2022-12-13T07:52:11.965299+00:00
[2022-12-13 07:52:14,258] {logging_mixin.py:115} INFO - {'error': False, 'category': 'Dark', 'type': 'single', 'joke': 'I\'ll never forget my Granddad\'s last words to me just before he died. "Are you still holding the ladder?"', 'flags': {'nsfw': False, 'religious': False, 'political': False, 'racist': False, 'sexist': False, 'explicit': False}, 'id': 208, 'safe': False, 'lang': 'en'}
[2022-12-13 07:52:14,258] {python.py:173} INFO - Done. Returned value was: I'll never forget my Granddad's last words to me just before he died. "Are you still holding the ladder?"
[2022-12-13 07:52:14,297] {taskinstance.py:1400} INFO - Marking task as SUCCESS. dag_id=cereal_paper, task_id=get_joke_task, execution_date=20221213T075211, start_date=20221213T075213, end_date=20221213T075214
[2022-12-13 07:52:14,350] {local_task_job.py:156} INFO - Task exited with return code 0
[2022-12-13 07:52:14,438] {local_task_job.py:273} INFO - 0 downstream tasks scheduled from follow-on schedule check
