[2022-12-13 10:46:04,101] {taskinstance.py:1159} INFO - Dependencies all met for <TaskInstance: cereal_paper.get_quote_task manual__2022-12-13T10:46:02.615461+00:00 [queued]>
[2022-12-13 10:46:04,112] {taskinstance.py:1159} INFO - Dependencies all met for <TaskInstance: cereal_paper.get_quote_task manual__2022-12-13T10:46:02.615461+00:00 [queued]>
[2022-12-13 10:46:04,112] {taskinstance.py:1356} INFO - 
--------------------------------------------------------------------------------
[2022-12-13 10:46:04,113] {taskinstance.py:1357} INFO - Starting attempt 1 of 2
[2022-12-13 10:46:04,113] {taskinstance.py:1358} INFO - 
--------------------------------------------------------------------------------
[2022-12-13 10:46:04,125] {taskinstance.py:1377} INFO - Executing <Task(PythonOperator): get_quote_task> on 2022-12-13 10:46:02.615461+00:00
[2022-12-13 10:46:04,131] {standard_task_runner.py:52} INFO - Started process 241 to run task
[2022-12-13 10:46:04,137] {standard_task_runner.py:79} INFO - Running: ['***', 'tasks', 'run', 'cereal_paper', 'get_quote_task', 'manual__2022-12-13T10:46:02.615461+00:00', '--job-id', '106', '--raw', '--subdir', 'DAGS_FOLDER/cereal-paper.py', '--cfg-path', '/tmp/tmpu3kka7zl', '--error-file', '/tmp/tmp_u1dbbfs']
[2022-12-13 10:46:04,139] {standard_task_runner.py:80} INFO - Job 106: Subtask get_quote_task
[2022-12-13 10:46:04,296] {task_command.py:369} INFO - Running <TaskInstance: cereal_paper.get_quote_task manual__2022-12-13T10:46:02.615461+00:00 [running]> on host 43dbd6b00d73
[2022-12-13 10:46:04,445] {taskinstance.py:1571} INFO - Exporting the following env vars:
AIRFLOW_CTX_DAG_EMAIL=cerealman@akashkhamkar.in
AIRFLOW_CTX_DAG_OWNER=akashk
AIRFLOW_CTX_DAG_ID=cereal_paper
AIRFLOW_CTX_TASK_ID=get_quote_task
AIRFLOW_CTX_EXECUTION_DATE=2022-12-13T10:46:02.615461+00:00
AIRFLOW_CTX_TRY_NUMBER=1
AIRFLOW_CTX_DAG_RUN_ID=manual__2022-12-13T10:46:02.615461+00:00
[2022-12-13 10:46:05,555] {logging_mixin.py:115} INFO - [{'q': 'Curiosity is the most powerful thing you own. Imagination is a force that can actually manifest a reality.', 'a': 'James Cameron', 'h': '<blockquote>&ldquo;Curiosity is the most powerful thing you own. Imagination is a force that can actually manifest a reality.&rdquo; &mdash; <footer>James Cameron</footer></blockquote>'}]
[2022-12-13 10:46:05,556] {python.py:173} INFO - Done. Returned value was: Curiosity is the most powerful thing you own. Imagination is a force that can actually manifest a reality.
[2022-12-13 10:46:05,596] {taskinstance.py:1400} INFO - Marking task as SUCCESS. dag_id=cereal_paper, task_id=get_quote_task, execution_date=20221213T104602, start_date=20221213T104604, end_date=20221213T104605
[2022-12-13 10:46:05,707] {local_task_job.py:156} INFO - Task exited with return code 0
[2022-12-13 10:46:05,751] {local_task_job.py:273} INFO - 0 downstream tasks scheduled from follow-on schedule check
