[2022-12-12 12:43:57,284] {taskinstance.py:1159} INFO - Dependencies all met for <TaskInstance: daily_Paper.get_quote_task manual__2022-12-12T12:43:56.398057+00:00 [queued]>
[2022-12-12 12:43:57,292] {taskinstance.py:1159} INFO - Dependencies all met for <TaskInstance: daily_Paper.get_quote_task manual__2022-12-12T12:43:56.398057+00:00 [queued]>
[2022-12-12 12:43:57,293] {taskinstance.py:1356} INFO - 
--------------------------------------------------------------------------------
[2022-12-12 12:43:57,293] {taskinstance.py:1357} INFO - Starting attempt 1 of 2
[2022-12-12 12:43:57,294] {taskinstance.py:1358} INFO - 
--------------------------------------------------------------------------------
[2022-12-12 12:43:57,306] {taskinstance.py:1377} INFO - Executing <Task(PythonOperator): get_quote_task> on 2022-12-12 12:43:56.398057+00:00
[2022-12-12 12:43:57,312] {standard_task_runner.py:52} INFO - Started process 749 to run task
[2022-12-12 12:43:57,316] {standard_task_runner.py:79} INFO - Running: ['***', 'tasks', 'run', 'daily_Paper', 'get_quote_task', 'manual__2022-12-12T12:43:56.398057+00:00', '--job-id', '25', '--raw', '--subdir', 'DAGS_FOLDER/morning-paper.py', '--cfg-path', '/tmp/tmpw5d92861', '--error-file', '/tmp/tmponesjplv']
[2022-12-12 12:43:57,318] {standard_task_runner.py:80} INFO - Job 25: Subtask get_quote_task
[2022-12-12 12:43:57,382] {task_command.py:369} INFO - Running <TaskInstance: daily_Paper.get_quote_task manual__2022-12-12T12:43:56.398057+00:00 [running]> on host cbcd6542cb8e
[2022-12-12 12:43:57,444] {taskinstance.py:1571} INFO - Exporting the following env vars:
AIRFLOW_CTX_DAG_EMAIL=akash.khamkar40@gmail.com
AIRFLOW_CTX_DAG_OWNER=akashk
AIRFLOW_CTX_DAG_ID=daily_Paper
AIRFLOW_CTX_TASK_ID=get_quote_task
AIRFLOW_CTX_EXECUTION_DATE=2022-12-12T12:43:56.398057+00:00
AIRFLOW_CTX_TRY_NUMBER=1
AIRFLOW_CTX_DAG_RUN_ID=manual__2022-12-12T12:43:56.398057+00:00
[2022-12-12 12:43:58,666] {logging_mixin.py:115} INFO - [{'q': 'Most people achieved their greatest success one step beyond what looked like their greatest failure.', 'a': 'Brian Tracy', 'h': '<blockquote>&ldquo;Most people achieved their greatest success one step beyond what looked like their greatest failure.&rdquo; &mdash; <footer>Brian Tracy</footer></blockquote>'}]
[2022-12-12 12:43:58,668] {python.py:173} INFO - Done. Returned value was: Most people achieved their greatest success one step beyond what looked like their greatest failure.
[2022-12-12 12:43:58,708] {taskinstance.py:1400} INFO - Marking task as SUCCESS. dag_id=daily_Paper, task_id=get_quote_task, execution_date=20221212T124356, start_date=20221212T124357, end_date=20221212T124358
[2022-12-12 12:43:58,724] {local_task_job.py:156} INFO - Task exited with return code 0
[2022-12-12 12:43:58,755] {local_task_job.py:273} INFO - 0 downstream tasks scheduled from follow-on schedule check
