[2022-12-13 09:52:16,417] {taskinstance.py:1159} INFO - Dependencies all met for <TaskInstance: cereal_paper.get_songs_from_db_task manual__2022-12-13T09:52:15.702096+00:00 [queued]>
[2022-12-13 09:52:16,431] {taskinstance.py:1159} INFO - Dependencies all met for <TaskInstance: cereal_paper.get_songs_from_db_task manual__2022-12-13T09:52:15.702096+00:00 [queued]>
[2022-12-13 09:52:16,431] {taskinstance.py:1356} INFO - 
--------------------------------------------------------------------------------
[2022-12-13 09:52:16,432] {taskinstance.py:1357} INFO - Starting attempt 1 of 2
[2022-12-13 09:52:16,432] {taskinstance.py:1358} INFO - 
--------------------------------------------------------------------------------
[2022-12-13 09:52:16,445] {taskinstance.py:1377} INFO - Executing <Task(PythonOperator): get_songs_from_db_task> on 2022-12-13 09:52:15.702096+00:00
[2022-12-13 09:52:16,449] {standard_task_runner.py:52} INFO - Started process 351 to run task
[2022-12-13 09:52:16,454] {standard_task_runner.py:79} INFO - Running: ['***', 'tasks', 'run', 'cereal_paper', 'get_songs_from_db_task', 'manual__2022-12-13T09:52:15.702096+00:00', '--job-id', '81', '--raw', '--subdir', 'DAGS_FOLDER/cereal-paper.py', '--cfg-path', '/tmp/tmpmf7to0hb', '--error-file', '/tmp/tmp600objit']
[2022-12-13 09:52:16,458] {standard_task_runner.py:80} INFO - Job 81: Subtask get_songs_from_db_task
[2022-12-13 09:52:16,635] {task_command.py:369} INFO - Running <TaskInstance: cereal_paper.get_songs_from_db_task manual__2022-12-13T09:52:15.702096+00:00 [running]> on host 2c020bbaa31c
[2022-12-13 09:52:16,773] {taskinstance.py:1571} INFO - Exporting the following env vars:
AIRFLOW_CTX_DAG_EMAIL=akash.khamkar40@gmail.com
AIRFLOW_CTX_DAG_OWNER=akashk
AIRFLOW_CTX_DAG_ID=cereal_paper
AIRFLOW_CTX_TASK_ID=get_songs_from_db_task
AIRFLOW_CTX_EXECUTION_DATE=2022-12-13T09:52:15.702096+00:00
AIRFLOW_CTX_TRY_NUMBER=1
AIRFLOW_CTX_DAG_RUN_ID=manual__2022-12-13T09:52:15.702096+00:00
[2022-12-13 09:52:16,776] {base.py:68} INFO - Using connection ID 'my_postgres_default' for task execution.
[2022-12-13 09:52:16,790] {python.py:173} INFO - Done. Returned value was: [("She's a Lover", 'Unlimited Love', 'Red Hot Chili Peppers'), ('In A Little While', "All That You Can't Leave Behind", 'U2'), ('Meet Me At Our Spot - Live', 'Meet Me At Our Spot (Live)', 'THE ANXIETY,WILLOW,Tyler Cole')]
[2022-12-13 09:52:16,827] {taskinstance.py:1400} INFO - Marking task as SUCCESS. dag_id=cereal_paper, task_id=get_songs_from_db_task, execution_date=20221213T095215, start_date=20221213T095216, end_date=20221213T095216
[2022-12-13 09:52:16,866] {local_task_job.py:156} INFO - Task exited with return code 0
[2022-12-13 09:52:16,914] {local_task_job.py:273} INFO - 0 downstream tasks scheduled from follow-on schedule check
