[2022-12-13 10:53:16,067] {taskinstance.py:1159} INFO - Dependencies all met for <TaskInstance: cereal_paper.get_songs_from_db_task manual__2022-12-13T10:53:15.322673+00:00 [queued]>
[2022-12-13 10:53:16,096] {taskinstance.py:1159} INFO - Dependencies all met for <TaskInstance: cereal_paper.get_songs_from_db_task manual__2022-12-13T10:53:15.322673+00:00 [queued]>
[2022-12-13 10:53:16,096] {taskinstance.py:1356} INFO - 
--------------------------------------------------------------------------------
[2022-12-13 10:53:16,097] {taskinstance.py:1357} INFO - Starting attempt 1 of 2
[2022-12-13 10:53:16,097] {taskinstance.py:1358} INFO - 
--------------------------------------------------------------------------------
[2022-12-13 10:53:16,111] {taskinstance.py:1377} INFO - Executing <Task(PythonOperator): get_songs_from_db_task> on 2022-12-13 10:53:15.322673+00:00
[2022-12-13 10:53:16,115] {standard_task_runner.py:52} INFO - Started process 202 to run task
[2022-12-13 10:53:16,124] {standard_task_runner.py:79} INFO - Running: ['***', 'tasks', 'run', 'cereal_paper', 'get_songs_from_db_task', 'manual__2022-12-13T10:53:15.322673+00:00', '--job-id', '128', '--raw', '--subdir', 'DAGS_FOLDER/cereal-paper.py', '--cfg-path', '/tmp/tmphxq12njq', '--error-file', '/tmp/tmp19g1fusc']
[2022-12-13 10:53:16,126] {standard_task_runner.py:80} INFO - Job 128: Subtask get_songs_from_db_task
[2022-12-13 10:53:16,293] {task_command.py:369} INFO - Running <TaskInstance: cereal_paper.get_songs_from_db_task manual__2022-12-13T10:53:15.322673+00:00 [running]> on host 5cb924e8b79e
[2022-12-13 10:53:16,429] {taskinstance.py:1571} INFO - Exporting the following env vars:
AIRFLOW_CTX_DAG_EMAIL=cerealman@akashkhamkar.in
AIRFLOW_CTX_DAG_OWNER=akashk
AIRFLOW_CTX_DAG_ID=cereal_paper
AIRFLOW_CTX_TASK_ID=get_songs_from_db_task
AIRFLOW_CTX_EXECUTION_DATE=2022-12-13T10:53:15.322673+00:00
AIRFLOW_CTX_TRY_NUMBER=1
AIRFLOW_CTX_DAG_RUN_ID=manual__2022-12-13T10:53:15.322673+00:00
[2022-12-13 10:53:16,434] {base.py:68} INFO - Using connection ID 'my_postgres_default' for task execution.
[2022-12-13 10:53:16,445] {python.py:173} INFO - Done. Returned value was: [('One Last Breath', 'Weathered', 'Creed'), ("Something's Missing - Live at the Oak Mountain Amphitheater, Birmingham, AL - September 2002", 'Any Given Thursday', 'John Mayer'), ('Purple Rain', 'Purple Rain', 'Prince')]
[2022-12-13 10:53:16,484] {taskinstance.py:1400} INFO - Marking task as SUCCESS. dag_id=cereal_paper, task_id=get_songs_from_db_task, execution_date=20221213T105315, start_date=20221213T105316, end_date=20221213T105316
[2022-12-13 10:53:16,534] {local_task_job.py:156} INFO - Task exited with return code 0
[2022-12-13 10:53:16,585] {local_task_job.py:273} INFO - 0 downstream tasks scheduled from follow-on schedule check
