[2022-12-13 07:54:29,854] {taskinstance.py:1159} INFO - Dependencies all met for <TaskInstance: cereal_paper.create_pdf_task manual__2022-12-13T07:53:23.430067+00:00 [queued]>
[2022-12-13 07:54:29,861] {taskinstance.py:1159} INFO - Dependencies all met for <TaskInstance: cereal_paper.create_pdf_task manual__2022-12-13T07:53:23.430067+00:00 [queued]>
[2022-12-13 07:54:29,861] {taskinstance.py:1356} INFO - 
--------------------------------------------------------------------------------
[2022-12-13 07:54:29,862] {taskinstance.py:1357} INFO - Starting attempt 2 of 2
[2022-12-13 07:54:29,862] {taskinstance.py:1358} INFO - 
--------------------------------------------------------------------------------
[2022-12-13 07:54:29,870] {taskinstance.py:1377} INFO - Executing <Task(PythonOperator): create_pdf_task> on 2022-12-13 07:53:23.430067+00:00
[2022-12-13 07:54:29,873] {standard_task_runner.py:52} INFO - Started process 340 to run task
[2022-12-13 07:54:29,877] {standard_task_runner.py:79} INFO - Running: ['***', 'tasks', 'run', 'cereal_paper', 'create_pdf_task', 'manual__2022-12-13T07:53:23.430067+00:00', '--job-id', '40', '--raw', '--subdir', 'DAGS_FOLDER/cereal-paper.py', '--cfg-path', '/tmp/tmpph9endc1', '--error-file', '/tmp/tmp0upms6yv']
[2022-12-13 07:54:29,878] {standard_task_runner.py:80} INFO - Job 40: Subtask create_pdf_task
[2022-12-13 07:54:29,948] {task_command.py:369} INFO - Running <TaskInstance: cereal_paper.create_pdf_task manual__2022-12-13T07:53:23.430067+00:00 [running]> on host 5029e27bd97f
[2022-12-13 07:54:30,028] {taskinstance.py:1571} INFO - Exporting the following env vars:
AIRFLOW_CTX_DAG_EMAIL=akash.khamkar40@gmail.com
AIRFLOW_CTX_DAG_OWNER=akashk
AIRFLOW_CTX_DAG_ID=cereal_paper
AIRFLOW_CTX_TASK_ID=create_pdf_task
AIRFLOW_CTX_EXECUTION_DATE=2022-12-13T07:53:23.430067+00:00
AIRFLOW_CTX_TRY_NUMBER=2
AIRFLOW_CTX_DAG_RUN_ID=manual__2022-12-13T07:53:23.430067+00:00
[2022-12-13 07:54:30,248] {logging_mixin.py:115} WARNING - /home/***/.local/lib/python3.7/site-packages/fpdf/ttfonts.py:831 UserWarning: missing glyph 369
[2022-12-13 07:54:30,249] {logging_mixin.py:115} WARNING - /home/***/.local/lib/python3.7/site-packages/fpdf/ttfonts.py:710 UserWarning: missing glyph 369
[2022-12-13 07:54:30,271] {python.py:173} INFO - Done. Returned value was: None
[2022-12-13 07:54:30,288] {taskinstance.py:1400} INFO - Marking task as SUCCESS. dag_id=cereal_paper, task_id=create_pdf_task, execution_date=20221213T075323, start_date=20221213T075429, end_date=20221213T075430
[2022-12-13 07:54:30,339] {local_task_job.py:156} INFO - Task exited with return code 0
[2022-12-13 07:54:30,385] {local_task_job.py:273} INFO - 0 downstream tasks scheduled from follow-on schedule check
