[2022-12-13 09:52:53,215] {taskinstance.py:1159} INFO - Dependencies all met for <TaskInstance: cereal_paper.save_to_db_task manual__2022-12-13T09:52:48.637449+00:00 [queued]>
[2022-12-13 09:52:53,221] {taskinstance.py:1159} INFO - Dependencies all met for <TaskInstance: cereal_paper.save_to_db_task manual__2022-12-13T09:52:48.637449+00:00 [queued]>
[2022-12-13 09:52:53,221] {taskinstance.py:1356} INFO - 
--------------------------------------------------------------------------------
[2022-12-13 09:52:53,221] {taskinstance.py:1357} INFO - Starting attempt 1 of 2
[2022-12-13 09:52:53,222] {taskinstance.py:1358} INFO - 
--------------------------------------------------------------------------------
[2022-12-13 09:52:53,230] {taskinstance.py:1377} INFO - Executing <Task(PythonOperator): save_to_db_task> on 2022-12-13 09:52:48.637449+00:00
[2022-12-13 09:52:53,233] {standard_task_runner.py:52} INFO - Started process 378 to run task
[2022-12-13 09:52:53,236] {standard_task_runner.py:79} INFO - Running: ['***', 'tasks', 'run', 'cereal_paper', 'save_to_db_task', 'manual__2022-12-13T09:52:48.637449+00:00', '--job-id', '92', '--raw', '--subdir', 'DAGS_FOLDER/cereal-paper.py', '--cfg-path', '/tmp/tmpvvjtb843', '--error-file', '/tmp/tmprfcmrxm_']
[2022-12-13 09:52:53,238] {standard_task_runner.py:80} INFO - Job 92: Subtask save_to_db_task
[2022-12-13 09:52:53,306] {task_command.py:369} INFO - Running <TaskInstance: cereal_paper.save_to_db_task manual__2022-12-13T09:52:48.637449+00:00 [running]> on host 2c020bbaa31c
[2022-12-13 09:52:53,381] {taskinstance.py:1571} INFO - Exporting the following env vars:
AIRFLOW_CTX_DAG_EMAIL=akash.khamkar40@gmail.com
AIRFLOW_CTX_DAG_OWNER=akashk
AIRFLOW_CTX_DAG_ID=cereal_paper
AIRFLOW_CTX_TASK_ID=save_to_db_task
AIRFLOW_CTX_EXECUTION_DATE=2022-12-13T09:52:48.637449+00:00
AIRFLOW_CTX_TRY_NUMBER=1
AIRFLOW_CTX_DAG_RUN_ID=manual__2022-12-13T09:52:48.637449+00:00
[2022-12-13 09:52:53,420] {python.py:173} INFO - Done. Returned value was: None
[2022-12-13 09:52:53,508] {taskinstance.py:1400} INFO - Marking task as SUCCESS. dag_id=cereal_paper, task_id=save_to_db_task, execution_date=20221213T095248, start_date=20221213T095253, end_date=20221213T095253
[2022-12-13 09:52:53,571] {local_task_job.py:156} INFO - Task exited with return code 0
[2022-12-13 09:52:53,612] {local_task_job.py:273} INFO - 0 downstream tasks scheduled from follow-on schedule check
