[2022-12-12 16:57:24,893] {taskinstance.py:1159} INFO - Dependencies all met for <TaskInstance: daily_paper.combine_articles_task manual__2022-12-12T16:57:21.867274+00:00 [queued]>
[2022-12-12 16:57:24,898] {taskinstance.py:1159} INFO - Dependencies all met for <TaskInstance: daily_paper.combine_articles_task manual__2022-12-12T16:57:21.867274+00:00 [queued]>
[2022-12-12 16:57:24,898] {taskinstance.py:1356} INFO - 
--------------------------------------------------------------------------------
[2022-12-12 16:57:24,899] {taskinstance.py:1357} INFO - Starting attempt 1 of 2
[2022-12-12 16:57:24,899] {taskinstance.py:1358} INFO - 
--------------------------------------------------------------------------------
[2022-12-12 16:57:24,906] {taskinstance.py:1377} INFO - Executing <Task(PythonOperator): combine_articles_task> on 2022-12-12 16:57:21.867274+00:00
[2022-12-12 16:57:24,910] {standard_task_runner.py:52} INFO - Started process 457 to run task
[2022-12-12 16:57:24,912] {standard_task_runner.py:79} INFO - Running: ['***', 'tasks', 'run', 'daily_paper', 'combine_articles_task', 'manual__2022-12-12T16:57:21.867274+00:00', '--job-id', '198', '--raw', '--subdir', 'DAGS_FOLDER/morning-paper.py', '--cfg-path', '/tmp/tmp41ee0hhv', '--error-file', '/tmp/tmpi8lk86s3']
[2022-12-12 16:57:24,914] {standard_task_runner.py:80} INFO - Job 198: Subtask combine_articles_task
[2022-12-12 16:57:24,951] {task_command.py:369} INFO - Running <TaskInstance: daily_paper.combine_articles_task manual__2022-12-12T16:57:21.867274+00:00 [running]> on host 6bb81baa0a52
[2022-12-12 16:57:25,001] {taskinstance.py:1571} INFO - Exporting the following env vars:
AIRFLOW_CTX_DAG_EMAIL=akash.khamkar40@gmail.com
AIRFLOW_CTX_DAG_OWNER=akashk
AIRFLOW_CTX_DAG_ID=daily_paper
AIRFLOW_CTX_TASK_ID=combine_articles_task
AIRFLOW_CTX_EXECUTION_DATE=2022-12-12T16:57:21.867274+00:00
AIRFLOW_CTX_TRY_NUMBER=1
AIRFLOW_CTX_DAG_RUN_ID=manual__2022-12-12T16:57:21.867274+00:00
[2022-12-12 16:57:25,033] {logging_mixin.py:115} INFO - {'joke': 'To whoever stole my copy of Microsoft Office, I will find you. You have my Word!', 'quote': 'Most people achieved their greatest success one step beyond what looked like their greatest failure.', 'news': [{'title': 'Project Peca I: How to silence a nation', 'published_date': '2022-12-12 16:57:12', 'summary': 'What began under the PML-N government, intensified under PTI rule and is in vogue once again under the PDM government. When the PML-N government introduced the Prevention of Electronic Crimes Act (Peca), 2016 in parliament, it was projected as a shield against harassment and hate speech. At the time, authorities justified the draconian measures as a necessity — and many swallowed it, the memories of the Peshawar Army Public School (APS) attack fresh in their minds.\nEnacted under these false pretences, the intent behind Peca stands well exposed today, having proven to be an effective weapon in the hands of the state, to harass, intimidate and silence critics.'}, {'title': 'Results of The Dewey Electronics Corporation Annual Election', 'published_date': '2022-12-12 16:57:00', 'summary': 'OAKLAND, NJ / ACCESSWIRE / December 12, 2022 / The Dewey Electronics Corporation (OTC PINK:DEWY) announced the results of the annual election of its Board of\n Directors.\n\n\n Reelected were existing Board members John Dewey, CEO; Nathanial Roberts, Director; and Ronald Tassello, Director. Evan Wax, a current Board member, withdrew his nomination before the vote.\n\n\n Evan Wax stated, "I believe it has been a productive five and a half years, and I am proud of the assistance I provided Dewey Electronics.'}, {'title': 'PAK vs ENG: Babar Azam unhappy over criticism', 'published_date': '2022-12-12 16:57:00', 'summary': 'The third and final Test of the three-match series will be staged at the National Bank Cricket Arena in Karachi — PCBPakistan skipper Babar Azam has responded to the critics after his side lost to England by 26 runs in the second Test at the Multan Cricket Stadium on Monday.In order to finish their second-highest successful run chase and tie the series, the hosts needed 157 more runs when play resumed on day four. \nHowever, England claimed their final six wickets\xa0within two sessions on day 4 to earn a series win.'}], 'meme': 'https://redd.it/zifpgn'}
[2022-12-12 16:57:25,037] {python.py:173} INFO - Done. Returned value was: {'joke': 'To whoever stole my copy of Microsoft Office, I will find you. You have my Word!', 'quote': 'Most people achieved their greatest success one step beyond what looked like their greatest failure.', 'news': [{'title': 'Project Peca I: How to silence a nation', 'published_date': '2022-12-12 16:57:12', 'summary': 'What began under the PML-N government, intensified under PTI rule and is in vogue once again under the PDM government. When the PML-N government introduced the Prevention of Electronic Crimes Act (Peca), 2016 in parliament, it was projected as a shield against harassment and hate speech. At the time, authorities justified the draconian measures as a necessity — and many swallowed it, the memories of the Peshawar Army Public School (APS) attack fresh in their minds.\nEnacted under these false pretences, the intent behind Peca stands well exposed today, having proven to be an effective weapon in the hands of the state, to harass, intimidate and silence critics.'}, {'title': 'Results of The Dewey Electronics Corporation Annual Election', 'published_date': '2022-12-12 16:57:00', 'summary': 'OAKLAND, NJ / ACCESSWIRE / December 12, 2022 / The Dewey Electronics Corporation (OTC PINK:DEWY) announced the results of the annual election of its Board of\n Directors.\n\n\n Reelected were existing Board members John Dewey, CEO; Nathanial Roberts, Director; and Ronald Tassello, Director. Evan Wax, a current Board member, withdrew his nomination before the vote.\n\n\n Evan Wax stated, "I believe it has been a productive five and a half years, and I am proud of the assistance I provided Dewey Electronics.'}, {'title': 'PAK vs ENG: Babar Azam unhappy over criticism', 'published_date': '2022-12-12 16:57:00', 'summary': 'The third and final Test of the three-match series will be staged at the National Bank Cricket Arena in Karachi — PCBPakistan skipper Babar Azam has responded to the critics after his side lost to England by 26 runs in the second Test at the Multan Cricket Stadium on Monday.In order to finish their second-highest successful run chase and tie the series, the hosts needed 157 more runs when play resumed on day four. \nHowever, England claimed their final six wickets\xa0within two sessions on day 4 to earn a series win.'}], 'meme': 'https://redd.it/zifpgn'}
[2022-12-12 16:57:25,059] {taskinstance.py:1400} INFO - Marking task as SUCCESS. dag_id=daily_paper, task_id=combine_articles_task, execution_date=20221212T165721, start_date=20221212T165724, end_date=20221212T165725
[2022-12-12 16:57:25,085] {local_task_job.py:156} INFO - Task exited with return code 0
[2022-12-12 16:57:25,111] {local_task_job.py:273} INFO - 1 downstream tasks scheduled from follow-on schedule check
