[2022-12-13 07:58:54,050] {taskinstance.py:1159} INFO - Dependencies all met for <TaskInstance: cereal_paper.get_meme_task manual__2022-12-13T07:58:52.950002+00:00 [queued]>
[2022-12-13 07:58:54,066] {taskinstance.py:1159} INFO - Dependencies all met for <TaskInstance: cereal_paper.get_meme_task manual__2022-12-13T07:58:52.950002+00:00 [queued]>
[2022-12-13 07:58:54,067] {taskinstance.py:1356} INFO - 
--------------------------------------------------------------------------------
[2022-12-13 07:58:54,067] {taskinstance.py:1357} INFO - Starting attempt 1 of 2
[2022-12-13 07:58:54,068] {taskinstance.py:1358} INFO - 
--------------------------------------------------------------------------------
[2022-12-13 07:58:54,088] {taskinstance.py:1377} INFO - Executing <Task(PythonOperator): get_meme_task> on 2022-12-13 07:58:52.950002+00:00
[2022-12-13 07:58:54,098] {standard_task_runner.py:52} INFO - Started process 426 to run task
[2022-12-13 07:58:54,101] {standard_task_runner.py:79} INFO - Running: ['***', 'tasks', 'run', 'cereal_paper', 'get_meme_task', 'manual__2022-12-13T07:58:52.950002+00:00', '--job-id', '52', '--raw', '--subdir', 'DAGS_FOLDER/cereal-paper.py', '--cfg-path', '/tmp/tmp4qrs55b9', '--error-file', '/tmp/tmp3uqcoaqf']
[2022-12-13 07:58:54,105] {standard_task_runner.py:80} INFO - Job 52: Subtask get_meme_task
[2022-12-13 07:58:54,246] {task_command.py:369} INFO - Running <TaskInstance: cereal_paper.get_meme_task manual__2022-12-13T07:58:52.950002+00:00 [running]> on host 5029e27bd97f
[2022-12-13 07:58:54,423] {taskinstance.py:1571} INFO - Exporting the following env vars:
AIRFLOW_CTX_DAG_EMAIL=akash.khamkar40@gmail.com
AIRFLOW_CTX_DAG_OWNER=akashk
AIRFLOW_CTX_DAG_ID=cereal_paper
AIRFLOW_CTX_TASK_ID=get_meme_task
AIRFLOW_CTX_EXECUTION_DATE=2022-12-13T07:58:52.950002+00:00
AIRFLOW_CTX_TRY_NUMBER=1
AIRFLOW_CTX_DAG_RUN_ID=manual__2022-12-13T07:58:52.950002+00:00
[2022-12-13 07:58:55,355] {python.py:173} INFO - Done. Returned value was: https://redd.it/zjwk9f
[2022-12-13 07:58:55,431] {taskinstance.py:1400} INFO - Marking task as SUCCESS. dag_id=cereal_paper, task_id=get_meme_task, execution_date=20221213T075852, start_date=20221213T075854, end_date=20221213T075855
[2022-12-13 07:58:55,465] {local_task_job.py:156} INFO - Task exited with return code 0
[2022-12-13 07:58:55,535] {local_task_job.py:273} INFO - 0 downstream tasks scheduled from follow-on schedule check
