[2022-12-12 13:22:54,189] {taskinstance.py:1159} INFO - Dependencies all met for <TaskInstance: daily_Paper.get_joke_task manual__2022-12-12T13:22:52.945532+00:00 [queued]>
[2022-12-12 13:22:54,199] {taskinstance.py:1159} INFO - Dependencies all met for <TaskInstance: daily_Paper.get_joke_task manual__2022-12-12T13:22:52.945532+00:00 [queued]>
[2022-12-12 13:22:54,200] {taskinstance.py:1356} INFO - 
--------------------------------------------------------------------------------
[2022-12-12 13:22:54,201] {taskinstance.py:1357} INFO - Starting attempt 1 of 2
[2022-12-12 13:22:54,201] {taskinstance.py:1358} INFO - 
--------------------------------------------------------------------------------
[2022-12-12 13:22:54,212] {taskinstance.py:1377} INFO - Executing <Task(PythonOperator): get_joke_task> on 2022-12-12 13:22:52.945532+00:00
[2022-12-12 13:22:54,228] {standard_task_runner.py:52} INFO - Started process 1257 to run task
[2022-12-12 13:22:54,237] {standard_task_runner.py:79} INFO - Running: ['***', 'tasks', 'run', 'daily_Paper', 'get_joke_task', 'manual__2022-12-12T13:22:52.945532+00:00', '--job-id', '76', '--raw', '--subdir', 'DAGS_FOLDER/morning-paper.py', '--cfg-path', '/tmp/tmpm38o274b', '--error-file', '/tmp/tmp61cc3q5a']
[2022-12-12 13:22:54,240] {standard_task_runner.py:80} INFO - Job 76: Subtask get_joke_task
[2022-12-12 13:22:54,315] {task_command.py:369} INFO - Running <TaskInstance: daily_Paper.get_joke_task manual__2022-12-12T13:22:52.945532+00:00 [running]> on host cbcd6542cb8e
[2022-12-12 13:22:54,375] {taskinstance.py:1571} INFO - Exporting the following env vars:
AIRFLOW_CTX_DAG_EMAIL=akash.khamkar40@gmail.com
AIRFLOW_CTX_DAG_OWNER=akashk
AIRFLOW_CTX_DAG_ID=daily_Paper
AIRFLOW_CTX_TASK_ID=get_joke_task
AIRFLOW_CTX_EXECUTION_DATE=2022-12-12T13:22:52.945532+00:00
AIRFLOW_CTX_TRY_NUMBER=1
AIRFLOW_CTX_DAG_RUN_ID=manual__2022-12-12T13:22:52.945532+00:00
[2022-12-12 13:22:55,235] {logging_mixin.py:115} INFO - {'error': False, 'category': 'Programming', 'type': 'single', 'joke': "Knock knock.\nWho's there?\nRecursion.\nRecursion who?\nKnock knock.", 'flags': {'nsfw': False, 'religious': False, 'political': False, 'racist': False, 'sexist': False, 'explicit': False}, 'id': 180, 'safe': True, 'lang': 'en'}
[2022-12-12 13:22:55,236] {python.py:173} INFO - Done. Returned value was: Knock knock.
Who's there?
Recursion.
Recursion who?
Knock knock.
[2022-12-12 13:22:55,264] {taskinstance.py:1400} INFO - Marking task as SUCCESS. dag_id=daily_Paper, task_id=get_joke_task, execution_date=20221212T132252, start_date=20221212T132254, end_date=20221212T132255
[2022-12-12 13:22:55,316] {local_task_job.py:156} INFO - Task exited with return code 0
[2022-12-12 13:22:55,343] {local_task_job.py:273} INFO - 0 downstream tasks scheduled from follow-on schedule check
