[2022-12-13 11:44:40,838] {taskinstance.py:1159} INFO - Dependencies all met for <TaskInstance: cereal_paper.get_news_task manual__2022-12-13T11:44:39.899976+00:00 [queued]>
[2022-12-13 11:44:40,847] {taskinstance.py:1159} INFO - Dependencies all met for <TaskInstance: cereal_paper.get_news_task manual__2022-12-13T11:44:39.899976+00:00 [queued]>
[2022-12-13 11:44:40,848] {taskinstance.py:1356} INFO - 
--------------------------------------------------------------------------------
[2022-12-13 11:44:40,848] {taskinstance.py:1357} INFO - Starting attempt 1 of 2
[2022-12-13 11:44:40,848] {taskinstance.py:1358} INFO - 
--------------------------------------------------------------------------------
[2022-12-13 11:44:40,858] {taskinstance.py:1377} INFO - Executing <Task(PythonOperator): get_news_task> on 2022-12-13 11:44:39.899976+00:00
[2022-12-13 11:44:40,862] {standard_task_runner.py:52} INFO - Started process 674 to run task
[2022-12-13 11:44:40,868] {standard_task_runner.py:79} INFO - Running: ['***', 'tasks', 'run', 'cereal_paper', 'get_news_task', 'manual__2022-12-13T11:44:39.899976+00:00', '--job-id', '200', '--raw', '--subdir', 'DAGS_FOLDER/cereal-paper.py', '--cfg-path', '/tmp/tmpyt_7qk2h', '--error-file', '/tmp/tmpqb3bwe48']
[2022-12-13 11:44:40,869] {standard_task_runner.py:80} INFO - Job 200: Subtask get_news_task
[2022-12-13 11:44:40,988] {task_command.py:369} INFO - Running <TaskInstance: cereal_paper.get_news_task manual__2022-12-13T11:44:39.899976+00:00 [running]> on host 44822d5113ae
[2022-12-13 11:44:41,168] {taskinstance.py:1571} INFO - Exporting the following env vars:
AIRFLOW_CTX_DAG_EMAIL=cerealman@akashkhamkar.in
AIRFLOW_CTX_DAG_OWNER=akashk
AIRFLOW_CTX_DAG_ID=cereal_paper
AIRFLOW_CTX_TASK_ID=get_news_task
AIRFLOW_CTX_EXECUTION_DATE=2022-12-13T11:44:39.899976+00:00
AIRFLOW_CTX_TRY_NUMBER=1
AIRFLOW_CTX_DAG_RUN_ID=manual__2022-12-13T11:44:39.899976+00:00
[2022-12-13 11:44:55,085] {python.py:173} INFO - Done. Returned value was: [{'title': 'How to Claim IMPT Tokens and Uniswap DEX Guide', 'published_date': '2022-12-13 11:35:23', 'summary': 'The IMPT presale is now complete, here is the guide on how to claim IMPT tokens and to operate the Uniswap DEX. IMPT is building [...]'}, {'title': 'Top Crypto Analysts Praise Big Eyes Coin As The Next Big Thing And Predict Steady Growth For Polygon And Elrond', 'published_date': '2022-12-13 11:35:05', 'summary': 'The Big Eyes Coin platform aims to build a powerful community of smart and wealthy investors. Its community token may provide potentially impressive returns and make investors much wealthier.'}, {'title': 'In ‘The Storyteller’, an unusual cure for insomnia', 'published_date': '2022-12-13 11:35:00', 'summary': 'Anant Mahadevan’s adaptation of a Satyajit Ray short story stars Paresh Rawal, Adil Hussain and Tannishtha Chatterjee.'}]
[2022-12-13 11:44:55,165] {taskinstance.py:1400} INFO - Marking task as SUCCESS. dag_id=cereal_paper, task_id=get_news_task, execution_date=20221213T114439, start_date=20221213T114440, end_date=20221213T114455
[2022-12-13 11:44:55,194] {local_task_job.py:156} INFO - Task exited with return code 0
[2022-12-13 11:44:55,239] {local_task_job.py:273} INFO - 1 downstream tasks scheduled from follow-on schedule check
