[2022-12-13 10:50:57,983] {taskinstance.py:1159} INFO - Dependencies all met for <TaskInstance: cereal_paper.save_to_db_task manual__2022-12-13T10:50:51.721654+00:00 [queued]>
[2022-12-13 10:50:57,990] {taskinstance.py:1159} INFO - Dependencies all met for <TaskInstance: cereal_paper.save_to_db_task manual__2022-12-13T10:50:51.721654+00:00 [queued]>
[2022-12-13 10:50:57,990] {taskinstance.py:1356} INFO - 
--------------------------------------------------------------------------------
[2022-12-13 10:50:57,991] {taskinstance.py:1357} INFO - Starting attempt 1 of 2
[2022-12-13 10:50:57,991] {taskinstance.py:1358} INFO - 
--------------------------------------------------------------------------------
[2022-12-13 10:50:57,999] {taskinstance.py:1377} INFO - Executing <Task(PythonOperator): save_to_db_task> on 2022-12-13 10:50:51.721654+00:00
[2022-12-13 10:50:58,002] {standard_task_runner.py:52} INFO - Started process 319 to run task
[2022-12-13 10:50:58,006] {standard_task_runner.py:79} INFO - Running: ['***', 'tasks', 'run', 'cereal_paper', 'save_to_db_task', 'manual__2022-12-13T10:50:51.721654+00:00', '--job-id', '120', '--raw', '--subdir', 'DAGS_FOLDER/cereal-paper.py', '--cfg-path', '/tmp/tmpwc73ynqt', '--error-file', '/tmp/tmpr5bgu4eb']
[2022-12-13 10:50:58,007] {standard_task_runner.py:80} INFO - Job 120: Subtask save_to_db_task
[2022-12-13 10:50:58,106] {task_command.py:369} INFO - Running <TaskInstance: cereal_paper.save_to_db_task manual__2022-12-13T10:50:51.721654+00:00 [running]> on host 43dbd6b00d73
[2022-12-13 10:50:58,185] {taskinstance.py:1571} INFO - Exporting the following env vars:
AIRFLOW_CTX_DAG_EMAIL=cerealman@akashkhamkar.in
AIRFLOW_CTX_DAG_OWNER=akashk
AIRFLOW_CTX_DAG_ID=cereal_paper
AIRFLOW_CTX_TASK_ID=save_to_db_task
AIRFLOW_CTX_EXECUTION_DATE=2022-12-13T10:50:51.721654+00:00
AIRFLOW_CTX_TRY_NUMBER=1
AIRFLOW_CTX_DAG_RUN_ID=manual__2022-12-13T10:50:51.721654+00:00
[2022-12-13 10:50:58,217] {python.py:173} INFO - Done. Returned value was: None
[2022-12-13 10:50:58,312] {taskinstance.py:1400} INFO - Marking task as SUCCESS. dag_id=cereal_paper, task_id=save_to_db_task, execution_date=20221213T105051, start_date=20221213T105057, end_date=20221213T105058
[2022-12-13 10:50:58,338] {local_task_job.py:156} INFO - Task exited with return code 0
[2022-12-13 10:50:58,386] {local_task_job.py:273} INFO - 0 downstream tasks scheduled from follow-on schedule check
