[2022-12-12 17:57:11,726] {taskinstance.py:1159} INFO - Dependencies all met for <TaskInstance: daily_paper.combine_articles_task manual__2022-12-12T17:57:08.368798+00:00 [queued]>
[2022-12-12 17:57:11,731] {taskinstance.py:1159} INFO - Dependencies all met for <TaskInstance: daily_paper.combine_articles_task manual__2022-12-12T17:57:08.368798+00:00 [queued]>
[2022-12-12 17:57:11,732] {taskinstance.py:1356} INFO - 
--------------------------------------------------------------------------------
[2022-12-12 17:57:11,732] {taskinstance.py:1357} INFO - Starting attempt 1 of 2
[2022-12-12 17:57:11,733] {taskinstance.py:1358} INFO - 
--------------------------------------------------------------------------------
[2022-12-12 17:57:11,740] {taskinstance.py:1377} INFO - Executing <Task(PythonOperator): combine_articles_task> on 2022-12-12 17:57:08.368798+00:00
[2022-12-12 17:57:11,743] {standard_task_runner.py:52} INFO - Started process 1607 to run task
[2022-12-12 17:57:11,746] {standard_task_runner.py:79} INFO - Running: ['***', 'tasks', 'run', 'daily_paper', 'combine_articles_task', 'manual__2022-12-12T17:57:08.368798+00:00', '--job-id', '318', '--raw', '--subdir', 'DAGS_FOLDER/morning-paper.py', '--cfg-path', '/tmp/tmpl3glpbho', '--error-file', '/tmp/tmpuxkiicpb']
[2022-12-12 17:57:11,747] {standard_task_runner.py:80} INFO - Job 318: Subtask combine_articles_task
[2022-12-12 17:57:11,785] {task_command.py:369} INFO - Running <TaskInstance: daily_paper.combine_articles_task manual__2022-12-12T17:57:08.368798+00:00 [running]> on host 6bb81baa0a52
[2022-12-12 17:57:11,832] {taskinstance.py:1571} INFO - Exporting the following env vars:
AIRFLOW_CTX_DAG_EMAIL=akash.khamkar40@gmail.com
AIRFLOW_CTX_DAG_OWNER=akashk
AIRFLOW_CTX_DAG_ID=daily_paper
AIRFLOW_CTX_TASK_ID=combine_articles_task
AIRFLOW_CTX_EXECUTION_DATE=2022-12-12T17:57:08.368798+00:00
AIRFLOW_CTX_TRY_NUMBER=1
AIRFLOW_CTX_DAG_RUN_ID=manual__2022-12-12T17:57:08.368798+00:00
[2022-12-12 17:57:11,859] {logging_mixin.py:115} INFO - {'joke': 'Debugging: Removing the needles from the haystack.', 'quote': 'Most people achieved their greatest success one step beyond what looked like their greatest failure.', 'news': [{'title': 'Starmer gets a tattoo', 'published_date': '2022-12-12 17:39:46', 'summary': 'Speaking on LBC, Starmer insisted there would be no deal with the SNP even if that meant the Tories got another 5 years. No deal with the SNP he announced was tattooed on his forehead so we thought that was worth a picture to show the reality of Starmer face to face with the Tories […] The post Starmer gets a tattoo appeared first on Newsnet.scot.'}, {'title': "Les réseaux sociaux pleurent la mort de l'artiste congolaise Tshala Muana", 'published_date': '2022-12-12 17:39:45', 'summary': 'Tshala Muana, dite « Mamu Nationale » ou « La reine du Mutuashi », est décédée samedi 10 décembre à Kinshasa. Sur les réseaux sociaux, fans et célébrités expriment leur désarroi après le décès de la célèbre artiste originaire de la province du Kasaï occidental, en RDC.'}, {'title': "Death under investigation in Deep River; police say no 'imminent threat' to public", 'published_date': '2022-12-12 17:39:18', 'summary': 'None'}], 'meme': 'https://redd.it/zjgnnt'}
[2022-12-12 17:57:11,860] {python.py:173} INFO - Done. Returned value was: {'joke': 'Debugging: Removing the needles from the haystack.', 'quote': 'Most people achieved their greatest success one step beyond what looked like their greatest failure.', 'news': [{'title': 'Starmer gets a tattoo', 'published_date': '2022-12-12 17:39:46', 'summary': 'Speaking on LBC, Starmer insisted there would be no deal with the SNP even if that meant the Tories got another 5 years. No deal with the SNP he announced was tattooed on his forehead so we thought that was worth a picture to show the reality of Starmer face to face with the Tories […] The post Starmer gets a tattoo appeared first on Newsnet.scot.'}, {'title': "Les réseaux sociaux pleurent la mort de l'artiste congolaise Tshala Muana", 'published_date': '2022-12-12 17:39:45', 'summary': 'Tshala Muana, dite « Mamu Nationale » ou « La reine du Mutuashi », est décédée samedi 10 décembre à Kinshasa. Sur les réseaux sociaux, fans et célébrités expriment leur désarroi après le décès de la célèbre artiste originaire de la province du Kasaï occidental, en RDC.'}, {'title': "Death under investigation in Deep River; police say no 'imminent threat' to public", 'published_date': '2022-12-12 17:39:18', 'summary': 'None'}], 'meme': 'https://redd.it/zjgnnt'}
[2022-12-12 17:57:11,878] {taskinstance.py:1400} INFO - Marking task as SUCCESS. dag_id=daily_paper, task_id=combine_articles_task, execution_date=20221212T175708, start_date=20221212T175711, end_date=20221212T175711
[2022-12-12 17:57:11,922] {local_task_job.py:156} INFO - Task exited with return code 0
[2022-12-12 17:57:11,947] {local_task_job.py:273} INFO - 1 downstream tasks scheduled from follow-on schedule check
