[2022-12-12 18:35:23,909] {taskinstance.py:1159} INFO - Dependencies all met for <TaskInstance: daily_paper.get_joke_task manual__2022-12-12T18:35:23.309154+00:00 [queued]>
[2022-12-12 18:35:23,918] {taskinstance.py:1159} INFO - Dependencies all met for <TaskInstance: daily_paper.get_joke_task manual__2022-12-12T18:35:23.309154+00:00 [queued]>
[2022-12-12 18:35:23,919] {taskinstance.py:1356} INFO - 
--------------------------------------------------------------------------------
[2022-12-12 18:35:23,919] {taskinstance.py:1357} INFO - Starting attempt 1 of 2
[2022-12-12 18:35:23,920] {taskinstance.py:1358} INFO - 
--------------------------------------------------------------------------------
[2022-12-12 18:35:23,928] {taskinstance.py:1377} INFO - Executing <Task(PythonOperator): get_joke_task> on 2022-12-12 18:35:23.309154+00:00
[2022-12-12 18:35:23,932] {standard_task_runner.py:52} INFO - Started process 2616 to run task
[2022-12-12 18:35:23,936] {standard_task_runner.py:79} INFO - Running: ['***', 'tasks', 'run', 'daily_paper', 'get_joke_task', 'manual__2022-12-12T18:35:23.309154+00:00', '--job-id', '396', '--raw', '--subdir', 'DAGS_FOLDER/morning-paper.py', '--cfg-path', '/tmp/tmpc9158r7q', '--error-file', '/tmp/tmpiemzvjuc']
[2022-12-12 18:35:23,938] {standard_task_runner.py:80} INFO - Job 396: Subtask get_joke_task
[2022-12-12 18:35:24,001] {task_command.py:369} INFO - Running <TaskInstance: daily_paper.get_joke_task manual__2022-12-12T18:35:23.309154+00:00 [running]> on host 6bb81baa0a52
[2022-12-12 18:35:24,100] {taskinstance.py:1571} INFO - Exporting the following env vars:
AIRFLOW_CTX_DAG_EMAIL=akash.khamkar40@gmail.com
AIRFLOW_CTX_DAG_OWNER=akashk
AIRFLOW_CTX_DAG_ID=daily_paper
AIRFLOW_CTX_TASK_ID=get_joke_task
AIRFLOW_CTX_EXECUTION_DATE=2022-12-12T18:35:23.309154+00:00
AIRFLOW_CTX_TRY_NUMBER=1
AIRFLOW_CTX_DAG_RUN_ID=manual__2022-12-12T18:35:23.309154+00:00
[2022-12-12 18:35:24,956] {logging_mixin.py:115} INFO - {'error': False, 'category': 'Dark', 'type': 'single', 'joke': 'My little daughter came to me all excited, saying "Daddy! Daddy! Guess how old I\'ll be in June!"\n"Oh I don\'t know princess, why don\'t you tell me?" I said. She gave me a huge smile and held up four fingers.\nIt\'s now three hours later, police have joined in and she still won\'t say where she got them.', 'flags': {'nsfw': False, 'religious': False, 'political': False, 'racist': False, 'sexist': False, 'explicit': False}, 'id': 165, 'safe': False, 'lang': 'en'}
[2022-12-12 18:35:24,958] {python.py:173} INFO - Done. Returned value was: My little daughter came to me all excited, saying "Daddy! Daddy! Guess how old I'll be in June!"
"Oh I don't know princess, why don't you tell me?" I said. She gave me a huge smile and held up four fingers.
It's now three hours later, police have joined in and she still won't say where she got them.
[2022-12-12 18:35:25,009] {taskinstance.py:1400} INFO - Marking task as SUCCESS. dag_id=daily_paper, task_id=get_joke_task, execution_date=20221212T183523, start_date=20221212T183523, end_date=20221212T183525
[2022-12-12 18:35:25,059] {local_task_job.py:156} INFO - Task exited with return code 0
[2022-12-12 18:35:25,091] {local_task_job.py:273} INFO - 0 downstream tasks scheduled from follow-on schedule check
