[2022-12-13 08:00:03,553] {taskinstance.py:1159} INFO - Dependencies all met for <TaskInstance: cereal_paper.get_quote_task manual__2022-12-13T08:00:02.727411+00:00 [queued]>
[2022-12-13 08:00:03,578] {taskinstance.py:1159} INFO - Dependencies all met for <TaskInstance: cereal_paper.get_quote_task manual__2022-12-13T08:00:02.727411+00:00 [queued]>
[2022-12-13 08:00:03,579] {taskinstance.py:1356} INFO - 
--------------------------------------------------------------------------------
[2022-12-13 08:00:03,579] {taskinstance.py:1357} INFO - Starting attempt 1 of 2
[2022-12-13 08:00:03,580] {taskinstance.py:1358} INFO - 
--------------------------------------------------------------------------------
[2022-12-13 08:00:03,599] {taskinstance.py:1377} INFO - Executing <Task(PythonOperator): get_quote_task> on 2022-12-13 08:00:02.727411+00:00
[2022-12-13 08:00:03,604] {standard_task_runner.py:52} INFO - Started process 464 to run task
[2022-12-13 08:00:03,610] {standard_task_runner.py:79} INFO - Running: ['***', 'tasks', 'run', 'cereal_paper', 'get_quote_task', 'manual__2022-12-13T08:00:02.727411+00:00', '--job-id', '67', '--raw', '--subdir', 'DAGS_FOLDER/cereal-paper.py', '--cfg-path', '/tmp/tmphc9xpwty', '--error-file', '/tmp/tmplg_af4xh']
[2022-12-13 08:00:03,615] {standard_task_runner.py:80} INFO - Job 67: Subtask get_quote_task
[2022-12-13 08:00:03,792] {task_command.py:369} INFO - Running <TaskInstance: cereal_paper.get_quote_task manual__2022-12-13T08:00:02.727411+00:00 [running]> on host 5029e27bd97f
[2022-12-13 08:00:03,920] {taskinstance.py:1571} INFO - Exporting the following env vars:
AIRFLOW_CTX_DAG_EMAIL=akash.khamkar40@gmail.com
AIRFLOW_CTX_DAG_OWNER=akashk
AIRFLOW_CTX_DAG_ID=cereal_paper
AIRFLOW_CTX_TASK_ID=get_quote_task
AIRFLOW_CTX_EXECUTION_DATE=2022-12-13T08:00:02.727411+00:00
AIRFLOW_CTX_TRY_NUMBER=1
AIRFLOW_CTX_DAG_RUN_ID=manual__2022-12-13T08:00:02.727411+00:00
[2022-12-13 08:00:05,049] {logging_mixin.py:115} INFO - [{'q': 'Curiosity is the most powerful thing you own. Imagination is a force that can actually manifest a reality.', 'a': 'James Cameron', 'h': '<blockquote>&ldquo;Curiosity is the most powerful thing you own. Imagination is a force that can actually manifest a reality.&rdquo; &mdash; <footer>James Cameron</footer></blockquote>'}]
[2022-12-13 08:00:05,053] {python.py:173} INFO - Done. Returned value was: Curiosity is the most powerful thing you own. Imagination is a force that can actually manifest a reality.
[2022-12-13 08:00:05,134] {taskinstance.py:1400} INFO - Marking task as SUCCESS. dag_id=cereal_paper, task_id=get_quote_task, execution_date=20221213T080002, start_date=20221213T080003, end_date=20221213T080005
[2022-12-13 08:00:05,170] {local_task_job.py:156} INFO - Task exited with return code 0
[2022-12-13 08:00:05,217] {local_task_job.py:273} INFO - 0 downstream tasks scheduled from follow-on schedule check
