[2022-12-12 16:26:32,770] {taskinstance.py:1159} INFO - Dependencies all met for <TaskInstance: daily_paper.get_joke_task manual__2022-12-12T16:26:31.532092+00:00 [queued]>
[2022-12-12 16:26:32,778] {taskinstance.py:1159} INFO - Dependencies all met for <TaskInstance: daily_paper.get_joke_task manual__2022-12-12T16:26:31.532092+00:00 [queued]>
[2022-12-12 16:26:32,779] {taskinstance.py:1356} INFO - 
--------------------------------------------------------------------------------
[2022-12-12 16:26:32,779] {taskinstance.py:1357} INFO - Starting attempt 1 of 2
[2022-12-12 16:26:32,780] {taskinstance.py:1358} INFO - 
--------------------------------------------------------------------------------
[2022-12-12 16:26:32,789] {taskinstance.py:1377} INFO - Executing <Task(PythonOperator): get_joke_task> on 2022-12-12 16:26:31.532092+00:00
[2022-12-12 16:26:32,793] {standard_task_runner.py:52} INFO - Started process 2937 to run task
[2022-12-12 16:26:32,797] {standard_task_runner.py:79} INFO - Running: ['***', 'tasks', 'run', 'daily_paper', 'get_joke_task', 'manual__2022-12-12T16:26:31.532092+00:00', '--job-id', '136', '--raw', '--subdir', 'DAGS_FOLDER/morning-paper.py', '--cfg-path', '/tmp/tmpwztgmz43', '--error-file', '/tmp/tmp1tzxgdmd']
[2022-12-12 16:26:32,799] {standard_task_runner.py:80} INFO - Job 136: Subtask get_joke_task
[2022-12-12 16:26:32,868] {task_command.py:369} INFO - Running <TaskInstance: daily_paper.get_joke_task manual__2022-12-12T16:26:31.532092+00:00 [running]> on host cbcd6542cb8e
[2022-12-12 16:26:32,941] {taskinstance.py:1571} INFO - Exporting the following env vars:
AIRFLOW_CTX_DAG_EMAIL=akash.khamkar40@gmail.com
AIRFLOW_CTX_DAG_OWNER=akashk
AIRFLOW_CTX_DAG_ID=daily_paper
AIRFLOW_CTX_TASK_ID=get_joke_task
AIRFLOW_CTX_EXECUTION_DATE=2022-12-12T16:26:31.532092+00:00
AIRFLOW_CTX_TRY_NUMBER=1
AIRFLOW_CTX_DAG_RUN_ID=manual__2022-12-12T16:26:31.532092+00:00
[2022-12-12 16:26:33,830] {logging_mixin.py:115} INFO - {'error': False, 'category': 'Programming', 'type': 'single', 'joke': 'If Bill Gates had a dime for every time Windows crashed ... Oh wait, he does.', 'flags': {'nsfw': False, 'religious': False, 'political': False, 'racist': False, 'sexist': False, 'explicit': False}, 'id': 22, 'safe': True, 'lang': 'en'}
[2022-12-12 16:26:33,831] {python.py:173} INFO - Done. Returned value was: If Bill Gates had a dime for every time Windows crashed ... Oh wait, he does.
[2022-12-12 16:26:33,852] {taskinstance.py:1400} INFO - Marking task as SUCCESS. dag_id=daily_paper, task_id=get_joke_task, execution_date=20221212T162631, start_date=20221212T162632, end_date=20221212T162633
[2022-12-12 16:26:33,876] {local_task_job.py:156} INFO - Task exited with return code 0
[2022-12-12 16:26:33,903] {local_task_job.py:273} INFO - 0 downstream tasks scheduled from follow-on schedule check
