[2022-12-12 16:31:30,322] {taskinstance.py:1159} INFO - Dependencies all met for <TaskInstance: daily_paper.get_joke_task manual__2022-12-12T16:31:29.012391+00:00 [queued]>
[2022-12-12 16:31:30,329] {taskinstance.py:1159} INFO - Dependencies all met for <TaskInstance: daily_paper.get_joke_task manual__2022-12-12T16:31:29.012391+00:00 [queued]>
[2022-12-12 16:31:30,330] {taskinstance.py:1356} INFO - 
--------------------------------------------------------------------------------
[2022-12-12 16:31:30,330] {taskinstance.py:1357} INFO - Starting attempt 1 of 2
[2022-12-12 16:31:30,331] {taskinstance.py:1358} INFO - 
--------------------------------------------------------------------------------
[2022-12-12 16:31:30,342] {taskinstance.py:1377} INFO - Executing <Task(PythonOperator): get_joke_task> on 2022-12-12 16:31:29.012391+00:00
[2022-12-12 16:31:30,346] {standard_task_runner.py:52} INFO - Started process 3003 to run task
[2022-12-12 16:31:30,352] {standard_task_runner.py:79} INFO - Running: ['***', 'tasks', 'run', 'daily_paper', 'get_joke_task', 'manual__2022-12-12T16:31:29.012391+00:00', '--job-id', '144', '--raw', '--subdir', 'DAGS_FOLDER/morning-paper.py', '--cfg-path', '/tmp/tmpadxs6q1w', '--error-file', '/tmp/tmpzap8oh37']
[2022-12-12 16:31:30,354] {standard_task_runner.py:80} INFO - Job 144: Subtask get_joke_task
[2022-12-12 16:31:30,438] {task_command.py:369} INFO - Running <TaskInstance: daily_paper.get_joke_task manual__2022-12-12T16:31:29.012391+00:00 [running]> on host cbcd6542cb8e
[2022-12-12 16:31:30,527] {taskinstance.py:1571} INFO - Exporting the following env vars:
AIRFLOW_CTX_DAG_EMAIL=akash.khamkar40@gmail.com
AIRFLOW_CTX_DAG_OWNER=akashk
AIRFLOW_CTX_DAG_ID=daily_paper
AIRFLOW_CTX_TASK_ID=get_joke_task
AIRFLOW_CTX_EXECUTION_DATE=2022-12-12T16:31:29.012391+00:00
AIRFLOW_CTX_TRY_NUMBER=1
AIRFLOW_CTX_DAG_RUN_ID=manual__2022-12-12T16:31:29.012391+00:00
[2022-12-12 16:31:31,323] {logging_mixin.py:115} INFO - {'error': False, 'category': 'Programming', 'type': 'single', 'joke': 'The generation of random numbers is too important to be left to chance.', 'flags': {'nsfw': False, 'religious': False, 'political': False, 'racist': False, 'sexist': False, 'explicit': False}, 'id': 39, 'safe': True, 'lang': 'en'}
[2022-12-12 16:31:31,324] {python.py:173} INFO - Done. Returned value was: The generation of random numbers is too important to be left to chance.
[2022-12-12 16:31:31,348] {taskinstance.py:1400} INFO - Marking task as SUCCESS. dag_id=daily_paper, task_id=get_joke_task, execution_date=20221212T163129, start_date=20221212T163130, end_date=20221212T163131
[2022-12-12 16:31:31,386] {local_task_job.py:156} INFO - Task exited with return code 0
[2022-12-12 16:31:31,413] {local_task_job.py:273} INFO - 0 downstream tasks scheduled from follow-on schedule check
