[2022-12-12 17:54:33,530] {taskinstance.py:1159} INFO - Dependencies all met for <TaskInstance: daily_paper.combine_articles_task manual__2022-12-12T17:54:29.414620+00:00 [queued]>
[2022-12-12 17:54:33,535] {taskinstance.py:1159} INFO - Dependencies all met for <TaskInstance: daily_paper.combine_articles_task manual__2022-12-12T17:54:29.414620+00:00 [queued]>
[2022-12-12 17:54:33,535] {taskinstance.py:1356} INFO - 
--------------------------------------------------------------------------------
[2022-12-12 17:54:33,536] {taskinstance.py:1357} INFO - Starting attempt 1 of 2
[2022-12-12 17:54:33,536] {taskinstance.py:1358} INFO - 
--------------------------------------------------------------------------------
[2022-12-12 17:54:33,543] {taskinstance.py:1377} INFO - Executing <Task(PythonOperator): combine_articles_task> on 2022-12-12 17:54:29.414620+00:00
[2022-12-12 17:54:33,547] {standard_task_runner.py:52} INFO - Started process 1530 to run task
[2022-12-12 17:54:33,550] {standard_task_runner.py:79} INFO - Running: ['***', 'tasks', 'run', 'daily_paper', 'combine_articles_task', 'manual__2022-12-12T17:54:29.414620+00:00', '--job-id', '307', '--raw', '--subdir', 'DAGS_FOLDER/morning-paper.py', '--cfg-path', '/tmp/tmpzyd75y5e', '--error-file', '/tmp/tmp72eg6c2t']
[2022-12-12 17:54:33,551] {standard_task_runner.py:80} INFO - Job 307: Subtask combine_articles_task
[2022-12-12 17:54:33,589] {task_command.py:369} INFO - Running <TaskInstance: daily_paper.combine_articles_task manual__2022-12-12T17:54:29.414620+00:00 [running]> on host 6bb81baa0a52
[2022-12-12 17:54:33,644] {taskinstance.py:1571} INFO - Exporting the following env vars:
AIRFLOW_CTX_DAG_EMAIL=akash.khamkar40@gmail.com
AIRFLOW_CTX_DAG_OWNER=akashk
AIRFLOW_CTX_DAG_ID=daily_paper
AIRFLOW_CTX_TASK_ID=combine_articles_task
AIRFLOW_CTX_EXECUTION_DATE=2022-12-12T17:54:29.414620+00:00
AIRFLOW_CTX_TRY_NUMBER=1
AIRFLOW_CTX_DAG_RUN_ID=manual__2022-12-12T17:54:29.414620+00:00
[2022-12-12 17:54:33,672] {logging_mixin.py:115} INFO - {'joke': "I have a joke about Stack Overflow, but you would say it's a duplicate.", 'quote': 'Most people achieved their greatest success one step beyond what looked like their greatest failure.', 'news': [{'title': 'Starmer gets a tattoo', 'published_date': '2022-12-12 17:39:46', 'summary': 'Speaking on LBC, Starmer insisted there would be no deal with the SNP even if that meant the Tories got another 5 years. No deal with the SNP he announced was tattooed on his forehead so we thought that was worth a picture to show the reality of Starmer face to face with the Tories […] The post Starmer gets a tattoo appeared first on Newsnet.scot.'}, {'title': "Les réseaux sociaux pleurent la mort de l'artiste congolaise Tshala Muana", 'published_date': '2022-12-12 17:39:45', 'summary': 'Tshala Muana, dite « Mamu Nationale » ou « La reine du Mutuashi », est décédée samedi 10 décembre à Kinshasa. Sur les réseaux sociaux, fans et célébrités expriment leur désarroi après le décès de la célèbre artiste originaire de la province du Kasaï occidental, en RDC.'}, {'title': "Death under investigation in Deep River; police say no 'imminent threat' to public", 'published_date': '2022-12-12 17:39:18', 'summary': None}], 'meme': 'https://redd.it/zjdp3g'}
[2022-12-12 17:54:33,673] {python.py:173} INFO - Done. Returned value was: {'joke': "I have a joke about Stack Overflow, but you would say it's a duplicate.", 'quote': 'Most people achieved their greatest success one step beyond what looked like their greatest failure.', 'news': [{'title': 'Starmer gets a tattoo', 'published_date': '2022-12-12 17:39:46', 'summary': 'Speaking on LBC, Starmer insisted there would be no deal with the SNP even if that meant the Tories got another 5 years. No deal with the SNP he announced was tattooed on his forehead so we thought that was worth a picture to show the reality of Starmer face to face with the Tories […] The post Starmer gets a tattoo appeared first on Newsnet.scot.'}, {'title': "Les réseaux sociaux pleurent la mort de l'artiste congolaise Tshala Muana", 'published_date': '2022-12-12 17:39:45', 'summary': 'Tshala Muana, dite « Mamu Nationale » ou « La reine du Mutuashi », est décédée samedi 10 décembre à Kinshasa. Sur les réseaux sociaux, fans et célébrités expriment leur désarroi après le décès de la célèbre artiste originaire de la province du Kasaï occidental, en RDC.'}, {'title': "Death under investigation in Deep River; police say no 'imminent threat' to public", 'published_date': '2022-12-12 17:39:18', 'summary': None}], 'meme': 'https://redd.it/zjdp3g'}
[2022-12-12 17:54:33,692] {taskinstance.py:1400} INFO - Marking task as SUCCESS. dag_id=daily_paper, task_id=combine_articles_task, execution_date=20221212T175429, start_date=20221212T175433, end_date=20221212T175433
[2022-12-12 17:54:33,723] {local_task_job.py:156} INFO - Task exited with return code 0
[2022-12-12 17:54:33,762] {local_task_job.py:273} INFO - 1 downstream tasks scheduled from follow-on schedule check
