[2022-12-13 11:40:03,756] {taskinstance.py:1159} INFO - Dependencies all met for <TaskInstance: cereal_paper.get_joke_task manual__2022-12-13T11:40:03.093088+00:00 [queued]>
[2022-12-13 11:40:03,775] {taskinstance.py:1159} INFO - Dependencies all met for <TaskInstance: cereal_paper.get_joke_task manual__2022-12-13T11:40:03.093088+00:00 [queued]>
[2022-12-13 11:40:03,777] {taskinstance.py:1356} INFO - 
--------------------------------------------------------------------------------
[2022-12-13 11:40:03,778] {taskinstance.py:1357} INFO - Starting attempt 1 of 2
[2022-12-13 11:40:03,779] {taskinstance.py:1358} INFO - 
--------------------------------------------------------------------------------
[2022-12-13 11:40:03,799] {taskinstance.py:1377} INFO - Executing <Task(PythonOperator): get_joke_task> on 2022-12-13 11:40:03.093088+00:00
[2022-12-13 11:40:03,807] {standard_task_runner.py:52} INFO - Started process 611 to run task
[2022-12-13 11:40:03,816] {standard_task_runner.py:79} INFO - Running: ['***', 'tasks', 'run', 'cereal_paper', 'get_joke_task', 'manual__2022-12-13T11:40:03.093088+00:00', '--job-id', '194', '--raw', '--subdir', 'DAGS_FOLDER/cereal-paper.py', '--cfg-path', '/tmp/tmpjlp5rr7v', '--error-file', '/tmp/tmph430ambn']
[2022-12-13 11:40:03,818] {standard_task_runner.py:80} INFO - Job 194: Subtask get_joke_task
[2022-12-13 11:40:03,998] {task_command.py:369} INFO - Running <TaskInstance: cereal_paper.get_joke_task manual__2022-12-13T11:40:03.093088+00:00 [running]> on host 44822d5113ae
[2022-12-13 11:40:04,148] {taskinstance.py:1571} INFO - Exporting the following env vars:
AIRFLOW_CTX_DAG_EMAIL=cerealman@akashkhamkar.in
AIRFLOW_CTX_DAG_OWNER=akashk
AIRFLOW_CTX_DAG_ID=cereal_paper
AIRFLOW_CTX_TASK_ID=get_joke_task
AIRFLOW_CTX_EXECUTION_DATE=2022-12-13T11:40:03.093088+00:00
AIRFLOW_CTX_TRY_NUMBER=1
AIRFLOW_CTX_DAG_RUN_ID=manual__2022-12-13T11:40:03.093088+00:00
[2022-12-13 11:40:05,134] {logging_mixin.py:115} INFO - {'error': False, 'category': 'Programming', 'type': 'single', 'joke': 'A man is smoking a cigarette and blowing smoke rings into the air. His girlfriend becomes irritated with the smoke and says "Can\'t you see the warning on the cigarette pack? Smoking is hazardous to your health!" to which the man replies, "I am a programmer.  We don\'t worry about warnings; we only worry about errors."', 'flags': {'nsfw': False, 'religious': False, 'political': False, 'racist': False, 'sexist': False, 'explicit': False}, 'id': 38, 'safe': True, 'lang': 'en'}
[2022-12-13 11:40:05,135] {python.py:173} INFO - Done. Returned value was: A man is smoking a cigarette and blowing smoke rings into the air. His girlfriend becomes irritated with the smoke and says "Can't you see the warning on the cigarette pack? Smoking is hazardous to your health!" to which the man replies, "I am a programmer.  We don't worry about warnings; we only worry about errors."
[2022-12-13 11:40:05,182] {taskinstance.py:1400} INFO - Marking task as SUCCESS. dag_id=cereal_paper, task_id=get_joke_task, execution_date=20221213T114003, start_date=20221213T114003, end_date=20221213T114005
[2022-12-13 11:40:05,209] {local_task_job.py:156} INFO - Task exited with return code 0
[2022-12-13 11:40:05,262] {local_task_job.py:273} INFO - 0 downstream tasks scheduled from follow-on schedule check
