[2022-12-13 07:51:12,967] {manager.py:474} INFO - Processing files using up to 2 processes at a time 
[2022-12-13 07:51:12,969] {manager.py:475} INFO - Process each file at most once every 30 seconds
[2022-12-13 07:51:12,971] {manager.py:477} INFO - Checking for new files in /opt/airflow/dags every 300 seconds
[2022-12-13 07:51:12,973] {manager.py:684} INFO - Searching for files in /opt/airflow/dags
[2022-12-13 07:51:13,129] {manager.py:687} INFO - There are 2 files in /opt/airflow/dags
[2022-12-13 07:51:13,263] {manager.py:803} INFO - 
================================================================================
DAG File Processing Stats

File Path                                    PID  Runtime      # DAGs    # Errors  Last Runtime    Last Run
-----------------------------------------  -----  ---------  --------  ----------  --------------  ----------
/opt/airflow/dags/cereal-paper.py            185  0.05s             0           0
/opt/airflow/dags/cereal_paper_src/pdf.py    183  0.05s             0           0
================================================================================
[2022-12-13 07:51:43,501] {manager.py:803} INFO - 
================================================================================
DAG File Processing Stats

File Path                                    PID  Runtime      # DAGs    # Errors  Last Runtime    Last Run
-----------------------------------------  -----  ---------  --------  ----------  --------------  -------------------
/opt/airflow/dags/cereal_paper_src/pdf.py    221  0.03s             0           0  0.12s           2022-12-13T07:51:13
/opt/airflow/dags/cereal-paper.py                                   1           0  0.40s           2022-12-13T07:51:13
================================================================================
[2022-12-13 07:52:13,820] {manager.py:803} INFO - 
================================================================================
DAG File Processing Stats

File Path                                  PID    Runtime      # DAGs    # Errors  Last Runtime    Last Run
-----------------------------------------  -----  ---------  --------  ----------  --------------  -------------------
/opt/airflow/dags/cereal_paper_src/pdf.py                           0           0  0.14s           2022-12-13T07:52:01
/opt/airflow/dags/cereal-paper.py                                   1           0  0.16s           2022-12-13T07:51:44
================================================================================
[2022-12-13 07:52:44,021] {manager.py:803} INFO - 
================================================================================
DAG File Processing Stats

File Path                                  PID    Runtime      # DAGs    # Errors  Last Runtime    Last Run
-----------------------------------------  -----  ---------  --------  ----------  --------------  -------------------
/opt/airflow/dags/cereal_paper_src/pdf.py                           0           0  0.11s           2022-12-13T07:52:32
/opt/airflow/dags/cereal-paper.py                                   1           0  0.10s           2022-12-13T07:52:14
================================================================================
[2022-12-13 07:53:14,307] {manager.py:803} INFO - 
================================================================================
DAG File Processing Stats

File Path                                  PID    Runtime      # DAGs    # Errors  Last Runtime    Last Run
-----------------------------------------  -----  ---------  --------  ----------  --------------  -------------------
/opt/airflow/dags/cereal_paper_src/pdf.py                           0           0  0.10s           2022-12-13T07:52:59
/opt/airflow/dags/cereal-paper.py                                   1           0  0.19s           2022-12-13T07:52:45
================================================================================
[2022-12-13 07:53:44,527] {manager.py:803} INFO - 
================================================================================
DAG File Processing Stats

File Path                                  PID    Runtime      # DAGs    # Errors  Last Runtime    Last Run
-----------------------------------------  -----  ---------  --------  ----------  --------------  -------------------
/opt/airflow/dags/cereal_paper_src/pdf.py                           0           0  0.10s           2022-12-13T07:53:42
/opt/airflow/dags/cereal-paper.py                                   1           0  0.21s           2022-12-13T07:53:15
================================================================================
[2022-12-13 07:54:14,807] {manager.py:803} INFO - 
================================================================================
DAG File Processing Stats

File Path                                  PID    Runtime      # DAGs    # Errors  Last Runtime    Last Run
-----------------------------------------  -----  ---------  --------  ----------  --------------  -------------------
/opt/airflow/dags/cereal_paper_src/pdf.py                           0           0  0.10s           2022-12-13T07:54:12
/opt/airflow/dags/cereal-paper.py                                   1           0  0.15s           2022-12-13T07:53:45
================================================================================
[2022-12-13 07:54:44,969] {manager.py:803} INFO - 
================================================================================
DAG File Processing Stats

File Path                                  PID    Runtime      # DAGs    # Errors  Last Runtime    Last Run
-----------------------------------------  -----  ---------  --------  ----------  --------------  -------------------
/opt/airflow/dags/cereal_paper_src/pdf.py                           0           0  0.08s           2022-12-13T07:54:43
/opt/airflow/dags/cereal-paper.py                                   1           0  0.13s           2022-12-13T07:54:15
================================================================================
[2022-12-13 07:55:15,171] {manager.py:803} INFO - 
================================================================================
DAG File Processing Stats

File Path                                  PID    Runtime      # DAGs    # Errors  Last Runtime    Last Run
-----------------------------------------  -----  ---------  --------  ----------  --------------  -------------------
/opt/airflow/dags/cereal_paper_src/pdf.py                           0           0  0.06s           2022-12-13T07:55:13
/opt/airflow/dags/cereal-paper.py                                   1           0  0.16s           2022-12-13T07:54:46
================================================================================
[2022-12-13 07:55:45,348] {manager.py:803} INFO - 
================================================================================
DAG File Processing Stats

File Path                                  PID    Runtime      # DAGs    # Errors  Last Runtime    Last Run
-----------------------------------------  -----  ---------  --------  ----------  --------------  -------------------
/opt/airflow/dags/cereal_paper_src/pdf.py                           0           0  0.09s           2022-12-13T07:55:43
/opt/airflow/dags/cereal-paper.py                                   1           0  0.15s           2022-12-13T07:55:16
================================================================================
[2022-12-13 07:56:13,539] {manager.py:684} INFO - Searching for files in /opt/airflow/dags
[2022-12-13 07:56:13,611] {manager.py:687} INFO - There are 1 files in /opt/airflow/dags
[2022-12-13 07:56:15,636] {manager.py:803} INFO - 
================================================================================
DAG File Processing Stats

File Path                          PID    Runtime      # DAGs    # Errors  Last Runtime    Last Run
---------------------------------  -----  ---------  --------  ----------  --------------  -------------------
/opt/airflow/dags/cereal-paper.py                           1           0  0.17s           2022-12-13T07:55:46
================================================================================
[2022-12-13 07:56:45,837] {manager.py:803} INFO - 
================================================================================
DAG File Processing Stats

File Path                          PID    Runtime      # DAGs    # Errors  Last Runtime    Last Run
---------------------------------  -----  ---------  --------  ----------  --------------  -------------------
/opt/airflow/dags/cereal-paper.py                           1           0  0.16s           2022-12-13T07:56:16
================================================================================
[2022-12-13 07:57:16,102] {manager.py:803} INFO - 
================================================================================
DAG File Processing Stats

File Path                          PID    Runtime      # DAGs    # Errors  Last Runtime    Last Run
---------------------------------  -----  ---------  --------  ----------  --------------  -------------------
/opt/airflow/dags/cereal-paper.py                           1           0  0.20s           2022-12-13T07:56:47
================================================================================
[2022-12-13 07:57:46,319] {manager.py:803} INFO - 
================================================================================
DAG File Processing Stats

File Path                          PID    Runtime      # DAGs    # Errors  Last Runtime    Last Run
---------------------------------  -----  ---------  --------  ----------  --------------  -------------------
/opt/airflow/dags/cereal-paper.py                           1           0  0.20s           2022-12-13T07:57:17
================================================================================
[2022-12-13 07:58:16,629] {manager.py:803} INFO - 
================================================================================
DAG File Processing Stats

File Path                          PID    Runtime      # DAGs    # Errors  Last Runtime    Last Run
---------------------------------  -----  ---------  --------  ----------  --------------  -------------------
/opt/airflow/dags/cereal-paper.py                           1           0  0.19s           2022-12-13T07:57:47
================================================================================
[2022-12-13 07:58:46,834] {manager.py:803} INFO - 
================================================================================
DAG File Processing Stats

File Path                          PID    Runtime      # DAGs    # Errors  Last Runtime    Last Run
---------------------------------  -----  ---------  --------  ----------  --------------  -------------------
/opt/airflow/dags/cereal-paper.py                           1           0  0.19s           2022-12-13T07:58:17
================================================================================
[2022-12-13 07:59:17,127] {manager.py:803} INFO - 
================================================================================
DAG File Processing Stats

File Path                          PID    Runtime      # DAGs    # Errors  Last Runtime    Last Run
---------------------------------  -----  ---------  --------  ----------  --------------  -------------------
/opt/airflow/dags/cereal-paper.py                           1           0  0.16s           2022-12-13T07:58:48
================================================================================
[2022-12-13 07:59:47,334] {manager.py:803} INFO - 
================================================================================
DAG File Processing Stats

File Path                          PID    Runtime      # DAGs    # Errors  Last Runtime    Last Run
---------------------------------  -----  ---------  --------  ----------  --------------  -------------------
/opt/airflow/dags/cereal-paper.py                           1           0  0.22s           2022-12-13T07:59:18
================================================================================
[2022-12-13 08:00:17,664] {manager.py:803} INFO - 
================================================================================
DAG File Processing Stats

File Path                          PID    Runtime      # DAGs    # Errors  Last Runtime    Last Run
---------------------------------  -----  ---------  --------  ----------  --------------  -------------------
/opt/airflow/dags/cereal-paper.py                           1           0  0.21s           2022-12-13T07:59:48
================================================================================
[2022-12-13 08:00:47,996] {manager.py:803} INFO - 
================================================================================
DAG File Processing Stats

File Path                          PID    Runtime      # DAGs    # Errors  Last Runtime    Last Run
---------------------------------  -----  ---------  --------  ----------  --------------  -------------------
/opt/airflow/dags/cereal-paper.py                           1           0  0.19s           2022-12-13T08:00:19
================================================================================
[2022-12-13 08:01:14,263] {manager.py:684} INFO - Searching for files in /opt/airflow/dags
[2022-12-13 08:01:14,332] {manager.py:687} INFO - There are 1 files in /opt/airflow/dags
[2022-12-13 08:01:18,379] {manager.py:803} INFO - 
================================================================================
DAG File Processing Stats

File Path                          PID    Runtime      # DAGs    # Errors  Last Runtime    Last Run
---------------------------------  -----  ---------  --------  ----------  --------------  -------------------
/opt/airflow/dags/cereal-paper.py                           1           0  0.21s           2022-12-13T08:00:49
================================================================================
[2022-12-13 08:01:48,567] {manager.py:803} INFO - 
================================================================================
DAG File Processing Stats

File Path                          PID    Runtime      # DAGs    # Errors  Last Runtime    Last Run
---------------------------------  -----  ---------  --------  ----------  --------------  -------------------
/opt/airflow/dags/cereal-paper.py                           1           0  0.23s           2022-12-13T08:01:19
================================================================================
[2022-12-13 08:02:18,946] {manager.py:803} INFO - 
================================================================================
DAG File Processing Stats

File Path                          PID    Runtime      # DAGs    # Errors  Last Runtime    Last Run
---------------------------------  -----  ---------  --------  ----------  --------------  -------------------
/opt/airflow/dags/cereal-paper.py                           1           0  0.17s           2022-12-13T08:01:49
================================================================================
[2022-12-13 08:02:49,166] {manager.py:803} INFO - 
================================================================================
DAG File Processing Stats

File Path                          PID    Runtime      # DAGs    # Errors  Last Runtime    Last Run
---------------------------------  -----  ---------  --------  ----------  --------------  -------------------
/opt/airflow/dags/cereal-paper.py                           1           0  0.18s           2022-12-13T08:02:20
================================================================================
[2022-12-13 08:03:19,465] {manager.py:803} INFO - 
================================================================================
DAG File Processing Stats

File Path                          PID    Runtime      # DAGs    # Errors  Last Runtime    Last Run
---------------------------------  -----  ---------  --------  ----------  --------------  -------------------
/opt/airflow/dags/cereal-paper.py                           1           0  0.23s           2022-12-13T08:02:50
================================================================================
[2022-12-13 08:19:58,426] {manager.py:684} INFO - Searching for files in /opt/airflow/dags
[2022-12-13 08:19:58,473] {manager.py:687} INFO - There are 1 files in /opt/airflow/dags
[2022-12-13 08:20:26,654] {manager.py:803} INFO - 
================================================================================
DAG File Processing Stats

File Path                          PID    Runtime      # DAGs    # Errors  Last Runtime    Last Run
---------------------------------  -----  ---------  --------  ----------  --------------  -------------------
/opt/airflow/dags/cereal-paper.py                           1           0  0.10s           2022-12-13T08:19:58
================================================================================
[2022-12-13 08:20:56,977] {manager.py:803} INFO - 
================================================================================
DAG File Processing Stats

File Path                          PID    Runtime      # DAGs    # Errors  Last Runtime    Last Run
---------------------------------  -----  ---------  --------  ----------  --------------  -------------------
/opt/airflow/dags/cereal-paper.py                           1           0  0.18s           2022-12-13T08:20:28
================================================================================
[2022-12-13 08:21:27,193] {manager.py:803} INFO - 
================================================================================
DAG File Processing Stats

File Path                          PID    Runtime      # DAGs    # Errors  Last Runtime    Last Run
---------------------------------  -----  ---------  --------  ----------  --------------  -------------------
/opt/airflow/dags/cereal-paper.py                           1           0  0.11s           2022-12-13T08:20:59
================================================================================
[2022-12-13 08:21:57,528] {manager.py:803} INFO - 
================================================================================
DAG File Processing Stats

File Path                          PID    Runtime      # DAGs    # Errors  Last Runtime    Last Run
---------------------------------  -----  ---------  --------  ----------  --------------  -------------------
/opt/airflow/dags/cereal-paper.py                           1           0  0.13s           2022-12-13T08:21:29
================================================================================
[2022-12-13 08:22:27,781] {manager.py:803} INFO - 
================================================================================
DAG File Processing Stats

File Path                          PID    Runtime      # DAGs    # Errors  Last Runtime    Last Run
---------------------------------  -----  ---------  --------  ----------  --------------  -------------------
/opt/airflow/dags/cereal-paper.py                           1           0  0.11s           2022-12-13T08:21:59
================================================================================
[2022-12-13 08:22:58,031] {manager.py:803} INFO - 
================================================================================
DAG File Processing Stats

File Path                          PID    Runtime      # DAGs    # Errors  Last Runtime    Last Run
---------------------------------  -----  ---------  --------  ----------  --------------  -------------------
/opt/airflow/dags/cereal-paper.py                           1           0  0.15s           2022-12-13T08:22:29
================================================================================
[2022-12-13 08:23:28,293] {manager.py:803} INFO - 
================================================================================
DAG File Processing Stats

File Path                          PID    Runtime      # DAGs    # Errors  Last Runtime    Last Run
---------------------------------  -----  ---------  --------  ----------  --------------  -------------------
/opt/airflow/dags/cereal-paper.py                           1           0  0.13s           2022-12-13T08:23:00
================================================================================
[2022-12-13 08:23:58,535] {manager.py:803} INFO - 
================================================================================
DAG File Processing Stats

File Path                          PID    Runtime      # DAGs    # Errors  Last Runtime    Last Run
---------------------------------  -----  ---------  --------  ----------  --------------  -------------------
/opt/airflow/dags/cereal-paper.py                           1           0  0.12s           2022-12-13T08:23:30
================================================================================
[2022-12-13 08:24:28,814] {manager.py:803} INFO - 
================================================================================
DAG File Processing Stats

File Path                          PID    Runtime      # DAGs    # Errors  Last Runtime    Last Run
---------------------------------  -----  ---------  --------  ----------  --------------  -------------------
/opt/airflow/dags/cereal-paper.py                           1           0  0.15s           2022-12-13T08:24:00
================================================================================
[2022-12-13 08:24:59,081] {manager.py:684} INFO - Searching for files in /opt/airflow/dags
[2022-12-13 08:24:59,138] {manager.py:687} INFO - There are 1 files in /opt/airflow/dags
[2022-12-13 08:24:59,152] {manager.py:803} INFO - 
================================================================================
DAG File Processing Stats

File Path                          PID    Runtime      # DAGs    # Errors  Last Runtime    Last Run
---------------------------------  -----  ---------  --------  ----------  --------------  -------------------
/opt/airflow/dags/cereal-paper.py                           1           0  0.14s           2022-12-13T08:24:30
================================================================================
[2022-12-13 08:25:29,317] {manager.py:803} INFO - 
================================================================================
DAG File Processing Stats

File Path                          PID    Runtime      # DAGs    # Errors  Last Runtime    Last Run
---------------------------------  -----  ---------  --------  ----------  --------------  -------------------
/opt/airflow/dags/cereal-paper.py                           1           0  0.13s           2022-12-13T08:25:01
================================================================================
[2022-12-13 08:25:59,510] {manager.py:803} INFO - 
================================================================================
DAG File Processing Stats

File Path                          PID    Runtime      # DAGs    # Errors  Last Runtime    Last Run
---------------------------------  -----  ---------  --------  ----------  --------------  -------------------
/opt/airflow/dags/cereal-paper.py                           1           0  0.13s           2022-12-13T08:25:31
================================================================================
[2022-12-13 08:26:29,723] {manager.py:803} INFO - 
================================================================================
DAG File Processing Stats

File Path                          PID    Runtime      # DAGs    # Errors  Last Runtime    Last Run
---------------------------------  -----  ---------  --------  ----------  --------------  -------------------
/opt/airflow/dags/cereal-paper.py                           1           0  0.11s           2022-12-13T08:26:01
================================================================================
[2022-12-13 08:27:00,015] {manager.py:803} INFO - 
================================================================================
DAG File Processing Stats

File Path                          PID    Runtime      # DAGs    # Errors  Last Runtime    Last Run
---------------------------------  -----  ---------  --------  ----------  --------------  -------------------
/opt/airflow/dags/cereal-paper.py                           1           0  0.12s           2022-12-13T08:26:31
================================================================================
[2022-12-13 08:27:30,230] {manager.py:803} INFO - 
================================================================================
DAG File Processing Stats

File Path                          PID    Runtime      # DAGs    # Errors  Last Runtime    Last Run
---------------------------------  -----  ---------  --------  ----------  --------------  -------------------
/opt/airflow/dags/cereal-paper.py                           1           0  0.14s           2022-12-13T08:27:02
================================================================================
[2022-12-13 09:05:15,246] {manager.py:684} INFO - Searching for files in /opt/airflow/dags
[2022-12-13 09:05:15,347] {manager.py:687} INFO - There are 1 files in /opt/airflow/dags
[2022-12-13 09:05:16,733] {manager.py:803} INFO - 
================================================================================
DAG File Processing Stats

File Path                          PID    Runtime      # DAGs    # Errors  Last Runtime    Last Run
---------------------------------  -----  ---------  --------  ----------  --------------  -------------------
/opt/airflow/dags/cereal-paper.py                           1           0  0.35s           2022-12-13T09:05:15
================================================================================
[2022-12-13 09:36:31,726] {manager.py:684} INFO - Searching for files in /opt/airflow/dags
[2022-12-13 09:36:31,786] {manager.py:687} INFO - There are 1 files in /opt/airflow/dags
[2022-12-13 09:36:33,835] {manager.py:803} INFO - 
================================================================================
DAG File Processing Stats

File Path                          PID    Runtime      # DAGs    # Errors  Last Runtime    Last Run
---------------------------------  -----  ---------  --------  ----------  --------------  -------------------
/opt/airflow/dags/cereal-paper.py                           1           0  0.29s           2022-12-13T09:36:32
================================================================================
[2022-12-13 09:37:04,312] {manager.py:803} INFO - 
================================================================================
DAG File Processing Stats

File Path                          PID    Runtime      # DAGs    # Errors  Last Runtime    Last Run
---------------------------------  -----  ---------  --------  ----------  --------------  -------------------
/opt/airflow/dags/cereal-paper.py                           1           0  0.24s           2022-12-13T09:37:02
================================================================================
[2022-12-13 09:37:34,636] {manager.py:803} INFO - 
================================================================================
DAG File Processing Stats

File Path                          PID    Runtime      # DAGs    # Errors  Last Runtime    Last Run
---------------------------------  -----  ---------  --------  ----------  --------------  -------------------
/opt/airflow/dags/cereal-paper.py                           1           0  0.16s           2022-12-13T09:37:32
================================================================================
[2022-12-13 09:38:04,867] {manager.py:803} INFO - 
================================================================================
DAG File Processing Stats

File Path                          PID    Runtime      # DAGs    # Errors  Last Runtime    Last Run
---------------------------------  -----  ---------  --------  ----------  --------------  -------------------
/opt/airflow/dags/cereal-paper.py                           1           0  0.21s           2022-12-13T09:38:03
================================================================================
[2022-12-13 09:38:28,332] {manager.py:455} INFO - Exiting gracefully upon receiving signal 15
[2022-12-13 09:39:16,723] {manager.py:474} INFO - Processing files using up to 2 processes at a time 
[2022-12-13 09:39:16,724] {manager.py:475} INFO - Process each file at most once every 30 seconds
[2022-12-13 09:39:16,725] {manager.py:477} INFO - Checking for new files in /opt/airflow/dags every 300 seconds
[2022-12-13 09:39:16,726] {manager.py:684} INFO - Searching for files in /opt/airflow/dags
[2022-12-13 09:39:16,792] {manager.py:687} INFO - There are 1 files in /opt/airflow/dags
[2022-12-13 09:39:16,840] {manager.py:803} INFO - 
================================================================================
DAG File Processing Stats

File Path                            PID  Runtime      # DAGs    # Errors  Last Runtime    Last Run
---------------------------------  -----  ---------  --------  ----------  --------------  ----------
/opt/airflow/dags/cereal-paper.py    183  0.01s             0           0
================================================================================
[2022-12-13 09:39:46,987] {manager.py:803} INFO - 
================================================================================
DAG File Processing Stats

File Path                            PID  Runtime      # DAGs    # Errors  Last Runtime    Last Run
---------------------------------  -----  ---------  --------  ----------  --------------  -------------------
/opt/airflow/dags/cereal-paper.py    188  0.02s             1           0  0.10s           2022-12-13T09:39:16
================================================================================
[2022-12-13 09:40:17,189] {manager.py:803} INFO - 
================================================================================
DAG File Processing Stats

File Path                            PID  Runtime      # DAGs    # Errors  Last Runtime    Last Run
---------------------------------  -----  ---------  --------  ----------  --------------  -------------------
/opt/airflow/dags/cereal-paper.py    193  0.02s             1           0  0.15s           2022-12-13T09:39:47
================================================================================
[2022-12-13 09:40:47,422] {manager.py:803} INFO - 
================================================================================
DAG File Processing Stats

File Path                            PID  Runtime      # DAGs    # Errors  Last Runtime    Last Run
---------------------------------  -----  ---------  --------  ----------  --------------  -------------------
/opt/airflow/dags/cereal-paper.py    198  0.01s             1           0  0.15s           2022-12-13T09:40:17
================================================================================
[2022-12-13 09:41:17,649] {manager.py:803} INFO - 
================================================================================
DAG File Processing Stats

File Path                            PID  Runtime      # DAGs    # Errors  Last Runtime    Last Run
---------------------------------  -----  ---------  --------  ----------  --------------  -------------------
/opt/airflow/dags/cereal-paper.py    203  0.02s             1           0  0.14s           2022-12-13T09:40:47
================================================================================
[2022-12-13 09:41:47,856] {manager.py:803} INFO - 
================================================================================
DAG File Processing Stats

File Path                            PID  Runtime      # DAGs    # Errors  Last Runtime    Last Run
---------------------------------  -----  ---------  --------  ----------  --------------  -------------------
/opt/airflow/dags/cereal-paper.py    208  0.02s             1           0  0.16s           2022-12-13T09:41:17
================================================================================
[2022-12-13 09:42:18,074] {manager.py:803} INFO - 
================================================================================
DAG File Processing Stats

File Path                            PID  Runtime      # DAGs    # Errors  Last Runtime    Last Run
---------------------------------  -----  ---------  --------  ----------  --------------  -------------------
/opt/airflow/dags/cereal-paper.py    213  0.02s             1           0  0.16s           2022-12-13T09:41:47
================================================================================
[2022-12-13 09:42:48,296] {manager.py:803} INFO - 
================================================================================
DAG File Processing Stats

File Path                            PID  Runtime      # DAGs    # Errors  Last Runtime    Last Run
---------------------------------  -----  ---------  --------  ----------  --------------  -------------------
/opt/airflow/dags/cereal-paper.py    218  0.03s             1           0  0.15s           2022-12-13T09:42:18
================================================================================
[2022-12-13 09:43:18,549] {manager.py:803} INFO - 
================================================================================
DAG File Processing Stats

File Path                            PID  Runtime      # DAGs    # Errors  Last Runtime    Last Run
---------------------------------  -----  ---------  --------  ----------  --------------  -------------------
/opt/airflow/dags/cereal-paper.py    223  0.01s             1           0  0.18s           2022-12-13T09:42:48
================================================================================
[2022-12-13 09:43:48,795] {manager.py:803} INFO - 
================================================================================
DAG File Processing Stats

File Path                            PID  Runtime      # DAGs    # Errors  Last Runtime    Last Run
---------------------------------  -----  ---------  --------  ----------  --------------  -------------------
/opt/airflow/dags/cereal-paper.py    228  0.03s             1           0  0.12s           2022-12-13T09:43:18
================================================================================
[2022-12-13 09:44:16,933] {manager.py:684} INFO - Searching for files in /opt/airflow/dags
[2022-12-13 09:44:16,965] {manager.py:687} INFO - There are 1 files in /opt/airflow/dags
[2022-12-13 09:44:19,018] {manager.py:803} INFO - 
================================================================================
DAG File Processing Stats

File Path                            PID  Runtime      # DAGs    # Errors  Last Runtime    Last Run
---------------------------------  -----  ---------  --------  ----------  --------------  -------------------
/opt/airflow/dags/cereal-paper.py    233  0.02s             1           0  0.18s           2022-12-13T09:43:48
================================================================================
[2022-12-13 09:44:49,220] {manager.py:803} INFO - 
================================================================================
DAG File Processing Stats

File Path                            PID  Runtime      # DAGs    # Errors  Last Runtime    Last Run
---------------------------------  -----  ---------  --------  ----------  --------------  -------------------
/opt/airflow/dags/cereal-paper.py    238  0.03s             1           0  0.15s           2022-12-13T09:44:19
================================================================================
[2022-12-13 09:45:19,488] {manager.py:803} INFO - 
================================================================================
DAG File Processing Stats

File Path                            PID  Runtime      # DAGs    # Errors  Last Runtime    Last Run
---------------------------------  -----  ---------  --------  ----------  --------------  -------------------
/opt/airflow/dags/cereal-paper.py    243  0.01s             1           0  0.19s           2022-12-13T09:44:49
================================================================================
[2022-12-13 09:45:49,722] {manager.py:803} INFO - 
================================================================================
DAG File Processing Stats

File Path                            PID  Runtime      # DAGs    # Errors  Last Runtime    Last Run
---------------------------------  -----  ---------  --------  ----------  --------------  -------------------
/opt/airflow/dags/cereal-paper.py    248  0.03s             1           0  0.12s           2022-12-13T09:45:19
================================================================================
[2022-12-13 09:46:19,921] {manager.py:803} INFO - 
================================================================================
DAG File Processing Stats

File Path                            PID  Runtime      # DAGs    # Errors  Last Runtime    Last Run
---------------------------------  -----  ---------  --------  ----------  --------------  -------------------
/opt/airflow/dags/cereal-paper.py    253  0.02s             1           0  0.19s           2022-12-13T09:45:49
================================================================================
[2022-12-13 09:46:50,172] {manager.py:803} INFO - 
================================================================================
DAG File Processing Stats

File Path                            PID  Runtime      # DAGs    # Errors  Last Runtime    Last Run
---------------------------------  -----  ---------  --------  ----------  --------------  -------------------
/opt/airflow/dags/cereal-paper.py    258  0.02s             1           0  0.16s           2022-12-13T09:46:20
================================================================================
[2022-12-13 09:47:20,354] {manager.py:803} INFO - 
================================================================================
DAG File Processing Stats

File Path                            PID  Runtime      # DAGs    # Errors  Last Runtime    Last Run
---------------------------------  -----  ---------  --------  ----------  --------------  -------------------
/opt/airflow/dags/cereal-paper.py    263  0.01s             1           0  0.16s           2022-12-13T09:46:50
================================================================================
[2022-12-13 09:47:50,619] {manager.py:803} INFO - 
================================================================================
DAG File Processing Stats

File Path                            PID  Runtime      # DAGs    # Errors  Last Runtime    Last Run
---------------------------------  -----  ---------  --------  ----------  --------------  -------------------
/opt/airflow/dags/cereal-paper.py    268  0.03s             1           0  0.18s           2022-12-13T09:47:20
================================================================================
[2022-12-13 09:48:20,814] {manager.py:803} INFO - 
================================================================================
DAG File Processing Stats

File Path                            PID  Runtime      # DAGs    # Errors  Last Runtime    Last Run
---------------------------------  -----  ---------  --------  ----------  --------------  -------------------
/opt/airflow/dags/cereal-paper.py    273  0.01s             1           0  0.18s           2022-12-13T09:47:50
================================================================================
[2022-12-13 09:48:51,064] {manager.py:803} INFO - 
================================================================================
DAG File Processing Stats

File Path                            PID  Runtime      # DAGs    # Errors  Last Runtime    Last Run
---------------------------------  -----  ---------  --------  ----------  --------------  -------------------
/opt/airflow/dags/cereal-paper.py    278  0.02s             1           0  0.13s           2022-12-13T09:48:20
================================================================================
[2022-12-13 09:49:17,202] {manager.py:684} INFO - Searching for files in /opt/airflow/dags
[2022-12-13 09:49:17,248] {manager.py:687} INFO - There are 1 files in /opt/airflow/dags
[2022-12-13 09:49:21,291] {manager.py:803} INFO - 
================================================================================
DAG File Processing Stats

File Path                          PID    Runtime      # DAGs    # Errors  Last Runtime    Last Run
---------------------------------  -----  ---------  --------  ----------  --------------  -------------------
/opt/airflow/dags/cereal-paper.py                           0           1  0.08s           2022-12-13T09:48:55
================================================================================
[2022-12-13 09:49:51,485] {manager.py:803} INFO - 
================================================================================
DAG File Processing Stats

File Path                          PID    Runtime      # DAGs    # Errors  Last Runtime    Last Run
---------------------------------  -----  ---------  --------  ----------  --------------  -------------------
/opt/airflow/dags/cereal-paper.py                           0           1  0.13s           2022-12-13T09:49:25
================================================================================
[2022-12-13 09:50:21,902] {manager.py:803} INFO - 
================================================================================
DAG File Processing Stats

File Path                          PID    Runtime      # DAGs    # Errors  Last Runtime    Last Run
---------------------------------  -----  ---------  --------  ----------  --------------  -------------------
/opt/airflow/dags/cereal-paper.py                           1           0  0.16s           2022-12-13T09:50:15
================================================================================
[2022-12-13 09:50:52,063] {manager.py:803} INFO - 
================================================================================
DAG File Processing Stats

File Path                          PID    Runtime      # DAGs    # Errors  Last Runtime    Last Run
---------------------------------  -----  ---------  --------  ----------  --------------  -------------------
/opt/airflow/dags/cereal-paper.py                           1           0  0.17s           2022-12-13T09:50:46
================================================================================
[2022-12-13 09:51:22,379] {manager.py:803} INFO - 
================================================================================
DAG File Processing Stats

File Path                            PID  Runtime      # DAGs    # Errors  Last Runtime    Last Run
---------------------------------  -----  ---------  --------  ----------  --------------  -------------------
/opt/airflow/dags/cereal-paper.py    323  0.02s             0           1  0.13s           2022-12-13T09:51:13
================================================================================
[2022-12-13 09:51:52,759] {manager.py:803} INFO - 
================================================================================
DAG File Processing Stats

File Path                          PID    Runtime      # DAGs    # Errors  Last Runtime    Last Run
---------------------------------  -----  ---------  --------  ----------  --------------  -------------------
/opt/airflow/dags/cereal-paper.py                           1           0  0.16s           2022-12-13T09:51:44
================================================================================
[2022-12-13 09:52:22,988] {manager.py:803} INFO - 
================================================================================
DAG File Processing Stats

File Path                          PID    Runtime      # DAGs    # Errors  Last Runtime    Last Run
---------------------------------  -----  ---------  --------  ----------  --------------  -------------------
/opt/airflow/dags/cereal-paper.py                           1           0  0.20s           2022-12-13T09:52:15
================================================================================
[2022-12-13 09:52:53,210] {manager.py:803} INFO - 
================================================================================
DAG File Processing Stats

File Path                          PID    Runtime      # DAGs    # Errors  Last Runtime    Last Run
---------------------------------  -----  ---------  --------  ----------  --------------  -------------------
/opt/airflow/dags/cereal-paper.py                           1           0  0.19s           2022-12-13T09:52:45
================================================================================
[2022-12-13 09:53:23,425] {manager.py:803} INFO - 
================================================================================
DAG File Processing Stats

File Path                          PID    Runtime      # DAGs    # Errors  Last Runtime    Last Run
---------------------------------  -----  ---------  --------  ----------  --------------  -------------------
/opt/airflow/dags/cereal-paper.py                           1           0  0.25s           2022-12-13T09:53:15
================================================================================
[2022-12-13 09:53:53,758] {manager.py:803} INFO - 
================================================================================
DAG File Processing Stats

File Path                          PID    Runtime      # DAGs    # Errors  Last Runtime    Last Run
---------------------------------  -----  ---------  --------  ----------  --------------  -------------------
/opt/airflow/dags/cereal-paper.py                           1           0  0.26s           2022-12-13T09:53:45
================================================================================
[2022-12-13 09:54:17,269] {manager.py:684} INFO - Searching for files in /opt/airflow/dags
[2022-12-13 09:54:17,332] {manager.py:687} INFO - There are 1 files in /opt/airflow/dags
[2022-12-13 09:54:24,122] {manager.py:803} INFO - 
================================================================================
DAG File Processing Stats

File Path                          PID    Runtime      # DAGs    # Errors  Last Runtime    Last Run
---------------------------------  -----  ---------  --------  ----------  --------------  -------------------
/opt/airflow/dags/cereal-paper.py                           1           0  0.23s           2022-12-13T09:54:16
================================================================================
[2022-12-13 09:54:54,515] {manager.py:803} INFO - 
================================================================================
DAG File Processing Stats

File Path                          PID    Runtime      # DAGs    # Errors  Last Runtime    Last Run
---------------------------------  -----  ---------  --------  ----------  --------------  -------------------
/opt/airflow/dags/cereal-paper.py                           1           0  0.23s           2022-12-13T09:54:46
================================================================================
[2022-12-13 09:55:24,752] {manager.py:803} INFO - 
================================================================================
DAG File Processing Stats

File Path                          PID    Runtime      # DAGs    # Errors  Last Runtime    Last Run
---------------------------------  -----  ---------  --------  ----------  --------------  -------------------
/opt/airflow/dags/cereal-paper.py                           1           0  0.23s           2022-12-13T09:55:16
================================================================================
[2022-12-13 09:55:55,080] {manager.py:803} INFO - 
================================================================================
DAG File Processing Stats

File Path                          PID    Runtime      # DAGs    # Errors  Last Runtime    Last Run
---------------------------------  -----  ---------  --------  ----------  --------------  -------------------
/opt/airflow/dags/cereal-paper.py                           1           0  0.17s           2022-12-13T09:55:47
================================================================================
[2022-12-13 09:56:25,417] {manager.py:803} INFO - 
================================================================================
DAG File Processing Stats

File Path                          PID    Runtime      # DAGs    # Errors  Last Runtime    Last Run
---------------------------------  -----  ---------  --------  ----------  --------------  -------------------
/opt/airflow/dags/cereal-paper.py                           1           0  0.26s           2022-12-13T09:56:17
================================================================================
[2022-12-13 09:56:55,658] {manager.py:803} INFO - 
================================================================================
DAG File Processing Stats

File Path                          PID    Runtime      # DAGs    # Errors  Last Runtime    Last Run
---------------------------------  -----  ---------  --------  ----------  --------------  -------------------
/opt/airflow/dags/cereal-paper.py                           1           0  0.21s           2022-12-13T09:56:47
================================================================================
[2022-12-13 09:57:25,946] {manager.py:803} INFO - 
================================================================================
DAG File Processing Stats

File Path                          PID    Runtime      # DAGs    # Errors  Last Runtime    Last Run
---------------------------------  -----  ---------  --------  ----------  --------------  -------------------
/opt/airflow/dags/cereal-paper.py                           1           0  0.26s           2022-12-13T09:57:18
================================================================================
