[2022-12-13 07:53:49,215] {taskinstance.py:1159} INFO - Dependencies all met for <TaskInstance: cereal_paper.combine_articles_task manual__2022-12-13T07:53:46.475057+00:00 [queued]>
[2022-12-13 07:53:49,223] {taskinstance.py:1159} INFO - Dependencies all met for <TaskInstance: cereal_paper.combine_articles_task manual__2022-12-13T07:53:46.475057+00:00 [queued]>
[2022-12-13 07:53:49,223] {taskinstance.py:1356} INFO - 
--------------------------------------------------------------------------------
[2022-12-13 07:53:49,223] {taskinstance.py:1357} INFO - Starting attempt 1 of 2
[2022-12-13 07:53:49,224] {taskinstance.py:1358} INFO - 
--------------------------------------------------------------------------------
[2022-12-13 07:53:49,232] {taskinstance.py:1377} INFO - Executing <Task(PythonOperator): combine_articles_task> on 2022-12-13 07:53:46.475057+00:00
[2022-12-13 07:53:49,235] {standard_task_runner.py:52} INFO - Started process 326 to run task
[2022-12-13 07:53:49,238] {standard_task_runner.py:79} INFO - Running: ['***', 'tasks', 'run', 'cereal_paper', 'combine_articles_task', 'manual__2022-12-13T07:53:46.475057+00:00', '--job-id', '38', '--raw', '--subdir', 'DAGS_FOLDER/cereal-paper.py', '--cfg-path', '/tmp/tmpc67lskzj', '--error-file', '/tmp/tmpd8ggnbl2']
[2022-12-13 07:53:49,239] {standard_task_runner.py:80} INFO - Job 38: Subtask combine_articles_task
[2022-12-13 07:53:49,295] {task_command.py:369} INFO - Running <TaskInstance: cereal_paper.combine_articles_task manual__2022-12-13T07:53:46.475057+00:00 [running]> on host 5029e27bd97f
[2022-12-13 07:53:49,383] {taskinstance.py:1571} INFO - Exporting the following env vars:
AIRFLOW_CTX_DAG_EMAIL=akash.khamkar40@gmail.com
AIRFLOW_CTX_DAG_OWNER=akashk
AIRFLOW_CTX_DAG_ID=cereal_paper
AIRFLOW_CTX_TASK_ID=combine_articles_task
AIRFLOW_CTX_EXECUTION_DATE=2022-12-13T07:53:46.475057+00:00
AIRFLOW_CTX_TRY_NUMBER=1
AIRFLOW_CTX_DAG_RUN_ID=manual__2022-12-13T07:53:46.475057+00:00
[2022-12-13 07:53:49,451] {logging_mixin.py:115} INFO - {'joke': 'Eight bytes walk into a bar.\nThe bartender asks, "Can I get you anything?"\n"Yeah," reply the bytes.\n"Make us a double."', 'quote': 'Curiosity is the most powerful thing you own. Imagination is a force that can actually manifest a reality.', 'news': [{'title': "News18 Afternoon Digest: India's Tourism Push Near Yangtze, Holy Site for Arunachal and Tibet, Riled Up the Chinese? & Other Stories", 'published_date': '2022-12-13 07:39:33', 'summary': "Here are the top stories: Border Clash: India's Tourism Push Near Yangtze, Holy Site for Arunachal and Tibet, Riled Up the Chinese?; Shah Rukh Khan Sports Red Teeka As He Poses With Fans In Viral Pic From Vaishno Devi; and more"}, {'title': 'Oil climbs as U.S. pipeline closure adds to supply uncertainty', 'published_date': '2022-12-13 07:39:32', 'summary': 'Oil extended gains on Tuesday as a key pipeline bringing supply to the United States remained shut, adding to concerns about potential tightness in the world’s biggest crude consumer. Brent crude futures rose $1.33, or 1.7%, to $79.32 per barrel by 0725 GMT, while U.S. West Texas Intermediate (WTI) crude futures gained $1.15, or 1.6%, […]'}], 'meme': 'https://redd.it/zigdcf', 'songs': [['Jo Bhi Main', 'Rockstar', 'Mohit Chauhan'], ['Romeo And Juliet', 'Making Movies', 'Dire Straits'], ['Phantom', 'My Head Is An Animal (10th Anniversary Edition)', 'Of Monsters and Men']]}
[2022-12-13 07:53:49,451] {python.py:173} INFO - Done. Returned value was: {'joke': 'Eight bytes walk into a bar.\nThe bartender asks, "Can I get you anything?"\n"Yeah," reply the bytes.\n"Make us a double."', 'quote': 'Curiosity is the most powerful thing you own. Imagination is a force that can actually manifest a reality.', 'news': [{'title': "News18 Afternoon Digest: India's Tourism Push Near Yangtze, Holy Site for Arunachal and Tibet, Riled Up the Chinese? & Other Stories", 'published_date': '2022-12-13 07:39:33', 'summary': "Here are the top stories: Border Clash: India's Tourism Push Near Yangtze, Holy Site for Arunachal and Tibet, Riled Up the Chinese?; Shah Rukh Khan Sports Red Teeka As He Poses With Fans In Viral Pic From Vaishno Devi; and more"}, {'title': 'Oil climbs as U.S. pipeline closure adds to supply uncertainty', 'published_date': '2022-12-13 07:39:32', 'summary': 'Oil extended gains on Tuesday as a key pipeline bringing supply to the United States remained shut, adding to concerns about potential tightness in the world’s biggest crude consumer. Brent crude futures rose $1.33, or 1.7%, to $79.32 per barrel by 0725 GMT, while U.S. West Texas Intermediate (WTI) crude futures gained $1.15, or 1.6%, […]'}], 'meme': 'https://redd.it/zigdcf', 'songs': [['Jo Bhi Main', 'Rockstar', 'Mohit Chauhan'], ['Romeo And Juliet', 'Making Movies', 'Dire Straits'], ['Phantom', 'My Head Is An Animal (10th Anniversary Edition)', 'Of Monsters and Men']]}
[2022-12-13 07:53:49,490] {taskinstance.py:1400} INFO - Marking task as SUCCESS. dag_id=cereal_paper, task_id=combine_articles_task, execution_date=20221213T075346, start_date=20221213T075349, end_date=20221213T075349
[2022-12-13 07:53:49,532] {local_task_job.py:156} INFO - Task exited with return code 0
[2022-12-13 07:53:49,573] {local_task_job.py:273} INFO - 1 downstream tasks scheduled from follow-on schedule check
