[2022-12-12 16:36:20,142] {taskinstance.py:1159} INFO - Dependencies all met for <TaskInstance: daily_paper.create_pdf_task manual__2022-12-12T16:36:16.319037+00:00 [queued]>
[2022-12-12 16:36:20,148] {taskinstance.py:1159} INFO - Dependencies all met for <TaskInstance: daily_paper.create_pdf_task manual__2022-12-12T16:36:16.319037+00:00 [queued]>
[2022-12-12 16:36:20,149] {taskinstance.py:1356} INFO - 
--------------------------------------------------------------------------------
[2022-12-12 16:36:20,149] {taskinstance.py:1357} INFO - Starting attempt 1 of 2
[2022-12-12 16:36:20,150] {taskinstance.py:1358} INFO - 
--------------------------------------------------------------------------------
[2022-12-12 16:36:20,158] {taskinstance.py:1377} INFO - Executing <Task(PythonOperator): create_pdf_task> on 2022-12-12 16:36:16.319037+00:00
[2022-12-12 16:36:20,161] {standard_task_runner.py:52} INFO - Started process 3081 to run task
[2022-12-12 16:36:20,165] {standard_task_runner.py:79} INFO - Running: ['***', 'tasks', 'run', 'daily_paper', 'create_pdf_task', 'manual__2022-12-12T16:36:16.319037+00:00', '--job-id', '161', '--raw', '--subdir', 'DAGS_FOLDER/morning-paper.py', '--cfg-path', '/tmp/tmp9kba6vu6', '--error-file', '/tmp/tmpate6qo9q']
[2022-12-12 16:36:20,167] {standard_task_runner.py:80} INFO - Job 161: Subtask create_pdf_task
[2022-12-12 16:36:20,210] {task_command.py:369} INFO - Running <TaskInstance: daily_paper.create_pdf_task manual__2022-12-12T16:36:16.319037+00:00 [running]> on host cbcd6542cb8e
[2022-12-12 16:36:20,257] {taskinstance.py:1571} INFO - Exporting the following env vars:
AIRFLOW_CTX_DAG_EMAIL=akash.khamkar40@gmail.com
AIRFLOW_CTX_DAG_OWNER=akashk
AIRFLOW_CTX_DAG_ID=daily_paper
AIRFLOW_CTX_TASK_ID=create_pdf_task
AIRFLOW_CTX_EXECUTION_DATE=2022-12-12T16:36:16.319037+00:00
AIRFLOW_CTX_TRY_NUMBER=1
AIRFLOW_CTX_DAG_RUN_ID=manual__2022-12-12T16:36:16.319037+00:00
[2022-12-12 16:36:20,267] {python.py:173} INFO - Done. Returned value was: None
[2022-12-12 16:36:20,277] {taskinstance.py:1400} INFO - Marking task as SUCCESS. dag_id=daily_paper, task_id=create_pdf_task, execution_date=20221212T163616, start_date=20221212T163620, end_date=20221212T163620
[2022-12-12 16:36:20,297] {local_task_job.py:156} INFO - Task exited with return code 0
[2022-12-12 16:36:20,318] {local_task_job.py:273} INFO - 0 downstream tasks scheduled from follow-on schedule check
