[2022-12-13 08:00:03,479] {taskinstance.py:1159} INFO - Dependencies all met for <TaskInstance: cereal_paper.get_news_task manual__2022-12-13T08:00:02.727411+00:00 [queued]>
[2022-12-13 08:00:03,498] {taskinstance.py:1159} INFO - Dependencies all met for <TaskInstance: cereal_paper.get_news_task manual__2022-12-13T08:00:02.727411+00:00 [queued]>
[2022-12-13 08:00:03,509] {taskinstance.py:1356} INFO - 
--------------------------------------------------------------------------------
[2022-12-13 08:00:03,512] {taskinstance.py:1357} INFO - Starting attempt 1 of 2
[2022-12-13 08:00:03,512] {taskinstance.py:1358} INFO - 
--------------------------------------------------------------------------------
[2022-12-13 08:00:03,538] {taskinstance.py:1377} INFO - Executing <Task(PythonOperator): get_news_task> on 2022-12-13 08:00:02.727411+00:00
[2022-12-13 08:00:03,547] {standard_task_runner.py:52} INFO - Started process 463 to run task
[2022-12-13 08:00:03,564] {standard_task_runner.py:79} INFO - Running: ['***', 'tasks', 'run', 'cereal_paper', 'get_news_task', 'manual__2022-12-13T08:00:02.727411+00:00', '--job-id', '66', '--raw', '--subdir', 'DAGS_FOLDER/cereal-paper.py', '--cfg-path', '/tmp/tmptqpci0m0', '--error-file', '/tmp/tmpcik4mslj']
[2022-12-13 08:00:03,569] {standard_task_runner.py:80} INFO - Job 66: Subtask get_news_task
[2022-12-13 08:00:03,741] {task_command.py:369} INFO - Running <TaskInstance: cereal_paper.get_news_task manual__2022-12-13T08:00:02.727411+00:00 [running]> on host 5029e27bd97f
[2022-12-13 08:00:03,901] {taskinstance.py:1571} INFO - Exporting the following env vars:
AIRFLOW_CTX_DAG_EMAIL=akash.khamkar40@gmail.com
AIRFLOW_CTX_DAG_OWNER=akashk
AIRFLOW_CTX_DAG_ID=cereal_paper
AIRFLOW_CTX_TASK_ID=get_news_task
AIRFLOW_CTX_EXECUTION_DATE=2022-12-13T08:00:02.727411+00:00
AIRFLOW_CTX_TRY_NUMBER=1
AIRFLOW_CTX_DAG_RUN_ID=manual__2022-12-13T08:00:02.727411+00:00
[2022-12-13 08:00:06,588] {python.py:173} INFO - Done. Returned value was: [{'title': "Shane MacGowan's wife 'hopes and prays' the Pogues singer will be home for Christmas", 'published_date': '2022-12-13 07:40:40', 'summary': 'The Pogues frontman Shane MacGowan is set to celebrate his 65th birthday on Christmas Day after being rushed to hospital with viral encephalitis last week'}, {'title': 'Confident Sofia Frank knew gold would ‘probably’ come after ‘first jump’', 'published_date': '2022-12-13 07:40:20', 'summary': 'Photo from Sofia Frank’s Facebook MANILA, Philippines—Overcoming her initial doubts, Sofia Frank needed only one jump in the short program to know she’d likely finish on top. Frank’s thoughts came to fruition after she recently claimed the gold medal in the Asian Open Figure Skating Championship in Jakarta, Indonesia. “I didn’t think I was going […]'}]
[2022-12-13 08:00:06,668] {taskinstance.py:1400} INFO - Marking task as SUCCESS. dag_id=cereal_paper, task_id=get_news_task, execution_date=20221213T080002, start_date=20221213T080003, end_date=20221213T080006
[2022-12-13 08:00:06,690] {local_task_job.py:156} INFO - Task exited with return code 0
[2022-12-13 08:00:06,740] {local_task_job.py:273} INFO - 1 downstream tasks scheduled from follow-on schedule check
