[2022-12-13 11:36:27,372] {taskinstance.py:1159} INFO - Dependencies all met for <TaskInstance: cereal_paper.send_email manual__2022-12-13T11:36:10.035671+00:00 [queued]>
[2022-12-13 11:36:27,379] {taskinstance.py:1159} INFO - Dependencies all met for <TaskInstance: cereal_paper.send_email manual__2022-12-13T11:36:10.035671+00:00 [queued]>
[2022-12-13 11:36:27,379] {taskinstance.py:1356} INFO - 
--------------------------------------------------------------------------------
[2022-12-13 11:36:27,380] {taskinstance.py:1357} INFO - Starting attempt 1 of 2
[2022-12-13 11:36:27,380] {taskinstance.py:1358} INFO - 
--------------------------------------------------------------------------------
[2022-12-13 11:36:27,389] {taskinstance.py:1377} INFO - Executing <Task(EmailOperator): send_email> on 2022-12-13 11:36:10.035671+00:00
[2022-12-13 11:36:27,392] {standard_task_runner.py:52} INFO - Started process 552 to run task
[2022-12-13 11:36:27,395] {standard_task_runner.py:79} INFO - Running: ['***', 'tasks', 'run', 'cereal_paper', 'send_email', 'manual__2022-12-13T11:36:10.035671+00:00', '--job-id', '190', '--raw', '--subdir', 'DAGS_FOLDER/cereal-paper.py', '--cfg-path', '/tmp/tmpsvjru16v', '--error-file', '/tmp/tmp8q_sw54g']
[2022-12-13 11:36:27,396] {standard_task_runner.py:80} INFO - Job 190: Subtask send_email
[2022-12-13 11:36:27,456] {task_command.py:369} INFO - Running <TaskInstance: cereal_paper.send_email manual__2022-12-13T11:36:10.035671+00:00 [running]> on host 44822d5113ae
[2022-12-13 11:36:27,549] {taskinstance.py:1571} INFO - Exporting the following env vars:
AIRFLOW_CTX_DAG_EMAIL=cerealman@akashkhamkar.in
AIRFLOW_CTX_DAG_OWNER=akashk
AIRFLOW_CTX_DAG_ID=cereal_paper
AIRFLOW_CTX_TASK_ID=send_email
AIRFLOW_CTX_EXECUTION_DATE=2022-12-13T11:36:10.035671+00:00
AIRFLOW_CTX_TRY_NUMBER=1
AIRFLOW_CTX_DAG_RUN_ID=manual__2022-12-13T11:36:10.035671+00:00
[2022-12-13 11:36:27,569] {logging_mixin.py:115} WARNING - /home/***/.local/lib/python3.7/site-packages/***/utils/email.py:115 PendingDeprecationWarning: Fetching SMTP credentials from configuration variables will be deprecated in a future release. Please set credentials using a connection instead.
[2022-12-13 11:36:27,570] {email.py:224} INFO - Email alerting: attempt 1
[2022-12-13 11:36:29,097] {email.py:236} INFO - Sent an alert email to ['ganeshfutane3@gmail.com']
[2022-12-13 11:36:33,346] {taskinstance.py:1400} INFO - Marking task as SUCCESS. dag_id=cereal_paper, task_id=send_email, execution_date=20221213T113610, start_date=20221213T113627, end_date=20221213T113633
[2022-12-13 11:36:33,400] {local_task_job.py:156} INFO - Task exited with return code 0
[2022-12-13 11:36:33,447] {local_task_job.py:273} INFO - 0 downstream tasks scheduled from follow-on schedule check
