[2022-12-12 18:38:50,523] {taskinstance.py:1159} INFO - Dependencies all met for <TaskInstance: daily_paper.get_meme_task manual__2022-12-12T18:38:49.714284+00:00 [queued]>
[2022-12-12 18:38:50,531] {taskinstance.py:1159} INFO - Dependencies all met for <TaskInstance: daily_paper.get_meme_task manual__2022-12-12T18:38:49.714284+00:00 [queued]>
[2022-12-12 18:38:50,531] {taskinstance.py:1356} INFO - 
--------------------------------------------------------------------------------
[2022-12-12 18:38:50,531] {taskinstance.py:1357} INFO - Starting attempt 1 of 2
[2022-12-12 18:38:50,532] {taskinstance.py:1358} INFO - 
--------------------------------------------------------------------------------
[2022-12-12 18:38:50,542] {taskinstance.py:1377} INFO - Executing <Task(PythonOperator): get_meme_task> on 2022-12-12 18:38:49.714284+00:00
[2022-12-12 18:38:50,546] {standard_task_runner.py:52} INFO - Started process 2729 to run task
[2022-12-12 18:38:50,551] {standard_task_runner.py:79} INFO - Running: ['***', 'tasks', 'run', 'daily_paper', 'get_meme_task', 'manual__2022-12-12T18:38:49.714284+00:00', '--job-id', '409', '--raw', '--subdir', 'DAGS_FOLDER/morning-paper.py', '--cfg-path', '/tmp/tmpfqlnq_1s', '--error-file', '/tmp/tmpfxgbpeoq']
[2022-12-12 18:38:50,553] {standard_task_runner.py:80} INFO - Job 409: Subtask get_meme_task
[2022-12-12 18:38:50,633] {task_command.py:369} INFO - Running <TaskInstance: daily_paper.get_meme_task manual__2022-12-12T18:38:49.714284+00:00 [running]> on host 6bb81baa0a52
[2022-12-12 18:38:50,739] {taskinstance.py:1571} INFO - Exporting the following env vars:
AIRFLOW_CTX_DAG_EMAIL=akash.khamkar40@gmail.com
AIRFLOW_CTX_DAG_OWNER=akashk
AIRFLOW_CTX_DAG_ID=daily_paper
AIRFLOW_CTX_TASK_ID=get_meme_task
AIRFLOW_CTX_EXECUTION_DATE=2022-12-12T18:38:49.714284+00:00
AIRFLOW_CTX_TRY_NUMBER=1
AIRFLOW_CTX_DAG_RUN_ID=manual__2022-12-12T18:38:49.714284+00:00
[2022-12-12 18:38:51,818] {python.py:173} INFO - Done. Returned value was: https://redd.it/zjwqy6
[2022-12-12 18:38:51,847] {taskinstance.py:1400} INFO - Marking task as SUCCESS. dag_id=daily_paper, task_id=get_meme_task, execution_date=20221212T183849, start_date=20221212T183850, end_date=20221212T183851
[2022-12-12 18:38:51,874] {local_task_job.py:156} INFO - Task exited with return code 0
[2022-12-12 18:38:51,910] {local_task_job.py:273} INFO - 0 downstream tasks scheduled from follow-on schedule check
