[2022-12-12 17:17:18,340] {taskinstance.py:1159} INFO - Dependencies all met for <TaskInstance: daily_paper.create_pdf_task manual__2022-12-12T17:17:14.338624+00:00 [queued]>
[2022-12-12 17:17:18,344] {taskinstance.py:1159} INFO - Dependencies all met for <TaskInstance: daily_paper.create_pdf_task manual__2022-12-12T17:17:14.338624+00:00 [queued]>
[2022-12-12 17:17:18,345] {taskinstance.py:1356} INFO - 
--------------------------------------------------------------------------------
[2022-12-12 17:17:18,345] {taskinstance.py:1357} INFO - Starting attempt 1 of 2
[2022-12-12 17:17:18,346] {taskinstance.py:1358} INFO - 
--------------------------------------------------------------------------------
[2022-12-12 17:17:18,352] {taskinstance.py:1377} INFO - Executing <Task(PythonOperator): create_pdf_task> on 2022-12-12 17:17:14.338624+00:00
[2022-12-12 17:17:18,355] {standard_task_runner.py:52} INFO - Started process 715 to run task
[2022-12-12 17:17:18,358] {standard_task_runner.py:79} INFO - Running: ['***', 'tasks', 'run', 'daily_paper', 'create_pdf_task', 'manual__2022-12-12T17:17:14.338624+00:00', '--job-id', '227', '--raw', '--subdir', 'DAGS_FOLDER/morning-paper.py', '--cfg-path', '/tmp/tmpbkqfrery', '--error-file', '/tmp/tmpbc2p_fff']
[2022-12-12 17:17:18,359] {standard_task_runner.py:80} INFO - Job 227: Subtask create_pdf_task
[2022-12-12 17:17:18,397] {task_command.py:369} INFO - Running <TaskInstance: daily_paper.create_pdf_task manual__2022-12-12T17:17:14.338624+00:00 [running]> on host 6bb81baa0a52
[2022-12-12 17:17:18,442] {taskinstance.py:1571} INFO - Exporting the following env vars:
AIRFLOW_CTX_DAG_EMAIL=akash.khamkar40@gmail.com
AIRFLOW_CTX_DAG_OWNER=akashk
AIRFLOW_CTX_DAG_ID=daily_paper
AIRFLOW_CTX_TASK_ID=create_pdf_task
AIRFLOW_CTX_EXECUTION_DATE=2022-12-12T17:17:14.338624+00:00
AIRFLOW_CTX_TRY_NUMBER=1
AIRFLOW_CTX_DAG_RUN_ID=manual__2022-12-12T17:17:14.338624+00:00
[2022-12-12 17:17:18,443] {taskinstance.py:1889} ERROR - Task failed with exception
Traceback (most recent call last):
  File "/home/airflow/.local/lib/python3.7/site-packages/airflow/operators/python.py", line 171, in execute
    return_value = self.execute_callable()
  File "/home/airflow/.local/lib/python3.7/site-packages/airflow/operators/python.py", line 189, in execute_callable
    return self.python_callable(*self.op_args, **self.op_kwargs)
  File "/opt/airflow/dags/morning_paper_src/pdf.py", line 25, in create_pdf
    pdf.set_doc_option('core_fonts_encoding', 'utf-8')
AttributeError: 'FPDF' object has no attribute 'set_doc_option'
[2022-12-12 17:17:18,451] {taskinstance.py:1400} INFO - Marking task as UP_FOR_RETRY. dag_id=daily_paper, task_id=create_pdf_task, execution_date=20221212T171714, start_date=20221212T171718, end_date=20221212T171718
[2022-12-12 17:17:18,456] {standard_task_runner.py:97} ERROR - Failed to execute job 227 for task create_pdf_task ('FPDF' object has no attribute 'set_doc_option'; 715)
[2022-12-12 17:17:18,493] {local_task_job.py:156} INFO - Task exited with return code 1
[2022-12-12 17:17:18,515] {local_task_job.py:273} INFO - 0 downstream tasks scheduled from follow-on schedule check
