[2022-12-12 18:30:34,594] {taskinstance.py:1159} INFO - Dependencies all met for <TaskInstance: daily_paper.get_joke_task manual__2022-12-12T18:30:34.081614+00:00 [queued]>
[2022-12-12 18:30:34,600] {taskinstance.py:1159} INFO - Dependencies all met for <TaskInstance: daily_paper.get_joke_task manual__2022-12-12T18:30:34.081614+00:00 [queued]>
[2022-12-12 18:30:34,601] {taskinstance.py:1356} INFO - 
--------------------------------------------------------------------------------
[2022-12-12 18:30:34,601] {taskinstance.py:1357} INFO - Starting attempt 1 of 2
[2022-12-12 18:30:34,601] {taskinstance.py:1358} INFO - 
--------------------------------------------------------------------------------
[2022-12-12 18:30:34,610] {taskinstance.py:1377} INFO - Executing <Task(PythonOperator): get_joke_task> on 2022-12-12 18:30:34.081614+00:00
[2022-12-12 18:30:34,614] {standard_task_runner.py:52} INFO - Started process 2471 to run task
[2022-12-12 18:30:34,618] {standard_task_runner.py:79} INFO - Running: ['***', 'tasks', 'run', 'daily_paper', 'get_joke_task', 'manual__2022-12-12T18:30:34.081614+00:00', '--job-id', '377', '--raw', '--subdir', 'DAGS_FOLDER/morning-paper.py', '--cfg-path', '/tmp/tmpaf3zy_t8', '--error-file', '/tmp/tmpwg5o4578']
[2022-12-12 18:30:34,621] {standard_task_runner.py:80} INFO - Job 377: Subtask get_joke_task
[2022-12-12 18:30:34,700] {task_command.py:369} INFO - Running <TaskInstance: daily_paper.get_joke_task manual__2022-12-12T18:30:34.081614+00:00 [running]> on host 6bb81baa0a52
[2022-12-12 18:30:34,801] {taskinstance.py:1571} INFO - Exporting the following env vars:
AIRFLOW_CTX_DAG_EMAIL=akash.khamkar40@gmail.com
AIRFLOW_CTX_DAG_OWNER=akashk
AIRFLOW_CTX_DAG_ID=daily_paper
AIRFLOW_CTX_TASK_ID=get_joke_task
AIRFLOW_CTX_EXECUTION_DATE=2022-12-12T18:30:34.081614+00:00
AIRFLOW_CTX_TRY_NUMBER=1
AIRFLOW_CTX_DAG_RUN_ID=manual__2022-12-12T18:30:34.081614+00:00
[2022-12-12 18:30:35,716] {logging_mixin.py:115} INFO - {'error': False, 'category': 'Programming', 'type': 'single', 'joke': 'Have a great weekend!\nI hope your code behaves the same on Monday as it did on Friday.', 'flags': {'nsfw': False, 'religious': False, 'political': False, 'racist': False, 'sexist': False, 'explicit': False}, 'id': 44, 'safe': True, 'lang': 'en'}
[2022-12-12 18:30:35,717] {python.py:173} INFO - Done. Returned value was: Have a great weekend!
I hope your code behaves the same on Monday as it did on Friday.
[2022-12-12 18:30:35,743] {taskinstance.py:1400} INFO - Marking task as SUCCESS. dag_id=daily_paper, task_id=get_joke_task, execution_date=20221212T183034, start_date=20221212T183034, end_date=20221212T183035
[2022-12-12 18:30:35,769] {local_task_job.py:156} INFO - Task exited with return code 0
[2022-12-12 18:30:35,796] {local_task_job.py:273} INFO - 0 downstream tasks scheduled from follow-on schedule check
