[2022-12-12 18:37:50,805] {taskinstance.py:1159} INFO - Dependencies all met for <TaskInstance: daily_paper.get_news_task manual__2022-12-12T18:37:49.814202+00:00 [queued]>
[2022-12-12 18:37:50,813] {taskinstance.py:1159} INFO - Dependencies all met for <TaskInstance: daily_paper.get_news_task manual__2022-12-12T18:37:49.814202+00:00 [queued]>
[2022-12-12 18:37:50,813] {taskinstance.py:1356} INFO - 
--------------------------------------------------------------------------------
[2022-12-12 18:37:50,814] {taskinstance.py:1357} INFO - Starting attempt 1 of 2
[2022-12-12 18:37:50,814] {taskinstance.py:1358} INFO - 
--------------------------------------------------------------------------------
[2022-12-12 18:37:50,825] {taskinstance.py:1377} INFO - Executing <Task(PythonOperator): get_news_task> on 2022-12-12 18:37:49.814202+00:00
[2022-12-12 18:37:50,837] {standard_task_runner.py:52} INFO - Started process 2687 to run task
[2022-12-12 18:37:50,846] {standard_task_runner.py:79} INFO - Running: ['***', 'tasks', 'run', 'daily_paper', 'get_news_task', 'manual__2022-12-12T18:37:49.814202+00:00', '--job-id', '403', '--raw', '--subdir', 'DAGS_FOLDER/morning-paper.py', '--cfg-path', '/tmp/tmp5zgjtnf_', '--error-file', '/tmp/tmprhpf37d7']
[2022-12-12 18:37:50,858] {standard_task_runner.py:80} INFO - Job 403: Subtask get_news_task
[2022-12-12 18:37:50,941] {task_command.py:369} INFO - Running <TaskInstance: daily_paper.get_news_task manual__2022-12-12T18:37:49.814202+00:00 [running]> on host 6bb81baa0a52
[2022-12-12 18:37:51,018] {taskinstance.py:1571} INFO - Exporting the following env vars:
AIRFLOW_CTX_DAG_EMAIL=akash.khamkar40@gmail.com
AIRFLOW_CTX_DAG_OWNER=akashk
AIRFLOW_CTX_DAG_ID=daily_paper
AIRFLOW_CTX_TASK_ID=get_news_task
AIRFLOW_CTX_EXECUTION_DATE=2022-12-12T18:37:49.814202+00:00
AIRFLOW_CTX_TRY_NUMBER=1
AIRFLOW_CTX_DAG_RUN_ID=manual__2022-12-12T18:37:49.814202+00:00
[2022-12-12 18:37:53,332] {python.py:173} INFO - Done. Returned value was: [{'title': 'Indore: ‘Power supply-related complaints decline by 60% in three months’', 'published_date': '2022-12-12 18:06:11', 'summary': 'None'}, {'title': 'Telangana: Medicos queue up for law course', 'published_date': '2022-12-12 18:05:18', 'summary': 'Several engineering graduates are also looking at law as an alternative profession'}, {'title': 'Mamata Banerjee kicks off poll campaign in Meghalaya', 'published_date': '2022-12-12 18:03:32', 'summary': 'Banerjee was accompanied by AITC National General Secretary Abhishek Banerjee, who is visiting the state for the third time. During her two-day visit, she will be attending a series of events accompanied by Meghalaya Trinamool Congress leaders.'}]
[2022-12-12 18:37:53,387] {taskinstance.py:1400} INFO - Marking task as SUCCESS. dag_id=daily_paper, task_id=get_news_task, execution_date=20221212T183749, start_date=20221212T183750, end_date=20221212T183753
[2022-12-12 18:37:53,432] {local_task_job.py:156} INFO - Task exited with return code 0
[2022-12-12 18:37:53,470] {local_task_job.py:273} INFO - 1 downstream tasks scheduled from follow-on schedule check
