[2022-12-13 10:56:11,538] {taskinstance.py:1159} INFO - Dependencies all met for <TaskInstance: cereal_paper.save_to_db_task manual__2022-12-13T10:56:06.725838+00:00 [queued]>
[2022-12-13 10:56:11,546] {taskinstance.py:1159} INFO - Dependencies all met for <TaskInstance: cereal_paper.save_to_db_task manual__2022-12-13T10:56:06.725838+00:00 [queued]>
[2022-12-13 10:56:11,546] {taskinstance.py:1356} INFO - 
--------------------------------------------------------------------------------
[2022-12-13 10:56:11,546] {taskinstance.py:1357} INFO - Starting attempt 1 of 2
[2022-12-13 10:56:11,547] {taskinstance.py:1358} INFO - 
--------------------------------------------------------------------------------
[2022-12-13 10:56:11,555] {taskinstance.py:1377} INFO - Executing <Task(PythonOperator): save_to_db_task> on 2022-12-13 10:56:06.725838+00:00
[2022-12-13 10:56:11,558] {standard_task_runner.py:52} INFO - Started process 260 to run task
[2022-12-13 10:56:11,561] {standard_task_runner.py:79} INFO - Running: ['***', 'tasks', 'run', 'cereal_paper', 'save_to_db_task', 'manual__2022-12-13T10:56:06.725838+00:00', '--job-id', '140', '--raw', '--subdir', 'DAGS_FOLDER/cereal-paper.py', '--cfg-path', '/tmp/tmp8kif5xdk', '--error-file', '/tmp/tmpsf3jzang']
[2022-12-13 10:56:11,562] {standard_task_runner.py:80} INFO - Job 140: Subtask save_to_db_task
[2022-12-13 10:56:11,630] {task_command.py:369} INFO - Running <TaskInstance: cereal_paper.save_to_db_task manual__2022-12-13T10:56:06.725838+00:00 [running]> on host 5cb924e8b79e
[2022-12-13 10:56:11,710] {taskinstance.py:1571} INFO - Exporting the following env vars:
AIRFLOW_CTX_DAG_EMAIL=cerealman@akashkhamkar.in
AIRFLOW_CTX_DAG_OWNER=akashk
AIRFLOW_CTX_DAG_ID=cereal_paper
AIRFLOW_CTX_TASK_ID=save_to_db_task
AIRFLOW_CTX_EXECUTION_DATE=2022-12-13T10:56:06.725838+00:00
AIRFLOW_CTX_TRY_NUMBER=1
AIRFLOW_CTX_DAG_RUN_ID=manual__2022-12-13T10:56:06.725838+00:00
[2022-12-13 10:56:11,764] {python.py:173} INFO - Done. Returned value was: None
[2022-12-13 10:56:11,865] {taskinstance.py:1400} INFO - Marking task as SUCCESS. dag_id=cereal_paper, task_id=save_to_db_task, execution_date=20221213T105606, start_date=20221213T105611, end_date=20221213T105611
[2022-12-13 10:56:11,895] {local_task_job.py:156} INFO - Task exited with return code 0
[2022-12-13 10:56:11,937] {local_task_job.py:273} INFO - 0 downstream tasks scheduled from follow-on schedule check
