[2022-12-13 10:44:40,893] {taskinstance.py:1159} INFO - Dependencies all met for <TaskInstance: cereal_paper.combine_articles_task manual__2022-12-13T10:44:37.350819+00:00 [queued]>
[2022-12-13 10:44:40,900] {taskinstance.py:1159} INFO - Dependencies all met for <TaskInstance: cereal_paper.combine_articles_task manual__2022-12-13T10:44:37.350819+00:00 [queued]>
[2022-12-13 10:44:40,901] {taskinstance.py:1356} INFO - 
--------------------------------------------------------------------------------
[2022-12-13 10:44:40,901] {taskinstance.py:1357} INFO - Starting attempt 1 of 2
[2022-12-13 10:44:40,902] {taskinstance.py:1358} INFO - 
--------------------------------------------------------------------------------
[2022-12-13 10:44:40,910] {taskinstance.py:1377} INFO - Executing <Task(PythonOperator): combine_articles_task> on 2022-12-13 10:44:37.350819+00:00
[2022-12-13 10:44:40,914] {standard_task_runner.py:52} INFO - Started process 204 to run task
[2022-12-13 10:44:40,917] {standard_task_runner.py:79} INFO - Running: ['***', 'tasks', 'run', 'cereal_paper', 'combine_articles_task', 'manual__2022-12-13T10:44:37.350819+00:00', '--job-id', '101', '--raw', '--subdir', 'DAGS_FOLDER/cereal-paper.py', '--cfg-path', '/tmp/tmpli1ue2wg', '--error-file', '/tmp/tmpff58e6q8']
[2022-12-13 10:44:40,919] {standard_task_runner.py:80} INFO - Job 101: Subtask combine_articles_task
[2022-12-13 10:44:40,979] {task_command.py:369} INFO - Running <TaskInstance: cereal_paper.combine_articles_task manual__2022-12-13T10:44:37.350819+00:00 [running]> on host 43dbd6b00d73
[2022-12-13 10:44:41,054] {taskinstance.py:1571} INFO - Exporting the following env vars:
AIRFLOW_CTX_DAG_EMAIL=akash.khamkar40@gmail.com
AIRFLOW_CTX_DAG_OWNER=akashk
AIRFLOW_CTX_DAG_ID=cereal_paper
AIRFLOW_CTX_TASK_ID=combine_articles_task
AIRFLOW_CTX_EXECUTION_DATE=2022-12-13T10:44:37.350819+00:00
AIRFLOW_CTX_TRY_NUMBER=1
AIRFLOW_CTX_DAG_RUN_ID=manual__2022-12-13T10:44:37.350819+00:00
[2022-12-13 10:44:41,126] {logging_mixin.py:115} INFO - {'joke': 'Today, my son asked "Can I have a book mark?" and I burst into tears.\n11 years old and he still doesn\'t know my name is Brian.', 'quote': 'Curiosity is the most powerful thing you own. Imagination is a force that can actually manifest a reality.', 'news': [{'title': "Qatar's QIA leads $196.5mln funding round of cybersecurity start-up Snyk", 'published_date': '2022-12-13 10:28:41', 'summary': 'The investment is expected to drive innovation and expansion'}, {'title': 'New strategy and brand identity set to revitalize Riyadat Mall', 'published_date': '2022-12-13 10:28:15', 'summary': 'The announcement comes as part of the National Day celebrations scheduled to take place from 15th to 18th December at the mall, located in A’ali'}, {'title': "US cinnamon roll chain Cinnabon opening in S'pore in Feb. 2023", 'published_date': '2022-12-13 10:27:43', 'summary': 'Mark your calendars.'}], 'meme': 'https://redd.it/zkeru9', 'songs': [['Never on the Day You Leave', 'The Search for Everything', 'John Mayer'], ['Saadda Haq', 'Rockstar', 'Mohit Chauhan'], ["Ain't No Sunshine", 'Texas Cannonball', 'Freddie King']]}
[2022-12-13 10:44:41,126] {python.py:173} INFO - Done. Returned value was: {'joke': 'Today, my son asked "Can I have a book mark?" and I burst into tears.\n11 years old and he still doesn\'t know my name is Brian.', 'quote': 'Curiosity is the most powerful thing you own. Imagination is a force that can actually manifest a reality.', 'news': [{'title': "Qatar's QIA leads $196.5mln funding round of cybersecurity start-up Snyk", 'published_date': '2022-12-13 10:28:41', 'summary': 'The investment is expected to drive innovation and expansion'}, {'title': 'New strategy and brand identity set to revitalize Riyadat Mall', 'published_date': '2022-12-13 10:28:15', 'summary': 'The announcement comes as part of the National Day celebrations scheduled to take place from 15th to 18th December at the mall, located in A’ali'}, {'title': "US cinnamon roll chain Cinnabon opening in S'pore in Feb. 2023", 'published_date': '2022-12-13 10:27:43', 'summary': 'Mark your calendars.'}], 'meme': 'https://redd.it/zkeru9', 'songs': [['Never on the Day You Leave', 'The Search for Everything', 'John Mayer'], ['Saadda Haq', 'Rockstar', 'Mohit Chauhan'], ["Ain't No Sunshine", 'Texas Cannonball', 'Freddie King']]}
[2022-12-13 10:44:41,164] {taskinstance.py:1400} INFO - Marking task as SUCCESS. dag_id=cereal_paper, task_id=combine_articles_task, execution_date=20221213T104437, start_date=20221213T104440, end_date=20221213T104441
[2022-12-13 10:44:41,340] {local_task_job.py:156} INFO - Task exited with return code 0
[2022-12-13 10:44:41,387] {local_task_job.py:273} INFO - 2 downstream tasks scheduled from follow-on schedule check
