[2022-12-13 11:40:03,803] {taskinstance.py:1159} INFO - Dependencies all met for <TaskInstance: cereal_paper.get_quote_task manual__2022-12-13T11:40:03.093088+00:00 [queued]>
[2022-12-13 11:40:03,816] {taskinstance.py:1159} INFO - Dependencies all met for <TaskInstance: cereal_paper.get_quote_task manual__2022-12-13T11:40:03.093088+00:00 [queued]>
[2022-12-13 11:40:03,817] {taskinstance.py:1356} INFO - 
--------------------------------------------------------------------------------
[2022-12-13 11:40:03,818] {taskinstance.py:1357} INFO - Starting attempt 1 of 2
[2022-12-13 11:40:03,819] {taskinstance.py:1358} INFO - 
--------------------------------------------------------------------------------
[2022-12-13 11:40:03,841] {taskinstance.py:1377} INFO - Executing <Task(PythonOperator): get_quote_task> on 2022-12-13 11:40:03.093088+00:00
[2022-12-13 11:40:03,849] {standard_task_runner.py:52} INFO - Started process 612 to run task
[2022-12-13 11:40:03,861] {standard_task_runner.py:79} INFO - Running: ['***', 'tasks', 'run', 'cereal_paper', 'get_quote_task', 'manual__2022-12-13T11:40:03.093088+00:00', '--job-id', '195', '--raw', '--subdir', 'DAGS_FOLDER/cereal-paper.py', '--cfg-path', '/tmp/tmpxcc4wp2w', '--error-file', '/tmp/tmpt6uxs_fa']
[2022-12-13 11:40:03,871] {standard_task_runner.py:80} INFO - Job 195: Subtask get_quote_task
[2022-12-13 11:40:04,044] {task_command.py:369} INFO - Running <TaskInstance: cereal_paper.get_quote_task manual__2022-12-13T11:40:03.093088+00:00 [running]> on host 44822d5113ae
[2022-12-13 11:40:04,187] {taskinstance.py:1571} INFO - Exporting the following env vars:
AIRFLOW_CTX_DAG_EMAIL=cerealman@akashkhamkar.in
AIRFLOW_CTX_DAG_OWNER=akashk
AIRFLOW_CTX_DAG_ID=cereal_paper
AIRFLOW_CTX_TASK_ID=get_quote_task
AIRFLOW_CTX_EXECUTION_DATE=2022-12-13T11:40:03.093088+00:00
AIRFLOW_CTX_TRY_NUMBER=1
AIRFLOW_CTX_DAG_RUN_ID=manual__2022-12-13T11:40:03.093088+00:00
[2022-12-13 11:40:05,342] {logging_mixin.py:115} INFO - [{'q': 'Curiosity is the most powerful thing you own. Imagination is a force that can actually manifest a reality.', 'a': 'James Cameron', 'h': '<blockquote>&ldquo;Curiosity is the most powerful thing you own. Imagination is a force that can actually manifest a reality.&rdquo; &mdash; <footer>James Cameron</footer></blockquote>'}]
[2022-12-13 11:40:05,342] {python.py:173} INFO - Done. Returned value was: Curiosity is the most powerful thing you own. Imagination is a force that can actually manifest a reality.
[2022-12-13 11:40:05,381] {taskinstance.py:1400} INFO - Marking task as SUCCESS. dag_id=cereal_paper, task_id=get_quote_task, execution_date=20221213T114003, start_date=20221213T114003, end_date=20221213T114005
[2022-12-13 11:40:05,437] {local_task_job.py:156} INFO - Task exited with return code 0
[2022-12-13 11:40:05,482] {local_task_job.py:273} INFO - 0 downstream tasks scheduled from follow-on schedule check
