[2022-12-13 10:46:04,180] {taskinstance.py:1159} INFO - Dependencies all met for <TaskInstance: cereal_paper.get_meme_task manual__2022-12-13T10:46:02.615461+00:00 [queued]>
[2022-12-13 10:46:04,201] {taskinstance.py:1159} INFO - Dependencies all met for <TaskInstance: cereal_paper.get_meme_task manual__2022-12-13T10:46:02.615461+00:00 [queued]>
[2022-12-13 10:46:04,202] {taskinstance.py:1356} INFO - 
--------------------------------------------------------------------------------
[2022-12-13 10:46:04,203] {taskinstance.py:1357} INFO - Starting attempt 1 of 2
[2022-12-13 10:46:04,208] {taskinstance.py:1358} INFO - 
--------------------------------------------------------------------------------
[2022-12-13 10:46:04,225] {taskinstance.py:1377} INFO - Executing <Task(PythonOperator): get_meme_task> on 2022-12-13 10:46:02.615461+00:00
[2022-12-13 10:46:04,230] {standard_task_runner.py:52} INFO - Started process 243 to run task
[2022-12-13 10:46:04,251] {standard_task_runner.py:79} INFO - Running: ['***', 'tasks', 'run', 'cereal_paper', 'get_meme_task', 'manual__2022-12-13T10:46:02.615461+00:00', '--job-id', '109', '--raw', '--subdir', 'DAGS_FOLDER/cereal-paper.py', '--cfg-path', '/tmp/tmpervg0bsc', '--error-file', '/tmp/tmp60l9rt43']
[2022-12-13 10:46:04,253] {standard_task_runner.py:80} INFO - Job 109: Subtask get_meme_task
[2022-12-13 10:46:04,394] {task_command.py:369} INFO - Running <TaskInstance: cereal_paper.get_meme_task manual__2022-12-13T10:46:02.615461+00:00 [running]> on host 43dbd6b00d73
[2022-12-13 10:46:04,489] {taskinstance.py:1571} INFO - Exporting the following env vars:
AIRFLOW_CTX_DAG_EMAIL=cerealman@akashkhamkar.in
AIRFLOW_CTX_DAG_OWNER=akashk
AIRFLOW_CTX_DAG_ID=cereal_paper
AIRFLOW_CTX_TASK_ID=get_meme_task
AIRFLOW_CTX_EXECUTION_DATE=2022-12-13T10:46:02.615461+00:00
AIRFLOW_CTX_TRY_NUMBER=1
AIRFLOW_CTX_DAG_RUN_ID=manual__2022-12-13T10:46:02.615461+00:00
[2022-12-13 10:46:05,370] {python.py:173} INFO - Done. Returned value was: https://redd.it/zk4yi7
[2022-12-13 10:46:05,421] {taskinstance.py:1400} INFO - Marking task as SUCCESS. dag_id=cereal_paper, task_id=get_meme_task, execution_date=20221213T104602, start_date=20221213T104604, end_date=20221213T104605
[2022-12-13 10:46:05,515] {local_task_job.py:156} INFO - Task exited with return code 0
[2022-12-13 10:46:05,568] {local_task_job.py:273} INFO - 0 downstream tasks scheduled from follow-on schedule check
