[2022-12-12 12:16:01,288] {taskinstance.py:1159} INFO - Dependencies all met for <TaskInstance: daily_Paper.get_joke_task manual__2022-12-12T12:16:00.929958+00:00 [queued]>
[2022-12-12 12:16:01,296] {taskinstance.py:1159} INFO - Dependencies all met for <TaskInstance: daily_Paper.get_joke_task manual__2022-12-12T12:16:00.929958+00:00 [queued]>
[2022-12-12 12:16:01,296] {taskinstance.py:1356} INFO - 
--------------------------------------------------------------------------------
[2022-12-12 12:16:01,298] {taskinstance.py:1357} INFO - Starting attempt 1 of 2
[2022-12-12 12:16:01,298] {taskinstance.py:1358} INFO - 
--------------------------------------------------------------------------------
[2022-12-12 12:16:01,307] {taskinstance.py:1377} INFO - Executing <Task(PythonOperator): get_joke_task> on 2022-12-12 12:16:00.929958+00:00
[2022-12-12 12:16:01,311] {standard_task_runner.py:52} INFO - Started process 337 to run task
[2022-12-12 12:16:01,316] {standard_task_runner.py:79} INFO - Running: ['***', 'tasks', 'run', 'daily_Paper', 'get_joke_task', 'manual__2022-12-12T12:16:00.929958+00:00', '--job-id', '15', '--raw', '--subdir', 'DAGS_FOLDER/morning-paper.py', '--cfg-path', '/tmp/tmpg2kcrzzk', '--error-file', '/tmp/tmp242cezix']
[2022-12-12 12:16:01,318] {standard_task_runner.py:80} INFO - Job 15: Subtask get_joke_task
[2022-12-12 12:16:01,386] {task_command.py:369} INFO - Running <TaskInstance: daily_Paper.get_joke_task manual__2022-12-12T12:16:00.929958+00:00 [running]> on host cbcd6542cb8e
[2022-12-12 12:16:01,442] {taskinstance.py:1571} INFO - Exporting the following env vars:
AIRFLOW_CTX_DAG_EMAIL=akash.khamkar40@gmail.com
AIRFLOW_CTX_DAG_OWNER=akashk
AIRFLOW_CTX_DAG_ID=daily_Paper
AIRFLOW_CTX_TASK_ID=get_joke_task
AIRFLOW_CTX_EXECUTION_DATE=2022-12-12T12:16:00.929958+00:00
AIRFLOW_CTX_TRY_NUMBER=1
AIRFLOW_CTX_DAG_RUN_ID=manual__2022-12-12T12:16:00.929958+00:00
[2022-12-12 12:16:02,118] {logging_mixin.py:115} INFO - {'error': False, 'category': 'Programming', 'type': 'single', 'joke': "A programmer puts two glasses on his bedside table before going to sleep.\nA full one, in case he gets thirsty, and an empty one, in case he doesn't.", 'flags': {'nsfw': False, 'religious': False, 'political': False, 'racist': False, 'sexist': False, 'explicit': False}, 'id': 3, 'safe': True, 'lang': 'en'}
[2022-12-12 12:16:02,121] {python.py:173} INFO - Done. Returned value was: A programmer puts two glasses on his bedside table before going to sleep.
A full one, in case he gets thirsty, and an empty one, in case he doesn't.
[2022-12-12 12:16:02,171] {taskinstance.py:1400} INFO - Marking task as SUCCESS. dag_id=daily_Paper, task_id=get_joke_task, execution_date=20221212T121600, start_date=20221212T121601, end_date=20221212T121602
[2022-12-12 12:16:02,204] {local_task_job.py:156} INFO - Task exited with return code 0
[2022-12-12 12:16:02,231] {local_task_job.py:273} INFO - 0 downstream tasks scheduled from follow-on schedule check
