[2022-12-12 17:30:28,313] {taskinstance.py:1159} INFO - Dependencies all met for <TaskInstance: daily_paper.get_joke_task manual__2022-12-12T17:30:27.485592+00:00 [queued]>
[2022-12-12 17:30:28,324] {taskinstance.py:1159} INFO - Dependencies all met for <TaskInstance: daily_paper.get_joke_task manual__2022-12-12T17:30:27.485592+00:00 [queued]>
[2022-12-12 17:30:28,325] {taskinstance.py:1356} INFO - 
--------------------------------------------------------------------------------
[2022-12-12 17:30:28,326] {taskinstance.py:1357} INFO - Starting attempt 1 of 2
[2022-12-12 17:30:28,327] {taskinstance.py:1358} INFO - 
--------------------------------------------------------------------------------
[2022-12-12 17:30:28,353] {taskinstance.py:1377} INFO - Executing <Task(PythonOperator): get_joke_task> on 2022-12-12 17:30:27.485592+00:00
[2022-12-12 17:30:28,360] {standard_task_runner.py:52} INFO - Started process 915 to run task
[2022-12-12 17:30:28,370] {standard_task_runner.py:79} INFO - Running: ['***', 'tasks', 'run', 'daily_paper', 'get_joke_task', 'manual__2022-12-12T17:30:27.485592+00:00', '--job-id', '252', '--raw', '--subdir', 'DAGS_FOLDER/morning-paper.py', '--cfg-path', '/tmp/tmpc9_x2yva', '--error-file', '/tmp/tmpc6fvcubo']
[2022-12-12 17:30:28,371] {standard_task_runner.py:80} INFO - Job 252: Subtask get_joke_task
[2022-12-12 17:30:28,464] {task_command.py:369} INFO - Running <TaskInstance: daily_paper.get_joke_task manual__2022-12-12T17:30:27.485592+00:00 [running]> on host 6bb81baa0a52
[2022-12-12 17:30:28,518] {taskinstance.py:1571} INFO - Exporting the following env vars:
AIRFLOW_CTX_DAG_EMAIL=akash.khamkar40@gmail.com
AIRFLOW_CTX_DAG_OWNER=akashk
AIRFLOW_CTX_DAG_ID=daily_paper
AIRFLOW_CTX_TASK_ID=get_joke_task
AIRFLOW_CTX_EXECUTION_DATE=2022-12-12T17:30:27.485592+00:00
AIRFLOW_CTX_TRY_NUMBER=1
AIRFLOW_CTX_DAG_RUN_ID=manual__2022-12-12T17:30:27.485592+00:00
[2022-12-12 17:30:29,291] {logging_mixin.py:115} INFO - {'error': False, 'category': 'Programming', 'type': 'single', 'joke': 'Two SQL tables sit at the bar. A query approaches and asks "Can I join you?"', 'flags': {'nsfw': False, 'religious': False, 'political': False, 'racist': False, 'sexist': False, 'explicit': False}, 'id': 221, 'safe': True, 'lang': 'en'}
[2022-12-12 17:30:29,292] {python.py:173} INFO - Done. Returned value was: Two SQL tables sit at the bar. A query approaches and asks "Can I join you?"
[2022-12-12 17:30:29,311] {taskinstance.py:1400} INFO - Marking task as SUCCESS. dag_id=daily_paper, task_id=get_joke_task, execution_date=20221212T173027, start_date=20221212T173028, end_date=20221212T173029
[2022-12-12 17:30:29,329] {local_task_job.py:156} INFO - Task exited with return code 0
[2022-12-12 17:30:29,355] {local_task_job.py:273} INFO - 0 downstream tasks scheduled from follow-on schedule check
