[2022-12-12 13:49:11,891] {taskinstance.py:1159} INFO - Dependencies all met for <TaskInstance: daily_Paper.combine_articles_task manual__2022-12-12T13:49:08.444233+00:00 [queued]>
[2022-12-12 13:49:11,896] {taskinstance.py:1159} INFO - Dependencies all met for <TaskInstance: daily_Paper.combine_articles_task manual__2022-12-12T13:49:08.444233+00:00 [queued]>
[2022-12-12 13:49:11,896] {taskinstance.py:1356} INFO - 
--------------------------------------------------------------------------------
[2022-12-12 13:49:11,897] {taskinstance.py:1357} INFO - Starting attempt 1 of 2
[2022-12-12 13:49:11,897] {taskinstance.py:1358} INFO - 
--------------------------------------------------------------------------------
[2022-12-12 13:49:11,905] {taskinstance.py:1377} INFO - Executing <Task(PythonOperator): combine_articles_task> on 2022-12-12 13:49:08.444233+00:00
[2022-12-12 13:49:11,908] {standard_task_runner.py:52} INFO - Started process 1373 to run task
[2022-12-12 13:49:11,911] {standard_task_runner.py:79} INFO - Running: ['***', 'tasks', 'run', 'daily_Paper', 'combine_articles_task', 'manual__2022-12-12T13:49:08.444233+00:00', '--job-id', '87', '--raw', '--subdir', 'DAGS_FOLDER/morning-paper.py', '--cfg-path', '/tmp/tmpp2n324eq', '--error-file', '/tmp/tmpkvi4xcdy']
[2022-12-12 13:49:11,912] {standard_task_runner.py:80} INFO - Job 87: Subtask combine_articles_task
[2022-12-12 13:49:11,952] {task_command.py:369} INFO - Running <TaskInstance: daily_Paper.combine_articles_task manual__2022-12-12T13:49:08.444233+00:00 [running]> on host cbcd6542cb8e
[2022-12-12 13:49:11,999] {taskinstance.py:1571} INFO - Exporting the following env vars:
AIRFLOW_CTX_DAG_EMAIL=akash.khamkar40@gmail.com
AIRFLOW_CTX_DAG_OWNER=akashk
AIRFLOW_CTX_DAG_ID=daily_Paper
AIRFLOW_CTX_TASK_ID=combine_articles_task
AIRFLOW_CTX_EXECUTION_DATE=2022-12-12T13:49:08.444233+00:00
AIRFLOW_CTX_TRY_NUMBER=1
AIRFLOW_CTX_DAG_RUN_ID=manual__2022-12-12T13:49:08.444233+00:00
[2022-12-12 13:49:12,028] {logging_mixin.py:115} INFO - My little daughter came to me all excited, saying "Daddy! Daddy! Guess how old I'll be in June!"
"Oh I don't know princess, why don't you tell me?" I said. She gave me a huge smile and held up four fingers.
It's now three hours later, police have joined in and she still won't say where she got them. Most people achieved their greatest success one step beyond what looked like their greatest failure. [{'title': 'UPDATE -- Titan Pharmaceuticals Inc. Announces Licensing Agreement with Ocular Therapeutix Inc.', 'author': 'globenewswire', 'published_date': '2022-12-12 13:49:00', 'published_date_precision': 'timezone unknown', 'link': 'https://www.wallstreet-online.de/nachricht/16315675-update-titan-pharmaceuticals-inc-announces-licensing-agreement-with-ocular-therapeutix-inc', 'clean_url': 'wallstreet-online.de', 'excerpt': 'SAN FRANCISCO, Dec. 12, 2022 (GLOBE NEWSWIRE) -- Titan Pharmaceuticals, Inc. (NASDAQ: TTNP) ("Titan" or the "Company") today announced that it has granted an exclusive license to Ocular Therapeutix…', 'summary': 'SAN FRANCISCO, Dec. 12, 2022 (GLOBE NEWSWIRE) -- Titan Pharmaceuticals, Inc. (NASDAQ: TTNP) ("Titan" or the "Company") today announced that it has granted an exclusive license to\n Ocular Therapeutix Inc. (\'Ocular\') pertaining to certain patent applications for ophthalmic uses in both humans and nonhuman animals in the territory of the United States. Under the terms of the\n agreement, Ocular will pay Titan an upfront licensing fee with the potential for additional payments upon reaching certain milestones.', 'rights': 'wallstreet-online.de', 'rank': 17657, 'topic': 'news', 'country': 'DE', 'language': 'en', 'authors': 'globenewswire', 'media': 'https://assets.wallstreet-online.de/_media/6/source1280/size_645/globenewswire-1280.png', 'is_opinion': False, 'twitter_account': '@wotwitt', '_score': None, '_id': '1540df20fce33d93b023984e2d68eb26'}, {'title': "India made every possible effort to improve 'Ease of Travel' for tourists: PM Modi", 'author': '', 'published_date': '2022-12-12 13:48:55', 'published_date_precision': 'timezone unknown', 'link': 'httpss://www.indianweekender.co.nz/Pages/ArticleDetails/10/21105/India/India-made-every-possible-effort-to-improve-Ease-of-Travel-for-tourists-PM-Modi', 'clean_url': 'indianweekender.co.nz', 'excerpt': None, 'summary': "Prime Minister Narendra Modi on Sunday said in the last eight years, India has made every possible effort to improve 'Ease of Travel' for tourists.", 'rights': None, 'rank': 283398, 'topic': 'news', 'country': 'NZ', 'language': 'en', 'authors': '', 'media': None, 'is_opinion': False, 'twitter_account': None, '_score': None, '_id': '2dc3b02907778b3199d3d68f50c0f485'}, {'title': "China's Pandemic Champs Meituan, Pinduoduo Score Over Tech Titans Like Alibaba, Analysts Say", 'author': 'Anusuya Lahiri', 'published_date': '2022-12-12 13:48:06', 'published_date_precision': 'timezone unknown', 'link': 'https://markets.businessinsider.com/news/stocks/china-s-pandemic-champs-meituan-pinduoduo-score-over-tech-titans-like-alibaba-analysts-say-1031965133', 'clean_url': 'businessinsider.com', 'excerpt': "China's pandemic winners Meituan (OTC: MPNGF) (OTC: MPNGY) and Pinduoduo Inc (NASDAQ: PDD) acclimated to revitalized competition", 'summary': "China's pandemic winners\xa0Meituan\xa0(OTC:MPNGF) (OTC:MPNGY) and\xa0Pinduoduo Inc\xa0(NASDAQ:PDD) acclimated to revitalized competition as the country eased down on its zero-Covid policy. Food delivery group Meituan and bargain shopping app Pinduoduo boosted sales by 28% and\xa065% year-on-year, respectively. Contrastingly,\xa0Tencent Holding Ltd's\xa0(OTC:TCEHY) revenues declined while\xa0Alibaba Group Holding Limited\xa0(NYSE:BABA)\xa0grew by just 3%. AB Bernstein\xa0analyst Robin Zhu said that the two were the highest quality companies in China's internet land, both agile in the face of the Shanghai lockdown, the Financial Times\xa0reports.", 'rights': 'businessinsider.com', 'rank': 106, 'topic': 'finance', 'country': 'US', 'language': 'en', 'authors': 'Anusuya Lahiri', 'media': 'https://cdn.benzinga.com/files/imagecache/1024x768xUP/images/story/2022/12/12/meituan_food_delivery.jpg', 'is_opinion': False, 'twitter_account': None, '_score': None, '_id': '87a00e4128577e3067920fb5428703c9'}] None
[2022-12-12 13:49:12,029] {python.py:173} INFO - Done. Returned value was: None
[2022-12-12 13:49:12,039] {taskinstance.py:1400} INFO - Marking task as SUCCESS. dag_id=daily_Paper, task_id=combine_articles_task, execution_date=20221212T134908, start_date=20221212T134911, end_date=20221212T134912
[2022-12-12 13:49:12,084] {local_task_job.py:156} INFO - Task exited with return code 0
[2022-12-12 13:49:12,107] {local_task_job.py:273} INFO - 0 downstream tasks scheduled from follow-on schedule check
