[2022-12-12 13:13:21,289] {taskinstance.py:1159} INFO - Dependencies all met for <TaskInstance: daily_Paper.get_joke_task manual__2022-12-12T13:13:20.054695+00:00 [queued]>
[2022-12-12 13:13:21,296] {taskinstance.py:1159} INFO - Dependencies all met for <TaskInstance: daily_Paper.get_joke_task manual__2022-12-12T13:13:20.054695+00:00 [queued]>
[2022-12-12 13:13:21,296] {taskinstance.py:1356} INFO - 
--------------------------------------------------------------------------------
[2022-12-12 13:13:21,297] {taskinstance.py:1357} INFO - Starting attempt 1 of 2
[2022-12-12 13:13:21,298] {taskinstance.py:1358} INFO - 
--------------------------------------------------------------------------------
[2022-12-12 13:13:21,306] {taskinstance.py:1377} INFO - Executing <Task(PythonOperator): get_joke_task> on 2022-12-12 13:13:20.054695+00:00
[2022-12-12 13:13:21,310] {standard_task_runner.py:52} INFO - Started process 1120 to run task
[2022-12-12 13:13:21,314] {standard_task_runner.py:79} INFO - Running: ['***', 'tasks', 'run', 'daily_Paper', 'get_joke_task', 'manual__2022-12-12T13:13:20.054695+00:00', '--job-id', '54', '--raw', '--subdir', 'DAGS_FOLDER/morning-paper.py', '--cfg-path', '/tmp/tmpgl55967z', '--error-file', '/tmp/tmpfykswylz']
[2022-12-12 13:13:21,316] {standard_task_runner.py:80} INFO - Job 54: Subtask get_joke_task
[2022-12-12 13:13:21,416] {task_command.py:369} INFO - Running <TaskInstance: daily_Paper.get_joke_task manual__2022-12-12T13:13:20.054695+00:00 [running]> on host cbcd6542cb8e
[2022-12-12 13:13:21,498] {taskinstance.py:1571} INFO - Exporting the following env vars:
AIRFLOW_CTX_DAG_EMAIL=akash.khamkar40@gmail.com
AIRFLOW_CTX_DAG_OWNER=akashk
AIRFLOW_CTX_DAG_ID=daily_Paper
AIRFLOW_CTX_TASK_ID=get_joke_task
AIRFLOW_CTX_EXECUTION_DATE=2022-12-12T13:13:20.054695+00:00
AIRFLOW_CTX_TRY_NUMBER=1
AIRFLOW_CTX_DAG_RUN_ID=manual__2022-12-12T13:13:20.054695+00:00
[2022-12-12 13:13:22,872] {logging_mixin.py:115} INFO - {'error': False, 'category': 'Programming', 'type': 'single', 'joke': 'A guy walks into a bar and asks for 1.4 root beers.\nThe bartender says "I\'ll have to charge you extra, that\'s a root beer float".\nThe guy says "In that case, better make it a double."', 'flags': {'nsfw': False, 'religious': False, 'political': False, 'racist': False, 'sexist': False, 'explicit': False}, 'id': 2, 'safe': True, 'lang': 'en'}
[2022-12-12 13:13:22,873] {python.py:173} INFO - Done. Returned value was: A guy walks into a bar and asks for 1.4 root beers.
The bartender says "I'll have to charge you extra, that's a root beer float".
The guy says "In that case, better make it a double."
[2022-12-12 13:13:22,897] {taskinstance.py:1400} INFO - Marking task as SUCCESS. dag_id=daily_Paper, task_id=get_joke_task, execution_date=20221212T131320, start_date=20221212T131321, end_date=20221212T131322
[2022-12-12 13:13:22,931] {local_task_job.py:156} INFO - Task exited with return code 0
[2022-12-12 13:13:22,955] {local_task_job.py:273} INFO - 1 downstream tasks scheduled from follow-on schedule check
