[2022-12-12 18:01:17,708] {taskinstance.py:1159} INFO - Dependencies all met for <TaskInstance: daily_paper.get_joke_task manual__2022-12-12T18:01:17.388848+00:00 [queued]>
[2022-12-12 18:01:17,714] {taskinstance.py:1159} INFO - Dependencies all met for <TaskInstance: daily_paper.get_joke_task manual__2022-12-12T18:01:17.388848+00:00 [queued]>
[2022-12-12 18:01:17,715] {taskinstance.py:1356} INFO - 
--------------------------------------------------------------------------------
[2022-12-12 18:01:17,715] {taskinstance.py:1357} INFO - Starting attempt 1 of 2
[2022-12-12 18:01:17,715] {taskinstance.py:1358} INFO - 
--------------------------------------------------------------------------------
[2022-12-12 18:01:17,723] {taskinstance.py:1377} INFO - Executing <Task(PythonOperator): get_joke_task> on 2022-12-12 18:01:17.388848+00:00
[2022-12-12 18:01:17,728] {standard_task_runner.py:52} INFO - Started process 1740 to run task
[2022-12-12 18:01:17,733] {standard_task_runner.py:79} INFO - Running: ['***', 'tasks', 'run', 'daily_paper', 'get_joke_task', 'manual__2022-12-12T18:01:17.388848+00:00', '--job-id', '333', '--raw', '--subdir', 'DAGS_FOLDER/morning-paper.py', '--cfg-path', '/tmp/tmpi0cu1opi', '--error-file', '/tmp/tmptu65on0_']
[2022-12-12 18:01:17,735] {standard_task_runner.py:80} INFO - Job 333: Subtask get_joke_task
[2022-12-12 18:01:17,816] {task_command.py:369} INFO - Running <TaskInstance: daily_paper.get_joke_task manual__2022-12-12T18:01:17.388848+00:00 [running]> on host 6bb81baa0a52
[2022-12-12 18:01:17,916] {taskinstance.py:1571} INFO - Exporting the following env vars:
AIRFLOW_CTX_DAG_EMAIL=akash.khamkar40@gmail.com
AIRFLOW_CTX_DAG_OWNER=akashk
AIRFLOW_CTX_DAG_ID=daily_paper
AIRFLOW_CTX_TASK_ID=get_joke_task
AIRFLOW_CTX_EXECUTION_DATE=2022-12-12T18:01:17.388848+00:00
AIRFLOW_CTX_TRY_NUMBER=1
AIRFLOW_CTX_DAG_RUN_ID=manual__2022-12-12T18:01:17.388848+00:00
[2022-12-12 18:01:18,957] {logging_mixin.py:115} INFO - {'error': False, 'category': 'Dark', 'type': 'single', 'joke': 'My girlfriend\'s dog died, so I tried to cheer her up by getting her an identical one. It just made her more upset. She screamed at me, "What am I supposed to do with two dead dogs?"', 'flags': {'nsfw': False, 'religious': False, 'political': False, 'racist': False, 'sexist': False, 'explicit': False}, 'safe': False, 'id': 275, 'lang': 'en'}
[2022-12-12 18:01:18,960] {python.py:173} INFO - Done. Returned value was: My girlfriend's dog died, so I tried to cheer her up by getting her an identical one. It just made her more upset. She screamed at me, "What am I supposed to do with two dead dogs?"
[2022-12-12 18:01:19,016] {taskinstance.py:1400} INFO - Marking task as SUCCESS. dag_id=daily_paper, task_id=get_joke_task, execution_date=20221212T180117, start_date=20221212T180117, end_date=20221212T180119
[2022-12-12 18:01:19,063] {local_task_job.py:156} INFO - Task exited with return code 0
[2022-12-12 18:01:19,094] {local_task_job.py:273} INFO - 0 downstream tasks scheduled from follow-on schedule check
