[2022-12-12 17:17:15,558] {taskinstance.py:1159} INFO - Dependencies all met for <TaskInstance: daily_paper.get_news_task manual__2022-12-12T17:17:14.338624+00:00 [queued]>
[2022-12-12 17:17:15,568] {taskinstance.py:1159} INFO - Dependencies all met for <TaskInstance: daily_paper.get_news_task manual__2022-12-12T17:17:14.338624+00:00 [queued]>
[2022-12-12 17:17:15,569] {taskinstance.py:1356} INFO - 
--------------------------------------------------------------------------------
[2022-12-12 17:17:15,570] {taskinstance.py:1357} INFO - Starting attempt 1 of 2
[2022-12-12 17:17:15,570] {taskinstance.py:1358} INFO - 
--------------------------------------------------------------------------------
[2022-12-12 17:17:15,580] {taskinstance.py:1377} INFO - Executing <Task(PythonOperator): get_news_task> on 2022-12-12 17:17:14.338624+00:00
[2022-12-12 17:17:15,587] {standard_task_runner.py:52} INFO - Started process 711 to run task
[2022-12-12 17:17:15,593] {standard_task_runner.py:79} INFO - Running: ['***', 'tasks', 'run', 'daily_paper', 'get_news_task', 'manual__2022-12-12T17:17:14.338624+00:00', '--job-id', '224', '--raw', '--subdir', 'DAGS_FOLDER/morning-paper.py', '--cfg-path', '/tmp/tmpbpmlmsfb', '--error-file', '/tmp/tmppc0spmt9']
[2022-12-12 17:17:15,595] {standard_task_runner.py:80} INFO - Job 224: Subtask get_news_task
[2022-12-12 17:17:15,686] {task_command.py:369} INFO - Running <TaskInstance: daily_paper.get_news_task manual__2022-12-12T17:17:14.338624+00:00 [running]> on host 6bb81baa0a52
[2022-12-12 17:17:15,760] {taskinstance.py:1571} INFO - Exporting the following env vars:
AIRFLOW_CTX_DAG_EMAIL=akash.khamkar40@gmail.com
AIRFLOW_CTX_DAG_OWNER=akashk
AIRFLOW_CTX_DAG_ID=daily_paper
AIRFLOW_CTX_TASK_ID=get_news_task
AIRFLOW_CTX_EXECUTION_DATE=2022-12-12T17:17:14.338624+00:00
AIRFLOW_CTX_TRY_NUMBER=1
AIRFLOW_CTX_DAG_RUN_ID=manual__2022-12-12T17:17:14.338624+00:00
[2022-12-12 17:17:16,482] {python.py:173} INFO - Done. Returned value was: [{'title': "COO Tony Morefield is driving Candid's future", 'published_date': '2022-12-12 17:17:00', 'summary': 'NEW YORK, Dec. 12, 2022 /PRNewswire/ -- Two decades ago, Tony Morefield helped make clear aligners a multi-billion dollar industry by spearheading the planning and execution behind a massive manufacturing facility that would help meet growing demand, developing innovative fabrication processes, and conducting clinical trials. Recently Tony has been chosen to serve as COO at Candid, helping chart our course as we transform the clear aligner industry."We used the best technology, internal processes, and equipment.'}, {'title': 'PH logs higher COVID-19 infections: 8,292 cases from Dec. 5 to 11', 'published_date': '2022-12-12 17:16:46', 'summary': "MANILA, Philippines — The Department of Health (DOH) recorded a total of 8,292 cases of COVID-19 from Dec. 5 to Dec. 11, which is higher than the infections recorded the previous week at 7,731.\nBased on the DOH's weekly report on Monday, this translated to a daily average of 1,185, seven percent higher than the previous week's cases.\nOnly six, or 0.07 percent of the newly registered cases, were then tagged as severe or critical, bringing the active number of severe or critical cases to 650.\nAn additional 134 deaths, however, were added to the country's COVID-19 death toll — 34 of which occurred in the past two weeks, while the rest were backlogs recorded as early as June 2020."}, {'title': 'Sterling steady as growth risks outweigh upbeat Oct data', 'published_date': '2022-12-12 17:16:44', 'summary': "LONDON: Sterling held steady against the dollar on Monday, as a murky economic growth outlook outweighed positive data for October ahead of the Bank of England's next policy decision due later this week.\nAt 1028 GMT, the pound was down a marginal 0.07% against the dollar at $1.22750. Meanwhile, it fell 0.1% versus the euro to 86.015 pence.\nOfficial data on Monday showed Britain's economy rebounding in October a little stronger than expected from September, when output was affected by a one-off public holiday to mark the funeral of Queen Elizabeth."}]
[2022-12-12 17:17:16,529] {taskinstance.py:1400} INFO - Marking task as SUCCESS. dag_id=daily_paper, task_id=get_news_task, execution_date=20221212T171714, start_date=20221212T171715, end_date=20221212T171716
[2022-12-12 17:17:16,587] {local_task_job.py:156} INFO - Task exited with return code 0
[2022-12-12 17:17:16,617] {local_task_job.py:273} INFO - 0 downstream tasks scheduled from follow-on schedule check
