[2022-12-12 17:44:03,094] {taskinstance.py:1159} INFO - Dependencies all met for <TaskInstance: daily_paper.get_joke_task manual__2022-12-12T17:44:02.261848+00:00 [queued]>
[2022-12-12 17:44:03,101] {taskinstance.py:1159} INFO - Dependencies all met for <TaskInstance: daily_paper.get_joke_task manual__2022-12-12T17:44:02.261848+00:00 [queued]>
[2022-12-12 17:44:03,104] {taskinstance.py:1356} INFO - 
--------------------------------------------------------------------------------
[2022-12-12 17:44:03,104] {taskinstance.py:1357} INFO - Starting attempt 1 of 2
[2022-12-12 17:44:03,105] {taskinstance.py:1358} INFO - 
--------------------------------------------------------------------------------
[2022-12-12 17:44:03,116] {taskinstance.py:1377} INFO - Executing <Task(PythonOperator): get_joke_task> on 2022-12-12 17:44:02.261848+00:00
[2022-12-12 17:44:03,127] {standard_task_runner.py:52} INFO - Started process 1300 to run task
[2022-12-12 17:44:03,136] {standard_task_runner.py:79} INFO - Running: ['***', 'tasks', 'run', 'daily_paper', 'get_joke_task', 'manual__2022-12-12T17:44:02.261848+00:00', '--job-id', '295', '--raw', '--subdir', 'DAGS_FOLDER/morning-paper.py', '--cfg-path', '/tmp/tmpbv9i3h3c', '--error-file', '/tmp/tmpmwcblctf']
[2022-12-12 17:44:03,142] {standard_task_runner.py:80} INFO - Job 295: Subtask get_joke_task
[2022-12-12 17:44:03,233] {task_command.py:369} INFO - Running <TaskInstance: daily_paper.get_joke_task manual__2022-12-12T17:44:02.261848+00:00 [running]> on host 6bb81baa0a52
[2022-12-12 17:44:03,303] {taskinstance.py:1571} INFO - Exporting the following env vars:
AIRFLOW_CTX_DAG_EMAIL=akash.khamkar40@gmail.com
AIRFLOW_CTX_DAG_OWNER=akashk
AIRFLOW_CTX_DAG_ID=daily_paper
AIRFLOW_CTX_TASK_ID=get_joke_task
AIRFLOW_CTX_EXECUTION_DATE=2022-12-12T17:44:02.261848+00:00
AIRFLOW_CTX_TRY_NUMBER=1
AIRFLOW_CTX_DAG_RUN_ID=manual__2022-12-12T17:44:02.261848+00:00
[2022-12-12 17:44:04,286] {logging_mixin.py:115} INFO - {'error': False, 'category': 'Programming', 'type': 'single', 'joke': 'Debugging: Removing the needles from the haystack.', 'flags': {'nsfw': False, 'religious': False, 'political': False, 'racist': False, 'sexist': False, 'explicit': False}, 'id': 40, 'safe': True, 'lang': 'en'}
[2022-12-12 17:44:04,289] {python.py:173} INFO - Done. Returned value was: Debugging: Removing the needles from the haystack.
[2022-12-12 17:44:04,348] {taskinstance.py:1400} INFO - Marking task as SUCCESS. dag_id=daily_paper, task_id=get_joke_task, execution_date=20221212T174402, start_date=20221212T174403, end_date=20221212T174404
[2022-12-12 17:44:04,367] {local_task_job.py:156} INFO - Task exited with return code 0
[2022-12-12 17:44:04,396] {local_task_job.py:273} INFO - 0 downstream tasks scheduled from follow-on schedule check
