[2022-12-12 17:26:47,685] {taskinstance.py:1159} INFO - Dependencies all met for <TaskInstance: daily_paper.get_news_task manual__2022-12-12T17:26:47.179762+00:00 [queued]>
[2022-12-12 17:26:47,693] {taskinstance.py:1159} INFO - Dependencies all met for <TaskInstance: daily_paper.get_news_task manual__2022-12-12T17:26:47.179762+00:00 [queued]>
[2022-12-12 17:26:47,694] {taskinstance.py:1356} INFO - 
--------------------------------------------------------------------------------
[2022-12-12 17:26:47,694] {taskinstance.py:1357} INFO - Starting attempt 1 of 2
[2022-12-12 17:26:47,695] {taskinstance.py:1358} INFO - 
--------------------------------------------------------------------------------
[2022-12-12 17:26:47,709] {taskinstance.py:1377} INFO - Executing <Task(PythonOperator): get_news_task> on 2022-12-12 17:26:47.179762+00:00
[2022-12-12 17:26:47,716] {standard_task_runner.py:52} INFO - Started process 815 to run task
[2022-12-12 17:26:47,728] {standard_task_runner.py:79} INFO - Running: ['***', 'tasks', 'run', 'daily_paper', 'get_news_task', 'manual__2022-12-12T17:26:47.179762+00:00', '--job-id', '232', '--raw', '--subdir', 'DAGS_FOLDER/morning-paper.py', '--cfg-path', '/tmp/tmpjrod2i8r', '--error-file', '/tmp/tmp4k3_slhn']
[2022-12-12 17:26:47,730] {standard_task_runner.py:80} INFO - Job 232: Subtask get_news_task
[2022-12-12 17:26:47,813] {task_command.py:369} INFO - Running <TaskInstance: daily_paper.get_news_task manual__2022-12-12T17:26:47.179762+00:00 [running]> on host 6bb81baa0a52
[2022-12-12 17:26:47,869] {taskinstance.py:1571} INFO - Exporting the following env vars:
AIRFLOW_CTX_DAG_EMAIL=akash.khamkar40@gmail.com
AIRFLOW_CTX_DAG_OWNER=akashk
AIRFLOW_CTX_DAG_ID=daily_paper
AIRFLOW_CTX_TASK_ID=get_news_task
AIRFLOW_CTX_EXECUTION_DATE=2022-12-12T17:26:47.179762+00:00
AIRFLOW_CTX_TRY_NUMBER=1
AIRFLOW_CTX_DAG_RUN_ID=manual__2022-12-12T17:26:47.179762+00:00
[2022-12-12 17:26:48,574] {python.py:173} INFO - Done. Returned value was: [{'title': 'Mushroom Powder Market will reach nearly US$ 8.31 Bn by the end of 2032', 'published_date': '2022-12-12 17:26:48', 'summary': 'Mushroom Powder Market will reach nearly US$ 8.31 Bn by the end of 2032\n\nMushroom Powder Market\n\nhttps://www.persistencemarketresearch.com/samples/28909\n\nhttps://www.persistencemarketresearch.com/checkout/28909\n\nhttps://www.persistencemarketresearch.com/request-customization/28909\n\nhttps://www.persistencemarketresearch.com\n\nGlobal consumption of mushroom powder is pegged at 79,756 tons in 2022 and is expected to increase at a CAGR of 6% to reach 142,387 tons by 2032. The market for mushroom powder has grown considerably in recent years and is expected to continue to do so going ahead.'}, {'title': 'Personal Identity Management Market Forecast 2022-2029 Global Business Growth, Competition Landscape, Size, Market Drivers and Trends, Opportunities and Challenges, Risks', 'published_date': '2022-12-12 17:26:44', 'summary': 'Personal Identity Management Market Forecast 2022-2029 Global Business Growth, Competition Landscape, Size, Market Drivers and Trends, Opportunities and Challenges, Risks\n\nPersonal Identity Management Market\n\nhttps://www.reportsnreports.com/contacts/requestsample.aspx?name=6504616\n\nhttps://www.reportsnreports.com/purchase.aspx?name=6504616\n\nThe Personal Identity Management Market research report state the pricing structure, import-export details, SWOT analysis, supply chain analysis and facilitate the key decision-making process.'}, {'title': 'Flights to and from the UK face continued disruption due to snow', 'published_date': '2022-12-12 17:26:40', 'summary': "Heavy snow blanketed parts of the UK over the weekend causing major travel disruption at airports and on public transport.\n\nRunways at Manchester Airport were shut down on Saturday, followed by closures and flight cancellations at London's Heathrow, Gatwick and Stansted airports on Sunday night.\n\nAre flights to and from the UK still affected by snow?\n\nA yellow weather warning, indicating snow, ice and difficult travel conditions, remains in place for southeast England (including London), parts of Scotland and Northern Ireland until Tuesday morning."}]
[2022-12-12 17:26:48,623] {taskinstance.py:1400} INFO - Marking task as SUCCESS. dag_id=daily_paper, task_id=get_news_task, execution_date=20221212T172647, start_date=20221212T172647, end_date=20221212T172648
[2022-12-12 17:26:48,679] {local_task_job.py:156} INFO - Task exited with return code 0
[2022-12-12 17:26:48,709] {local_task_job.py:273} INFO - 0 downstream tasks scheduled from follow-on schedule check
