[2022-12-13 08:00:03,411] {taskinstance.py:1159} INFO - Dependencies all met for <TaskInstance: cereal_paper.get_meme_task manual__2022-12-13T08:00:02.727411+00:00 [queued]>
[2022-12-13 08:00:03,419] {taskinstance.py:1159} INFO - Dependencies all met for <TaskInstance: cereal_paper.get_meme_task manual__2022-12-13T08:00:02.727411+00:00 [queued]>
[2022-12-13 08:00:03,420] {taskinstance.py:1356} INFO - 
--------------------------------------------------------------------------------
[2022-12-13 08:00:03,420] {taskinstance.py:1357} INFO - Starting attempt 1 of 2
[2022-12-13 08:00:03,421] {taskinstance.py:1358} INFO - 
--------------------------------------------------------------------------------
[2022-12-13 08:00:03,432] {taskinstance.py:1377} INFO - Executing <Task(PythonOperator): get_meme_task> on 2022-12-13 08:00:02.727411+00:00
[2022-12-13 08:00:03,439] {standard_task_runner.py:52} INFO - Started process 461 to run task
[2022-12-13 08:00:03,444] {standard_task_runner.py:79} INFO - Running: ['***', 'tasks', 'run', 'cereal_paper', 'get_meme_task', 'manual__2022-12-13T08:00:02.727411+00:00', '--job-id', '63', '--raw', '--subdir', 'DAGS_FOLDER/cereal-paper.py', '--cfg-path', '/tmp/tmps0hi0hzw', '--error-file', '/tmp/tmpjiqkvjgc']
[2022-12-13 08:00:03,446] {standard_task_runner.py:80} INFO - Job 63: Subtask get_meme_task
[2022-12-13 08:00:03,633] {task_command.py:369} INFO - Running <TaskInstance: cereal_paper.get_meme_task manual__2022-12-13T08:00:02.727411+00:00 [running]> on host 5029e27bd97f
[2022-12-13 08:00:03,808] {taskinstance.py:1571} INFO - Exporting the following env vars:
AIRFLOW_CTX_DAG_EMAIL=akash.khamkar40@gmail.com
AIRFLOW_CTX_DAG_OWNER=akashk
AIRFLOW_CTX_DAG_ID=cereal_paper
AIRFLOW_CTX_TASK_ID=get_meme_task
AIRFLOW_CTX_EXECUTION_DATE=2022-12-13T08:00:02.727411+00:00
AIRFLOW_CTX_TRY_NUMBER=1
AIRFLOW_CTX_DAG_RUN_ID=manual__2022-12-13T08:00:02.727411+00:00
[2022-12-13 08:00:04,433] {python.py:173} INFO - Done. Returned value was: https://redd.it/zk96we
[2022-12-13 08:00:04,481] {taskinstance.py:1400} INFO - Marking task as SUCCESS. dag_id=cereal_paper, task_id=get_meme_task, execution_date=20221213T080002, start_date=20221213T080003, end_date=20221213T080004
[2022-12-13 08:00:04,513] {local_task_job.py:156} INFO - Task exited with return code 0
[2022-12-13 08:00:04,561] {local_task_job.py:273} INFO - 0 downstream tasks scheduled from follow-on schedule check
