[2022-12-13 10:44:42,774] {taskinstance.py:1159} INFO - Dependencies all met for <TaskInstance: cereal_paper.send_email manual__2022-12-13T10:44:37.350819+00:00 [queued]>
[2022-12-13 10:44:42,781] {taskinstance.py:1159} INFO - Dependencies all met for <TaskInstance: cereal_paper.send_email manual__2022-12-13T10:44:37.350819+00:00 [queued]>
[2022-12-13 10:44:42,782] {taskinstance.py:1356} INFO - 
--------------------------------------------------------------------------------
[2022-12-13 10:44:42,782] {taskinstance.py:1357} INFO - Starting attempt 1 of 2
[2022-12-13 10:44:42,782] {taskinstance.py:1358} INFO - 
--------------------------------------------------------------------------------
[2022-12-13 10:44:42,790] {taskinstance.py:1377} INFO - Executing <Task(EmailOperator): send_email> on 2022-12-13 10:44:37.350819+00:00
[2022-12-13 10:44:42,793] {standard_task_runner.py:52} INFO - Started process 213 to run task
[2022-12-13 10:44:42,796] {standard_task_runner.py:79} INFO - Running: ['***', 'tasks', 'run', 'cereal_paper', 'send_email', 'manual__2022-12-13T10:44:37.350819+00:00', '--job-id', '104', '--raw', '--subdir', 'DAGS_FOLDER/cereal-paper.py', '--cfg-path', '/tmp/tmps_psvufh', '--error-file', '/tmp/tmpw78wclpc']
[2022-12-13 10:44:42,797] {standard_task_runner.py:80} INFO - Job 104: Subtask send_email
[2022-12-13 10:44:42,858] {task_command.py:369} INFO - Running <TaskInstance: cereal_paper.send_email manual__2022-12-13T10:44:37.350819+00:00 [running]> on host 43dbd6b00d73
[2022-12-13 10:44:42,933] {taskinstance.py:1571} INFO - Exporting the following env vars:
AIRFLOW_CTX_DAG_EMAIL=akash.khamkar40@gmail.com
AIRFLOW_CTX_DAG_OWNER=akashk
AIRFLOW_CTX_DAG_ID=cereal_paper
AIRFLOW_CTX_TASK_ID=send_email
AIRFLOW_CTX_EXECUTION_DATE=2022-12-13T10:44:37.350819+00:00
AIRFLOW_CTX_TRY_NUMBER=1
AIRFLOW_CTX_DAG_RUN_ID=manual__2022-12-13T10:44:37.350819+00:00
[2022-12-13 10:44:43,091] {logging_mixin.py:115} WARNING - /home/***/.local/lib/python3.7/site-packages/***/providers/sendgrid/utils/emailer.py:122 PendingDeprecationWarning: Fetching Sendgrid credentials from environment variables will be deprecated in a future release. Please set credentials using a connection instead.
[2022-12-13 10:44:45,064] {emailer.py:147} INFO - Email with subject cereal bro here is successfully sent to recipients: [{'to': [{'email': 'akash.khamkar40@gmail.com'}]}]
[2022-12-13 10:44:45,090] {taskinstance.py:1400} INFO - Marking task as SUCCESS. dag_id=cereal_paper, task_id=send_email, execution_date=20221213T104437, start_date=20221213T104442, end_date=20221213T104445
[2022-12-13 10:44:45,156] {local_task_job.py:156} INFO - Task exited with return code 0
[2022-12-13 10:44:45,199] {local_task_job.py:273} INFO - 0 downstream tasks scheduled from follow-on schedule check
