[2022-12-12 12:43:07,873] {taskinstance.py:1159} INFO - Dependencies all met for <TaskInstance: daily_Paper.get_joke_task manual__2022-12-12T12:43:07.507560+00:00 [queued]>
[2022-12-12 12:43:07,879] {taskinstance.py:1159} INFO - Dependencies all met for <TaskInstance: daily_Paper.get_joke_task manual__2022-12-12T12:43:07.507560+00:00 [queued]>
[2022-12-12 12:43:07,880] {taskinstance.py:1356} INFO - 
--------------------------------------------------------------------------------
[2022-12-12 12:43:07,880] {taskinstance.py:1357} INFO - Starting attempt 1 of 2
[2022-12-12 12:43:07,881] {taskinstance.py:1358} INFO - 
--------------------------------------------------------------------------------
[2022-12-12 12:43:07,890] {taskinstance.py:1377} INFO - Executing <Task(PythonOperator): get_joke_task> on 2022-12-12 12:43:07.507560+00:00
[2022-12-12 12:43:07,894] {standard_task_runner.py:52} INFO - Started process 730 to run task
[2022-12-12 12:43:07,898] {standard_task_runner.py:79} INFO - Running: ['***', 'tasks', 'run', 'daily_Paper', 'get_joke_task', 'manual__2022-12-12T12:43:07.507560+00:00', '--job-id', '23', '--raw', '--subdir', 'DAGS_FOLDER/morning-paper.py', '--cfg-path', '/tmp/tmpiu7dxtwk', '--error-file', '/tmp/tmpagd7kdm2']
[2022-12-12 12:43:07,902] {standard_task_runner.py:80} INFO - Job 23: Subtask get_joke_task
[2022-12-12 12:43:07,973] {task_command.py:369} INFO - Running <TaskInstance: daily_Paper.get_joke_task manual__2022-12-12T12:43:07.507560+00:00 [running]> on host cbcd6542cb8e
[2022-12-12 12:43:08,042] {taskinstance.py:1571} INFO - Exporting the following env vars:
AIRFLOW_CTX_DAG_EMAIL=akash.khamkar40@gmail.com
AIRFLOW_CTX_DAG_OWNER=akashk
AIRFLOW_CTX_DAG_ID=daily_Paper
AIRFLOW_CTX_TASK_ID=get_joke_task
AIRFLOW_CTX_EXECUTION_DATE=2022-12-12T12:43:07.507560+00:00
AIRFLOW_CTX_TRY_NUMBER=1
AIRFLOW_CTX_DAG_RUN_ID=manual__2022-12-12T12:43:07.507560+00:00
[2022-12-12 12:43:08,649] {logging_mixin.py:115} INFO - {'error': False, 'category': 'Misc', 'type': 'single', 'joke': 'My parents raised me as an only child, which really annoyed my younger brother.', 'flags': {'nsfw': False, 'religious': False, 'political': False, 'racist': False, 'sexist': False, 'explicit': False}, 'id': 235, 'safe': True, 'lang': 'en'}
[2022-12-12 12:43:08,651] {python.py:173} INFO - Done. Returned value was: My parents raised me as an only child, which really annoyed my younger brother.
[2022-12-12 12:43:08,677] {taskinstance.py:1400} INFO - Marking task as SUCCESS. dag_id=daily_Paper, task_id=get_joke_task, execution_date=20221212T124307, start_date=20221212T124307, end_date=20221212T124308
[2022-12-12 12:43:08,725] {local_task_job.py:156} INFO - Task exited with return code 0
[2022-12-12 12:43:08,759] {local_task_job.py:273} INFO - 0 downstream tasks scheduled from follow-on schedule check
