[2022-12-12 16:32:20,016] {taskinstance.py:1159} INFO - Dependencies all met for <TaskInstance: daily_paper.get_joke_task manual__2022-12-12T16:32:19.552506+00:00 [queued]>
[2022-12-12 16:32:20,023] {taskinstance.py:1159} INFO - Dependencies all met for <TaskInstance: daily_paper.get_joke_task manual__2022-12-12T16:32:19.552506+00:00 [queued]>
[2022-12-12 16:32:20,024] {taskinstance.py:1356} INFO - 
--------------------------------------------------------------------------------
[2022-12-12 16:32:20,024] {taskinstance.py:1357} INFO - Starting attempt 1 of 2
[2022-12-12 16:32:20,025] {taskinstance.py:1358} INFO - 
--------------------------------------------------------------------------------
[2022-12-12 16:32:20,035] {taskinstance.py:1377} INFO - Executing <Task(PythonOperator): get_joke_task> on 2022-12-12 16:32:19.552506+00:00
[2022-12-12 16:32:20,041] {standard_task_runner.py:52} INFO - Started process 3020 to run task
[2022-12-12 16:32:20,046] {standard_task_runner.py:79} INFO - Running: ['***', 'tasks', 'run', 'daily_paper', 'get_joke_task', 'manual__2022-12-12T16:32:19.552506+00:00', '--job-id', '150', '--raw', '--subdir', 'DAGS_FOLDER/morning-paper.py', '--cfg-path', '/tmp/tmpeft6_m0a', '--error-file', '/tmp/tmpzwbkygn1']
[2022-12-12 16:32:20,048] {standard_task_runner.py:80} INFO - Job 150: Subtask get_joke_task
[2022-12-12 16:32:20,132] {task_command.py:369} INFO - Running <TaskInstance: daily_paper.get_joke_task manual__2022-12-12T16:32:19.552506+00:00 [running]> on host cbcd6542cb8e
[2022-12-12 16:32:20,206] {taskinstance.py:1571} INFO - Exporting the following env vars:
AIRFLOW_CTX_DAG_EMAIL=akash.khamkar40@gmail.com
AIRFLOW_CTX_DAG_OWNER=akashk
AIRFLOW_CTX_DAG_ID=daily_paper
AIRFLOW_CTX_TASK_ID=get_joke_task
AIRFLOW_CTX_EXECUTION_DATE=2022-12-12T16:32:19.552506+00:00
AIRFLOW_CTX_TRY_NUMBER=1
AIRFLOW_CTX_DAG_RUN_ID=manual__2022-12-12T16:32:19.552506+00:00
[2022-12-12 16:32:21,012] {logging_mixin.py:115} INFO - {'error': False, 'category': 'Dark', 'type': 'single', 'joke': 'I have a fish that can breakdance! Only for 20 seconds though, and only once.', 'flags': {'nsfw': False, 'religious': False, 'political': False, 'racist': False, 'sexist': False, 'explicit': False}, 'id': 237, 'safe': False, 'lang': 'en'}
[2022-12-12 16:32:21,012] {python.py:173} INFO - Done. Returned value was: I have a fish that can breakdance! Only for 20 seconds though, and only once.
[2022-12-12 16:32:21,036] {taskinstance.py:1400} INFO - Marking task as SUCCESS. dag_id=daily_paper, task_id=get_joke_task, execution_date=20221212T163219, start_date=20221212T163220, end_date=20221212T163221
[2022-12-12 16:32:21,077] {local_task_job.py:156} INFO - Task exited with return code 0
[2022-12-12 16:32:21,104] {local_task_job.py:273} INFO - 0 downstream tasks scheduled from follow-on schedule check
