[2022-12-12 17:30:58,666] {taskinstance.py:1159} INFO - Dependencies all met for <TaskInstance: daily_paper.get_news_task manual__2022-12-12T17:30:57.643459+00:00 [queued]>
[2022-12-12 17:30:58,673] {taskinstance.py:1159} INFO - Dependencies all met for <TaskInstance: daily_paper.get_news_task manual__2022-12-12T17:30:57.643459+00:00 [queued]>
[2022-12-12 17:30:58,674] {taskinstance.py:1356} INFO - 
--------------------------------------------------------------------------------
[2022-12-12 17:30:58,674] {taskinstance.py:1357} INFO - Starting attempt 1 of 2
[2022-12-12 17:30:58,675] {taskinstance.py:1358} INFO - 
--------------------------------------------------------------------------------
[2022-12-12 17:30:58,686] {taskinstance.py:1377} INFO - Executing <Task(PythonOperator): get_news_task> on 2022-12-12 17:30:57.643459+00:00
[2022-12-12 17:30:58,693] {standard_task_runner.py:52} INFO - Started process 934 to run task
[2022-12-12 17:30:58,698] {standard_task_runner.py:79} INFO - Running: ['***', 'tasks', 'run', 'daily_paper', 'get_news_task', 'manual__2022-12-12T17:30:57.643459+00:00', '--job-id', '256', '--raw', '--subdir', 'DAGS_FOLDER/morning-paper.py', '--cfg-path', '/tmp/tmpd_pg52gv', '--error-file', '/tmp/tmpuss7e_6v']
[2022-12-12 17:30:58,700] {standard_task_runner.py:80} INFO - Job 256: Subtask get_news_task
[2022-12-12 17:30:58,781] {task_command.py:369} INFO - Running <TaskInstance: daily_paper.get_news_task manual__2022-12-12T17:30:57.643459+00:00 [running]> on host 6bb81baa0a52
[2022-12-12 17:30:58,876] {taskinstance.py:1571} INFO - Exporting the following env vars:
AIRFLOW_CTX_DAG_EMAIL=akash.khamkar40@gmail.com
AIRFLOW_CTX_DAG_OWNER=akashk
AIRFLOW_CTX_DAG_ID=daily_paper
AIRFLOW_CTX_TASK_ID=get_news_task
AIRFLOW_CTX_EXECUTION_DATE=2022-12-12T17:30:57.643459+00:00
AIRFLOW_CTX_TRY_NUMBER=1
AIRFLOW_CTX_DAG_RUN_ID=manual__2022-12-12T17:30:57.643459+00:00
[2022-12-12 17:30:59,634] {python.py:173} INFO - Done. Returned value was: [{'title': 'PA natural gas prices rise as production falls, report says', 'published_date': '2022-12-12 17:30:49', 'summary': "More on Energy\n Subscribe to Energy\n\n\n \n\n\n STATEIMPACT PENNSYLVANIA – Natural gas production fell in the state over the last few months as prices continued to rise.\nThe latest\xa0report\xa0from the state's Independent Fiscal Office shows the average price of Pennsylvania gas reached $6.89 per million British thermal units in the third quarter of 2022.\nThat's up more than 94 percent from the same period last year when prices averaged $3.54 per MMBtu. Prices averaged $4.10 per MMBtu at the beginning of this year."}, {'title': 'Cepton (NASDAQ:CPTN) & Aptiv (NYSE:APTV) Head-To-Head Comparison', 'published_date': '2022-12-12 17:30:45', 'summary': 'Cepton (NASDAQ:CPTN – Get Rating) and Aptiv (NYSE:APTV – Get Rating) are both auto/tires/trucks companies, but which is the better business? We will contrast the two companies based on the strength of their valuation, profitability, risk, analyst recommendations, dividends, earnings and institutional ownership. \nAnalyst Recommendations\nThis is a breakdown of recent ratings and recommmendations for Cepton and Aptiv, as provided by MarketBeat.com. \n\n\n\nSell Ratings\nHold Ratings\nBuy Ratings\nStrong Buy Ratings\nRating Score\n\n\nCepton\n0\n2\n3\n0\n2.'}, {'title': 'Comparing Cue Health (NASDAQ:HLTH) & Nautilus Biotechnology (NASDAQ:NAUT)', 'published_date': '2022-12-12 17:30:45', 'summary': "Cue Health (NASDAQ:HLTH – Get Rating) and Nautilus Biotechnology (NASDAQ:NAUT – Get Rating) are both small-cap medical companies, but which is the superior investment? We will contrast the two businesses based on the strength of their risk, analyst recommendations, earnings, dividends, valuation, profitability and institutional ownership. \nEarnings & Valuation\nThis table compares Cue Health and Nautilus Biotechnology's revenue, earnings per share and valuation. \n\n\n\nGross Revenue\nPrice/Sales Ratio\nNet Income\nEarnings Per Share\nPrice/Earnings Ratio\n\n\nCue Health\n$618."}]
[2022-12-12 17:30:59,670] {taskinstance.py:1400} INFO - Marking task as SUCCESS. dag_id=daily_paper, task_id=get_news_task, execution_date=20221212T173057, start_date=20221212T173058, end_date=20221212T173059
[2022-12-12 17:30:59,688] {local_task_job.py:156} INFO - Task exited with return code 0
[2022-12-12 17:30:59,735] {local_task_job.py:273} INFO - 0 downstream tasks scheduled from follow-on schedule check
