[2022-12-12 16:31:30,296] {taskinstance.py:1159} INFO - Dependencies all met for <TaskInstance: daily_paper.get_news_task manual__2022-12-12T16:31:29.012391+00:00 [queued]>
[2022-12-12 16:31:30,303] {taskinstance.py:1159} INFO - Dependencies all met for <TaskInstance: daily_paper.get_news_task manual__2022-12-12T16:31:29.012391+00:00 [queued]>
[2022-12-12 16:31:30,304] {taskinstance.py:1356} INFO - 
--------------------------------------------------------------------------------
[2022-12-12 16:31:30,304] {taskinstance.py:1357} INFO - Starting attempt 1 of 2
[2022-12-12 16:31:30,304] {taskinstance.py:1358} INFO - 
--------------------------------------------------------------------------------
[2022-12-12 16:31:30,313] {taskinstance.py:1377} INFO - Executing <Task(PythonOperator): get_news_task> on 2022-12-12 16:31:29.012391+00:00
[2022-12-12 16:31:30,317] {standard_task_runner.py:52} INFO - Started process 3002 to run task
[2022-12-12 16:31:30,322] {standard_task_runner.py:79} INFO - Running: ['***', 'tasks', 'run', 'daily_paper', 'get_news_task', 'manual__2022-12-12T16:31:29.012391+00:00', '--job-id', '145', '--raw', '--subdir', 'DAGS_FOLDER/morning-paper.py', '--cfg-path', '/tmp/tmp0nflztb4', '--error-file', '/tmp/tmp24vosk0t']
[2022-12-12 16:31:30,324] {standard_task_runner.py:80} INFO - Job 145: Subtask get_news_task
[2022-12-12 16:31:30,391] {task_command.py:369} INFO - Running <TaskInstance: daily_paper.get_news_task manual__2022-12-12T16:31:29.012391+00:00 [running]> on host cbcd6542cb8e
[2022-12-12 16:31:30,516] {taskinstance.py:1571} INFO - Exporting the following env vars:
AIRFLOW_CTX_DAG_EMAIL=akash.khamkar40@gmail.com
AIRFLOW_CTX_DAG_OWNER=akashk
AIRFLOW_CTX_DAG_ID=daily_paper
AIRFLOW_CTX_TASK_ID=get_news_task
AIRFLOW_CTX_EXECUTION_DATE=2022-12-12T16:31:29.012391+00:00
AIRFLOW_CTX_TRY_NUMBER=1
AIRFLOW_CTX_DAG_RUN_ID=manual__2022-12-12T16:31:29.012391+00:00
[2022-12-12 16:31:31,213] {python.py:173} INFO - Done. Returned value was: [{'title': 'LG Electronic India FY22 PAT falls 23 pc to Rs 1,175 cr', 'published_date': '2022-12-12 16:31:31', 'summary': "LG Electronics India's profit after tax for FY22 declined 23.17 per cent to Rs 1,174.7 crore, according to financial data accessed by the business intelligence platform Tofler. However, its total income rose nearly 10 per cent to Rs 17,171.3 crore in FY22. The company, which is not a publicly listed entity, had posted a profit after tax of Rs 1,529 crore, and its total income was Rs 15,621.1 crore for the financial year that ended in March 2022. LG Electronics India's profit before taxes was Rs 1,589."}, {'title': "Memory save kurumah google chrome in aa mode thakeh tha'aaraf koffi", 'published_date': '2022-12-12 16:31:11', 'summary': 'ރާއްޖެ\nދުނިޔެ\nކުޅިވަރު\nވިޔަފާރި\nލައިފްސްޓައިލް\nރިޕޯޓް\nމަލްޓިމީޑިއާ\nތައުލީމް'}, {'title': 'StockNews.com Begins Coverage on Xunlei (NASDAQ:XNET)', 'published_date': '2022-12-12 16:30:41', 'summary': "StockNews.com began coverage on shares of Xunlei (NASDAQ:XNET – Get Rating) in a research report sent to investors on Friday. The firm issued a buy rating on the software maker's stock.\nSeparately, TheStreet raised Xunlei from a d+ rating to a c- rating in a report on Tuesday, November 15th. Shares of NASDAQ XNET opened at $2.00 on Friday. Xunlei has a 52 week low of $0.85 and a 52 week high of $2.50. The business has a 50-day simple moving average of $1.46 and a two-hundred day simple moving average of $1."}]
[2022-12-12 16:31:31,270] {taskinstance.py:1400} INFO - Marking task as SUCCESS. dag_id=daily_paper, task_id=get_news_task, execution_date=20221212T163129, start_date=20221212T163130, end_date=20221212T163131
[2022-12-12 16:31:31,312] {local_task_job.py:156} INFO - Task exited with return code 0
[2022-12-12 16:31:31,348] {local_task_job.py:273} INFO - 0 downstream tasks scheduled from follow-on schedule check
