[2022-12-13 11:40:16,454] {taskinstance.py:1159} INFO - Dependencies all met for <TaskInstance: cereal_paper.combine_articles_task manual__2022-12-13T11:40:03.093088+00:00 [queued]>
[2022-12-13 11:40:16,461] {taskinstance.py:1159} INFO - Dependencies all met for <TaskInstance: cereal_paper.combine_articles_task manual__2022-12-13T11:40:03.093088+00:00 [queued]>
[2022-12-13 11:40:16,462] {taskinstance.py:1356} INFO - 
--------------------------------------------------------------------------------
[2022-12-13 11:40:16,462] {taskinstance.py:1357} INFO - Starting attempt 1 of 2
[2022-12-13 11:40:16,462] {taskinstance.py:1358} INFO - 
--------------------------------------------------------------------------------
[2022-12-13 11:40:16,471] {taskinstance.py:1377} INFO - Executing <Task(PythonOperator): combine_articles_task> on 2022-12-13 11:40:03.093088+00:00
[2022-12-13 11:40:16,474] {standard_task_runner.py:52} INFO - Started process 614 to run task
[2022-12-13 11:40:16,478] {standard_task_runner.py:79} INFO - Running: ['***', 'tasks', 'run', 'cereal_paper', 'combine_articles_task', 'manual__2022-12-13T11:40:03.093088+00:00', '--job-id', '196', '--raw', '--subdir', 'DAGS_FOLDER/cereal-paper.py', '--cfg-path', '/tmp/tmpghupyben', '--error-file', '/tmp/tmpe9gsofms']
[2022-12-13 11:40:16,479] {standard_task_runner.py:80} INFO - Job 196: Subtask combine_articles_task
[2022-12-13 11:40:16,542] {task_command.py:369} INFO - Running <TaskInstance: cereal_paper.combine_articles_task manual__2022-12-13T11:40:03.093088+00:00 [running]> on host 44822d5113ae
[2022-12-13 11:40:16,618] {taskinstance.py:1571} INFO - Exporting the following env vars:
AIRFLOW_CTX_DAG_EMAIL=cerealman@akashkhamkar.in
AIRFLOW_CTX_DAG_OWNER=akashk
AIRFLOW_CTX_DAG_ID=cereal_paper
AIRFLOW_CTX_TASK_ID=combine_articles_task
AIRFLOW_CTX_EXECUTION_DATE=2022-12-13T11:40:03.093088+00:00
AIRFLOW_CTX_TRY_NUMBER=1
AIRFLOW_CTX_DAG_RUN_ID=manual__2022-12-13T11:40:03.093088+00:00
[2022-12-13 11:40:16,686] {logging_mixin.py:115} INFO - {'joke': 'A man is smoking a cigarette and blowing smoke rings into the air. His girlfriend becomes irritated with the smoke and says "Can\'t you see the warning on the cigarette pack? Smoking is hazardous to your health!" to which the man replies, "I am a programmer.  We don\'t worry about warnings; we only worry about errors."', 'quote': 'Curiosity is the most powerful thing you own. Imagination is a force that can actually manifest a reality.', 'news': [{'title': 'GIG Bahrain is first insurance firm to accept crypto payments', 'published_date': '2022-12-13 11:28:53', 'summary': "These services include providing GIG Bahrain with state-of-the-art Point-of-Sale (POS) Terminals placed at its outlets to accept all types of Debit and Credit cards from Visa & MasterCard, including the acceptance of the latest method of payment using Crypto assets via ‘Binance App'"}, {'title': 'FCRA licence of 1,811 NGOs cancelled in 3 yrs', 'published_date': '2022-12-13 11:28:12', 'summary': 'None'}, {'title': 'NWC to start work on $1.1bln Saudi desalination projects', 'published_date': '2022-12-13 11:27:27', 'summary': 'The project scope includes implementation of more than 316 km of conveyor and main lines, and the construction of operational reservoirs with a capacity of 1.5 million cu m in addition to projects to improve water networks'}], 'meme': 'https://redd.it/zkpv85', 'songs': [["I Don't Need No Doctor", "That's What I Say (Int'l Online/Yahoo Exclusive)", 'John Scofield,John Mayer'], ['Glimpse of Us', 'Glimpse of Us', 'Joji'], ['Yaarr Ni Milyaa', 'Yaarr Ni Milyaa', 'Harrdy Sandhu,B Praak,Jaani']]}
[2022-12-13 11:40:16,686] {python.py:173} INFO - Done. Returned value was: {'joke': 'A man is smoking a cigarette and blowing smoke rings into the air. His girlfriend becomes irritated with the smoke and says "Can\'t you see the warning on the cigarette pack? Smoking is hazardous to your health!" to which the man replies, "I am a programmer.  We don\'t worry about warnings; we only worry about errors."', 'quote': 'Curiosity is the most powerful thing you own. Imagination is a force that can actually manifest a reality.', 'news': [{'title': 'GIG Bahrain is first insurance firm to accept crypto payments', 'published_date': '2022-12-13 11:28:53', 'summary': "These services include providing GIG Bahrain with state-of-the-art Point-of-Sale (POS) Terminals placed at its outlets to accept all types of Debit and Credit cards from Visa & MasterCard, including the acceptance of the latest method of payment using Crypto assets via ‘Binance App'"}, {'title': 'FCRA licence of 1,811 NGOs cancelled in 3 yrs', 'published_date': '2022-12-13 11:28:12', 'summary': 'None'}, {'title': 'NWC to start work on $1.1bln Saudi desalination projects', 'published_date': '2022-12-13 11:27:27', 'summary': 'The project scope includes implementation of more than 316 km of conveyor and main lines, and the construction of operational reservoirs with a capacity of 1.5 million cu m in addition to projects to improve water networks'}], 'meme': 'https://redd.it/zkpv85', 'songs': [["I Don't Need No Doctor", "That's What I Say (Int'l Online/Yahoo Exclusive)", 'John Scofield,John Mayer'], ['Glimpse of Us', 'Glimpse of Us', 'Joji'], ['Yaarr Ni Milyaa', 'Yaarr Ni Milyaa', 'Harrdy Sandhu,B Praak,Jaani']]}
[2022-12-13 11:40:16,725] {taskinstance.py:1400} INFO - Marking task as SUCCESS. dag_id=cereal_paper, task_id=combine_articles_task, execution_date=20221213T114003, start_date=20221213T114016, end_date=20221213T114016
[2022-12-13 11:40:16,896] {local_task_job.py:156} INFO - Task exited with return code 0
[2022-12-13 11:40:16,941] {local_task_job.py:273} INFO - 2 downstream tasks scheduled from follow-on schedule check
