[2022-12-12 18:43:03,591] {taskinstance.py:1159} INFO - Dependencies all met for <TaskInstance: daily_paper.get_quote_task manual__2022-12-12T18:43:02.703211+00:00 [queued]>
[2022-12-12 18:43:03,598] {taskinstance.py:1159} INFO - Dependencies all met for <TaskInstance: daily_paper.get_quote_task manual__2022-12-12T18:43:02.703211+00:00 [queued]>
[2022-12-12 18:43:03,599] {taskinstance.py:1356} INFO - 
--------------------------------------------------------------------------------
[2022-12-12 18:43:03,599] {taskinstance.py:1357} INFO - Starting attempt 1 of 2
[2022-12-12 18:43:03,600] {taskinstance.py:1358} INFO - 
--------------------------------------------------------------------------------
[2022-12-12 18:43:03,609] {taskinstance.py:1377} INFO - Executing <Task(PythonOperator): get_quote_task> on 2022-12-12 18:43:02.703211+00:00
[2022-12-12 18:43:03,615] {standard_task_runner.py:52} INFO - Started process 2891 to run task
[2022-12-12 18:43:03,620] {standard_task_runner.py:79} INFO - Running: ['***', 'tasks', 'run', 'daily_paper', 'get_quote_task', 'manual__2022-12-12T18:43:02.703211+00:00', '--job-id', '436', '--raw', '--subdir', 'DAGS_FOLDER/morning-paper.py', '--cfg-path', '/tmp/tmp2mts7svq', '--error-file', '/tmp/tmpe3_zvu_6']
[2022-12-12 18:43:03,622] {standard_task_runner.py:80} INFO - Job 436: Subtask get_quote_task
[2022-12-12 18:43:03,721] {task_command.py:369} INFO - Running <TaskInstance: daily_paper.get_quote_task manual__2022-12-12T18:43:02.703211+00:00 [running]> on host 6bb81baa0a52
[2022-12-12 18:43:03,810] {taskinstance.py:1571} INFO - Exporting the following env vars:
AIRFLOW_CTX_DAG_EMAIL=akash.khamkar40@gmail.com
AIRFLOW_CTX_DAG_OWNER=akashk
AIRFLOW_CTX_DAG_ID=daily_paper
AIRFLOW_CTX_TASK_ID=get_quote_task
AIRFLOW_CTX_EXECUTION_DATE=2022-12-12T18:43:02.703211+00:00
AIRFLOW_CTX_TRY_NUMBER=1
AIRFLOW_CTX_DAG_RUN_ID=manual__2022-12-12T18:43:02.703211+00:00
[2022-12-12 18:43:04,976] {logging_mixin.py:115} INFO - [{'q': 'Most people achieved their greatest success one step beyond what looked like their greatest failure.', 'a': 'Brian Tracy', 'h': '<blockquote>&ldquo;Most people achieved their greatest success one step beyond what looked like their greatest failure.&rdquo; &mdash; <footer>Brian Tracy</footer></blockquote>'}]
[2022-12-12 18:43:04,977] {python.py:173} INFO - Done. Returned value was: Most people achieved their greatest success one step beyond what looked like their greatest failure.
[2022-12-12 18:43:05,006] {taskinstance.py:1400} INFO - Marking task as SUCCESS. dag_id=daily_paper, task_id=get_quote_task, execution_date=20221212T184302, start_date=20221212T184303, end_date=20221212T184305
[2022-12-12 18:43:05,042] {local_task_job.py:156} INFO - Task exited with return code 0
[2022-12-12 18:43:05,069] {local_task_job.py:273} INFO - 0 downstream tasks scheduled from follow-on schedule check
