[2022-12-12 17:27:55,880] {taskinstance.py:1159} INFO - Dependencies all met for <TaskInstance: daily_paper.combine_articles_task manual__2022-12-12T17:27:53.423182+00:00 [queued]>
[2022-12-12 17:27:55,885] {taskinstance.py:1159} INFO - Dependencies all met for <TaskInstance: daily_paper.combine_articles_task manual__2022-12-12T17:27:53.423182+00:00 [queued]>
[2022-12-12 17:27:55,886] {taskinstance.py:1356} INFO - 
--------------------------------------------------------------------------------
[2022-12-12 17:27:55,886] {taskinstance.py:1357} INFO - Starting attempt 1 of 2
[2022-12-12 17:27:55,886] {taskinstance.py:1358} INFO - 
--------------------------------------------------------------------------------
[2022-12-12 17:27:55,893] {taskinstance.py:1377} INFO - Executing <Task(PythonOperator): combine_articles_task> on 2022-12-12 17:27:53.423182+00:00
[2022-12-12 17:27:55,897] {standard_task_runner.py:52} INFO - Started process 846 to run task
[2022-12-12 17:27:55,900] {standard_task_runner.py:79} INFO - Running: ['***', 'tasks', 'run', 'daily_paper', 'combine_articles_task', 'manual__2022-12-12T17:27:53.423182+00:00', '--job-id', '240', '--raw', '--subdir', 'DAGS_FOLDER/morning-paper.py', '--cfg-path', '/tmp/tmpzjg8hahx', '--error-file', '/tmp/tmp7cebh4sr']
[2022-12-12 17:27:55,901] {standard_task_runner.py:80} INFO - Job 240: Subtask combine_articles_task
[2022-12-12 17:27:55,944] {task_command.py:369} INFO - Running <TaskInstance: daily_paper.combine_articles_task manual__2022-12-12T17:27:53.423182+00:00 [running]> on host 6bb81baa0a52
[2022-12-12 17:27:55,992] {taskinstance.py:1571} INFO - Exporting the following env vars:
AIRFLOW_CTX_DAG_EMAIL=akash.khamkar40@gmail.com
AIRFLOW_CTX_DAG_OWNER=akashk
AIRFLOW_CTX_DAG_ID=daily_paper
AIRFLOW_CTX_TASK_ID=combine_articles_task
AIRFLOW_CTX_EXECUTION_DATE=2022-12-12T17:27:53.423182+00:00
AIRFLOW_CTX_TRY_NUMBER=1
AIRFLOW_CTX_DAG_RUN_ID=manual__2022-12-12T17:27:53.423182+00:00
[2022-12-12 17:27:56,021] {logging_mixin.py:115} INFO - {'joke': '"Can I tell you a TCP joke?"\n"Please tell me a TCP joke."\n"OK, I\'ll tell you a TCP joke."', 'quote': 'Most people achieved their greatest success one step beyond what looked like their greatest failure.', 'news': [{'title': "Sharks mentor praises Springboks' influence after Champions Cup triumph over Harlequins", 'published_date': '2022-12-12 17:27:43', 'summary': "1h ago Craig Taylor Share \n Jaden Hendrikse (Gallo Images) While the Sharks have been under some pressure over the past few weeks, things seem to be coming right at the coastal franchise judging from their opening Champions Cup win over English club Harlequins.\xa05 talking points | Champions Cup Round 1: Ox red card is harsh, to say the leastWhile things didn't always go their way, with Harlequins fighting their way back into the match following a red card for prop Ox Nche in the 60th minute, the Sharks held on with Boeta Chamberlain's try sealing a 39-31 victory."}, {'title': 'Goods pile up in North Korea after trains resume from Russia, think-tank says', 'published_date': '2022-12-12 17:27:01', 'summary': "North Korea's leader Kim Jong Un addresses the Supreme People's Assembly, North Korea's parliament, which passed a law officially enshrining its nuclear weapons policies, in Pyongyang, North Korea, September 8, 2022 in this photo released by North Korea's Korean Central News Agency (KCNA). File Photo / Reuters\n\nSeoul: Satellite images show goods from Russia appear to be piling up in a North Korean railyard, about a month after trains were reported crossing the border for the first time since the pandemic began, a US-based think-tank said on Monday."}, {'title': 'Mushroom Powder Market will reach nearly US$ 8.31 Bn by the end of 2032', 'published_date': '2022-12-12 17:26:48', 'summary': 'Mushroom Powder Market will reach nearly US$ 8.31 Bn by the end of 2032\n\nMushroom Powder Market\n\nhttps://www.persistencemarketresearch.com/samples/28909\n\nhttps://www.persistencemarketresearch.com/checkout/28909\n\nhttps://www.persistencemarketresearch.com/request-customization/28909\n\nhttps://www.persistencemarketresearch.com\n\nGlobal consumption of mushroom powder is pegged at 79,756 tons in 2022 and is expected to increase at a CAGR of 6% to reach 142,387 tons by 2032. The market for mushroom powder has grown considerably in recent years and is expected to continue to do so going ahead.'}], 'meme': 'https://redd.it/zjnscy'}
[2022-12-12 17:27:56,022] {python.py:173} INFO - Done. Returned value was: {'joke': '"Can I tell you a TCP joke?"\n"Please tell me a TCP joke."\n"OK, I\'ll tell you a TCP joke."', 'quote': 'Most people achieved their greatest success one step beyond what looked like their greatest failure.', 'news': [{'title': "Sharks mentor praises Springboks' influence after Champions Cup triumph over Harlequins", 'published_date': '2022-12-12 17:27:43', 'summary': "1h ago Craig Taylor Share \n Jaden Hendrikse (Gallo Images) While the Sharks have been under some pressure over the past few weeks, things seem to be coming right at the coastal franchise judging from their opening Champions Cup win over English club Harlequins.\xa05 talking points | Champions Cup Round 1: Ox red card is harsh, to say the leastWhile things didn't always go their way, with Harlequins fighting their way back into the match following a red card for prop Ox Nche in the 60th minute, the Sharks held on with Boeta Chamberlain's try sealing a 39-31 victory."}, {'title': 'Goods pile up in North Korea after trains resume from Russia, think-tank says', 'published_date': '2022-12-12 17:27:01', 'summary': "North Korea's leader Kim Jong Un addresses the Supreme People's Assembly, North Korea's parliament, which passed a law officially enshrining its nuclear weapons policies, in Pyongyang, North Korea, September 8, 2022 in this photo released by North Korea's Korean Central News Agency (KCNA). File Photo / Reuters\n\nSeoul: Satellite images show goods from Russia appear to be piling up in a North Korean railyard, about a month after trains were reported crossing the border for the first time since the pandemic began, a US-based think-tank said on Monday."}, {'title': 'Mushroom Powder Market will reach nearly US$ 8.31 Bn by the end of 2032', 'published_date': '2022-12-12 17:26:48', 'summary': 'Mushroom Powder Market will reach nearly US$ 8.31 Bn by the end of 2032\n\nMushroom Powder Market\n\nhttps://www.persistencemarketresearch.com/samples/28909\n\nhttps://www.persistencemarketresearch.com/checkout/28909\n\nhttps://www.persistencemarketresearch.com/request-customization/28909\n\nhttps://www.persistencemarketresearch.com\n\nGlobal consumption of mushroom powder is pegged at 79,756 tons in 2022 and is expected to increase at a CAGR of 6% to reach 142,387 tons by 2032. The market for mushroom powder has grown considerably in recent years and is expected to continue to do so going ahead.'}], 'meme': 'https://redd.it/zjnscy'}
[2022-12-12 17:27:56,040] {taskinstance.py:1400} INFO - Marking task as SUCCESS. dag_id=daily_paper, task_id=combine_articles_task, execution_date=20221212T172753, start_date=20221212T172755, end_date=20221212T172756
[2022-12-12 17:27:56,071] {local_task_job.py:156} INFO - Task exited with return code 0
[2022-12-12 17:27:56,097] {local_task_job.py:273} INFO - 0 downstream tasks scheduled from follow-on schedule check
