[2022-12-12 18:41:47,443] {taskinstance.py:1159} INFO - Dependencies all met for <TaskInstance: daily_paper.get_joke_task manual__2022-12-12T18:41:46.654536+00:00 [queued]>
[2022-12-12 18:41:47,454] {taskinstance.py:1159} INFO - Dependencies all met for <TaskInstance: daily_paper.get_joke_task manual__2022-12-12T18:41:46.654536+00:00 [queued]>
[2022-12-12 18:41:47,455] {taskinstance.py:1356} INFO - 
--------------------------------------------------------------------------------
[2022-12-12 18:41:47,456] {taskinstance.py:1357} INFO - Starting attempt 1 of 2
[2022-12-12 18:41:47,456] {taskinstance.py:1358} INFO - 
--------------------------------------------------------------------------------
[2022-12-12 18:41:47,464] {taskinstance.py:1377} INFO - Executing <Task(PythonOperator): get_joke_task> on 2022-12-12 18:41:46.654536+00:00
[2022-12-12 18:41:47,468] {standard_task_runner.py:52} INFO - Started process 2826 to run task
[2022-12-12 18:41:47,472] {standard_task_runner.py:79} INFO - Running: ['***', 'tasks', 'run', 'daily_paper', 'get_joke_task', 'manual__2022-12-12T18:41:46.654536+00:00', '--job-id', '423', '--raw', '--subdir', 'DAGS_FOLDER/morning-paper.py', '--cfg-path', '/tmp/tmp9ait7cgt', '--error-file', '/tmp/tmpt4a233eh']
[2022-12-12 18:41:47,474] {standard_task_runner.py:80} INFO - Job 423: Subtask get_joke_task
[2022-12-12 18:41:47,539] {task_command.py:369} INFO - Running <TaskInstance: daily_paper.get_joke_task manual__2022-12-12T18:41:46.654536+00:00 [running]> on host 6bb81baa0a52
[2022-12-12 18:41:47,631] {taskinstance.py:1571} INFO - Exporting the following env vars:
AIRFLOW_CTX_DAG_EMAIL=akash.khamkar40@gmail.com
AIRFLOW_CTX_DAG_OWNER=akashk
AIRFLOW_CTX_DAG_ID=daily_paper
AIRFLOW_CTX_TASK_ID=get_joke_task
AIRFLOW_CTX_EXECUTION_DATE=2022-12-12T18:41:46.654536+00:00
AIRFLOW_CTX_TRY_NUMBER=1
AIRFLOW_CTX_DAG_RUN_ID=manual__2022-12-12T18:41:46.654536+00:00
[2022-12-12 18:41:48,472] {logging_mixin.py:115} INFO - {'error': False, 'category': 'Programming', 'type': 'single', 'joke': 'A man is smoking a cigarette and blowing smoke rings into the air. His girlfriend becomes irritated with the smoke and says "Can\'t you see the warning on the cigarette pack? Smoking is hazardous to your health!" to which the man replies, "I am a programmer.  We don\'t worry about warnings; we only worry about errors."', 'flags': {'nsfw': False, 'religious': False, 'political': False, 'racist': False, 'sexist': False, 'explicit': False}, 'id': 38, 'safe': True, 'lang': 'en'}
[2022-12-12 18:41:48,474] {python.py:173} INFO - Done. Returned value was: A man is smoking a cigarette and blowing smoke rings into the air. His girlfriend becomes irritated with the smoke and says "Can't you see the warning on the cigarette pack? Smoking is hazardous to your health!" to which the man replies, "I am a programmer.  We don't worry about warnings; we only worry about errors."
[2022-12-12 18:41:48,507] {taskinstance.py:1400} INFO - Marking task as SUCCESS. dag_id=daily_paper, task_id=get_joke_task, execution_date=20221212T184146, start_date=20221212T184147, end_date=20221212T184148
[2022-12-12 18:41:48,555] {local_task_job.py:156} INFO - Task exited with return code 0
[2022-12-12 18:41:48,589] {local_task_job.py:273} INFO - 0 downstream tasks scheduled from follow-on schedule check
