[2022-12-12 17:57:09,687] {taskinstance.py:1159} INFO - Dependencies all met for <TaskInstance: daily_paper.get_joke_task manual__2022-12-12T17:57:08.368798+00:00 [queued]>
[2022-12-12 17:57:09,703] {taskinstance.py:1159} INFO - Dependencies all met for <TaskInstance: daily_paper.get_joke_task manual__2022-12-12T17:57:08.368798+00:00 [queued]>
[2022-12-12 17:57:09,704] {taskinstance.py:1356} INFO - 
--------------------------------------------------------------------------------
[2022-12-12 17:57:09,705] {taskinstance.py:1357} INFO - Starting attempt 1 of 2
[2022-12-12 17:57:09,705] {taskinstance.py:1358} INFO - 
--------------------------------------------------------------------------------
[2022-12-12 17:57:09,718] {taskinstance.py:1377} INFO - Executing <Task(PythonOperator): get_joke_task> on 2022-12-12 17:57:08.368798+00:00
[2022-12-12 17:57:09,726] {standard_task_runner.py:52} INFO - Started process 1605 to run task
[2022-12-12 17:57:09,731] {standard_task_runner.py:79} INFO - Running: ['***', 'tasks', 'run', 'daily_paper', 'get_joke_task', 'manual__2022-12-12T17:57:08.368798+00:00', '--job-id', '314', '--raw', '--subdir', 'DAGS_FOLDER/morning-paper.py', '--cfg-path', '/tmp/tmp60bxhk0v', '--error-file', '/tmp/tmpuoeoda23']
[2022-12-12 17:57:09,733] {standard_task_runner.py:80} INFO - Job 314: Subtask get_joke_task
[2022-12-12 17:57:09,810] {task_command.py:369} INFO - Running <TaskInstance: daily_paper.get_joke_task manual__2022-12-12T17:57:08.368798+00:00 [running]> on host 6bb81baa0a52
[2022-12-12 17:57:09,876] {taskinstance.py:1571} INFO - Exporting the following env vars:
AIRFLOW_CTX_DAG_EMAIL=akash.khamkar40@gmail.com
AIRFLOW_CTX_DAG_OWNER=akashk
AIRFLOW_CTX_DAG_ID=daily_paper
AIRFLOW_CTX_TASK_ID=get_joke_task
AIRFLOW_CTX_EXECUTION_DATE=2022-12-12T17:57:08.368798+00:00
AIRFLOW_CTX_TRY_NUMBER=1
AIRFLOW_CTX_DAG_RUN_ID=manual__2022-12-12T17:57:08.368798+00:00
[2022-12-12 17:57:10,706] {logging_mixin.py:115} INFO - {'error': False, 'category': 'Programming', 'type': 'single', 'joke': 'Debugging: Removing the needles from the haystack.', 'flags': {'nsfw': False, 'religious': False, 'political': False, 'racist': False, 'sexist': False, 'explicit': False}, 'id': 40, 'safe': True, 'lang': 'en'}
[2022-12-12 17:57:10,711] {python.py:173} INFO - Done. Returned value was: Debugging: Removing the needles from the haystack.
[2022-12-12 17:57:10,777] {taskinstance.py:1400} INFO - Marking task as SUCCESS. dag_id=daily_paper, task_id=get_joke_task, execution_date=20221212T175708, start_date=20221212T175709, end_date=20221212T175710
[2022-12-12 17:57:10,810] {local_task_job.py:156} INFO - Task exited with return code 0
[2022-12-12 17:57:10,860] {local_task_job.py:273} INFO - 0 downstream tasks scheduled from follow-on schedule check
