[2022-12-13 07:54:50,377] {taskinstance.py:1159} INFO - Dependencies all met for <TaskInstance: cereal_paper.get_meme_task manual__2022-12-13T07:54:49.156748+00:00 [queued]>
[2022-12-13 07:54:50,393] {taskinstance.py:1159} INFO - Dependencies all met for <TaskInstance: cereal_paper.get_meme_task manual__2022-12-13T07:54:49.156748+00:00 [queued]>
[2022-12-13 07:54:50,394] {taskinstance.py:1356} INFO - 
--------------------------------------------------------------------------------
[2022-12-13 07:54:50,396] {taskinstance.py:1357} INFO - Starting attempt 1 of 2
[2022-12-13 07:54:50,396] {taskinstance.py:1358} INFO - 
--------------------------------------------------------------------------------
[2022-12-13 07:54:50,424] {taskinstance.py:1377} INFO - Executing <Task(PythonOperator): get_meme_task> on 2022-12-13 07:54:49.156748+00:00
[2022-12-13 07:54:50,430] {standard_task_runner.py:52} INFO - Started process 360 to run task
[2022-12-13 07:54:50,439] {standard_task_runner.py:79} INFO - Running: ['***', 'tasks', 'run', 'cereal_paper', 'get_meme_task', 'manual__2022-12-13T07:54:49.156748+00:00', '--job-id', '45', '--raw', '--subdir', 'DAGS_FOLDER/cereal-paper.py', '--cfg-path', '/tmp/tmpwp3n10kk', '--error-file', '/tmp/tmp15pi_j27']
[2022-12-13 07:54:50,442] {standard_task_runner.py:80} INFO - Job 45: Subtask get_meme_task
[2022-12-13 07:54:50,683] {task_command.py:369} INFO - Running <TaskInstance: cereal_paper.get_meme_task manual__2022-12-13T07:54:49.156748+00:00 [running]> on host 5029e27bd97f
[2022-12-13 07:54:50,921] {taskinstance.py:1571} INFO - Exporting the following env vars:
AIRFLOW_CTX_DAG_EMAIL=akash.khamkar40@gmail.com
AIRFLOW_CTX_DAG_OWNER=akashk
AIRFLOW_CTX_DAG_ID=cereal_paper
AIRFLOW_CTX_TASK_ID=get_meme_task
AIRFLOW_CTX_EXECUTION_DATE=2022-12-13T07:54:49.156748+00:00
AIRFLOW_CTX_TRY_NUMBER=1
AIRFLOW_CTX_DAG_RUN_ID=manual__2022-12-13T07:54:49.156748+00:00
[2022-12-13 07:54:51,818] {python.py:173} INFO - Done. Returned value was: https://redd.it/zjrxuv
[2022-12-13 07:54:51,862] {taskinstance.py:1400} INFO - Marking task as SUCCESS. dag_id=cereal_paper, task_id=get_meme_task, execution_date=20221213T075449, start_date=20221213T075450, end_date=20221213T075451
[2022-12-13 07:54:51,911] {local_task_job.py:156} INFO - Task exited with return code 0
[2022-12-13 07:54:51,961] {local_task_job.py:273} INFO - 0 downstream tasks scheduled from follow-on schedule check
