[2022-12-12 17:57:12,346] {taskinstance.py:1159} INFO - Dependencies all met for <TaskInstance: daily_paper.create_pdf_task manual__2022-12-12T17:57:08.368798+00:00 [queued]>
[2022-12-12 17:57:12,355] {taskinstance.py:1159} INFO - Dependencies all met for <TaskInstance: daily_paper.create_pdf_task manual__2022-12-12T17:57:08.368798+00:00 [queued]>
[2022-12-12 17:57:12,356] {taskinstance.py:1356} INFO - 
--------------------------------------------------------------------------------
[2022-12-12 17:57:12,356] {taskinstance.py:1357} INFO - Starting attempt 1 of 2
[2022-12-12 17:57:12,356] {taskinstance.py:1358} INFO - 
--------------------------------------------------------------------------------
[2022-12-12 17:57:12,364] {taskinstance.py:1377} INFO - Executing <Task(PythonOperator): create_pdf_task> on 2022-12-12 17:57:08.368798+00:00
[2022-12-12 17:57:12,369] {standard_task_runner.py:52} INFO - Started process 1609 to run task
[2022-12-12 17:57:12,372] {standard_task_runner.py:79} INFO - Running: ['***', 'tasks', 'run', 'daily_paper', 'create_pdf_task', 'manual__2022-12-12T17:57:08.368798+00:00', '--job-id', '319', '--raw', '--subdir', 'DAGS_FOLDER/morning-paper.py', '--cfg-path', '/tmp/tmp3i0t62ja', '--error-file', '/tmp/tmp4094nn4o']
[2022-12-12 17:57:12,374] {standard_task_runner.py:80} INFO - Job 319: Subtask create_pdf_task
[2022-12-12 17:57:12,416] {task_command.py:369} INFO - Running <TaskInstance: daily_paper.create_pdf_task manual__2022-12-12T17:57:08.368798+00:00 [running]> on host 6bb81baa0a52
[2022-12-12 17:57:12,462] {taskinstance.py:1571} INFO - Exporting the following env vars:
AIRFLOW_CTX_DAG_EMAIL=akash.khamkar40@gmail.com
AIRFLOW_CTX_DAG_OWNER=akashk
AIRFLOW_CTX_DAG_ID=daily_paper
AIRFLOW_CTX_TASK_ID=create_pdf_task
AIRFLOW_CTX_EXECUTION_DATE=2022-12-12T17:57:08.368798+00:00
AIRFLOW_CTX_TRY_NUMBER=1
AIRFLOW_CTX_DAG_RUN_ID=manual__2022-12-12T17:57:08.368798+00:00
[2022-12-12 17:57:12,481] {logging_mixin.py:115} WARNING - /home/***/.local/lib/python3.7/site-packages/fpdf/ttfonts.py:831 UserWarning: missing glyph 369
[2022-12-12 17:57:12,482] {logging_mixin.py:115} WARNING - /home/***/.local/lib/python3.7/site-packages/fpdf/ttfonts.py:710 UserWarning: missing glyph 369
[2022-12-12 17:57:12,499] {python.py:173} INFO - Done. Returned value was: None
[2022-12-12 17:57:12,508] {taskinstance.py:1400} INFO - Marking task as SUCCESS. dag_id=daily_paper, task_id=create_pdf_task, execution_date=20221212T175708, start_date=20221212T175712, end_date=20221212T175712
[2022-12-12 17:57:12,545] {local_task_job.py:156} INFO - Task exited with return code 0
[2022-12-12 17:57:12,566] {local_task_job.py:273} INFO - 0 downstream tasks scheduled from follow-on schedule check
