[2022-12-13 07:51:13,248] {processor.py:153} INFO - Started process (PID=183) to work on /opt/airflow/dags/cereal_paper_src/pdf.py
[2022-12-13 07:51:13,253] {processor.py:641} INFO - Processing file /opt/airflow/dags/cereal_paper_src/pdf.py for tasks to queue
[2022-12-13 07:51:13,254] {logging_mixin.py:115} INFO - [2022-12-13 07:51:13,254] {dagbag.py:507} INFO - Filling up the DagBag from /opt/airflow/dags/cereal_paper_src/pdf.py
[2022-12-13 07:51:13,279] {processor.py:653} WARNING - No viable dags retrieved from /opt/airflow/dags/cereal_paper_src/pdf.py
[2022-12-13 07:51:13,314] {processor.py:161} INFO - Processing /opt/airflow/dags/cereal_paper_src/pdf.py took 0.073 seconds
[2022-12-13 07:51:43,522] {processor.py:153} INFO - Started process (PID=221) to work on /opt/airflow/dags/cereal_paper_src/pdf.py
[2022-12-13 07:51:43,524] {processor.py:641} INFO - Processing file /opt/airflow/dags/cereal_paper_src/pdf.py for tasks to queue
[2022-12-13 07:51:43,525] {logging_mixin.py:115} INFO - [2022-12-13 07:51:43,525] {dagbag.py:507} INFO - Filling up the DagBag from /opt/airflow/dags/cereal_paper_src/pdf.py
[2022-12-13 07:51:43,544] {processor.py:653} WARNING - No viable dags retrieved from /opt/airflow/dags/cereal_paper_src/pdf.py
[2022-12-13 07:51:43,574] {processor.py:161} INFO - Processing /opt/airflow/dags/cereal_paper_src/pdf.py took 0.058 seconds
[2022-12-13 07:52:01,746] {processor.py:153} INFO - Started process (PID=231) to work on /opt/airflow/dags/cereal_paper_src/pdf.py
[2022-12-13 07:52:01,748] {processor.py:641} INFO - Processing file /opt/airflow/dags/cereal_paper_src/pdf.py for tasks to queue
[2022-12-13 07:52:01,749] {logging_mixin.py:115} INFO - [2022-12-13 07:52:01,749] {dagbag.py:507} INFO - Filling up the DagBag from /opt/airflow/dags/cereal_paper_src/pdf.py
[2022-12-13 07:52:01,770] {processor.py:653} WARNING - No viable dags retrieved from /opt/airflow/dags/cereal_paper_src/pdf.py
[2022-12-13 07:52:01,808] {processor.py:161} INFO - Processing /opt/airflow/dags/cereal_paper_src/pdf.py took 0.068 seconds
[2022-12-13 07:52:31,997] {processor.py:153} INFO - Started process (PID=255) to work on /opt/airflow/dags/cereal_paper_src/pdf.py
[2022-12-13 07:52:31,999] {processor.py:641} INFO - Processing file /opt/airflow/dags/cereal_paper_src/pdf.py for tasks to queue
[2022-12-13 07:52:32,001] {logging_mixin.py:115} INFO - [2022-12-13 07:52:32,000] {dagbag.py:507} INFO - Filling up the DagBag from /opt/airflow/dags/cereal_paper_src/pdf.py
[2022-12-13 07:52:32,018] {processor.py:653} WARNING - No viable dags retrieved from /opt/airflow/dags/cereal_paper_src/pdf.py
[2022-12-13 07:52:32,043] {processor.py:161} INFO - Processing /opt/airflow/dags/cereal_paper_src/pdf.py took 0.051 seconds
[2022-12-13 07:52:51,142] {processor.py:153} INFO - Started process (PID=269) to work on /opt/airflow/dags/cereal_paper_src/pdf.py
[2022-12-13 07:52:51,144] {processor.py:641} INFO - Processing file /opt/airflow/dags/cereal_paper_src/pdf.py for tasks to queue
[2022-12-13 07:52:51,147] {logging_mixin.py:115} INFO - [2022-12-13 07:52:51,147] {dagbag.py:507} INFO - Filling up the DagBag from /opt/airflow/dags/cereal_paper_src/pdf.py
[2022-12-13 07:52:51,152] {logging_mixin.py:115} INFO - [2022-12-13 07:52:51,152] {dagbag.py:300} INFO - File /opt/airflow/dags/cereal_paper_src/pdf.py assumed to contain no DAGs. Skipping.
[2022-12-13 07:52:51,154] {processor.py:653} WARNING - No viable dags retrieved from /opt/airflow/dags/cereal_paper_src/pdf.py
[2022-12-13 07:52:51,186] {processor.py:161} INFO - Processing /opt/airflow/dags/cereal_paper_src/pdf.py took 0.050 seconds
[2022-12-13 07:52:59,226] {processor.py:153} INFO - Started process (PID=274) to work on /opt/airflow/dags/cereal_paper_src/pdf.py
[2022-12-13 07:52:59,227] {processor.py:641} INFO - Processing file /opt/airflow/dags/cereal_paper_src/pdf.py for tasks to queue
[2022-12-13 07:52:59,228] {logging_mixin.py:115} INFO - [2022-12-13 07:52:59,228] {dagbag.py:507} INFO - Filling up the DagBag from /opt/airflow/dags/cereal_paper_src/pdf.py
[2022-12-13 07:52:59,232] {logging_mixin.py:115} INFO - [2022-12-13 07:52:59,232] {dagbag.py:300} INFO - File /opt/airflow/dags/cereal_paper_src/pdf.py assumed to contain no DAGs. Skipping.
[2022-12-13 07:52:59,233] {processor.py:653} WARNING - No viable dags retrieved from /opt/airflow/dags/cereal_paper_src/pdf.py
[2022-12-13 07:52:59,264] {processor.py:161} INFO - Processing /opt/airflow/dags/cereal_paper_src/pdf.py took 0.048 seconds
[2022-12-13 07:53:20,398] {processor.py:153} INFO - Started process (PID=286) to work on /opt/airflow/dags/cereal_paper_src/pdf.py
[2022-12-13 07:53:20,400] {processor.py:641} INFO - Processing file /opt/airflow/dags/cereal_paper_src/pdf.py for tasks to queue
[2022-12-13 07:53:20,401] {logging_mixin.py:115} INFO - [2022-12-13 07:53:20,401] {dagbag.py:507} INFO - Filling up the DagBag from /opt/airflow/dags/cereal_paper_src/pdf.py
[2022-12-13 07:53:20,407] {logging_mixin.py:115} INFO - [2022-12-13 07:53:20,407] {dagbag.py:300} INFO - File /opt/airflow/dags/cereal_paper_src/pdf.py assumed to contain no DAGs. Skipping.
[2022-12-13 07:53:20,408] {processor.py:653} WARNING - No viable dags retrieved from /opt/airflow/dags/cereal_paper_src/pdf.py
[2022-12-13 07:53:20,435] {processor.py:161} INFO - Processing /opt/airflow/dags/cereal_paper_src/pdf.py took 0.042 seconds
[2022-12-13 07:53:42,538] {processor.py:153} INFO - Started process (PID=305) to work on /opt/airflow/dags/cereal_paper_src/pdf.py
[2022-12-13 07:53:42,540] {processor.py:641} INFO - Processing file /opt/airflow/dags/cereal_paper_src/pdf.py for tasks to queue
[2022-12-13 07:53:42,541] {logging_mixin.py:115} INFO - [2022-12-13 07:53:42,541] {dagbag.py:507} INFO - Filling up the DagBag from /opt/airflow/dags/cereal_paper_src/pdf.py
[2022-12-13 07:53:42,545] {logging_mixin.py:115} INFO - [2022-12-13 07:53:42,545] {dagbag.py:300} INFO - File /opt/airflow/dags/cereal_paper_src/pdf.py assumed to contain no DAGs. Skipping.
[2022-12-13 07:53:42,546] {processor.py:653} WARNING - No viable dags retrieved from /opt/airflow/dags/cereal_paper_src/pdf.py
[2022-12-13 07:53:42,582] {processor.py:161} INFO - Processing /opt/airflow/dags/cereal_paper_src/pdf.py took 0.052 seconds
[2022-12-13 07:54:12,773] {processor.py:153} INFO - Started process (PID=329) to work on /opt/airflow/dags/cereal_paper_src/pdf.py
[2022-12-13 07:54:12,775] {processor.py:641} INFO - Processing file /opt/airflow/dags/cereal_paper_src/pdf.py for tasks to queue
[2022-12-13 07:54:12,777] {logging_mixin.py:115} INFO - [2022-12-13 07:54:12,777] {dagbag.py:507} INFO - Filling up the DagBag from /opt/airflow/dags/cereal_paper_src/pdf.py
[2022-12-13 07:54:12,780] {logging_mixin.py:115} INFO - [2022-12-13 07:54:12,780] {dagbag.py:300} INFO - File /opt/airflow/dags/cereal_paper_src/pdf.py assumed to contain no DAGs. Skipping.
[2022-12-13 07:54:12,781] {processor.py:653} WARNING - No viable dags retrieved from /opt/airflow/dags/cereal_paper_src/pdf.py
[2022-12-13 07:54:12,813] {processor.py:161} INFO - Processing /opt/airflow/dags/cereal_paper_src/pdf.py took 0.046 seconds
[2022-12-13 07:54:42,975] {processor.py:153} INFO - Started process (PID=341) to work on /opt/airflow/dags/cereal_paper_src/pdf.py
[2022-12-13 07:54:42,977] {processor.py:641} INFO - Processing file /opt/airflow/dags/cereal_paper_src/pdf.py for tasks to queue
[2022-12-13 07:54:42,979] {logging_mixin.py:115} INFO - [2022-12-13 07:54:42,978] {dagbag.py:507} INFO - Filling up the DagBag from /opt/airflow/dags/cereal_paper_src/pdf.py
[2022-12-13 07:54:42,981] {logging_mixin.py:115} INFO - [2022-12-13 07:54:42,981] {dagbag.py:300} INFO - File /opt/airflow/dags/cereal_paper_src/pdf.py assumed to contain no DAGs. Skipping.
[2022-12-13 07:54:42,982] {processor.py:653} WARNING - No viable dags retrieved from /opt/airflow/dags/cereal_paper_src/pdf.py
[2022-12-13 07:54:43,010] {processor.py:161} INFO - Processing /opt/airflow/dags/cereal_paper_src/pdf.py took 0.039 seconds
[2022-12-13 07:55:13,168] {processor.py:153} INFO - Started process (PID=367) to work on /opt/airflow/dags/cereal_paper_src/pdf.py
[2022-12-13 07:55:13,170] {processor.py:641} INFO - Processing file /opt/airflow/dags/cereal_paper_src/pdf.py for tasks to queue
[2022-12-13 07:55:13,171] {logging_mixin.py:115} INFO - [2022-12-13 07:55:13,171] {dagbag.py:507} INFO - Filling up the DagBag from /opt/airflow/dags/cereal_paper_src/pdf.py
[2022-12-13 07:55:13,173] {logging_mixin.py:115} INFO - [2022-12-13 07:55:13,173] {dagbag.py:300} INFO - File /opt/airflow/dags/cereal_paper_src/pdf.py assumed to contain no DAGs. Skipping.
[2022-12-13 07:55:13,173] {processor.py:653} WARNING - No viable dags retrieved from /opt/airflow/dags/cereal_paper_src/pdf.py
[2022-12-13 07:55:13,200] {processor.py:161} INFO - Processing /opt/airflow/dags/cereal_paper_src/pdf.py took 0.035 seconds
[2022-12-13 07:55:43,363] {processor.py:153} INFO - Started process (PID=377) to work on /opt/airflow/dags/cereal_paper_src/pdf.py
[2022-12-13 07:55:43,367] {processor.py:641} INFO - Processing file /opt/airflow/dags/cereal_paper_src/pdf.py for tasks to queue
[2022-12-13 07:55:43,368] {logging_mixin.py:115} INFO - [2022-12-13 07:55:43,368] {dagbag.py:507} INFO - Filling up the DagBag from /opt/airflow/dags/cereal_paper_src/pdf.py
[2022-12-13 07:55:43,372] {logging_mixin.py:115} INFO - [2022-12-13 07:55:43,372] {dagbag.py:300} INFO - File /opt/airflow/dags/cereal_paper_src/pdf.py assumed to contain no DAGs. Skipping.
[2022-12-13 07:55:43,372] {processor.py:653} WARNING - No viable dags retrieved from /opt/airflow/dags/cereal_paper_src/pdf.py
[2022-12-13 07:55:43,401] {processor.py:161} INFO - Processing /opt/airflow/dags/cereal_paper_src/pdf.py took 0.045 seconds
