[2022-12-12 12:43:57,231] {taskinstance.py:1159} INFO - Dependencies all met for <TaskInstance: daily_Paper.get_joke_task manual__2022-12-12T12:43:56.398057+00:00 [queued]>
[2022-12-12 12:43:57,237] {taskinstance.py:1159} INFO - Dependencies all met for <TaskInstance: daily_Paper.get_joke_task manual__2022-12-12T12:43:56.398057+00:00 [queued]>
[2022-12-12 12:43:57,238] {taskinstance.py:1356} INFO - 
--------------------------------------------------------------------------------
[2022-12-12 12:43:57,238] {taskinstance.py:1357} INFO - Starting attempt 1 of 2
[2022-12-12 12:43:57,238] {taskinstance.py:1358} INFO - 
--------------------------------------------------------------------------------
[2022-12-12 12:43:57,248] {taskinstance.py:1377} INFO - Executing <Task(PythonOperator): get_joke_task> on 2022-12-12 12:43:56.398057+00:00
[2022-12-12 12:43:57,252] {standard_task_runner.py:52} INFO - Started process 747 to run task
[2022-12-12 12:43:57,257] {standard_task_runner.py:79} INFO - Running: ['***', 'tasks', 'run', 'daily_Paper', 'get_joke_task', 'manual__2022-12-12T12:43:56.398057+00:00', '--job-id', '27', '--raw', '--subdir', 'DAGS_FOLDER/morning-paper.py', '--cfg-path', '/tmp/tmpvpwddwux', '--error-file', '/tmp/tmpm19i6e23']
[2022-12-12 12:43:57,259] {standard_task_runner.py:80} INFO - Job 27: Subtask get_joke_task
[2022-12-12 12:43:57,328] {task_command.py:369} INFO - Running <TaskInstance: daily_Paper.get_joke_task manual__2022-12-12T12:43:56.398057+00:00 [running]> on host cbcd6542cb8e
[2022-12-12 12:43:57,403] {taskinstance.py:1571} INFO - Exporting the following env vars:
AIRFLOW_CTX_DAG_EMAIL=akash.khamkar40@gmail.com
AIRFLOW_CTX_DAG_OWNER=akashk
AIRFLOW_CTX_DAG_ID=daily_Paper
AIRFLOW_CTX_TASK_ID=get_joke_task
AIRFLOW_CTX_EXECUTION_DATE=2022-12-12T12:43:56.398057+00:00
AIRFLOW_CTX_TRY_NUMBER=1
AIRFLOW_CTX_DAG_RUN_ID=manual__2022-12-12T12:43:56.398057+00:00
[2022-12-12 12:43:58,308] {logging_mixin.py:115} INFO - {'error': False, 'category': 'Programming', 'type': 'single', 'joke': 'The glass is neither half-full nor half-empty, the glass is twice as big as it needs to be.', 'flags': {'nsfw': False, 'religious': False, 'political': False, 'racist': False, 'sexist': False, 'explicit': False}, 'id': 23, 'safe': True, 'lang': 'en'}
[2022-12-12 12:43:58,309] {python.py:173} INFO - Done. Returned value was: The glass is neither half-full nor half-empty, the glass is twice as big as it needs to be.
[2022-12-12 12:43:58,328] {taskinstance.py:1400} INFO - Marking task as SUCCESS. dag_id=daily_Paper, task_id=get_joke_task, execution_date=20221212T124356, start_date=20221212T124357, end_date=20221212T124358
[2022-12-12 12:43:58,368] {local_task_job.py:156} INFO - Task exited with return code 0
[2022-12-12 12:43:58,394] {local_task_job.py:273} INFO - 0 downstream tasks scheduled from follow-on schedule check
