[2022-12-13 11:34:44,602] {taskinstance.py:1159} INFO - Dependencies all met for <TaskInstance: cereal_paper.create_pdf_task manual__2022-12-13T11:34:28.628237+00:00 [queued]>
[2022-12-13 11:34:44,609] {taskinstance.py:1159} INFO - Dependencies all met for <TaskInstance: cereal_paper.create_pdf_task manual__2022-12-13T11:34:28.628237+00:00 [queued]>
[2022-12-13 11:34:44,610] {taskinstance.py:1356} INFO - 
--------------------------------------------------------------------------------
[2022-12-13 11:34:44,610] {taskinstance.py:1357} INFO - Starting attempt 1 of 2
[2022-12-13 11:34:44,610] {taskinstance.py:1358} INFO - 
--------------------------------------------------------------------------------
[2022-12-13 11:34:44,618] {taskinstance.py:1377} INFO - Executing <Task(PythonOperator): create_pdf_task> on 2022-12-13 11:34:28.628237+00:00
[2022-12-13 11:34:44,622] {standard_task_runner.py:52} INFO - Started process 505 to run task
[2022-12-13 11:34:44,625] {standard_task_runner.py:79} INFO - Running: ['***', 'tasks', 'run', 'cereal_paper', 'create_pdf_task', 'manual__2022-12-13T11:34:28.628237+00:00', '--job-id', '179', '--raw', '--subdir', 'DAGS_FOLDER/cereal-paper.py', '--cfg-path', '/tmp/tmprdi_r9za', '--error-file', '/tmp/tmpqnjkyfe8']
[2022-12-13 11:34:44,626] {standard_task_runner.py:80} INFO - Job 179: Subtask create_pdf_task
[2022-12-13 11:34:44,698] {task_command.py:369} INFO - Running <TaskInstance: cereal_paper.create_pdf_task manual__2022-12-13T11:34:28.628237+00:00 [running]> on host 44822d5113ae
[2022-12-13 11:34:44,792] {taskinstance.py:1571} INFO - Exporting the following env vars:
AIRFLOW_CTX_DAG_EMAIL=cerealman@akashkhamkar.in
AIRFLOW_CTX_DAG_OWNER=akashk
AIRFLOW_CTX_DAG_ID=cereal_paper
AIRFLOW_CTX_TASK_ID=create_pdf_task
AIRFLOW_CTX_EXECUTION_DATE=2022-12-13T11:34:28.628237+00:00
AIRFLOW_CTX_TRY_NUMBER=1
AIRFLOW_CTX_DAG_RUN_ID=manual__2022-12-13T11:34:28.628237+00:00
[2022-12-13 11:34:45,142] {logging_mixin.py:115} WARNING - /home/***/.local/lib/python3.7/site-packages/fpdf/ttfonts.py:831 UserWarning: missing glyph 369
[2022-12-13 11:34:45,143] {logging_mixin.py:115} WARNING - /home/***/.local/lib/python3.7/site-packages/fpdf/ttfonts.py:710 UserWarning: missing glyph 369
[2022-12-13 11:34:45,164] {python.py:173} INFO - Done. Returned value was: ./temp/cereal_letterf64b62fc-43db-456e-a4ca-ce29d11d14f4.pdf
[2022-12-13 11:34:45,203] {taskinstance.py:1400} INFO - Marking task as SUCCESS. dag_id=cereal_paper, task_id=create_pdf_task, execution_date=20221213T113428, start_date=20221213T113444, end_date=20221213T113445
[2022-12-13 11:34:45,240] {local_task_job.py:156} INFO - Task exited with return code 0
[2022-12-13 11:34:45,284] {local_task_job.py:273} INFO - 1 downstream tasks scheduled from follow-on schedule check
