[2022-12-13 11:36:26,306] {taskinstance.py:1159} INFO - Dependencies all met for <TaskInstance: cereal_paper.create_pdf_task manual__2022-12-13T11:36:10.035671+00:00 [queued]>
[2022-12-13 11:36:26,313] {taskinstance.py:1159} INFO - Dependencies all met for <TaskInstance: cereal_paper.create_pdf_task manual__2022-12-13T11:36:10.035671+00:00 [queued]>
[2022-12-13 11:36:26,313] {taskinstance.py:1356} INFO - 
--------------------------------------------------------------------------------
[2022-12-13 11:36:26,314] {taskinstance.py:1357} INFO - Starting attempt 1 of 2
[2022-12-13 11:36:26,314] {taskinstance.py:1358} INFO - 
--------------------------------------------------------------------------------
[2022-12-13 11:36:26,322] {taskinstance.py:1377} INFO - Executing <Task(PythonOperator): create_pdf_task> on 2022-12-13 11:36:10.035671+00:00
[2022-12-13 11:36:26,325] {standard_task_runner.py:52} INFO - Started process 546 to run task
[2022-12-13 11:36:26,329] {standard_task_runner.py:79} INFO - Running: ['***', 'tasks', 'run', 'cereal_paper', 'create_pdf_task', 'manual__2022-12-13T11:36:10.035671+00:00', '--job-id', '188', '--raw', '--subdir', 'DAGS_FOLDER/cereal-paper.py', '--cfg-path', '/tmp/tmp9t0einbn', '--error-file', '/tmp/tmphgp0b597']
[2022-12-13 11:36:26,330] {standard_task_runner.py:80} INFO - Job 188: Subtask create_pdf_task
[2022-12-13 11:36:26,411] {task_command.py:369} INFO - Running <TaskInstance: cereal_paper.create_pdf_task manual__2022-12-13T11:36:10.035671+00:00 [running]> on host 44822d5113ae
[2022-12-13 11:36:26,511] {taskinstance.py:1571} INFO - Exporting the following env vars:
AIRFLOW_CTX_DAG_EMAIL=cerealman@akashkhamkar.in
AIRFLOW_CTX_DAG_OWNER=akashk
AIRFLOW_CTX_DAG_ID=cereal_paper
AIRFLOW_CTX_TASK_ID=create_pdf_task
AIRFLOW_CTX_EXECUTION_DATE=2022-12-13T11:36:10.035671+00:00
AIRFLOW_CTX_TRY_NUMBER=1
AIRFLOW_CTX_DAG_RUN_ID=manual__2022-12-13T11:36:10.035671+00:00
[2022-12-13 11:36:26,853] {logging_mixin.py:115} WARNING - /home/***/.local/lib/python3.7/site-packages/fpdf/ttfonts.py:831 UserWarning: missing glyph 369
[2022-12-13 11:36:26,855] {logging_mixin.py:115} WARNING - /home/***/.local/lib/python3.7/site-packages/fpdf/ttfonts.py:710 UserWarning: missing glyph 369
[2022-12-13 11:36:26,877] {python.py:173} INFO - Done. Returned value was: ./temp/cereal_letterea0897e5-0fe4-4fa0-b031-b81f9563b360.pdf
[2022-12-13 11:36:26,921] {taskinstance.py:1400} INFO - Marking task as SUCCESS. dag_id=cereal_paper, task_id=create_pdf_task, execution_date=20221213T113610, start_date=20221213T113626, end_date=20221213T113626
[2022-12-13 11:36:26,946] {local_task_job.py:156} INFO - Task exited with return code 0
[2022-12-13 11:36:26,991] {local_task_job.py:273} INFO - 1 downstream tasks scheduled from follow-on schedule check
