[2022-12-12 17:26:47,655] {taskinstance.py:1159} INFO - Dependencies all met for <TaskInstance: daily_paper.get_joke_task manual__2022-12-12T17:26:47.179762+00:00 [queued]>
[2022-12-12 17:26:47,664] {taskinstance.py:1159} INFO - Dependencies all met for <TaskInstance: daily_paper.get_joke_task manual__2022-12-12T17:26:47.179762+00:00 [queued]>
[2022-12-12 17:26:47,665] {taskinstance.py:1356} INFO - 
--------------------------------------------------------------------------------
[2022-12-12 17:26:47,666] {taskinstance.py:1357} INFO - Starting attempt 1 of 2
[2022-12-12 17:26:47,666] {taskinstance.py:1358} INFO - 
--------------------------------------------------------------------------------
[2022-12-12 17:26:47,678] {taskinstance.py:1377} INFO - Executing <Task(PythonOperator): get_joke_task> on 2022-12-12 17:26:47.179762+00:00
[2022-12-12 17:26:47,684] {standard_task_runner.py:52} INFO - Started process 814 to run task
[2022-12-12 17:26:47,692] {standard_task_runner.py:79} INFO - Running: ['***', 'tasks', 'run', 'daily_paper', 'get_joke_task', 'manual__2022-12-12T17:26:47.179762+00:00', '--job-id', '231', '--raw', '--subdir', 'DAGS_FOLDER/morning-paper.py', '--cfg-path', '/tmp/tmpykrz6cm9', '--error-file', '/tmp/tmpsv73g4ft']
[2022-12-12 17:26:47,696] {standard_task_runner.py:80} INFO - Job 231: Subtask get_joke_task
[2022-12-12 17:26:47,762] {task_command.py:369} INFO - Running <TaskInstance: daily_paper.get_joke_task manual__2022-12-12T17:26:47.179762+00:00 [running]> on host 6bb81baa0a52
[2022-12-12 17:26:47,849] {taskinstance.py:1571} INFO - Exporting the following env vars:
AIRFLOW_CTX_DAG_EMAIL=akash.khamkar40@gmail.com
AIRFLOW_CTX_DAG_OWNER=akashk
AIRFLOW_CTX_DAG_ID=daily_paper
AIRFLOW_CTX_TASK_ID=get_joke_task
AIRFLOW_CTX_EXECUTION_DATE=2022-12-12T17:26:47.179762+00:00
AIRFLOW_CTX_TRY_NUMBER=1
AIRFLOW_CTX_DAG_RUN_ID=manual__2022-12-12T17:26:47.179762+00:00
[2022-12-12 17:26:50,231] {logging_mixin.py:115} INFO - {'error': False, 'category': 'Programming', 'type': 'single', 'joke': 'A byte walks into a bar looking miserable.\nThe bartender asks it: "What\'s wrong buddy?"\n"Parity error." it replies. \n"Ah that makes sense, I thought you looked a bit off."', 'flags': {'nsfw': False, 'religious': False, 'political': False, 'racist': False, 'sexist': False, 'explicit': False}, 'id': 24, 'safe': True, 'lang': 'en'}
[2022-12-12 17:26:50,232] {python.py:173} INFO - Done. Returned value was: A byte walks into a bar looking miserable.
The bartender asks it: "What's wrong buddy?"
"Parity error." it replies. 
"Ah that makes sense, I thought you looked a bit off."
[2022-12-12 17:26:50,263] {taskinstance.py:1400} INFO - Marking task as SUCCESS. dag_id=daily_paper, task_id=get_joke_task, execution_date=20221212T172647, start_date=20221212T172647, end_date=20221212T172650
[2022-12-12 17:26:50,279] {local_task_job.py:156} INFO - Task exited with return code 0
[2022-12-12 17:26:50,307] {local_task_job.py:273} INFO - 1 downstream tasks scheduled from follow-on schedule check
