[2022-12-12 12:44:24,183] {taskinstance.py:1159} INFO - Dependencies all met for <TaskInstance: daily_Paper.get_joke_task manual__2022-12-12T12:44:23.170751+00:00 [queued]>
[2022-12-12 12:44:24,189] {taskinstance.py:1159} INFO - Dependencies all met for <TaskInstance: daily_Paper.get_joke_task manual__2022-12-12T12:44:23.170751+00:00 [queued]>
[2022-12-12 12:44:24,190] {taskinstance.py:1356} INFO - 
--------------------------------------------------------------------------------
[2022-12-12 12:44:24,190] {taskinstance.py:1357} INFO - Starting attempt 1 of 2
[2022-12-12 12:44:24,190] {taskinstance.py:1358} INFO - 
--------------------------------------------------------------------------------
[2022-12-12 12:44:24,199] {taskinstance.py:1377} INFO - Executing <Task(PythonOperator): get_joke_task> on 2022-12-12 12:44:23.170751+00:00
[2022-12-12 12:44:24,204] {standard_task_runner.py:52} INFO - Started process 760 to run task
[2022-12-12 12:44:24,208] {standard_task_runner.py:79} INFO - Running: ['***', 'tasks', 'run', 'daily_Paper', 'get_joke_task', 'manual__2022-12-12T12:44:23.170751+00:00', '--job-id', '29', '--raw', '--subdir', 'DAGS_FOLDER/morning-paper.py', '--cfg-path', '/tmp/tmp0u0s1_ya', '--error-file', '/tmp/tmpd_y1w7fu']
[2022-12-12 12:44:24,210] {standard_task_runner.py:80} INFO - Job 29: Subtask get_joke_task
[2022-12-12 12:44:24,271] {task_command.py:369} INFO - Running <TaskInstance: daily_Paper.get_joke_task manual__2022-12-12T12:44:23.170751+00:00 [running]> on host cbcd6542cb8e
[2022-12-12 12:44:24,346] {taskinstance.py:1571} INFO - Exporting the following env vars:
AIRFLOW_CTX_DAG_EMAIL=akash.khamkar40@gmail.com
AIRFLOW_CTX_DAG_OWNER=akashk
AIRFLOW_CTX_DAG_ID=daily_Paper
AIRFLOW_CTX_TASK_ID=get_joke_task
AIRFLOW_CTX_EXECUTION_DATE=2022-12-12T12:44:23.170751+00:00
AIRFLOW_CTX_TRY_NUMBER=1
AIRFLOW_CTX_DAG_RUN_ID=manual__2022-12-12T12:44:23.170751+00:00
[2022-12-12 12:44:25,448] {logging_mixin.py:115} INFO - {'error': False, 'category': 'Misc', 'type': 'single', 'joke': 'Stop being homophobic and rude to the LGBTQ+ community. You should be thanking them for saving us plenty of room in heaven.', 'flags': {'nsfw': False, 'religious': True, 'political': False, 'racist': False, 'sexist': False, 'explicit': False}, 'id': 114, 'safe': False, 'lang': 'en'}
[2022-12-12 12:44:25,449] {python.py:173} INFO - Done. Returned value was: Stop being homophobic and rude to the LGBTQ+ community. You should be thanking them for saving us plenty of room in heaven.
[2022-12-12 12:44:25,471] {taskinstance.py:1400} INFO - Marking task as SUCCESS. dag_id=daily_Paper, task_id=get_joke_task, execution_date=20221212T124423, start_date=20221212T124424, end_date=20221212T124425
[2022-12-12 12:44:25,501] {local_task_job.py:156} INFO - Task exited with return code 0
[2022-12-12 12:44:25,527] {local_task_job.py:273} INFO - 0 downstream tasks scheduled from follow-on schedule check
