[2022-12-12 16:49:05,027] {taskinstance.py:1159} INFO - Dependencies all met for <TaskInstance: daily_paper.combine_articles_task manual__2022-12-12T16:49:02.284719+00:00 [queued]>
[2022-12-12 16:49:05,032] {taskinstance.py:1159} INFO - Dependencies all met for <TaskInstance: daily_paper.combine_articles_task manual__2022-12-12T16:49:02.284719+00:00 [queued]>
[2022-12-12 16:49:05,033] {taskinstance.py:1356} INFO - 
--------------------------------------------------------------------------------
[2022-12-12 16:49:05,033] {taskinstance.py:1357} INFO - Starting attempt 1 of 2
[2022-12-12 16:49:05,033] {taskinstance.py:1358} INFO - 
--------------------------------------------------------------------------------
[2022-12-12 16:49:05,041] {taskinstance.py:1377} INFO - Executing <Task(PythonOperator): combine_articles_task> on 2022-12-12 16:49:02.284719+00:00
[2022-12-12 16:49:05,045] {standard_task_runner.py:52} INFO - Started process 326 to run task
[2022-12-12 16:49:05,047] {standard_task_runner.py:79} INFO - Running: ['***', 'tasks', 'run', 'daily_paper', 'combine_articles_task', 'manual__2022-12-12T16:49:02.284719+00:00', '--job-id', '173', '--raw', '--subdir', 'DAGS_FOLDER/morning-paper.py', '--cfg-path', '/tmp/tmpep0yafbs', '--error-file', '/tmp/tmpi1ozsr3x']
[2022-12-12 16:49:05,049] {standard_task_runner.py:80} INFO - Job 173: Subtask combine_articles_task
[2022-12-12 16:49:05,087] {task_command.py:369} INFO - Running <TaskInstance: daily_paper.combine_articles_task manual__2022-12-12T16:49:02.284719+00:00 [running]> on host 6bb81baa0a52
[2022-12-12 16:49:05,132] {taskinstance.py:1571} INFO - Exporting the following env vars:
AIRFLOW_CTX_DAG_EMAIL=akash.khamkar40@gmail.com
AIRFLOW_CTX_DAG_OWNER=akashk
AIRFLOW_CTX_DAG_ID=daily_paper
AIRFLOW_CTX_TASK_ID=combine_articles_task
AIRFLOW_CTX_EXECUTION_DATE=2022-12-12T16:49:02.284719+00:00
AIRFLOW_CTX_TRY_NUMBER=1
AIRFLOW_CTX_DAG_RUN_ID=manual__2022-12-12T16:49:02.284719+00:00
[2022-12-12 16:49:05,159] {logging_mixin.py:115} INFO - {'joke': "Never date a baker. They're too kneady.", 'quote': 'Most people achieved their greatest success one step beyond what looked like their greatest failure.', 'news': [{'title': 'Mirati Therapeutics (NASDAQ:MRTX) Price Target Lowered to $61.00 at Bank of America', 'published_date': '2022-12-12 16:48:41', 'summary': 'Mirati Therapeutics (NASDAQ:MRTX – Get Rating) had its target price trimmed by Bank of America from $100.00 to $61.00 in a research note released on Thursday, The Fly reports.\nOther equities research analysts have also recently issued reports about the stock. Piper Sandler reduced their price target on shares of Mirati Therapeutics from $110.00 to $84.00 and set an overweight rating for the company in a research report on Thursday. Jonestrading started coverage on Mirati Therapeutics in a report on Tuesday, September 13th.'}, {'title': "Rashid confirms Iraq's aspiration to strengthen relations with Georgia", 'published_date': '2022-12-12 16:48:00', 'summary': "2022/12/12 | 16:48 - Source: INA \n(ThisDay | Iraq News Now)- Rashid confirms Iraq's aspiration to strengthen relations with Georgia - This title does not contain text at the moment it was published here. you can find the all text in INA site.\n\n Read all text from INA \nSponsored Links"}, {'title': 'Al-Araji to Japanese Ambassador: Terrorism remains a threat to the entire world', 'published_date': '2022-12-12 16:48:00', 'summary': '2022/12/12 | 16:48 - Source: INA \n(ThisDay | Iraq News Now)- Al-Araji to Japanese Ambassador: Terrorism remains a threat to the entire world - This title does not contain text at the moment it was published here. you can find the all text in INA site.\n\n Read all text from INA \nSponsored Links'}], 'meme': 'https://redd.it/zjxkuf'}
[2022-12-12 16:49:05,160] {python.py:173} INFO - Done. Returned value was: {'joke': "Never date a baker. They're too kneady.", 'quote': 'Most people achieved their greatest success one step beyond what looked like their greatest failure.', 'news': [{'title': 'Mirati Therapeutics (NASDAQ:MRTX) Price Target Lowered to $61.00 at Bank of America', 'published_date': '2022-12-12 16:48:41', 'summary': 'Mirati Therapeutics (NASDAQ:MRTX – Get Rating) had its target price trimmed by Bank of America from $100.00 to $61.00 in a research note released on Thursday, The Fly reports.\nOther equities research analysts have also recently issued reports about the stock. Piper Sandler reduced their price target on shares of Mirati Therapeutics from $110.00 to $84.00 and set an overweight rating for the company in a research report on Thursday. Jonestrading started coverage on Mirati Therapeutics in a report on Tuesday, September 13th.'}, {'title': "Rashid confirms Iraq's aspiration to strengthen relations with Georgia", 'published_date': '2022-12-12 16:48:00', 'summary': "2022/12/12 | 16:48 - Source: INA \n(ThisDay | Iraq News Now)- Rashid confirms Iraq's aspiration to strengthen relations with Georgia - This title does not contain text at the moment it was published here. you can find the all text in INA site.\n\n Read all text from INA \nSponsored Links"}, {'title': 'Al-Araji to Japanese Ambassador: Terrorism remains a threat to the entire world', 'published_date': '2022-12-12 16:48:00', 'summary': '2022/12/12 | 16:48 - Source: INA \n(ThisDay | Iraq News Now)- Al-Araji to Japanese Ambassador: Terrorism remains a threat to the entire world - This title does not contain text at the moment it was published here. you can find the all text in INA site.\n\n Read all text from INA \nSponsored Links'}], 'meme': 'https://redd.it/zjxkuf'}
[2022-12-12 16:49:05,178] {taskinstance.py:1400} INFO - Marking task as SUCCESS. dag_id=daily_paper, task_id=combine_articles_task, execution_date=20221212T164902, start_date=20221212T164905, end_date=20221212T164905
[2022-12-12 16:49:05,221] {local_task_job.py:156} INFO - Task exited with return code 0
[2022-12-12 16:49:05,244] {local_task_job.py:273} INFO - 1 downstream tasks scheduled from follow-on schedule check
