[2022-12-13 11:06:49,673] {taskinstance.py:1159} INFO - Dependencies all met for <TaskInstance: cereal_paper.get_joke_task manual__2022-12-13T11:06:48.177547+00:00 [queued]>
[2022-12-13 11:06:49,688] {taskinstance.py:1159} INFO - Dependencies all met for <TaskInstance: cereal_paper.get_joke_task manual__2022-12-13T11:06:48.177547+00:00 [queued]>
[2022-12-13 11:06:49,689] {taskinstance.py:1356} INFO - 
--------------------------------------------------------------------------------
[2022-12-13 11:06:49,690] {taskinstance.py:1357} INFO - Starting attempt 1 of 2
[2022-12-13 11:06:49,690] {taskinstance.py:1358} INFO - 
--------------------------------------------------------------------------------
[2022-12-13 11:06:49,716] {taskinstance.py:1377} INFO - Executing <Task(PythonOperator): get_joke_task> on 2022-12-13 11:06:48.177547+00:00
[2022-12-13 11:06:49,724] {standard_task_runner.py:52} INFO - Started process 197 to run task
[2022-12-13 11:06:49,729] {standard_task_runner.py:79} INFO - Running: ['***', 'tasks', 'run', 'cereal_paper', 'get_joke_task', 'manual__2022-12-13T11:06:48.177547+00:00', '--job-id', '149', '--raw', '--subdir', 'DAGS_FOLDER/cereal-paper.py', '--cfg-path', '/tmp/tmpkouj2fhq', '--error-file', '/tmp/tmpiql7l_ve']
[2022-12-13 11:06:49,734] {standard_task_runner.py:80} INFO - Job 149: Subtask get_joke_task
[2022-12-13 11:06:49,898] {task_command.py:369} INFO - Running <TaskInstance: cereal_paper.get_joke_task manual__2022-12-13T11:06:48.177547+00:00 [running]> on host b1ba50e012c2
[2022-12-13 11:06:50,013] {taskinstance.py:1571} INFO - Exporting the following env vars:
AIRFLOW_CTX_DAG_EMAIL=cerealman@akashkhamkar.in
AIRFLOW_CTX_DAG_OWNER=akashk
AIRFLOW_CTX_DAG_ID=cereal_paper
AIRFLOW_CTX_TASK_ID=get_joke_task
AIRFLOW_CTX_EXECUTION_DATE=2022-12-13T11:06:48.177547+00:00
AIRFLOW_CTX_TRY_NUMBER=1
AIRFLOW_CTX_DAG_RUN_ID=manual__2022-12-13T11:06:48.177547+00:00
[2022-12-13 11:06:51,162] {logging_mixin.py:115} INFO - {'error': False, 'category': 'Dark', 'type': 'single', 'joke': 'I have a fish that can breakdance! Only for 20 seconds though, and only once.', 'flags': {'nsfw': False, 'religious': False, 'political': False, 'racist': False, 'sexist': False, 'explicit': False}, 'id': 237, 'safe': False, 'lang': 'en'}
[2022-12-13 11:06:51,162] {python.py:173} INFO - Done. Returned value was: I have a fish that can breakdance! Only for 20 seconds though, and only once.
[2022-12-13 11:06:51,209] {taskinstance.py:1400} INFO - Marking task as SUCCESS. dag_id=cereal_paper, task_id=get_joke_task, execution_date=20221213T110648, start_date=20221213T110649, end_date=20221213T110651
[2022-12-13 11:06:51,252] {local_task_job.py:156} INFO - Task exited with return code 0
[2022-12-13 11:06:51,295] {local_task_job.py:273} INFO - 0 downstream tasks scheduled from follow-on schedule check
