[2022-12-12 16:49:02,946] {taskinstance.py:1159} INFO - Dependencies all met for <TaskInstance: daily_paper.get_news_task manual__2022-12-12T16:49:02.284719+00:00 [queued]>
[2022-12-12 16:49:02,952] {taskinstance.py:1159} INFO - Dependencies all met for <TaskInstance: daily_paper.get_news_task manual__2022-12-12T16:49:02.284719+00:00 [queued]>
[2022-12-12 16:49:02,953] {taskinstance.py:1356} INFO - 
--------------------------------------------------------------------------------
[2022-12-12 16:49:02,953] {taskinstance.py:1357} INFO - Starting attempt 1 of 2
[2022-12-12 16:49:02,954] {taskinstance.py:1358} INFO - 
--------------------------------------------------------------------------------
[2022-12-12 16:49:02,962] {taskinstance.py:1377} INFO - Executing <Task(PythonOperator): get_news_task> on 2022-12-12 16:49:02.284719+00:00
[2022-12-12 16:49:02,966] {standard_task_runner.py:52} INFO - Started process 322 to run task
[2022-12-12 16:49:02,970] {standard_task_runner.py:79} INFO - Running: ['***', 'tasks', 'run', 'daily_paper', 'get_news_task', 'manual__2022-12-12T16:49:02.284719+00:00', '--job-id', '172', '--raw', '--subdir', 'DAGS_FOLDER/morning-paper.py', '--cfg-path', '/tmp/tmpqcskecws', '--error-file', '/tmp/tmpbjjgqg0d']
[2022-12-12 16:49:02,972] {standard_task_runner.py:80} INFO - Job 172: Subtask get_news_task
[2022-12-12 16:49:03,043] {task_command.py:369} INFO - Running <TaskInstance: daily_paper.get_news_task manual__2022-12-12T16:49:02.284719+00:00 [running]> on host 6bb81baa0a52
[2022-12-12 16:49:03,142] {taskinstance.py:1571} INFO - Exporting the following env vars:
AIRFLOW_CTX_DAG_EMAIL=akash.khamkar40@gmail.com
AIRFLOW_CTX_DAG_OWNER=akashk
AIRFLOW_CTX_DAG_ID=daily_paper
AIRFLOW_CTX_TASK_ID=get_news_task
AIRFLOW_CTX_EXECUTION_DATE=2022-12-12T16:49:02.284719+00:00
AIRFLOW_CTX_TRY_NUMBER=1
AIRFLOW_CTX_DAG_RUN_ID=manual__2022-12-12T16:49:02.284719+00:00
[2022-12-12 16:49:03,893] {python.py:173} INFO - Done. Returned value was: [{'title': 'Mirati Therapeutics (NASDAQ:MRTX) Price Target Lowered to $61.00 at Bank of America', 'published_date': '2022-12-12 16:48:41', 'summary': 'Mirati Therapeutics (NASDAQ:MRTX – Get Rating) had its target price trimmed by Bank of America from $100.00 to $61.00 in a research note released on Thursday, The Fly reports.\nOther equities research analysts have also recently issued reports about the stock. Piper Sandler reduced their price target on shares of Mirati Therapeutics from $110.00 to $84.00 and set an overweight rating for the company in a research report on Thursday. Jonestrading started coverage on Mirati Therapeutics in a report on Tuesday, September 13th.'}, {'title': "Rashid confirms Iraq's aspiration to strengthen relations with Georgia", 'published_date': '2022-12-12 16:48:00', 'summary': "2022/12/12 | 16:48 - Source: INA \n(ThisDay | Iraq News Now)- Rashid confirms Iraq's aspiration to strengthen relations with Georgia - This title does not contain text at the moment it was published here. you can find the all text in INA site.\n\n Read all text from INA \nSponsored Links"}, {'title': 'Al-Araji to Japanese Ambassador: Terrorism remains a threat to the entire world', 'published_date': '2022-12-12 16:48:00', 'summary': '2022/12/12 | 16:48 - Source: INA \n(ThisDay | Iraq News Now)- Al-Araji to Japanese Ambassador: Terrorism remains a threat to the entire world - This title does not contain text at the moment it was published here. you can find the all text in INA site.\n\n Read all text from INA \nSponsored Links'}]
[2022-12-12 16:49:03,934] {taskinstance.py:1400} INFO - Marking task as SUCCESS. dag_id=daily_paper, task_id=get_news_task, execution_date=20221212T164902, start_date=20221212T164902, end_date=20221212T164903
[2022-12-12 16:49:03,972] {local_task_job.py:156} INFO - Task exited with return code 0
[2022-12-12 16:49:04,002] {local_task_job.py:273} INFO - 0 downstream tasks scheduled from follow-on schedule check
